#
# There is insufficient memory for the Java Runtime Environment to continue.
# Native memory allocation (malloc) failed to allocate 929136 bytes for Chunk::new
# Possible reasons:
#   The system is out of physical RAM or swap space
#   The process is running with CompressedOops enabled, and the Java Heap may be blocking the growth of the native heap
# Possible solutions:
#   Reduce memory load on the system
#   Increase physical memory or swap space
#   Check if swap backing store is full
#   Decrease Java heap size (-Xmx/-Xms)
#   Decrease number of Java threads
#   Decrease Java thread stack sizes (-Xss)
#   Set larger code cache with -XX:ReservedCodeCacheSize=
#   JVM is running with Unscaled Compressed Oops mode in which the Java heap is
#     placed in the first 4GB address space. The Java Heap base address is the
#     maximum limit for the native heap growth. Please use -XX:HeapBaseMinAddress
#     to set the Java Heap base and to place the Java Heap above 4GB virtual address.
# This output file may be truncated or incomplete.
#
#  Out of Memory Error (./src/hotspot/share/memory/arena.cpp:197), pid=1828, tid=3336
#
# JRE version: OpenJDK Runtime Environment (11.0.8+10) (build 11.0.8+10-b944.6842174)
# Java VM: OpenJDK 64-Bit Server VM (11.0.8+10-b944.6842174, mixed mode, tiered, compressed oops, g1 gc, windows-amd64)
# No core dump will be written. Minidumps are not enabled by default on client versions of Windows
#

---------------  S U M M A R Y ------------

Command Line: --add-opens=java.base/java.util=ALL-UNNAMED --add-opens=java.base/java.lang=ALL-UNNAMED --add-opens=java.base/java.lang.invoke=ALL-UNNAMED --add-opens=java.prefs/java.util.prefs=ALL-UNNAMED -Xmx2048m -Dfile.encoding=UTF-8 -Duser.country=RU -Duser.language=ru -Duser.variant org.gradle.launcher.daemon.bootstrap.GradleDaemon 6.7.1

Host: Intel(R) Core(TM) i3-2370M CPU @ 2.40GHz, 4 cores, 3G,  Windows 10 , 64 bit Build 17763 (10.0.17763.2090)
Time: Mon Aug 16 16:20:42 2021 RTZ 2 (ceia) elapsed time: 25 seconds (0d 0h 0m 25s)

---------------  T H R E A D  ---------------

Current thread (0x0000018a7fd20000):  JavaThread "C2 CompilerThread0" daemon [_thread_in_native, id=3336, stack(0x00000004c6600000,0x00000004c6700000)]


Current CompileTask:
C2:  25151 10016       4       com.android.tools.r8.dex.n::e (654 bytes)

Stack: [0x00000004c6600000,0x00000004c6700000]
Native frames: (J=compiled Java code, j=interpreted, Vv=VM code, C=native code)
V  [jvm.dll+0x5de50a]
V  [jvm.dll+0x7122f5]
V  [jvm.dll+0x71384d]
V  [jvm.dll+0x713f03]
V  [jvm.dll+0x23e728]
V  [jvm.dll+0xb899c]
V  [jvm.dll+0xb8e9c]
V  [jvm.dll+0x2b20e4]
V  [jvm.dll+0x502098]
V  [jvm.dll+0x1ff393]
V  [jvm.dll+0x1f917c]
V  [jvm.dll+0x1f685f]
V  [jvm.dll+0x17f32c]
V  [jvm.dll+0x205047]
V  [jvm.dll+0x203891]
V  [jvm.dll+0x6dad3f]
V  [jvm.dll+0x6d3895]
V  [jvm.dll+0x5dd4a6]
C  [ucrtbase.dll+0x2268a]
C  [KERNEL32.DLL+0x17974]
C  [ntdll.dll+0x5a2f1]


---------------  P R O C E S S  ---------------

Threads class SMR info:
_java_thread_list=0x0000018a13f814d0, length=172, elements={
0x0000018a7320a800, 0x0000018a7fd00800, 0x0000018a7fd01800, 0x0000018a7fd1a000,
0x0000018a7fd1d000, 0x0000018a7fd20000, 0x0000018a7fd2c000, 0x0000018a7fd30800,
0x0000018a0f966800, 0x0000018a0f96a000, 0x0000018a11c7c800, 0x0000018a11544000,
0x0000018a11821800, 0x0000018a1187d800, 0x0000018a119a6800, 0x0000018a10d11800,
0x0000018a10d12800, 0x0000018a10fff000, 0x0000018a10cc4000, 0x0000018a118ac800,
0x0000018a11419800, 0x0000018a1141a000, 0x0000018a1141b800, 0x0000018a10e6c800,
0x0000018a1141c800, 0x0000018a11417800, 0x0000018a11418800, 0x0000018a1141b000,
0x0000018a1141d800, 0x0000018a1141e000, 0x0000018a13ee4000, 0x0000018a13ee0000,
0x0000018a13ee2800, 0x0000018a13ee1000, 0x0000018a13ee1800, 0x0000018a13ee5000,
0x0000018a13edf000, 0x0000018a13ee6800, 0x0000018a13ee7800, 0x0000018a13ee9000,
0x0000018a13eea000, 0x0000018a13ee8000, 0x0000018a13eea800, 0x0000018a13ee5800,
0x0000018a13eeb800, 0x0000018a13eec000, 0x0000018a13eed000, 0x0000018a13eee000,
0x0000018a14377800, 0x0000018a14376000, 0x0000018a14376800, 0x0000018a14378800,
0x0000018a14372800, 0x0000018a14375000, 0x0000018a14374000, 0x0000018a14379000,
0x0000018a14373800, 0x0000018a1437a000, 0x0000018a1437f000, 0x0000018a1437c800,
0x0000018a14380800, 0x0000018a1437d000, 0x0000018a1437f800, 0x0000018a1437b000,
0x0000018a14381800, 0x0000018a1437b800, 0x0000018a1437e000, 0x0000018a13a96800,
0x0000018a13a96000, 0x0000018a13a97800, 0x0000018a13a92800, 0x0000018a13a95000,
0x0000018a13a98800, 0x0000018a13a99000, 0x0000018a13a93800, 0x0000018a13a94800,
0x0000018a13a9b800, 0x0000018a13a9d000, 0x0000018a13a9c800, 0x0000018a13a9e000,
0x0000018a13a9f000, 0x0000018a13a9f800, 0x0000018a13a9a000, 0x0000018a13aa0800,
0x0000018a13a9b000, 0x0000018a13aa1800, 0x0000018a15394800, 0x0000018a15396000,
0x0000018a15397000, 0x0000018a15397800, 0x0000018a15395000, 0x0000018a15398800,
0x0000018a15392800, 0x0000018a15399000, 0x0000018a15393800, 0x0000018a1539d800,
0x0000018a1539b800, 0x0000018a153a0000, 0x0000018a1539e000, 0x0000018a1539b000,
0x0000018a1539a000, 0x0000018a153a0800, 0x0000018a1539f000, 0x0000018a153a1800,
0x0000018a1539c800, 0x0000018a13aa3800, 0x0000018a13aa8800, 0x0000018a13aa4800,
0x0000018a13aa2800, 0x0000018a13aa9000, 0x0000018a13aa7800, 0x0000018a13aaa000,
0x0000018a13aab000, 0x0000018a13aa5000, 0x0000018a13aab800, 0x0000018a13aa6000,
0x0000018a13aac800, 0x0000018a13aa6800, 0x0000018a13aad000, 0x0000018a13aae000,
0x0000018a13aaf000, 0x0000018a13aaf800, 0x0000018a13ab0800, 0x0000018a13ab1800,
0x0000018a151c0800, 0x0000018a151c3000, 0x0000018a151c1800, 0x0000018a151bd800,
0x0000018a151be000, 0x0000018a151c4000, 0x0000018a151c4800, 0x0000018a151bf000,
0x0000018a151c5800, 0x0000018a151c2000, 0x0000018a151bf800, 0x0000018a151c8800,
0x0000018a151c9800, 0x0000018a151c8000, 0x0000018a151c6800, 0x0000018a151cc000,
0x0000018a151c7000, 0x0000018a151ca800, 0x0000018a151cb000, 0x0000018a141c3000,
0x0000018a141c4000, 0x0000018a141c2000, 0x0000018a141c1800, 0x0000018a141c0800,
0x0000018a141c4800, 0x0000018a141bf000, 0x0000018a141c5800, 0x0000018a141bf800,
0x0000018a141cb000, 0x0000018a141c6800, 0x0000018a141cc000, 0x0000018a141c7000,
0x0000018a141cd800, 0x0000018a141c8000, 0x0000018a141c8800, 0x0000018a141c9800,
0x0000018a15b3a800, 0x0000018a15b38000, 0x0000018a15b3a000, 0x0000018a15b3d000,
0x0000018a15b37800, 0x0000018a15b3c800, 0x0000018a15b3e000, 0x0000018a15b3e800,
0x0000018a15b39000, 0x0000018a15b43800, 0x0000018a15b45800, 0x0000018a15b41000
}

Java Threads: ( => current thread )
  0x0000018a7320a800 JavaThread "main" [_thread_blocked, id=1288, stack(0x00000004c5b00000,0x00000004c5c00000)]
  0x0000018a7fd00800 JavaThread "Reference Handler" daemon [_thread_blocked, id=1340, stack(0x00000004c6200000,0x00000004c6300000)]
  0x0000018a7fd01800 JavaThread "Finalizer" daemon [_thread_blocked, id=2852, stack(0x00000004c6300000,0x00000004c6400000)]
  0x0000018a7fd1a000 JavaThread "Signal Dispatcher" daemon [_thread_blocked, id=5752, stack(0x00000004c6400000,0x00000004c6500000)]
  0x0000018a7fd1d000 JavaThread "Attach Listener" daemon [_thread_blocked, id=5588, stack(0x00000004c6500000,0x00000004c6600000)]
=>0x0000018a7fd20000 JavaThread "C2 CompilerThread0" daemon [_thread_in_native, id=3336, stack(0x00000004c6600000,0x00000004c6700000)]
  0x0000018a7fd2c000 JavaThread "C1 CompilerThread0" daemon [_thread_in_native, id=744, stack(0x00000004c6700000,0x00000004c6800000)]
  0x0000018a7fd30800 JavaThread "Sweeper thread" daemon [_thread_blocked, id=4956, stack(0x00000004c6800000,0x00000004c6900000)]
  0x0000018a0f966800 JavaThread "Common-Cleaner" daemon [_thread_blocked, id=1364, stack(0x00000004c6900000,0x00000004c6a00000)]
  0x0000018a0f96a000 JavaThread "Service Thread" daemon [_thread_blocked, id=3432, stack(0x00000004c6a00000,0x00000004c6b00000)]
  0x0000018a11c7c800 JavaThread "Daemon health stats" [_thread_blocked, id=3620, stack(0x00000004c6e00000,0x00000004c6f00000)]
  0x0000018a11544000 JavaThread "Incoming local TCP Connector on port 50907" [_thread_in_native, id=4248, stack(0x00000004c7200000,0x00000004c7300000)]
  0x0000018a11821800 JavaThread "Daemon periodic checks" [_thread_blocked, id=4832, stack(0x00000004c7300000,0x00000004c7400000)]
  0x0000018a1187d800 JavaThread "Daemon" [_thread_blocked, id=3848, stack(0x00000004c7400000,0x00000004c7500000)]
  0x0000018a119a6800 JavaThread "Handler for socket connection from /127.0.0.1:50907 to /127.0.0.1:50909" [_thread_in_native, id=5728, stack(0x00000004c7500000,0x00000004c7600000)]
  0x0000018a10d11800 JavaThread "Cancel handler" [_thread_blocked, id=8164, stack(0x00000004c7600000,0x00000004c7700000)]
  0x0000018a10d12800 JavaThread "Daemon worker" [_thread_blocked, id=388, stack(0x00000004c7700000,0x00000004c7800000)]
  0x0000018a10fff000 JavaThread "Asynchronous log dispatcher for DefaultDaemonConnection: socket connection from /127.0.0.1:50907 to /127.0.0.1:50909" [_thread_blocked, id=1996, stack(0x00000004c7800000,0x00000004c7900000)]
  0x0000018a10cc4000 JavaThread "Stdin handler" [_thread_blocked, id=2276, stack(0x00000004c7900000,0x00000004c7a00000)]
  0x0000018a118ac800 JavaThread "Thread-8" [_thread_blocked, id=1400, stack(0x00000004c7a00000,0x00000004c7b00000)]
  0x0000018a11419800 JavaThread "Cache worker for file hash cache (C:\Users\Home\.gradle\caches\6.7.1\fileHashes)" [_thread_blocked, id=5956, stack(0x00000004c7c00000,0x00000004c7d00000)]
  0x0000018a1141a000 JavaThread "File lock request listener" [_thread_in_native, id=3024, stack(0x00000004c7d00000,0x00000004c7e00000)]
  0x0000018a1141b800 JavaThread "Cache worker for journal cache (C:\Users\Home\.gradle\caches\journal-1)" [_thread_blocked, id=8496, stack(0x00000004c7b00000,0x00000004c7c00000)]
  0x0000018a10e6c800 JavaThread "C2 CompilerThread1" daemon [_thread_in_native, id=2308, stack(0x00000004c7e00000,0x00000004c7f00000)]
  0x0000018a1141c800 JavaThread "Cache worker for file hash cache (D:\AndroidProjects\Words\.gradle\6.7.1\fileHashes)" [_thread_blocked, id=2632, stack(0x00000004c7f00000,0x00000004c8000000)]
  0x0000018a11417800 JavaThread "Cache worker for checksums cache (D:\AndroidProjects\Words\.gradle\checksums)" [_thread_blocked, id=7572, stack(0x00000004c8000000,0x00000004c8100000)]
  0x0000018a11418800 JavaThread "Cache worker for cache directory md-supplier (C:\Users\Home\.gradle\caches\6.7.1\md-supplier)" [_thread_blocked, id=5452, stack(0x00000004c8100000,0x00000004c8200000)]
  0x0000018a1141b000 JavaThread "Cache worker for cache directory md-rule (C:\Users\Home\.gradle\caches\6.7.1\md-rule)" [_thread_blocked, id=1816, stack(0x00000004c8200000,0x00000004c8300000)]
  0x0000018a1141d800 JavaThread "Cache worker for execution history cache (C:\Users\Home\.gradle\caches\6.7.1\executionHistory)" [_thread_blocked, id=1556, stack(0x00000004c8300000,0x00000004c8400000)]
  0x0000018a1141e000 JavaThread "jar transforms" [_thread_blocked, id=2976, stack(0x00000004c8400000,0x00000004c8500000)]
  0x0000018a13ee4000 JavaThread "Cache worker for file content cache (C:\Users\Home\.gradle\caches\6.7.1\fileContent)" [_thread_blocked, id=8472, stack(0x00000004c8500000,0x00000004c8600000)]
  0x0000018a13ee0000 JavaThread "Cache worker for Build Output Cleanup Cache (D:\AndroidProjects\Words\.gradle\buildOutputCleanup)" [_thread_blocked, id=9108, stack(0x00000004c8600000,0x00000004c8700000)]
  0x0000018a13ee2800 JavaThread "Build operations" [_thread_blocked, id=2640, stack(0x00000004c8700000,0x00000004c8800000)]
  0x0000018a13ee1000 JavaThread "Build operations Thread 2" [_thread_blocked, id=8196, stack(0x00000004c8800000,0x00000004c8900000)]
  0x0000018a13ee1800 JavaThread "Build operations Thread 3" [_thread_blocked, id=6008, stack(0x00000004c8900000,0x00000004c8a00000)]
  0x0000018a13ee5000 JavaThread "Build operations Thread 4" [_thread_blocked, id=2408, stack(0x00000004c8a00000,0x00000004c8b00000)]
  0x0000018a13edf000 JavaThread "jar transforms Thread 2" [_thread_blocked, id=7720, stack(0x00000004c8b00000,0x00000004c8c00000)]
  0x0000018a13ee6800 JavaThread "jar transforms Thread 3" [_thread_blocked, id=8440, stack(0x00000004c8c00000,0x00000004c8d00000)]
  0x0000018a13ee7800 JavaThread "jar transforms Thread 4" [_thread_blocked, id=7896, stack(0x00000004c8d00000,0x00000004c8e00000)]
  0x0000018a13ee9000 JavaThread "jar transforms Thread 5" [_thread_blocked, id=8264, stack(0x00000004c8e00000,0x00000004c8f00000)]
  0x0000018a13eea000 JavaThread "jar transforms Thread 6" [_thread_blocked, id=7228, stack(0x00000004c8f00000,0x00000004c9000000)]
  0x0000018a13ee8000 JavaThread "jar transforms Thread 7" [_thread_blocked, id=5436, stack(0x00000004c9000000,0x00000004c9100000)]
  0x0000018a13eea800 JavaThread "jar transforms Thread 8" [_thread_blocked, id=4840, stack(0x00000004c9100000,0x00000004c9200000)]
  0x0000018a13ee5800 JavaThread "jar transforms Thread 9" [_thread_blocked, id=7072, stack(0x00000004c9200000,0x00000004c9300000)]
  0x0000018a13eeb800 JavaThread "jar transforms Thread 10" [_thread_blocked, id=8240, stack(0x00000004c9300000,0x00000004c9400000)]
  0x0000018a13eec000 JavaThread "jar transforms Thread 11" [_thread_blocked, id=8600, stack(0x00000004c9400000,0x00000004c9500000)]
  0x0000018a13eed000 JavaThread "jar transforms Thread 12" [_thread_blocked, id=8044, stack(0x00000004c9500000,0x00000004c9600000)]
  0x0000018a13eee000 JavaThread "jar transforms Thread 13" [_thread_blocked, id=1912, stack(0x00000004c9600000,0x00000004c9700000)]
  0x0000018a14377800 JavaThread "jar transforms Thread 14" [_thread_blocked, id=6080, stack(0x00000004c9700000,0x00000004c9800000)]
  0x0000018a14376000 JavaThread "jar transforms Thread 15" [_thread_blocked, id=7832, stack(0x00000004c9800000,0x00000004c9900000)]
  0x0000018a14376800 JavaThread "jar transforms Thread 16" [_thread_blocked, id=7208, stack(0x00000004c9900000,0x00000004c9a00000)]
  0x0000018a14378800 JavaThread "jar transforms Thread 17" [_thread_blocked, id=7972, stack(0x00000004c9a00000,0x00000004c9b00000)]
  0x0000018a14372800 JavaThread "jar transforms Thread 18" [_thread_blocked, id=3168, stack(0x00000004c9b00000,0x00000004c9c00000)]
  0x0000018a14375000 JavaThread "jar transforms Thread 19" [_thread_blocked, id=676, stack(0x00000004c9c00000,0x00000004c9d00000)]
  0x0000018a14374000 JavaThread "jar transforms Thread 20" [_thread_blocked, id=6548, stack(0x00000004c9d00000,0x00000004c9e00000)]
  0x0000018a14379000 JavaThread "jar transforms Thread 21" [_thread_blocked, id=5852, stack(0x00000004c9e00000,0x00000004c9f00000)]
  0x0000018a14373800 JavaThread "jar transforms Thread 22" [_thread_blocked, id=2540, stack(0x00000004c9f00000,0x00000004ca000000)]
  0x0000018a1437a000 JavaThread "jar transforms Thread 23" [_thread_blocked, id=5976, stack(0x00000004ca000000,0x00000004ca100000)]
  0x0000018a1437f000 JavaThread "jar transforms Thread 24" [_thread_blocked, id=4576, stack(0x00000004ca100000,0x00000004ca200000)]
  0x0000018a1437c800 JavaThread "jar transforms Thread 25" [_thread_blocked, id=7452, stack(0x00000004ca200000,0x00000004ca300000)]
  0x0000018a14380800 JavaThread "jar transforms Thread 26" [_thread_blocked, id=5020, stack(0x00000004ca300000,0x00000004ca400000)]
  0x0000018a1437d000 JavaThread "jar transforms Thread 27" [_thread_blocked, id=8808, stack(0x00000004ca400000,0x00000004ca500000)]
  0x0000018a1437f800 JavaThread "jar transforms Thread 28" [_thread_blocked, id=7664, stack(0x00000004ca500000,0x00000004ca600000)]
  0x0000018a1437b000 JavaThread "jar transforms Thread 29" [_thread_blocked, id=2232, stack(0x00000004ca600000,0x00000004ca700000)]
  0x0000018a14381800 JavaThread "jar transforms Thread 30" [_thread_blocked, id=6300, stack(0x00000004ca700000,0x00000004ca800000)]
  0x0000018a1437b800 JavaThread "jar transforms Thread 31" [_thread_blocked, id=1992, stack(0x00000004ca800000,0x00000004ca900000)]
  0x0000018a1437e000 JavaThread "jar transforms Thread 32" [_thread_blocked, id=6168, stack(0x00000004ca900000,0x00000004caa00000)]
  0x0000018a13a96800 JavaThread "jar transforms Thread 33" [_thread_blocked, id=2668, stack(0x00000004caa00000,0x00000004cab00000)]
  0x0000018a13a96000 JavaThread "jar transforms Thread 34" [_thread_blocked, id=5204, stack(0x00000004cab00000,0x00000004cac00000)]
  0x0000018a13a97800 JavaThread "jar transforms Thread 35" [_thread_blocked, id=4308, stack(0x00000004cac00000,0x00000004cad00000)]
  0x0000018a13a92800 JavaThread "jar transforms Thread 36" [_thread_blocked, id=3532, stack(0x00000004cad00000,0x00000004cae00000)]
  0x0000018a13a95000 JavaThread "jar transforms Thread 37" [_thread_blocked, id=4372, stack(0x00000004cae00000,0x00000004caf00000)]
  0x0000018a13a98800 JavaThread "jar transforms Thread 38" [_thread_blocked, id=6428, stack(0x00000004caf00000,0x00000004cb000000)]
  0x0000018a13a99000 JavaThread "jar transforms Thread 39" [_thread_blocked, id=6236, stack(0x00000004cb000000,0x00000004cb100000)]
  0x0000018a13a93800 JavaThread "jar transforms Thread 40" [_thread_blocked, id=436, stack(0x00000004cb100000,0x00000004cb200000)]
  0x0000018a13a94800 JavaThread "jar transforms Thread 41" [_thread_blocked, id=7424, stack(0x00000004cb200000,0x00000004cb300000)]
  0x0000018a13a9b800 JavaThread "jar transforms Thread 42" [_thread_blocked, id=8864, stack(0x00000004cb300000,0x00000004cb400000)]
  0x0000018a13a9d000 JavaThread "jar transforms Thread 43" [_thread_blocked, id=1140, stack(0x00000004cb400000,0x00000004cb500000)]
  0x0000018a13a9c800 JavaThread "jar transforms Thread 44" [_thread_blocked, id=5028, stack(0x00000004cb500000,0x00000004cb600000)]
  0x0000018a13a9e000 JavaThread "jar transforms Thread 45" [_thread_blocked, id=1396, stack(0x00000004cb600000,0x00000004cb700000)]
  0x0000018a13a9f000 JavaThread "jar transforms Thread 46" [_thread_blocked, id=7736, stack(0x00000004cb700000,0x00000004cb800000)]
  0x0000018a13a9f800 JavaThread "jar transforms Thread 47" [_thread_blocked, id=7868, stack(0x00000004cb800000,0x00000004cb900000)]
  0x0000018a13a9a000 JavaThread "jar transforms Thread 48" [_thread_blocked, id=1684, stack(0x00000004cb900000,0x00000004cba00000)]
  0x0000018a13aa0800 JavaThread "jar transforms Thread 49" [_thread_blocked, id=2840, stack(0x00000004cba00000,0x00000004cbb00000)]
  0x0000018a13a9b000 JavaThread "jar transforms Thread 50" [_thread_blocked, id=8412, stack(0x00000004cbb00000,0x00000004cbc00000)]
  0x0000018a13aa1800 JavaThread "jar transforms Thread 51" [_thread_blocked, id=2920, stack(0x00000004cbc00000,0x00000004cbd00000)]
  0x0000018a15394800 JavaThread "jar transforms Thread 52" [_thread_blocked, id=8536, stack(0x00000004cbd00000,0x00000004cbe00000)]
  0x0000018a15396000 JavaThread "jar transforms Thread 53" [_thread_blocked, id=8304, stack(0x00000004cbe00000,0x00000004cbf00000)]
  0x0000018a15397000 JavaThread "jar transforms Thread 54" [_thread_blocked, id=3380, stack(0x00000004cbf00000,0x00000004cc000000)]
  0x0000018a15397800 JavaThread "jar transforms Thread 55" [_thread_blocked, id=4784, stack(0x00000004cc000000,0x00000004cc100000)]
  0x0000018a15395000 JavaThread "jar transforms Thread 56" [_thread_blocked, id=9192, stack(0x00000004cc100000,0x00000004cc200000)]
  0x0000018a15398800 JavaThread "jar transforms Thread 57" [_thread_blocked, id=8956, stack(0x00000004cc200000,0x00000004cc300000)]
  0x0000018a15392800 JavaThread "jar transforms Thread 58" [_thread_blocked, id=8964, stack(0x00000004cc300000,0x00000004cc400000)]
  0x0000018a15399000 JavaThread "jar transforms Thread 59" [_thread_blocked, id=2236, stack(0x00000004cc400000,0x00000004cc500000)]
  0x0000018a15393800 JavaThread "jar transforms Thread 60" [_thread_blocked, id=8484, stack(0x00000004cc500000,0x00000004cc600000)]
  0x0000018a1539d800 JavaThread "jar transforms Thread 61" [_thread_blocked, id=788, stack(0x00000004cc600000,0x00000004cc700000)]
  0x0000018a1539b800 JavaThread "jar transforms Thread 62" [_thread_blocked, id=4184, stack(0x00000004cc700000,0x00000004cc800000)]
  0x0000018a153a0000 JavaThread "jar transforms Thread 63" [_thread_blocked, id=3196, stack(0x00000004cc800000,0x00000004cc900000)]
  0x0000018a1539e000 JavaThread "jar transforms Thread 64" [_thread_blocked, id=6200, stack(0x00000004cc900000,0x00000004cca00000)]
  0x0000018a1539b000 JavaThread "jar transforms Thread 65" [_thread_blocked, id=5048, stack(0x00000004cca00000,0x00000004ccb00000)]
  0x0000018a1539a000 JavaThread "jar transforms Thread 66" [_thread_blocked, id=5544, stack(0x00000004ccb00000,0x00000004ccc00000)]
  0x0000018a153a0800 JavaThread "jar transforms Thread 67" [_thread_blocked, id=5916, stack(0x00000004ccc00000,0x00000004ccd00000)]
  0x0000018a1539f000 JavaThread "jar transforms Thread 68" [_thread_blocked, id=6492, stack(0x00000004ccd00000,0x00000004cce00000)]
  0x0000018a153a1800 JavaThread "jar transforms Thread 69" [_thread_blocked, id=7380, stack(0x00000004cce00000,0x00000004ccf00000)]
  0x0000018a1539c800 JavaThread "jar transforms Thread 70" [_thread_blocked, id=2476, stack(0x00000004ccf00000,0x00000004cd000000)]
  0x0000018a13aa3800 JavaThread "jar transforms Thread 71" [_thread_blocked, id=8564, stack(0x00000004cd000000,0x00000004cd100000)]
  0x0000018a13aa8800 JavaThread "jar transforms Thread 72" [_thread_blocked, id=7436, stack(0x00000004cd100000,0x00000004cd200000)]
  0x0000018a13aa4800 JavaThread "jar transforms Thread 73" [_thread_blocked, id=9076, stack(0x00000004cd200000,0x00000004cd300000)]
  0x0000018a13aa2800 JavaThread "jar transforms Thread 74" [_thread_blocked, id=3852, stack(0x00000004cd300000,0x00000004cd400000)]
  0x0000018a13aa9000 JavaThread "jar transforms Thread 75" [_thread_blocked, id=3272, stack(0x00000004cd400000,0x00000004cd500000)]
  0x0000018a13aa7800 JavaThread "jar transforms Thread 76" [_thread_blocked, id=4516, stack(0x00000004cd500000,0x00000004cd600000)]
  0x0000018a13aaa000 JavaThread "jar transforms Thread 77" [_thread_blocked, id=1404, stack(0x00000004cd600000,0x00000004cd700000)]
  0x0000018a13aab000 JavaThread "jar transforms Thread 78" [_thread_blocked, id=8216, stack(0x00000004cd700000,0x00000004cd800000)]
  0x0000018a13aa5000 JavaThread "jar transforms Thread 79" [_thread_blocked, id=8972, stack(0x00000004cd800000,0x00000004cd900000)]
  0x0000018a13aab800 JavaThread "jar transforms Thread 80" [_thread_blocked, id=6232, stack(0x00000004cd900000,0x00000004cda00000)]
  0x0000018a13aa6000 JavaThread "jar transforms Thread 81" [_thread_blocked, id=8244, stack(0x00000004cda00000,0x00000004cdb00000)]
  0x0000018a13aac800 JavaThread "jar transforms Thread 82" [_thread_blocked, id=5480, stack(0x00000004cdb00000,0x00000004cdc00000)]
  0x0000018a13aa6800 JavaThread "jar transforms Thread 83" [_thread_blocked, id=8148, stack(0x00000004cdc00000,0x00000004cdd00000)]
  0x0000018a13aad000 JavaThread "jar transforms Thread 84" [_thread_blocked, id=6176, stack(0x00000004cdd00000,0x00000004cde00000)]
  0x0000018a13aae000 JavaThread "jar transforms Thread 85" [_thread_blocked, id=1272, stack(0x00000004cde00000,0x00000004cdf00000)]
  0x0000018a13aaf000 JavaThread "jar transforms Thread 86" [_thread_blocked, id=6924, stack(0x00000004cdf00000,0x00000004ce000000)]
  0x0000018a13aaf800 JavaThread "jar transforms Thread 87" [_thread_blocked, id=2820, stack(0x00000004ce000000,0x00000004ce100000)]
  0x0000018a13ab0800 JavaThread "jar transforms Thread 88" [_thread_blocked, id=6360, stack(0x00000004ce100000,0x00000004ce200000)]
  0x0000018a13ab1800 JavaThread "jar transforms Thread 89" [_thread_blocked, id=8588, stack(0x00000004ce200000,0x00000004ce300000)]
  0x0000018a151c0800 JavaThread "jar transforms Thread 90" [_thread_blocked, id=8072, stack(0x00000004ce300000,0x00000004ce400000)]
  0x0000018a151c3000 JavaThread "jar transforms Thread 91" [_thread_blocked, id=4332, stack(0x00000004ce400000,0x00000004ce500000)]
  0x0000018a151c1800 JavaThread "jar transforms Thread 92" [_thread_blocked, id=8488, stack(0x00000004ce500000,0x00000004ce600000)]
  0x0000018a151bd800 JavaThread "jar transforms Thread 93" [_thread_blocked, id=1544, stack(0x00000004ce600000,0x00000004ce700000)]
  0x0000018a151be000 JavaThread "jar transforms Thread 94" [_thread_blocked, id=2900, stack(0x00000004ce700000,0x00000004ce800000)]
  0x0000018a151c4000 JavaThread "jar transforms Thread 95" [_thread_blocked, id=8976, stack(0x00000004ce800000,0x00000004ce900000)]
  0x0000018a151c4800 JavaThread "jar transforms Thread 96" [_thread_blocked, id=5292, stack(0x00000004ce900000,0x00000004cea00000)]
  0x0000018a151bf000 JavaThread "jar transforms Thread 97" [_thread_blocked, id=5300, stack(0x00000004cea00000,0x00000004ceb00000)]
  0x0000018a151c5800 JavaThread "jar transforms Thread 98" [_thread_blocked, id=9120, stack(0x00000004ceb00000,0x00000004cec00000)]
  0x0000018a151c2000 JavaThread "jar transforms Thread 99" [_thread_blocked, id=6044, stack(0x00000004cec00000,0x00000004ced00000)]
  0x0000018a151bf800 JavaThread "jar transforms Thread 100" [_thread_blocked, id=204, stack(0x00000004ced00000,0x00000004cee00000)]
  0x0000018a151c8800 JavaThread "jar transforms Thread 101" [_thread_blocked, id=8136, stack(0x00000004cee00000,0x00000004cef00000)]
  0x0000018a151c9800 JavaThread "jar transforms Thread 102" [_thread_blocked, id=7148, stack(0x00000004cef00000,0x00000004cf000000)]
  0x0000018a151c8000 JavaThread "jar transforms Thread 103" [_thread_blocked, id=7604, stack(0x00000004cf000000,0x00000004cf100000)]
  0x0000018a151c6800 JavaThread "jar transforms Thread 104" [_thread_blocked, id=7852, stack(0x00000004cf100000,0x00000004cf200000)]
  0x0000018a151cc000 JavaThread "jar transforms Thread 105" [_thread_blocked, id=5228, stack(0x00000004cf200000,0x00000004cf300000)]
  0x0000018a151c7000 JavaThread "jar transforms Thread 106" [_thread_blocked, id=1328, stack(0x00000004cf300000,0x00000004cf400000)]
  0x0000018a151ca800 JavaThread "jar transforms Thread 107" [_thread_blocked, id=5808, stack(0x00000004cf400000,0x00000004cf500000)]
  0x0000018a151cb000 JavaThread "jar transforms Thread 108" [_thread_blocked, id=1020, stack(0x00000004cf500000,0x00000004cf600000)]
  0x0000018a141c3000 JavaThread "jar transforms Thread 109" [_thread_blocked, id=7512, stack(0x00000004cf600000,0x00000004cf700000)]
  0x0000018a141c4000 JavaThread "jar transforms Thread 110" [_thread_blocked, id=8996, stack(0x00000004cf700000,0x00000004cf800000)]
  0x0000018a141c2000 JavaThread "jar transforms Thread 111" [_thread_blocked, id=7496, stack(0x00000004cf800000,0x00000004cf900000)]
  0x0000018a141c1800 JavaThread "jar transforms Thread 112" [_thread_blocked, id=8204, stack(0x00000004cf900000,0x00000004cfa00000)]
  0x0000018a141c0800 JavaThread "jar transforms Thread 113" [_thread_blocked, id=1780, stack(0x00000004cfa00000,0x00000004cfb00000)]
  0x0000018a141c4800 JavaThread "jar transforms Thread 114" [_thread_blocked, id=3048, stack(0x00000004cfb00000,0x00000004cfc00000)]
  0x0000018a141bf000 JavaThread "jar transforms Thread 115" [_thread_blocked, id=8788, stack(0x00000004cfc00000,0x00000004cfd00000)]
  0x0000018a141c5800 JavaThread "jar transforms Thread 116" [_thread_blocked, id=7116, stack(0x00000004cfd00000,0x00000004cfe00000)]
  0x0000018a141bf800 JavaThread "jar transforms Thread 117" [_thread_blocked, id=8704, stack(0x00000004cfe00000,0x00000004cff00000)]
  0x0000018a141cb000 JavaThread "jar transforms Thread 118" [_thread_blocked, id=9032, stack(0x00000004cff00000,0x00000004d0000000)]
  0x0000018a141c6800 JavaThread "jar transforms Thread 119" [_thread_blocked, id=8272, stack(0x00000004d0000000,0x00000004d0100000)]
  0x0000018a141cc000 JavaThread "Memory manager" [_thread_blocked, id=1516, stack(0x00000004d0100000,0x00000004d0200000)]
  0x0000018a141c7000 JavaThread "build event listener" [_thread_blocked, id=4980, stack(0x00000004d0200000,0x00000004d0300000)]
  0x0000018a141cd800 JavaThread "build event listener" [_thread_blocked, id=6692, stack(0x00000004d0300000,0x00000004d0400000)]
  0x0000018a141c8000 JavaThread "Execution worker for ':'" [_thread_blocked, id=8736, stack(0x00000004d0400000,0x00000004d0500000)]
  0x0000018a141c8800 JavaThread "Execution worker for ':' Thread 2" [_thread_blocked, id=2744, stack(0x00000004d0500000,0x00000004d0600000)]
  0x0000018a141c9800 JavaThread "Execution worker for ':' Thread 3" [_thread_blocked, id=4472, stack(0x00000004d0600000,0x00000004d0700000)]
  0x0000018a15b3a800 JavaThread "Cache worker for execution history cache (D:\AndroidProjects\Words\.gradle\6.7.1\executionHistory)" [_thread_blocked, id=6060, stack(0x00000004d0700000,0x00000004d0800000)]
  0x0000018a15b38000 JavaThread "WorkerExecutor Queue" [_thread_blocked, id=8748, stack(0x00000004d0800000,0x00000004d0900000)]
  0x0000018a15b3a000 JavaThread "WorkerExecutor Queue Thread 2" [_thread_blocked, id=4188, stack(0x00000004d0900000,0x00000004d0a00000)]
  0x0000018a15b3d000 JavaThread "WorkerExecutor Queue Thread 3" [_thread_blocked, id=4592, stack(0x00000004d0a00000,0x00000004d0b00000)]
  0x0000018a15b37800 JavaThread "WorkerExecutor Queue Thread 4" [_thread_in_native, id=7620, stack(0x00000004d0b00000,0x00000004d0c00000)]
  0x0000018a15b3c800 JavaThread "pool-4-thread-1" [_thread_blocked, id=8912, stack(0x00000004d0c00000,0x00000004d0d00000)]
  0x0000018a15b3e000 JavaThread "stderr" [_thread_in_native, id=3600, stack(0x00000004d0d00000,0x00000004d0e00000)]
  0x0000018a15b3e800 JavaThread "stdout" [_thread_in_native, id=7824, stack(0x00000004d0e00000,0x00000004d0f00000)]
  0x0000018a15b39000 JavaThread "ForkJoinPool-1-worker-3" daemon [_thread_blocked, id=6652, stack(0x00000004d0f00000,0x00000004d1000000)]
  0x0000018a15b43800 JavaThread "ForkJoinPool-1-worker-5" daemon [_thread_blocked, id=7236, stack(0x00000004d1000000,0x00000004d1100000)]
  0x0000018a15b45800 JavaThread "ForkJoinPool-1-worker-7" daemon [_thread_in_Java, id=2056, stack(0x00000004d1100000,0x00000004d1200000)]
  0x0000018a15b41000 JavaThread "ForkJoinPool-1-worker-1" daemon [_thread_in_Java, id=1536, stack(0x00000004d1200000,0x00000004d1300000)]

Other Threads:
  0x0000018a7fcfe800 VMThread "VM Thread" [stack: 0x00000004c6100000,0x00000004c6200000] [id=8364]
  0x0000018a0f96b000 WatcherThread [stack: 0x00000004c6b00000,0x00000004c6c00000] [id=8636]
  0x0000018a752e6000 GCTaskThread "GC Thread#0" [stack: 0x00000004c5c00000,0x00000004c5d00000] [id=7164]
  0x0000018a0fc8c000 GCTaskThread "GC Thread#1" [stack: 0x00000004c6c00000,0x00000004c6d00000] [id=6576]
  0x0000018a112dc000 GCTaskThread "GC Thread#2" [stack: 0x00000004c6f00000,0x00000004c7000000] [id=540]
  0x0000018a112d7000 GCTaskThread "GC Thread#3" [stack: 0x00000004c7000000,0x00000004c7100000] [id=1808]
  0x0000018a75318000 ConcurrentGCThread "G1 Main Marker" [stack: 0x00000004c5d00000,0x00000004c5e00000] [id=5964]
  0x0000018a75319000 ConcurrentGCThread "G1 Conc#0" [stack: 0x00000004c5e00000,0x00000004c5f00000] [id=6632]
  0x0000018a75376800 ConcurrentGCThread "G1 Refine#0" [stack: 0x00000004c5f00000,0x00000004c6000000] [id=6648]
  0x0000018a75377800 ConcurrentGCThread "G1 Young RemSet Sampling" [stack: 0x00000004c6000000,0x00000004c6100000] [id=7632]

Threads with active compile tasks:
C2 CompilerThread0  25194 10016       4       com.android.tools.r8.dex.n::e (654 bytes)
C2 CompilerThread1  25194 9985 %     4       com.android.tools.r8.dex.n::a @ 472 (913 bytes)

VM state:not at safepoint (normal execution)

VM Mutex/Monitor currently owned by a thread: None

Heap address: 0x0000000080000000, size: 2048 MB, Compressed Oops mode: 32-bit
Narrow klass base: 0x0000000000000000, Narrow klass shift: 3
Compressed class space size: 1073741824 Address: 0x0000000100000000

Heap:
 garbage-first heap   total 275456K, used 177664K [0x0000000080000000, 0x0000000100000000)
  region size 1024K, 34 young (34816K), 3 survivors (3072K)
 Metaspace       used 90651K, capacity 92796K, committed 93056K, reserved 1130496K
  class space    used 11834K, capacity 12606K, committed 12672K, reserved 1048576K
Heap Regions: E=young(eden), S=young(survivor), O=old, HS=humongous(starts), HC=humongous(continues), CS=collection set, F=free, A=archive, TAMS=top-at-mark-start (previous, next)
|   0|0x0000000080000000, 0x0000000080100000, 0x0000000080100000|100%| O|  |TAMS 0x0000000080100000, 0x0000000080000000| Untracked 
|   1|0x0000000080100000, 0x0000000080200000, 0x0000000080200000|100%| O|  |TAMS 0x0000000080200000, 0x0000000080100000| Untracked 
|   2|0x0000000080200000, 0x0000000080300000, 0x0000000080300000|100%| O|  |TAMS 0x0000000080300000, 0x0000000080200000| Untracked 
|   3|0x0000000080300000, 0x0000000080400000, 0x0000000080400000|100%|HS|  |TAMS 0x0000000080400000, 0x0000000080300000| Complete 
|   4|0x0000000080400000, 0x0000000080500000, 0x0000000080500000|100%|HC|  |TAMS 0x0000000080500000, 0x0000000080400000| Complete 
|   5|0x0000000080500000, 0x0000000080600000, 0x0000000080600000|100%|HC|  |TAMS 0x0000000080600000, 0x0000000080500000| Complete 
|   6|0x0000000080600000, 0x0000000080700000, 0x0000000080700000|100%| O|  |TAMS 0x0000000080700000, 0x0000000080600000| Untracked 
|   7|0x0000000080700000, 0x0000000080800000, 0x0000000080800000|100%| O|  |TAMS 0x0000000080800000, 0x0000000080700000| Untracked 
|   8|0x0000000080800000, 0x0000000080900000, 0x0000000080900000|100%| O|  |TAMS 0x0000000080900000, 0x0000000080800000| Untracked 
|   9|0x0000000080900000, 0x0000000080a00000, 0x0000000080a00000|100%| O|  |TAMS 0x0000000080a00000, 0x0000000080900000| Untracked 
|  10|0x0000000080a00000, 0x0000000080b00000, 0x0000000080b00000|100%| O|  |TAMS 0x0000000080b00000, 0x0000000080a00000| Untracked 
|  11|0x0000000080b00000, 0x0000000080c00000, 0x0000000080c00000|100%| O|  |TAMS 0x0000000080c00000, 0x0000000080b00000| Untracked 
|  12|0x0000000080c00000, 0x0000000080d00000, 0x0000000080d00000|100%| O|  |TAMS 0x0000000080d00000, 0x0000000080c00000| Untracked 
|  13|0x0000000080d00000, 0x0000000080e00000, 0x0000000080e00000|100%| O|  |TAMS 0x0000000080e00000, 0x0000000080d00000| Untracked 
|  14|0x0000000080e00000, 0x0000000080f00000, 0x0000000080f00000|100%| O|  |TAMS 0x0000000080f00000, 0x0000000080e00000| Untracked 
|  15|0x0000000080f00000, 0x0000000081000000, 0x0000000081000000|100%| O|  |TAMS 0x0000000081000000, 0x0000000080f00000| Untracked 
|  16|0x0000000081000000, 0x0000000081100000, 0x0000000081100000|100%| O|  |TAMS 0x0000000081100000, 0x0000000081000000| Untracked 
|  17|0x0000000081100000, 0x0000000081200000, 0x0000000081200000|100%| O|  |TAMS 0x0000000081200000, 0x0000000081100000| Untracked 
|  18|0x0000000081200000, 0x0000000081300000, 0x0000000081300000|100%| O|  |TAMS 0x0000000081300000, 0x0000000081200000| Untracked 
|  19|0x0000000081300000, 0x0000000081400000, 0x0000000081400000|100%| O|  |TAMS 0x0000000081400000, 0x0000000081300000| Untracked 
|  20|0x0000000081400000, 0x0000000081500000, 0x0000000081500000|100%| O|  |TAMS 0x0000000081500000, 0x0000000081400000| Untracked 
|  21|0x0000000081500000, 0x0000000081600000, 0x0000000081600000|100%| O|  |TAMS 0x0000000081600000, 0x0000000081500000| Untracked 
|  22|0x0000000081600000, 0x0000000081700000, 0x0000000081700000|100%| O|  |TAMS 0x0000000081700000, 0x0000000081600000| Untracked 
|  23|0x0000000081700000, 0x0000000081800000, 0x0000000081800000|100%|HS|  |TAMS 0x0000000081800000, 0x0000000081700000| Complete 
|  24|0x0000000081800000, 0x0000000081900000, 0x0000000081900000|100%|HS|  |TAMS 0x0000000081900000, 0x0000000081800000| Complete 
|  25|0x0000000081900000, 0x0000000081a00000, 0x0000000081a00000|100%|HS|  |TAMS 0x0000000081a00000, 0x0000000081900000| Complete 
|  26|0x0000000081a00000, 0x0000000081b00000, 0x0000000081b00000|100%|HC|  |TAMS 0x0000000081b00000, 0x0000000081a00000| Complete 
|  27|0x0000000081b00000, 0x0000000081c00000, 0x0000000081c00000|100%|HC|  |TAMS 0x0000000081c00000, 0x0000000081b00000| Complete 
|  28|0x0000000081c00000, 0x0000000081d00000, 0x0000000081d00000|100%|HS|  |TAMS 0x0000000081d00000, 0x0000000081c00000| Complete 
|  29|0x0000000081d00000, 0x0000000081e00000, 0x0000000081e00000|100%|HC|  |TAMS 0x0000000081e00000, 0x0000000081d00000| Complete 
|  30|0x0000000081e00000, 0x0000000081f00000, 0x0000000081f00000|100%| O|  |TAMS 0x0000000081f00000, 0x0000000081e00000| Untracked 
|  31|0x0000000081f00000, 0x0000000082000000, 0x0000000082000000|100%| O|  |TAMS 0x0000000082000000, 0x0000000081f00000| Untracked 
|  32|0x0000000082000000, 0x0000000082100000, 0x0000000082100000|100%| O|  |TAMS 0x0000000082100000, 0x0000000082000000| Untracked 
|  33|0x0000000082100000, 0x0000000082200000, 0x0000000082200000|100%| O|  |TAMS 0x0000000082200000, 0x0000000082100000| Untracked 
|  34|0x0000000082200000, 0x0000000082300000, 0x0000000082300000|100%| O|  |TAMS 0x0000000082300000, 0x0000000082200000| Untracked 
|  35|0x0000000082300000, 0x0000000082400000, 0x0000000082400000|100%| O|  |TAMS 0x0000000082400000, 0x0000000082300000| Untracked 
|  36|0x0000000082400000, 0x0000000082500000, 0x0000000082500000|100%| O|  |TAMS 0x0000000082500000, 0x0000000082400000| Untracked 
|  37|0x0000000082500000, 0x0000000082600000, 0x0000000082600000|100%| O|  |TAMS 0x0000000082600000, 0x0000000082500000| Untracked 
|  38|0x0000000082600000, 0x0000000082700000, 0x0000000082700000|100%| O|  |TAMS 0x0000000082700000, 0x0000000082600000| Untracked 
|  39|0x0000000082700000, 0x0000000082800000, 0x0000000082800000|100%| O|  |TAMS 0x0000000082800000, 0x0000000082700000| Untracked 
|  40|0x0000000082800000, 0x0000000082900000, 0x0000000082900000|100%| O|  |TAMS 0x0000000082900000, 0x0000000082800000| Untracked 
|  41|0x0000000082900000, 0x0000000082a00000, 0x0000000082a00000|100%| O|  |TAMS 0x0000000082a00000, 0x0000000082900000| Untracked 
|  42|0x0000000082a00000, 0x0000000082b00000, 0x0000000082b00000|100%| O|  |TAMS 0x0000000082b00000, 0x0000000082a00000| Untracked 
|  43|0x0000000082b00000, 0x0000000082c00000, 0x0000000082c00000|100%| O|  |TAMS 0x0000000082c00000, 0x0000000082b00000| Untracked 
|  44|0x0000000082c00000, 0x0000000082d00000, 0x0000000082d00000|100%| O|  |TAMS 0x0000000082d00000, 0x0000000082c00000| Untracked 
|  45|0x0000000082d00000, 0x0000000082e00000, 0x0000000082e00000|100%| O|  |TAMS 0x0000000082e00000, 0x0000000082d00000| Untracked 
|  46|0x0000000082e00000, 0x0000000082f00000, 0x0000000082f00000|100%| O|  |TAMS 0x0000000082f00000, 0x0000000082e00000| Untracked 
|  47|0x0000000082f00000, 0x0000000083000000, 0x0000000083000000|100%| O|  |TAMS 0x0000000083000000, 0x0000000082f00000| Untracked 
|  48|0x0000000083000000, 0x0000000083100000, 0x0000000083100000|100%| O|  |TAMS 0x0000000083100000, 0x0000000083000000| Untracked 
|  49|0x0000000083100000, 0x0000000083200000, 0x0000000083200000|100%| O|  |TAMS 0x0000000083200000, 0x0000000083100000| Untracked 
|  50|0x0000000083200000, 0x0000000083300000, 0x0000000083300000|100%| O|  |TAMS 0x0000000083300000, 0x0000000083200000| Untracked 
|  51|0x0000000083300000, 0x0000000083400000, 0x0000000083400000|100%| O|  |TAMS 0x0000000083400000, 0x0000000083300000| Untracked 
|  52|0x0000000083400000, 0x0000000083500000, 0x0000000083500000|100%| O|  |TAMS 0x0000000083500000, 0x0000000083400000| Untracked 
|  53|0x0000000083500000, 0x0000000083600000, 0x0000000083600000|100%| O|  |TAMS 0x0000000083600000, 0x0000000083500000| Untracked 
|  54|0x0000000083600000, 0x0000000083700000, 0x0000000083700000|100%| O|  |TAMS 0x0000000083700000, 0x0000000083600000| Untracked 
|  55|0x0000000083700000, 0x0000000083800000, 0x0000000083800000|100%| O|  |TAMS 0x0000000083800000, 0x0000000083700000| Untracked 
|  56|0x0000000083800000, 0x0000000083900000, 0x0000000083900000|100%| O|  |TAMS 0x0000000083900000, 0x0000000083800000| Untracked 
|  57|0x0000000083900000, 0x0000000083a00000, 0x0000000083a00000|100%| O|  |TAMS 0x0000000083a00000, 0x0000000083900000| Untracked 
|  58|0x0000000083a00000, 0x0000000083b00000, 0x0000000083b00000|100%| O|  |TAMS 0x0000000083b00000, 0x0000000083a00000| Untracked 
|  59|0x0000000083b00000, 0x0000000083c00000, 0x0000000083c00000|100%| O|  |TAMS 0x0000000083c00000, 0x0000000083b00000| Untracked 
|  60|0x0000000083c00000, 0x0000000083d00000, 0x0000000083d00000|100%| O|  |TAMS 0x0000000083d00000, 0x0000000083c00000| Untracked 
|  61|0x0000000083d00000, 0x0000000083e00000, 0x0000000083e00000|100%| O|  |TAMS 0x0000000083e00000, 0x0000000083d00000| Untracked 
|  62|0x0000000083e00000, 0x0000000083f00000, 0x0000000083f00000|100%|HS|  |TAMS 0x0000000083f00000, 0x0000000083e00000| Complete 
|  63|0x0000000083f00000, 0x0000000084000000, 0x0000000084000000|100%|HC|  |TAMS 0x0000000084000000, 0x0000000083f00000| Complete 
|  64|0x0000000084000000, 0x0000000084100000, 0x0000000084100000|100%|HC|  |TAMS 0x0000000084100000, 0x0000000084000000| Complete 
|  65|0x0000000084100000, 0x0000000084200000, 0x0000000084200000|100%|HS|  |TAMS 0x0000000084200000, 0x0000000084100000| Complete 
|  66|0x0000000084200000, 0x0000000084300000, 0x0000000084300000|100%|HC|  |TAMS 0x0000000084300000, 0x0000000084200000| Complete 
|  67|0x0000000084300000, 0x0000000084400000, 0x0000000084400000|100%|HS|  |TAMS 0x0000000084400000, 0x0000000084300000| Complete 
|  68|0x0000000084400000, 0x0000000084500000, 0x0000000084500000|100%|HS|  |TAMS 0x0000000084500000, 0x0000000084400000| Complete 
|  69|0x0000000084500000, 0x0000000084600000, 0x0000000084600000|100%|HS|  |TAMS 0x0000000084600000, 0x0000000084500000| Complete 
|  70|0x0000000084600000, 0x0000000084700000, 0x0000000084700000|100%| O|  |TAMS 0x0000000084700000, 0x0000000084600000| Untracked 
|  71|0x0000000084700000, 0x0000000084800000, 0x0000000084800000|100%| O|  |TAMS 0x0000000084800000, 0x0000000084700000| Untracked 
|  72|0x0000000084800000, 0x0000000084900000, 0x0000000084900000|100%| O|  |TAMS 0x0000000084900000, 0x0000000084800000| Untracked 
|  73|0x0000000084900000, 0x0000000084a00000, 0x0000000084a00000|100%| O|  |TAMS 0x0000000084a00000, 0x0000000084900000| Untracked 
|  74|0x0000000084a00000, 0x0000000084b00000, 0x0000000084b00000|100%| O|  |TAMS 0x0000000084b00000, 0x0000000084a00000| Untracked 
|  75|0x0000000084b00000, 0x0000000084c00000, 0x0000000084c00000|100%| O|  |TAMS 0x0000000084c00000, 0x0000000084b00000| Untracked 
|  76|0x0000000084c00000, 0x0000000084d00000, 0x0000000084d00000|100%| O|  |TAMS 0x0000000084d00000, 0x0000000084c00000| Untracked 
|  77|0x0000000084d00000, 0x0000000084e00000, 0x0000000084e00000|100%| O|  |TAMS 0x0000000084e00000, 0x0000000084d00000| Untracked 
|  78|0x0000000084e00000, 0x0000000084f00000, 0x0000000084f00000|100%| O|  |TAMS 0x0000000084f00000, 0x0000000084e00000| Untracked 
|  79|0x0000000084f00000, 0x0000000085000000, 0x0000000085000000|100%| O|  |TAMS 0x0000000085000000, 0x0000000084f00000| Untracked 
|  80|0x0000000085000000, 0x0000000085100000, 0x0000000085100000|100%| O|  |TAMS 0x0000000085100000, 0x0000000085000000| Untracked 
|  81|0x0000000085100000, 0x0000000085200000, 0x0000000085200000|100%| O|  |TAMS 0x0000000085200000, 0x0000000085100000| Untracked 
|  82|0x0000000085200000, 0x0000000085300000, 0x0000000085300000|100%| O|  |TAMS 0x0000000085300000, 0x0000000085200000| Untracked 
|  83|0x0000000085300000, 0x0000000085400000, 0x0000000085400000|100%| O|  |TAMS 0x0000000085400000, 0x0000000085300000| Untracked 
|  84|0x0000000085400000, 0x0000000085500000, 0x0000000085500000|100%|HS|  |TAMS 0x0000000085500000, 0x0000000085400000| Complete 
|  85|0x0000000085500000, 0x0000000085600000, 0x0000000085600000|100%|HC|  |TAMS 0x0000000085600000, 0x0000000085500000| Complete 
|  86|0x0000000085600000, 0x0000000085700000, 0x0000000085700000|100%|HC|  |TAMS 0x0000000085700000, 0x0000000085600000| Complete 
|  87|0x0000000085700000, 0x0000000085800000, 0x0000000085800000|100%| O|  |TAMS 0x0000000085800000, 0x0000000085700000| Untracked 
|  88|0x0000000085800000, 0x0000000085900000, 0x0000000085900000|100%| O|  |TAMS 0x0000000085900000, 0x0000000085800000| Untracked 
|  89|0x0000000085900000, 0x0000000085a00000, 0x0000000085a00000|100%|HS|  |TAMS 0x0000000085a00000, 0x0000000085900000| Complete 
|  90|0x0000000085a00000, 0x0000000085b00000, 0x0000000085b00000|100%|HC|  |TAMS 0x0000000085b00000, 0x0000000085a00000| Complete 
|  91|0x0000000085b00000, 0x0000000085c00000, 0x0000000085c00000|100%| O|  |TAMS 0x0000000085c00000, 0x0000000085b00000| Untracked 
|  92|0x0000000085c00000, 0x0000000085d00000, 0x0000000085d00000|100%|HS|  |TAMS 0x0000000085d00000, 0x0000000085c00000| Complete 
|  93|0x0000000085d00000, 0x0000000085e00000, 0x0000000085e00000|100%| O|  |TAMS 0x0000000085e00000, 0x0000000085d00000| Untracked 
|  94|0x0000000085e00000, 0x0000000085f00000, 0x0000000085f00000|100%|HS|  |TAMS 0x0000000085f00000, 0x0000000085e00000| Complete 
|  95|0x0000000085f00000, 0x0000000086000000, 0x0000000086000000|100%|HS|  |TAMS 0x0000000086000000, 0x0000000085f00000| Complete 
|  96|0x0000000086000000, 0x0000000086100000, 0x0000000086100000|100%|HS|  |TAMS 0x0000000086100000, 0x0000000086000000| Complete 
|  97|0x0000000086100000, 0x0000000086200000, 0x0000000086200000|100%| O|  |TAMS 0x0000000086200000, 0x0000000086100000| Untracked 
|  98|0x0000000086200000, 0x0000000086300000, 0x0000000086300000|100%| O|  |TAMS 0x0000000086300000, 0x0000000086200000| Untracked 
|  99|0x0000000086300000, 0x0000000086400000, 0x0000000086400000|100%| O|  |TAMS 0x0000000086400000, 0x0000000086300000| Untracked 
| 100|0x0000000086400000, 0x0000000086500000, 0x0000000086500000|100%| O|  |TAMS 0x0000000086500000, 0x0000000086400000| Untracked 
| 101|0x0000000086500000, 0x0000000086600000, 0x0000000086600000|100%| O|  |TAMS 0x0000000086600000, 0x0000000086500000| Untracked 
| 102|0x0000000086600000, 0x0000000086700000, 0x0000000086700000|100%| O|  |TAMS 0x0000000086700000, 0x0000000086600000| Untracked 
| 103|0x0000000086700000, 0x0000000086800000, 0x0000000086800000|100%| O|  |TAMS 0x0000000086800000, 0x0000000086700000| Untracked 
| 104|0x0000000086800000, 0x0000000086900000, 0x0000000086900000|100%| O|  |TAMS 0x0000000086900000, 0x0000000086800000| Untracked 
| 105|0x0000000086900000, 0x0000000086a00000, 0x0000000086a00000|100%| O|  |TAMS 0x0000000086a00000, 0x0000000086900000| Untracked 
| 106|0x0000000086a00000, 0x0000000086b00000, 0x0000000086b00000|100%| O|  |TAMS 0x0000000086b00000, 0x0000000086a00000| Untracked 
| 107|0x0000000086b00000, 0x0000000086c00000, 0x0000000086c00000|100%| O|  |TAMS 0x0000000086c00000, 0x0000000086b00000| Untracked 
| 108|0x0000000086c00000, 0x0000000086d00000, 0x0000000086d00000|100%| O|  |TAMS 0x0000000086d00000, 0x0000000086c00000| Untracked 
| 109|0x0000000086d00000, 0x0000000086e00000, 0x0000000086e00000|100%| O|  |TAMS 0x0000000086e00000, 0x0000000086d00000| Untracked 
| 110|0x0000000086e00000, 0x0000000086f00000, 0x0000000086f00000|100%| O|  |TAMS 0x0000000086f00000, 0x0000000086e00000| Untracked 
| 111|0x0000000086f00000, 0x0000000087000000, 0x0000000087000000|100%| O|  |TAMS 0x0000000087000000, 0x0000000086f00000| Untracked 
| 112|0x0000000087000000, 0x0000000087100000, 0x0000000087100000|100%| O|  |TAMS 0x0000000087100000, 0x0000000087000000| Untracked 
| 113|0x0000000087100000, 0x0000000087200000, 0x0000000087200000|100%| O|  |TAMS 0x0000000087200000, 0x0000000087100000| Untracked 
| 114|0x0000000087200000, 0x0000000087300000, 0x0000000087300000|100%| O|  |TAMS 0x0000000087300000, 0x0000000087200000| Untracked 
| 115|0x0000000087300000, 0x0000000087400000, 0x0000000087400000|100%| O|  |TAMS 0x0000000087400000, 0x0000000087300000| Untracked 
| 116|0x0000000087400000, 0x0000000087500000, 0x0000000087500000|100%| O|  |TAMS 0x0000000087500000, 0x0000000087400000| Untracked 
| 117|0x0000000087500000, 0x0000000087600000, 0x0000000087600000|100%| O|  |TAMS 0x0000000087600000, 0x0000000087500000| Untracked 
| 118|0x0000000087600000, 0x0000000087700000, 0x0000000087700000|100%| O|  |TAMS 0x0000000087700000, 0x0000000087600000| Untracked 
| 119|0x0000000087700000, 0x0000000087800000, 0x0000000087800000|100%| O|  |TAMS 0x0000000087800000, 0x0000000087700000| Untracked 
| 120|0x0000000087800000, 0x0000000087900000, 0x0000000087900000|100%| O|  |TAMS 0x0000000087900000, 0x0000000087800000| Untracked 
| 121|0x0000000087900000, 0x0000000087a00000, 0x0000000087a00000|100%| O|  |TAMS 0x0000000087a00000, 0x0000000087900000| Untracked 
| 122|0x0000000087a00000, 0x0000000087b00000, 0x0000000087b00000|100%| O|  |TAMS 0x0000000087b00000, 0x0000000087a00000| Untracked 
| 123|0x0000000087b00000, 0x0000000087c00000, 0x0000000087c00000|100%| O|  |TAMS 0x0000000087c00000, 0x0000000087b00000| Untracked 
| 124|0x0000000087c00000, 0x0000000087d00000, 0x0000000087d00000|100%| O|  |TAMS 0x0000000087d00000, 0x0000000087c00000| Untracked 
| 125|0x0000000087d00000, 0x0000000087e00000, 0x0000000087e00000|100%| O|  |TAMS 0x0000000087e00000, 0x0000000087d00000| Untracked 
| 126|0x0000000087e00000, 0x0000000087f00000, 0x0000000087f00000|100%| O|  |TAMS 0x0000000087f00000, 0x0000000087e00000| Untracked 
| 127|0x0000000087f00000, 0x0000000088000000, 0x0000000088000000|100%| O|  |TAMS 0x0000000088000000, 0x0000000087f00000| Untracked 
| 128|0x0000000088000000, 0x0000000088100000, 0x0000000088100000|100%| O|  |TAMS 0x0000000088100000, 0x0000000088000000| Untracked 
| 129|0x0000000088100000, 0x0000000088200000, 0x0000000088200000|100%| O|  |TAMS 0x00000000881f3a00, 0x0000000088100000| Untracked 
| 130|0x0000000088200000, 0x0000000088300000, 0x0000000088300000|100%| O|  |TAMS 0x0000000088200000, 0x0000000088200000| Untracked 
| 131|0x0000000088300000, 0x0000000088400000, 0x0000000088400000|100%| O|  |TAMS 0x0000000088300000, 0x0000000088300000| Untracked 
| 132|0x0000000088400000, 0x0000000088500000, 0x0000000088500000|100%| O|  |TAMS 0x0000000088400000, 0x0000000088400000| Untracked 
| 133|0x0000000088500000, 0x0000000088600000, 0x0000000088600000|100%| O|  |TAMS 0x0000000088500000, 0x0000000088500000| Untracked 
| 134|0x0000000088600000, 0x0000000088700000, 0x0000000088700000|100%| O|  |TAMS 0x0000000088600000, 0x0000000088600000| Untracked 
| 135|0x0000000088700000, 0x0000000088800000, 0x0000000088800000|100%| O|  |TAMS 0x0000000088700000, 0x0000000088700000| Untracked 
| 136|0x0000000088800000, 0x0000000088900000, 0x0000000088900000|100%| O|  |TAMS 0x0000000088800000, 0x0000000088800000| Untracked 
| 137|0x0000000088900000, 0x0000000088a00000, 0x0000000088a00000|100%| O|  |TAMS 0x0000000088900000, 0x0000000088900000| Untracked 
| 138|0x0000000088a00000, 0x0000000088b00000, 0x0000000088b00000|100%| O|  |TAMS 0x0000000088a00000, 0x0000000088a00000| Untracked 
| 139|0x0000000088b00000, 0x0000000088c00000, 0x0000000088c00000|100%| O|  |TAMS 0x0000000088b00000, 0x0000000088b00000| Untracked 
| 140|0x0000000088c00000, 0x0000000088c80000, 0x0000000088d00000| 50%| O|  |TAMS 0x0000000088c00000, 0x0000000088c00000| Untracked 
| 141|0x0000000088d00000, 0x0000000088d00000, 0x0000000088e00000|  0%| F|  |TAMS 0x0000000088d00000, 0x0000000088d00000| Untracked 
| 142|0x0000000088e00000, 0x0000000088e00000, 0x0000000088f00000|  0%| F|  |TAMS 0x0000000088e00000, 0x0000000088e00000| Untracked 
| 143|0x0000000088f00000, 0x0000000088f00000, 0x0000000089000000|  0%| F|  |TAMS 0x0000000088f00000, 0x0000000088f00000| Untracked 
| 144|0x0000000089000000, 0x0000000089000000, 0x0000000089100000|  0%| F|  |TAMS 0x0000000089000000, 0x0000000089000000| Untracked 
| 145|0x0000000089100000, 0x0000000089100000, 0x0000000089200000|  0%| F|  |TAMS 0x0000000089100000, 0x0000000089100000| Untracked 
| 146|0x0000000089200000, 0x0000000089200000, 0x0000000089300000|  0%| F|  |TAMS 0x0000000089200000, 0x0000000089200000| Untracked 
| 147|0x0000000089300000, 0x0000000089300000, 0x0000000089400000|  0%| F|  |TAMS 0x0000000089300000, 0x0000000089300000| Untracked 
| 148|0x0000000089400000, 0x0000000089400000, 0x0000000089500000|  0%| F|  |TAMS 0x0000000089400000, 0x0000000089400000| Untracked 
| 149|0x0000000089500000, 0x0000000089500000, 0x0000000089600000|  0%| F|  |TAMS 0x0000000089500000, 0x0000000089500000| Untracked 
| 150|0x0000000089600000, 0x0000000089600000, 0x0000000089700000|  0%| F|  |TAMS 0x0000000089600000, 0x0000000089600000| Untracked 
| 151|0x0000000089700000, 0x0000000089700000, 0x0000000089800000|  0%| F|  |TAMS 0x0000000089700000, 0x0000000089700000| Untracked 
| 152|0x0000000089800000, 0x0000000089800000, 0x0000000089900000|  0%| F|  |TAMS 0x0000000089800000, 0x0000000089800000| Untracked 
| 153|0x0000000089900000, 0x0000000089900000, 0x0000000089a00000|  0%| F|  |TAMS 0x0000000089900000, 0x0000000089900000| Untracked 
| 154|0x0000000089a00000, 0x0000000089a00000, 0x0000000089b00000|  0%| F|  |TAMS 0x0000000089a00000, 0x0000000089a00000| Untracked 
| 155|0x0000000089b00000, 0x0000000089b00000, 0x0000000089c00000|  0%| F|  |TAMS 0x0000000089b00000, 0x0000000089b00000| Untracked 
| 156|0x0000000089c00000, 0x0000000089c00000, 0x0000000089d00000|  0%| F|  |TAMS 0x0000000089c00000, 0x0000000089c00000| Untracked 
| 157|0x0000000089d00000, 0x0000000089d00000, 0x0000000089e00000|  0%| F|  |TAMS 0x0000000089d00000, 0x0000000089d00000| Untracked 
| 158|0x0000000089e00000, 0x0000000089e00000, 0x0000000089f00000|  0%| F|  |TAMS 0x0000000089e00000, 0x0000000089e00000| Untracked 
| 159|0x0000000089f00000, 0x0000000089f00000, 0x000000008a000000|  0%| F|  |TAMS 0x0000000089f00000, 0x0000000089f00000| Untracked 
| 160|0x000000008a000000, 0x000000008a000000, 0x000000008a100000|  0%| F|  |TAMS 0x000000008a000000, 0x000000008a000000| Untracked 
| 161|0x000000008a100000, 0x000000008a100000, 0x000000008a200000|  0%| F|  |TAMS 0x000000008a100000, 0x000000008a100000| Untracked 
| 162|0x000000008a200000, 0x000000008a200000, 0x000000008a300000|  0%| F|  |TAMS 0x000000008a200000, 0x000000008a200000| Untracked 
| 163|0x000000008a300000, 0x000000008a300000, 0x000000008a400000|  0%| F|  |TAMS 0x000000008a300000, 0x000000008a300000| Untracked 
| 164|0x000000008a400000, 0x000000008a400000, 0x000000008a500000|  0%| F|  |TAMS 0x000000008a400000, 0x000000008a400000| Untracked 
| 165|0x000000008a500000, 0x000000008a500000, 0x000000008a600000|  0%| F|  |TAMS 0x000000008a500000, 0x000000008a500000| Untracked 
| 166|0x000000008a600000, 0x000000008a600000, 0x000000008a700000|  0%| F|  |TAMS 0x000000008a600000, 0x000000008a600000| Untracked 
| 167|0x000000008a700000, 0x000000008a700000, 0x000000008a800000|  0%| F|  |TAMS 0x000000008a700000, 0x000000008a700000| Untracked 
| 168|0x000000008a800000, 0x000000008a800000, 0x000000008a900000|  0%| F|  |TAMS 0x000000008a800000, 0x000000008a800000| Untracked 
| 169|0x000000008a900000, 0x000000008aa00000, 0x000000008aa00000|100%| S|CS|TAMS 0x000000008a900000, 0x000000008a900000| Complete 
| 170|0x000000008aa00000, 0x000000008ab00000, 0x000000008ab00000|100%| S|CS|TAMS 0x000000008aa00000, 0x000000008aa00000| Complete 
| 171|0x000000008ab00000, 0x000000008ac00000, 0x000000008ac00000|100%| S|CS|TAMS 0x000000008ab00000, 0x000000008ab00000| Complete 
| 172|0x000000008ac00000, 0x000000008ac00000, 0x000000008ad00000|  0%| F|  |TAMS 0x000000008ac00000, 0x000000008ac00000| Untracked 
| 173|0x000000008ad00000, 0x000000008ad00000, 0x000000008ae00000|  0%| F|  |TAMS 0x000000008ad00000, 0x000000008ad00000| Untracked 
| 174|0x000000008ae00000, 0x000000008ae00000, 0x000000008af00000|  0%| F|  |TAMS 0x000000008ae00000, 0x000000008ae00000| Untracked 
| 175|0x000000008af00000, 0x000000008af00000, 0x000000008b000000|  0%| F|  |TAMS 0x000000008af00000, 0x000000008af00000| Untracked 
| 176|0x000000008b000000, 0x000000008b000000, 0x000000008b100000|  0%| F|  |TAMS 0x000000008b000000, 0x000000008b000000| Untracked 
| 177|0x000000008b100000, 0x000000008b100000, 0x000000008b200000|  0%| F|  |TAMS 0x000000008b100000, 0x000000008b100000| Untracked 
| 178|0x000000008b200000, 0x000000008b200000, 0x000000008b300000|  0%| F|  |TAMS 0x000000008b200000, 0x000000008b200000| Untracked 
| 179|0x000000008b300000, 0x000000008b300000, 0x000000008b400000|  0%| F|  |TAMS 0x000000008b300000, 0x000000008b300000| Untracked 
| 180|0x000000008b400000, 0x000000008b400000, 0x000000008b500000|  0%| F|  |TAMS 0x000000008b400000, 0x000000008b400000| Untracked 
| 181|0x000000008b500000, 0x000000008b500000, 0x000000008b600000|  0%| F|  |TAMS 0x000000008b500000, 0x000000008b500000| Untracked 
| 182|0x000000008b600000, 0x000000008b600000, 0x000000008b700000|  0%| F|  |TAMS 0x000000008b600000, 0x000000008b600000| Untracked 
| 183|0x000000008b700000, 0x000000008b700000, 0x000000008b800000|  0%| F|  |TAMS 0x000000008b700000, 0x000000008b700000| Untracked 
| 184|0x000000008b800000, 0x000000008b800000, 0x000000008b900000|  0%| F|  |TAMS 0x000000008b800000, 0x000000008b800000| Untracked 
| 185|0x000000008b900000, 0x000000008b900000, 0x000000008ba00000|  0%| F|  |TAMS 0x000000008b900000, 0x000000008b900000| Untracked 
| 186|0x000000008ba00000, 0x000000008ba00000, 0x000000008bb00000|  0%| F|  |TAMS 0x000000008ba00000, 0x000000008ba00000| Untracked 
| 187|0x000000008bb00000, 0x000000008bb00000, 0x000000008bc00000|  0%| F|  |TAMS 0x000000008bb00000, 0x000000008bb00000| Untracked 
| 188|0x000000008bc00000, 0x000000008bc00000, 0x000000008bd00000|  0%| F|  |TAMS 0x000000008bc00000, 0x000000008bc00000| Untracked 
| 189|0x000000008bd00000, 0x000000008bd00000, 0x000000008be00000|  0%| F|  |TAMS 0x000000008bd00000, 0x000000008bd00000| Untracked 
| 190|0x000000008be00000, 0x000000008be00000, 0x000000008bf00000|  0%| F|  |TAMS 0x000000008be00000, 0x000000008be00000| Untracked 
| 191|0x000000008bf00000, 0x000000008bf00000, 0x000000008c000000|  0%| F|  |TAMS 0x000000008bf00000, 0x000000008bf00000| Untracked 
| 192|0x000000008c000000, 0x000000008c000000, 0x000000008c100000|  0%| F|  |TAMS 0x000000008c000000, 0x000000008c000000| Untracked 
| 193|0x000000008c100000, 0x000000008c100000, 0x000000008c200000|  0%| F|  |TAMS 0x000000008c100000, 0x000000008c100000| Untracked 
| 194|0x000000008c200000, 0x000000008c200000, 0x000000008c300000|  0%| F|  |TAMS 0x000000008c200000, 0x000000008c200000| Untracked 
| 195|0x000000008c300000, 0x000000008c300000, 0x000000008c400000|  0%| F|  |TAMS 0x000000008c300000, 0x000000008c300000| Untracked 
| 196|0x000000008c400000, 0x000000008c400000, 0x000000008c500000|  0%| F|  |TAMS 0x000000008c400000, 0x000000008c400000| Untracked 
| 197|0x000000008c500000, 0x000000008c500000, 0x000000008c600000|  0%| F|  |TAMS 0x000000008c500000, 0x000000008c500000| Untracked 
| 198|0x000000008c600000, 0x000000008c600000, 0x000000008c700000|  0%| F|  |TAMS 0x000000008c600000, 0x000000008c600000| Untracked 
| 199|0x000000008c700000, 0x000000008c700000, 0x000000008c800000|  0%| F|  |TAMS 0x000000008c700000, 0x000000008c700000| Untracked 
| 200|0x000000008c800000, 0x000000008c800000, 0x000000008c900000|  0%| F|  |TAMS 0x000000008c800000, 0x000000008c800000| Untracked 
| 201|0x000000008c900000, 0x000000008c900000, 0x000000008ca00000|  0%| F|  |TAMS 0x000000008c900000, 0x000000008c900000| Untracked 
| 202|0x000000008ca00000, 0x000000008ca00000, 0x000000008cb00000|  0%| F|  |TAMS 0x000000008ca00000, 0x000000008ca00000| Untracked 
| 203|0x000000008cb00000, 0x000000008cb00000, 0x000000008cc00000|  0%| F|  |TAMS 0x000000008cb00000, 0x000000008cb00000| Untracked 
| 204|0x000000008cc00000, 0x000000008cc00000, 0x000000008cd00000|  0%| F|  |TAMS 0x000000008cc00000, 0x000000008cc00000| Untracked 
| 205|0x000000008cd00000, 0x000000008cd00000, 0x000000008ce00000|  0%| F|  |TAMS 0x000000008cd00000, 0x000000008cd00000| Untracked 
| 206|0x000000008ce00000, 0x000000008ce00000, 0x000000008cf00000|  0%| F|  |TAMS 0x000000008ce00000, 0x000000008ce00000| Untracked 
| 207|0x000000008cf00000, 0x000000008cf00000, 0x000000008d000000|  0%| F|  |TAMS 0x000000008cf00000, 0x000000008cf00000| Untracked 
| 208|0x000000008d000000, 0x000000008d000000, 0x000000008d100000|  0%| F|  |TAMS 0x000000008d000000, 0x000000008d000000| Untracked 
| 209|0x000000008d100000, 0x000000008d100000, 0x000000008d200000|  0%| F|  |TAMS 0x000000008d100000, 0x000000008d100000| Untracked 
| 210|0x000000008d200000, 0x000000008d200000, 0x000000008d300000|  0%| F|  |TAMS 0x000000008d200000, 0x000000008d200000| Untracked 
| 211|0x000000008d300000, 0x000000008d300000, 0x000000008d400000|  0%| F|  |TAMS 0x000000008d300000, 0x000000008d300000| Untracked 
| 212|0x000000008d400000, 0x000000008d400000, 0x000000008d500000|  0%| F|  |TAMS 0x000000008d400000, 0x000000008d400000| Untracked 
| 213|0x000000008d500000, 0x000000008d500000, 0x000000008d600000|  0%| F|  |TAMS 0x000000008d500000, 0x000000008d500000| Untracked 
| 214|0x000000008d600000, 0x000000008d600000, 0x000000008d700000|  0%| F|  |TAMS 0x000000008d600000, 0x000000008d600000| Untracked 
| 215|0x000000008d700000, 0x000000008d700000, 0x000000008d800000|  0%| F|  |TAMS 0x000000008d700000, 0x000000008d700000| Untracked 
| 216|0x000000008d800000, 0x000000008d800000, 0x000000008d900000|  0%| F|  |TAMS 0x000000008d800000, 0x000000008d800000| Untracked 
| 217|0x000000008d900000, 0x000000008d900000, 0x000000008da00000|  0%| F|  |TAMS 0x000000008d900000, 0x000000008d900000| Untracked 
| 218|0x000000008da00000, 0x000000008da00000, 0x000000008db00000|  0%| F|  |TAMS 0x000000008da00000, 0x000000008da00000| Untracked 
| 219|0x000000008db00000, 0x000000008db00000, 0x000000008dc00000|  0%| F|  |TAMS 0x000000008db00000, 0x000000008db00000| Untracked 
| 220|0x000000008dc00000, 0x000000008dc00000, 0x000000008dd00000|  0%| F|  |TAMS 0x000000008dc00000, 0x000000008dc00000| Untracked 
| 221|0x000000008dd00000, 0x000000008dd00000, 0x000000008de00000|  0%| F|  |TAMS 0x000000008dd00000, 0x000000008dd00000| Untracked 
| 222|0x000000008de00000, 0x000000008de00000, 0x000000008df00000|  0%| F|  |TAMS 0x000000008de00000, 0x000000008de00000| Untracked 
| 223|0x000000008df00000, 0x000000008df00000, 0x000000008e000000|  0%| F|  |TAMS 0x000000008df00000, 0x000000008df00000| Untracked 
| 224|0x000000008e000000, 0x000000008e000000, 0x000000008e100000|  0%| F|  |TAMS 0x000000008e000000, 0x000000008e000000| Untracked 
| 225|0x000000008e100000, 0x000000008e100000, 0x000000008e200000|  0%| F|  |TAMS 0x000000008e100000, 0x000000008e100000| Untracked 
| 226|0x000000008e200000, 0x000000008e200000, 0x000000008e300000|  0%| F|  |TAMS 0x000000008e200000, 0x000000008e200000| Untracked 
| 227|0x000000008e300000, 0x000000008e300000, 0x000000008e400000|  0%| F|  |TAMS 0x000000008e300000, 0x000000008e300000| Untracked 
| 228|0x000000008e400000, 0x000000008e400000, 0x000000008e500000|  0%| F|  |TAMS 0x000000008e400000, 0x000000008e400000| Untracked 
| 229|0x000000008e500000, 0x000000008e500000, 0x000000008e600000|  0%| F|  |TAMS 0x000000008e500000, 0x000000008e500000| Untracked 
| 230|0x000000008e600000, 0x000000008e600000, 0x000000008e700000|  0%| F|  |TAMS 0x000000008e600000, 0x000000008e600000| Untracked 
| 231|0x000000008e700000, 0x000000008e700000, 0x000000008e800000|  0%| F|  |TAMS 0x000000008e700000, 0x000000008e700000| Untracked 
| 232|0x000000008e800000, 0x000000008e800000, 0x000000008e900000|  0%| F|  |TAMS 0x000000008e800000, 0x000000008e800000| Untracked 
| 233|0x000000008e900000, 0x000000008e900000, 0x000000008ea00000|  0%| F|  |TAMS 0x000000008e900000, 0x000000008e900000| Untracked 
| 234|0x000000008ea00000, 0x000000008ea00000, 0x000000008eb00000|  0%| F|  |TAMS 0x000000008ea00000, 0x000000008ea00000| Untracked 
| 235|0x000000008eb00000, 0x000000008eb00000, 0x000000008ec00000|  0%| F|  |TAMS 0x000000008eb00000, 0x000000008eb00000| Untracked 
| 236|0x000000008ec00000, 0x000000008ec00000, 0x000000008ed00000|  0%| F|  |TAMS 0x000000008ec00000, 0x000000008ec00000| Untracked 
| 237|0x000000008ed00000, 0x000000008ee00000, 0x000000008ee00000|100%| E|  |TAMS 0x000000008ed00000, 0x000000008ed00000| Complete 
| 238|0x000000008ee00000, 0x000000008ef00000, 0x000000008ef00000|100%| E|CS|TAMS 0x000000008ee00000, 0x000000008ee00000| Complete 
| 239|0x000000008ef00000, 0x000000008f000000, 0x000000008f000000|100%| E|CS|TAMS 0x000000008ef00000, 0x000000008ef00000| Complete 
| 240|0x000000008f000000, 0x000000008f100000, 0x000000008f100000|100%| E|CS|TAMS 0x000000008f000000, 0x000000008f000000| Complete 
| 241|0x000000008f100000, 0x000000008f200000, 0x000000008f200000|100%| E|CS|TAMS 0x000000008f100000, 0x000000008f100000| Complete 
| 242|0x000000008f200000, 0x000000008f300000, 0x000000008f300000|100%| E|CS|TAMS 0x000000008f200000, 0x000000008f200000| Complete 
| 243|0x000000008f300000, 0x000000008f400000, 0x000000008f400000|100%| E|CS|TAMS 0x000000008f300000, 0x000000008f300000| Complete 
| 244|0x000000008f400000, 0x000000008f500000, 0x000000008f500000|100%| E|CS|TAMS 0x000000008f400000, 0x000000008f400000| Complete 
| 245|0x000000008f500000, 0x000000008f600000, 0x000000008f600000|100%| E|CS|TAMS 0x000000008f500000, 0x000000008f500000| Complete 
| 246|0x000000008f600000, 0x000000008f700000, 0x000000008f700000|100%| E|CS|TAMS 0x000000008f600000, 0x000000008f600000| Complete 
| 247|0x000000008f700000, 0x000000008f800000, 0x000000008f800000|100%| E|CS|TAMS 0x000000008f700000, 0x000000008f700000| Complete 
| 248|0x000000008f800000, 0x000000008f900000, 0x000000008f900000|100%| E|CS|TAMS 0x000000008f800000, 0x000000008f800000| Complete 
| 249|0x000000008f900000, 0x000000008fa00000, 0x000000008fa00000|100%| E|CS|TAMS 0x000000008f900000, 0x000000008f900000| Complete 
| 250|0x000000008fa00000, 0x000000008fb00000, 0x000000008fb00000|100%| E|CS|TAMS 0x000000008fa00000, 0x000000008fa00000| Complete 
| 251|0x000000008fb00000, 0x000000008fc00000, 0x000000008fc00000|100%| E|CS|TAMS 0x000000008fb00000, 0x000000008fb00000| Complete 
| 252|0x000000008fc00000, 0x000000008fd00000, 0x000000008fd00000|100%| E|CS|TAMS 0x000000008fc00000, 0x000000008fc00000| Complete 
| 253|0x000000008fd00000, 0x000000008fe00000, 0x000000008fe00000|100%| E|CS|TAMS 0x000000008fd00000, 0x000000008fd00000| Complete 
| 254|0x000000008fe00000, 0x000000008ff00000, 0x000000008ff00000|100%| E|CS|TAMS 0x000000008fe00000, 0x000000008fe00000| Complete 
| 255|0x000000008ff00000, 0x0000000090000000, 0x0000000090000000|100%| E|CS|TAMS 0x000000008ff00000, 0x000000008ff00000| Complete 
| 256|0x0000000090000000, 0x0000000090100000, 0x0000000090100000|100%| E|CS|TAMS 0x0000000090000000, 0x0000000090000000| Complete 
| 257|0x0000000090100000, 0x0000000090200000, 0x0000000090200000|100%| E|CS|TAMS 0x0000000090100000, 0x0000000090100000| Complete 
| 258|0x0000000090200000, 0x0000000090300000, 0x0000000090300000|100%| E|CS|TAMS 0x0000000090200000, 0x0000000090200000| Complete 
| 259|0x0000000090300000, 0x0000000090400000, 0x0000000090400000|100%| E|CS|TAMS 0x0000000090300000, 0x0000000090300000| Complete 
| 260|0x0000000090400000, 0x0000000090500000, 0x0000000090500000|100%| E|CS|TAMS 0x0000000090400000, 0x0000000090400000| Complete 
| 261|0x0000000090500000, 0x0000000090600000, 0x0000000090600000|100%| E|CS|TAMS 0x0000000090500000, 0x0000000090500000| Complete 
| 262|0x0000000090600000, 0x0000000090700000, 0x0000000090700000|100%| E|CS|TAMS 0x0000000090600000, 0x0000000090600000| Complete 
| 263|0x0000000090700000, 0x0000000090800000, 0x0000000090800000|100%| E|CS|TAMS 0x0000000090700000, 0x0000000090700000| Complete 
| 264|0x0000000090800000, 0x0000000090900000, 0x0000000090900000|100%| E|CS|TAMS 0x0000000090800000, 0x0000000090800000| Complete 
| 265|0x0000000090900000, 0x0000000090a00000, 0x0000000090a00000|100%| E|CS|TAMS 0x0000000090900000, 0x0000000090900000| Complete 
| 266|0x0000000090a00000, 0x0000000090b00000, 0x0000000090b00000|100%| E|CS|TAMS 0x0000000090a00000, 0x0000000090a00000| Complete 
| 267|0x0000000090b00000, 0x0000000090c00000, 0x0000000090c00000|100%| E|CS|TAMS 0x0000000090b00000, 0x0000000090b00000| Complete 
| 268|0x0000000090c00000, 0x0000000090d00000, 0x0000000090d00000|100%| E|CS|TAMS 0x0000000090c00000, 0x0000000090c00000| Complete 

Card table byte_map: [0x0000018a79040000,0x0000018a79440000] _byte_map_base: 0x0000018a78c40000

Marking Bits (Prev, Next): (CMBitMap*) 0x0000018a7530ef68, (CMBitMap*) 0x0000018a7530efa0
 Prev Bits: [0x0000018a79840000, 0x0000018a7b840000)
 Next Bits: [0x0000018a7b840000, 0x0000018a7d840000)

Polling page: 0x0000018a730d0000

Metaspace:

Usage:
  Non-class:     78.31 MB capacity,    76.97 MB ( 98%) used,     1.11 MB (  1%) free+waste,   233.06 KB ( <1%) overhead. 
      Class:     12.31 MB capacity,    11.56 MB ( 94%) used,   665.31 KB (  5%) free+waste,   106.19 KB ( <1%) overhead. 
       Both:     90.62 MB capacity,    88.53 MB ( 98%) used,     1.76 MB (  2%) free+waste,   339.25 KB ( <1%) overhead. 

Virtual space:
  Non-class space:       80.00 MB reserved,      78.50 MB ( 98%) committed 
      Class space:        1.00 GB reserved,      12.38 MB (  1%) committed 
             Both:        1.08 GB reserved,      90.88 MB (  8%) committed 

Chunk freelists:
   Non-Class:  2.00 KB
       Class:  2.00 KB
        Both:  4.00 KB

MaxMetaspaceSize: 17179869184.00 GB
CompressedClassSpaceSize: 1.00 GB

CodeHeap 'non-profiled nmethods': size=120064Kb used=5733Kb max_used=5733Kb free=114330Kb
 bounds [0x0000018a07ac0000, 0x0000018a08060000, 0x0000018a0f000000]
CodeHeap 'profiled nmethods': size=120000Kb used=22347Kb max_used=22347Kb free=97652Kb
 bounds [0x0000018a00590000, 0x0000018a01b70000, 0x0000018a07ac0000]
CodeHeap 'non-nmethods': size=5696Kb used=2283Kb max_used=2344Kb free=3412Kb
 bounds [0x0000018a00000000, 0x0000018a00270000, 0x0000018a00590000]
 total_blobs=10971 nmethods=10084 adapters=798
 compilation: enabled
              stopped_count=0, restarted_count=0
 full_count=0

Compilation events (20 events):
Event: 25.131 Thread 0x0000018a7fd2c000 10376       2       com.android.tools.r8.graph.u1::a (13 bytes)
Event: 25.131 Thread 0x0000018a7fd2c000 nmethod 10376 0x0000018a01b55e90 code [0x0000018a01b56060, 0x0000018a01b562a8]
Event: 25.131 Thread 0x0000018a7fd2c000 10377       2       com.android.tools.r8.graph.u1$$Lambda$825/0x0000000100a93040::get$Lambda (10 bytes)
Event: 25.131 Thread 0x0000018a7fd2c000 nmethod 10377 0x0000018a01b56390 code [0x0000018a01b56540, 0x0000018a01b56738]
Event: 25.131 Thread 0x0000018a7fd2c000 10378       2       com.android.tools.r8.graph.u1$$Lambda$825/0x0000000100a93040::<init> (15 bytes)
Event: 25.132 Thread 0x0000018a7fd2c000 nmethod 10378 0x0000018a01b56810 code [0x0000018a01b569c0, 0x0000018a01b56b58]
Event: 25.132 Thread 0x0000018a7fd2c000 10374       2       com.android.tools.r8.ir.conversion.T$$Lambda$898/0x0000000100c40440::accept (12 bytes)
Event: 25.132 Thread 0x0000018a7fd2c000 nmethod 10374 0x0000018a01b56c10 code [0x0000018a01b56dc0, 0x0000018a01b56f08]
Event: 25.132 Thread 0x0000018a7fd2c000 10375       2       com.android.tools.r8.ir.conversion.T::b (62 bytes)
Event: 25.135 Thread 0x0000018a7fd2c000 nmethod 10375 0x0000018a01b57010 code [0x0000018a01b57260, 0x0000018a01b57bb8]
Event: 25.135 Thread 0x0000018a7fd2c000 10381       2       com.android.tools.r8.graph.s1::d (97 bytes)
Event: 25.135 Thread 0x0000018a7fd2c000 nmethod 10381 0x0000018a01b58090 code [0x0000018a01b58280, 0x0000018a01b58618]
Event: 25.135 Thread 0x0000018a7fd2c000 10380       2       com.android.tools.r8.graph.s1::b (18 bytes)
Event: 25.136 Thread 0x0000018a7fd2c000 nmethod 10380 0x0000018a01b58810 code [0x0000018a01b58a20, 0x0000018a01b59048]
Event: 25.141 Thread 0x0000018a7fd2c000 10382       2       com.google.common.collect.AbstractIndexedListIterator::<init> (21 bytes)
Event: 25.141 Thread 0x0000018a7fd2c000 nmethod 10382 0x0000018a01b59290 code [0x0000018a01b59460, 0x0000018a01b59678]
Event: 25.141 Thread 0x0000018a7fd2c000 10384       2       java.util.stream.AbstractPipeline::<init> (91 bytes)
Event: 25.142 Thread 0x0000018a7fd2c000 nmethod 10384 0x0000018a01b59810 code [0x0000018a01b599e0, 0x0000018a01b59d98]
Event: 25.142 Thread 0x0000018a7fd2c000 10383       2       com.google.common.collect.UnmodifiableListIterator::<init> (5 bytes)
Event: 25.142 Thread 0x0000018a7fd2c000 nmethod 10383 0x0000018a01b59f10 code [0x0000018a01b5a0c0, 0x0000018a01b5a1b8]

GC Heap History (20 events):
Event: 17.882 GC heap before
{Heap before GC invocations=25 (full 0):
 garbage-first heap   total 133120K, used 100988K [0x0000000080000000, 0x0000000100000000)
  region size 1024K, 46 young (47104K), 6 survivors (6144K)
 Metaspace       used 78283K, capacity 80170K, committed 80256K, reserved 1118208K
  class space    used 10182K, capacity 10847K, committed 10880K, reserved 1048576K
}
Event: 17.901 GC heap after
{Heap after GC invocations=26 (full 0):
 garbage-first heap   total 133120K, used 63944K [0x0000000080000000, 0x0000000100000000)
  region size 1024K, 6 young (6144K), 6 survivors (6144K)
 Metaspace       used 78283K, capacity 80170K, committed 80256K, reserved 1118208K
  class space    used 10182K, capacity 10847K, committed 10880K, reserved 1048576K
}
Event: 18.858 GC heap before
{Heap before GC invocations=26 (full 0):
 garbage-first heap   total 133120K, used 103880K [0x0000000080000000, 0x0000000100000000)
  region size 1024K, 46 young (47104K), 6 survivors (6144K)
 Metaspace       used 78737K, capacity 80549K, committed 80768K, reserved 1120256K
  class space    used 10214K, capacity 10875K, committed 10880K, reserved 1048576K
}
Event: 18.876 GC heap after
{Heap after GC invocations=27 (full 0):
 garbage-first heap   total 159744K, used 66048K [0x0000000080000000, 0x0000000100000000)
  region size 1024K, 5 young (5120K), 5 survivors (5120K)
 Metaspace       used 78737K, capacity 80549K, committed 80768K, reserved 1120256K
  class space    used 10214K, capacity 10875K, committed 10880K, reserved 1048576K
}
Event: 20.447 GC heap before
{Heap before GC invocations=27 (full 0):
 garbage-first heap   total 159744K, used 119296K [0x0000000080000000, 0x0000000100000000)
  region size 1024K, 58 young (59392K), 5 survivors (5120K)
 Metaspace       used 80906K, capacity 82911K, committed 83200K, reserved 1122304K
  class space    used 10474K, capacity 11164K, committed 11264K, reserved 1048576K
}
Event: 20.464 GC heap after
{Heap after GC invocations=28 (full 0):
 garbage-first heap   total 159744K, used 68512K [0x0000000080000000, 0x0000000100000000)
  region size 1024K, 5 young (5120K), 5 survivors (5120K)
 Metaspace       used 80906K, capacity 82911K, committed 83200K, reserved 1122304K
  class space    used 10474K, capacity 11164K, committed 11264K, reserved 1048576K
}
Event: 21.586 GC heap before
{Heap before GC invocations=28 (full 0):
 garbage-first heap   total 159744K, used 130976K [0x0000000080000000, 0x0000000100000000)
  region size 1024K, 59 young (60416K), 5 survivors (5120K)
 Metaspace       used 85283K, capacity 87291K, committed 87552K, reserved 1124352K
  class space    used 11042K, capacity 11760K, committed 11776K, reserved 1048576K
}
Event: 21.610 GC heap after
{Heap after GC invocations=29 (full 0):
 garbage-first heap   total 159744K, used 82398K [0x0000000080000000, 0x0000000100000000)
  region size 1024K, 8 young (8192K), 8 survivors (8192K)
 Metaspace       used 85283K, capacity 87291K, committed 87552K, reserved 1124352K
  class space    used 11042K, capacity 11760K, committed 11776K, reserved 1048576K
}
Event: 21.701 GC heap before
{Heap before GC invocations=29 (full 0):
 garbage-first heap   total 159744K, used 85470K [0x0000000080000000, 0x0000000100000000)
  region size 1024K, 13 young (13312K), 8 survivors (8192K)
 Metaspace       used 85912K, capacity 87968K, committed 88192K, reserved 1126400K
  class space    used 11124K, capacity 11839K, committed 11904K, reserved 1048576K
}
Event: 21.719 GC heap after
{Heap after GC invocations=30 (full 0):
 garbage-first heap   total 159744K, used 83562K [0x0000000080000000, 0x0000000100000000)
  region size 1024K, 2 young (2048K), 2 survivors (2048K)
 Metaspace       used 85912K, capacity 87968K, committed 88192K, reserved 1126400K
  class space    used 11124K, capacity 11839K, committed 11904K, reserved 1048576K
}
Event: 22.319 GC heap before
{Heap before GC invocations=31 (full 0):
 garbage-first heap   total 159744K, used 129642K [0x0000000080000000, 0x0000000100000000)
  region size 1024K, 32 young (32768K), 2 survivors (2048K)
 Metaspace       used 86730K, capacity 88786K, committed 89088K, reserved 1126400K
  class space    used 11213K, capacity 11922K, committed 12032K, reserved 1048576K
}
Event: 22.343 GC heap after
{Heap after GC invocations=32 (full 0):
 garbage-first heap   total 192512K, used 101598K [0x0000000080000000, 0x0000000100000000)
  region size 1024K, 4 young (4096K), 4 survivors (4096K)
 Metaspace       used 86730K, capacity 88786K, committed 89088K, reserved 1126400K
  class space    used 11213K, capacity 11922K, committed 12032K, reserved 1048576K
}
Event: 22.537 GC heap before
{Heap before GC invocations=32 (full 0):
 garbage-first heap   total 192512K, used 123102K [0x0000000080000000, 0x0000000100000000)
  region size 1024K, 27 young (27648K), 4 survivors (4096K)
 Metaspace       used 86765K, capacity 88786K, committed 89088K, reserved 1126400K
  class space    used 11216K, capacity 11922K, committed 12032K, reserved 1048576K
}
Event: 22.574 GC heap after
{Heap after GC invocations=33 (full 0):
 garbage-first heap   total 192512K, used 110900K [0x0000000080000000, 0x0000000100000000)
  region size 1024K, 6 young (6144K), 6 survivors (6144K)
 Metaspace       used 86765K, capacity 88786K, committed 89088K, reserved 1126400K
  class space    used 11216K, capacity 11922K, committed 12032K, reserved 1048576K
}
Event: 23.527 GC heap before
{Heap before GC invocations=34 (full 0):
 garbage-first heap   total 192512K, used 140596K [0x0000000080000000, 0x0000000100000000)
  region size 1024K, 35 young (35840K), 6 survivors (6144K)
 Metaspace       used 88740K, capacity 90800K, committed 91008K, reserved 1128448K
  class space    used 11575K, capacity 12312K, committed 12416K, reserved 1048576K
}
Event: 23.583 GC heap after
{Heap after GC invocations=35 (full 0):
 garbage-first heap   total 192512K, used 122880K [0x0000000080000000, 0x0000000100000000)
  region size 1024K, 5 young (5120K), 5 survivors (5120K)
 Metaspace       used 88740K, capacity 90800K, committed 91008K, reserved 1128448K
  class space    used 11575K, capacity 12312K, committed 12416K, reserved 1048576K
}
Event: 23.956 GC heap before
{Heap before GC invocations=35 (full 0):
 garbage-first heap   total 192512K, used 146432K [0x0000000080000000, 0x0000000100000000)
  region size 1024K, 29 young (29696K), 5 survivors (5120K)
 Metaspace       used 88802K, capacity 90868K, committed 91008K, reserved 1128448K
  class space    used 11575K, capacity 12312K, committed 12416K, reserved 1048576K
}
Event: 24.009 GC heap after
{Heap after GC invocations=36 (full 0):
 garbage-first heap   total 192512K, used 137166K [0x0000000080000000, 0x0000000100000000)
  region size 1024K, 4 young (4096K), 4 survivors (4096K)
 Metaspace       used 88802K, capacity 90868K, committed 91008K, reserved 1128448K
  class space    used 11575K, capacity 12312K, committed 12416K, reserved 1048576K
}
Event: 24.275 GC heap before
{Heap before GC invocations=36 (full 0):
 garbage-first heap   total 192512K, used 153550K [0x0000000080000000, 0x0000000100000000)
  region size 1024K, 20 young (20480K), 4 survivors (4096K)
 Metaspace       used 88806K, capacity 90868K, committed 91008K, reserved 1128448K
  class space    used 11575K, capacity 12312K, committed 12416K, reserved 1048576K
}
Event: 24.315 GC heap after
{Heap after GC invocations=37 (full 0):
 garbage-first heap   total 275456K, used 146944K [0x0000000080000000, 0x0000000100000000)
  region size 1024K, 3 young (3072K), 3 survivors (3072K)
 Metaspace       used 88806K, capacity 90868K, committed 91008K, reserved 1128448K
  class space    used 11575K, capacity 12312K, committed 12416K, reserved 1048576K
}

Deoptimization events (20 events):
Event: 24.249 Thread 0x0000018a15b41000 DEOPT PACKING pc=0x0000018a01b068d3 sp=0x00000004d12fe200
Event: 24.249 Thread 0x0000018a15b41000 DEOPT UNPACKING pc=0x0000018a0002724e sp=0x00000004d12fde50 mode 0
Event: 24.317 Thread 0x0000018a15b45800 DEOPT PACKING pc=0x0000018a01b068d3 sp=0x00000004d11fe340
Event: 24.317 Thread 0x0000018a15b45800 DEOPT UNPACKING pc=0x0000018a0002724e sp=0x00000004d11fdf90 mode 0
Event: 24.342 Thread 0x0000018a15b43800 DEOPT PACKING pc=0x0000018a01b068d3 sp=0x00000004d10fe590
Event: 24.342 Thread 0x0000018a15b43800 DEOPT UNPACKING pc=0x0000018a0002724e sp=0x00000004d10fe1e0 mode 0
Event: 24.362 Thread 0x0000018a15b45800 DEOPT PACKING pc=0x0000018a01b068d3 sp=0x00000004d11fe340
Event: 24.362 Thread 0x0000018a15b45800 DEOPT UNPACKING pc=0x0000018a0002724e sp=0x00000004d11fdf90 mode 0
Event: 24.380 Thread 0x0000018a15b43800 DEOPT PACKING pc=0x0000018a01b068d3 sp=0x00000004d10fe570
Event: 24.380 Thread 0x0000018a15b43800 DEOPT UNPACKING pc=0x0000018a0002724e sp=0x00000004d10fe1c0 mode 0
Event: 24.415 Thread 0x0000018a15b41000 DEOPT PACKING pc=0x0000018a01b068d3 sp=0x00000004d12fe200
Event: 24.415 Thread 0x0000018a15b41000 DEOPT UNPACKING pc=0x0000018a0002724e sp=0x00000004d12fde50 mode 0
Event: 24.483 Thread 0x0000018a15b45800 DEOPT PACKING pc=0x0000018a01b068d3 sp=0x00000004d11fe340
Event: 24.483 Thread 0x0000018a15b45800 DEOPT UNPACKING pc=0x0000018a0002724e sp=0x00000004d11fdf90 mode 0
Event: 24.536 Thread 0x0000018a15b41000 DEOPT PACKING pc=0x0000018a01b068d3 sp=0x00000004d12fe220
Event: 24.536 Thread 0x0000018a15b41000 DEOPT UNPACKING pc=0x0000018a0002724e sp=0x00000004d12fde70 mode 0
Event: 24.638 Thread 0x0000018a15b3e000 Uncommon trap: trap_request=0xffffff4d fr.pc=0x0000018a07f5d300 relative=0x0000000000001e40
Event: 24.639 Thread 0x0000018a15b3e000 Uncommon trap: reason=unstable_if action=reinterpret pc=0x0000018a07f5d300 method=java.io.BufferedReader.readLine(Z)Ljava/lang/String; @ 265 c2
Event: 24.639 Thread 0x0000018a15b3e000 DEOPT PACKING pc=0x0000018a07f5d300 sp=0x00000004d0dfefa0
Event: 24.639 Thread 0x0000018a15b3e000 DEOPT UNPACKING pc=0x0000018a0002742f sp=0x00000004d0dfef78 mode 2

Classes redefined (0 events):
No events

Internal exceptions (20 events):
Event: 21.463 Thread 0x0000018a15b3d000 Exception <a 'java/lang/NoSuchMethodError'{0x0000000086952620}: 'int java.lang.invoke.DirectMethodHandle$Holder.invokeVirtual(java.lang.Object, java.lang.Object, java.lang.Object)'> (0x0000000086952620) thrown at [./src/hotspot/share/interpreter/linkResolver.cpp, line 773]
Event: 21.665 Thread 0x0000018a15b3d000 Exception <a 'java/lang/NoSuchMethodError'{0x0000000089912a98}: 'int java.lang.invoke.DirectMethodHandle$Holder.invokeVirtual(java.lang.Object, java.lang.Object)'> (0x0000000089912a98) thrown at [./src/hotspot/share/interpreter/linkResolver.cpp, line 773]
Event: 21.666 Thread 0x0000018a15b3d000 Exception <a 'java/lang/NoSuchMethodError'{0x00000000899181c8}: 'java.lang.Object java.lang.invoke.DirectMethodHandle$Holder.invokeStatic(java.lang.Object, java.lang.Object, java.lang.Object, java.lang.Object, java.lang.Object, java.lang.Object, java.lang.Object, java.lang.Object, java.lang.Object, java.lang.Object, java.lang.Object, java.lang.Object, java.lang.Object, java.lang.Object, java.lang.Object, java.lang.Object, java.lang.Object, int, java.lang.Object)'> (0x00000000899181c8) thrown at [./src/hots
Event: 21.666 Thread 0x0000018a15b3d000 Exception <a 'java/lang/NoSuchMethodError'{0x000000008991d818}: 'java.lang.Object java.lang.invoke.DirectMethodHandle$Holder.invokeStaticInit(java.lang.Object, java.lang.Object, java.lang.Object, java.lang.Object, java.lang.Object, java.lang.Object, java.lang.Object, java.lang.Object, java.lang.Object, java.lang.Object, java.lang.Object, java.lang.Object, java.lang.Object, java.lang.Object, java.lang.Object, java.lang.Object, java.lang.Object, int, java.lang.Object)'> (0x000000008991d818) thrown at [./src/
Event: 22.107 Thread 0x0000018a15b38000 Exception <a 'java/lang/NoSuchMethodError'{0x00000000889ef888}: 'void java.lang.invoke.DirectMethodHandle$Holder.invokeStatic(java.lang.Object, long)'> (0x00000000889ef888) thrown at [./src/hotspot/share/interpreter/linkResolver.cpp, line 773]
Event: 22.110 Thread 0x0000018a15b38000 Exception <a 'java/lang/NoSuchMethodError'{0x00000000889f4aa0}: 'java.lang.Object java.lang.invoke.DirectMethodHandle$Holder.invokeStatic(java.lang.Object, long)'> (0x00000000889f4aa0) thrown at [./src/hotspot/share/interpreter/linkResolver.cpp, line 773]
Event: 22.113 Thread 0x0000018a15b38000 Exception <a 'java/lang/NoSuchMethodError'{0x000000008880cbe8}: 'java.lang.Object java.lang.invoke.DirectMethodHandle$Holder.invokeStaticInit(java.lang.Object, java.lang.Object, long, java.lang.Object)'> (0x000000008880cbe8) thrown at [./src/hotspot/share/interpreter/linkResolver.cpp, line 773]
Event: 22.156 Thread 0x0000018a15b38000 Exception <a 'java/lang/NoSuchMethodError'{0x0000000088812d80}: 'java.lang.Object java.lang.invoke.DirectMethodHandle$Holder.invokeStatic(java.lang.Object, java.lang.Object, long)'> (0x0000000088812d80) thrown at [./src/hotspot/share/interpreter/linkResolver.cpp, line 773]
Event: 22.157 Thread 0x0000018a15b38000 Exception <a 'java/lang/NoSuchMethodError'{0x00000000888192f8}: 'java.lang.Object java.lang.invoke.Invokers$Holder.linkToTargetMethod(java.lang.Object, long, java.lang.Object)'> (0x00000000888192f8) thrown at [./src/hotspot/share/interpreter/linkResolver.cpp, line 773]
Event: 22.718 Thread 0x0000018a15b38000 Exception <a 'java/lang/NoSuchMethodError'{0x000000008b7ffc68}: 'int java.lang.invoke.DirectMethodHandle$Holder.invokeSpecialIFC(java.lang.Object, java.lang.Object, java.lang.Object)'> (0x000000008b7ffc68) thrown at [./src/hotspot/share/interpreter/linkResolver.cpp, line 773]
Event: 22.904 Thread 0x0000018a15b45800 Exception <a 'java/lang/NoSuchMethodError'{0x000000008b430fd0}: 'java.lang.Object java.lang.invoke.DirectMethodHandle$Holder.newInvokeSpecial(java.lang.Object, int)'> (0x000000008b430fd0) thrown at [./src/hotspot/share/interpreter/linkResolver.cpp, line 773]
Event: 24.690 Thread 0x0000018a15b3d000 Exception <a 'java/lang/NoSuchMethodError'{0x000000008fea4580}: 'void java.lang.invoke.DirectMethodHandle$Holder.invokeStatic(java.lang.Object, java.lang.Object, java.lang.Object, int)'> (0x000000008fea4580) thrown at [./src/hotspot/share/interpreter/linkResolver.cpp, line 773]
Event: 24.692 Thread 0x0000018a15b3d000 Exception <a 'java/lang/IncompatibleClassChangeError'{0x000000008feac660}: Found class java.lang.Object, but interface was expected> (0x000000008feac660) thrown at [./src/hotspot/share/interpreter/linkResolver.cpp, line 839]
Event: 24.952 Thread 0x0000018a15b3d000 Exception <a 'java/lang/NoSuchMethodError'{0x000000008faeac88}: 'void java.lang.invoke.DirectMethodHandle$Holder.invokeStaticInit(java.lang.Object, java.lang.Object, java.lang.Object, java.lang.Object, java.lang.Object)'> (0x000000008faeac88) thrown at [./src/hotspot/share/interpreter/linkResolver.cpp, line 773]
Event: 24.954 Thread 0x0000018a15b3d000 Exception <a 'java/lang/NoSuchMethodError'{0x000000008faf2c78}: 'java.lang.Object java.lang.invoke.DirectMethodHandle$Holder.invokeStatic(java.lang.Object, int, java.lang.Object, java.lang.Object)'> (0x000000008faf2c78) thrown at [./src/hotspot/share/interpreter/linkResolver.cpp, line 773]
Event: 25.044 Thread 0x0000018a15b3d000 Exception <a 'java/lang/NoSuchMethodError'{0x000000008f715be0}: 'long java.lang.invoke.DirectMethodHandle$Holder.invokeStatic(java.lang.Object, java.lang.Object)'> (0x000000008f715be0) thrown at [./src/hotspot/share/interpreter/linkResolver.cpp, line 773]
Event: 25.063 Thread 0x0000018a15b43800 Exception <a 'java/lang/NoSuchMethodError'{0x0000000090744a30}: 'void java.lang.invoke.DirectMethodHandle$Holder.invokeSpecial(java.lang.Object, java.lang.Object, int, java.lang.Object)'> (0x0000000090744a30) thrown at [./src/hotspot/share/interpreter/linkResolver.cpp, line 773]
Event: 25.064 Thread 0x0000018a15b39000 Exception <a 'java/lang/NoSuchMethodError'{0x000000008f63e368}: 'void java.lang.invoke.DirectMethodHandle$Holder.invokeSpecial(java.lang.Object, java.lang.Object, int, java.lang.Object)'> (0x000000008f63e368) thrown at [./src/hotspot/share/interpreter/linkResolver.cpp, line 773]
Event: 25.064 Thread 0x0000018a15b41000 Exception <a 'java/lang/NoSuchMethodError'{0x000000008fd72618}: 'void java.lang.invoke.DirectMethodHandle$Holder.invokeSpecial(java.lang.Object, java.lang.Object, int, java.lang.Object)'> (0x000000008fd72618) thrown at [./src/hotspot/share/interpreter/linkResolver.cpp, line 773]
Event: 25.081 Thread 0x0000018a15b37800 Exception <a 'java/lang/NoSuchMethodError'{0x000000008f6d7cb8}: 'java.lang.Object java.lang.invoke.DirectMethodHandle$Holder.invokeVirtual(java.lang.Object, java.lang.Object, int)'> (0x000000008f6d7cb8) thrown at [./src/hotspot/share/interpreter/linkResolver.cpp, line 773]

Events (20 events):
Event: 25.137 Executing VM operation: RevokeBias
Event: 25.139 Executing coalesced safepoint VM operation: RevokeBias
Event: 25.139 Executing coalesced safepoint VM operation: RevokeBias done
Event: 25.139 Executing VM operation: RevokeBias done
Event: 25.143 loading class com/android/tools/build/apkzlib/zip/ZFile
Event: 25.143 loading class com/android/tools/build/apkzlib/zip/ZFile done
Event: 25.144 loading class com/android/tools/build/apkzlib/utils/CachedFileContents
Event: 25.144 loading class com/android/tools/build/apkzlib/utils/CachedFileContents done
Event: 25.146 loading class com/google/common/hash/Hashing
Event: 25.146 loading class com/google/common/hash/Hashing done
Event: 25.147 loading class com/google/common/hash/HashFunction
Event: 25.147 loading class com/google/common/hash/HashFunction done
Event: 25.148 Executing VM operation: RevokeBias
Event: 25.150 Executing coalesced safepoint VM operation: RevokeBias
Event: 25.150 Executing coalesced safepoint VM operation: RevokeBias done
Event: 25.150 Executing coalesced safepoint VM operation: RevokeBias
Event: 25.150 Executing coalesced safepoint VM operation: RevokeBias done
Event: 25.150 Executing VM operation: RevokeBias done
Event: 25.150 loading class com/google/common/hash/Hashing$ChecksumType
Event: 25.150 loading class com/google/common/hash/Hashing$ChecksumType done


Dynamic libraries:
0x00007ff720a60000 - 0x00007ff720a6a000 	D:\Android\Android Studio\jre\bin\java.exe
0x00007ff82b910000 - 0x00007ff82bafd000 	C:\Windows\SYSTEM32\ntdll.dll
0x00007ff82b1b0000 - 0x00007ff82b263000 	C:\Windows\System32\KERNEL32.DLL
0x00007ff8288a0000 - 0x00007ff828b35000 	C:\Windows\System32\KERNELBASE.dll
0x00007ff827b20000 - 0x00007ff827c1a000 	C:\Windows\System32\ucrtbase.dll
0x00007ff821bd0000 - 0x00007ff821be9000 	D:\Android\Android Studio\jre\bin\jli.dll
0x00007ff81ee80000 - 0x00007ff81ee97000 	D:\Android\Android Studio\jre\bin\VCRUNTIME140.dll
0x00007ff8293c0000 - 0x00007ff829558000 	C:\Windows\System32\USER32.dll
0x00007ff827c50000 - 0x00007ff827c70000 	C:\Windows\System32\win32u.dll
0x00007ff82aa60000 - 0x00007ff82aa89000 	C:\Windows\System32\GDI32.dll
0x00007ff827c70000 - 0x00007ff827e0c000 	C:\Windows\System32\gdi32full.dll
0x00007ff8184c0000 - 0x00007ff818739000 	C:\Windows\WinSxS\amd64_microsoft.windows.common-controls_6595b64144ccf1df_6.0.17763.2114_none_de6e8966534dbac6\COMCTL32.dll
0x00007ff82b840000 - 0x00007ff82b8de000 	C:\Windows\System32\msvcrt.dll
0x00007ff828800000 - 0x00007ff8288a0000 	C:\Windows\System32\msvcp_win.dll
0x00007ff828b50000 - 0x00007ff828e7d000 	C:\Windows\System32\combase.dll
0x00007ff82b550000 - 0x00007ff82b66f000 	C:\Windows\System32\RPCRT4.dll
0x00007ff828770000 - 0x00007ff8287f2000 	C:\Windows\System32\bcryptPrimitives.dll
0x00007ff82b270000 - 0x00007ff82b29e000 	C:\Windows\System32\IMM32.DLL
0x00007ff81e6e0000 - 0x00007ff81e77d000 	D:\Android\Android Studio\jre\bin\msvcp140.dll
0x00007ffffb5a0000 - 0x00007ffffc05c000 	D:\Android\Android Studio\jre\bin\server\jvm.dll
0x00007ff82aef0000 - 0x00007ff82af94000 	C:\Windows\System32\ADVAPI32.dll
0x00007ff82b300000 - 0x00007ff82b39e000 	C:\Windows\System32\sechost.dll
0x00007ff82acc0000 - 0x00007ff82acc8000 	C:\Windows\System32\PSAPI.DLL
0x00007ff8244a0000 - 0x00007ff8244a9000 	C:\Windows\SYSTEM32\WSOCK32.dll
0x00007ff82ae80000 - 0x00007ff82aeed000 	C:\Windows\System32\WS2_32.dll
0x00007ff825a50000 - 0x00007ff825a74000 	C:\Windows\SYSTEM32\WINMM.dll
0x00007ff819ee0000 - 0x00007ff819eea000 	C:\Windows\SYSTEM32\VERSION.dll
0x00007ff8259e0000 - 0x00007ff825a0d000 	C:\Windows\SYSTEM32\WINMMBASE.dll
0x00007ff827a20000 - 0x00007ff827a6a000 	C:\Windows\System32\cfgmgr32.dll
0x00007ff827970000 - 0x00007ff827981000 	C:\Windows\System32\kernel.appcore.dll
0x00007ff824410000 - 0x00007ff824421000 	D:\Android\Android Studio\jre\bin\verify.dll
0x00007ff816e30000 - 0x00007ff81701d000 	C:\Windows\SYSTEM32\DBGHELP.DLL
0x00007ff816a10000 - 0x00007ff816a3a000 	C:\Windows\SYSTEM32\dbgcore.DLL
0x00007ff8243b0000 - 0x00007ff8243d9000 	D:\Android\Android Studio\jre\bin\java.dll
0x00007ff8242f0000 - 0x00007ff8242fb000 	D:\Android\Android Studio\jre\bin\jimage.dll
0x00007ff8242d0000 - 0x00007ff8242e8000 	D:\Android\Android Studio\jre\bin\zip.dll
0x00007ff829560000 - 0x00007ff82aa59000 	C:\Windows\System32\SHELL32.dll
0x00007ff828e80000 - 0x00007ff828f28000 	C:\Windows\System32\shcore.dll
0x00007ff828020000 - 0x00007ff82876b000 	C:\Windows\System32\windows.storage.dll
0x00007ff827990000 - 0x00007ff8279b4000 	C:\Windows\System32\profapi.dll
0x00007ff827910000 - 0x00007ff82796d000 	C:\Windows\System32\powrprof.dll
0x00007ff82b080000 - 0x00007ff82b0d2000 	C:\Windows\System32\shlwapi.dll
0x00007ff827e10000 - 0x00007ff827e27000 	C:\Windows\System32\cryptsp.dll
0x00007ff823500000 - 0x00007ff82351a000 	D:\Android\Android Studio\jre\bin\net.dll
0x00007ff823520000 - 0x00007ff823611000 	C:\Windows\SYSTEM32\WINHTTP.dll
0x00007ff8270e0000 - 0x00007ff827147000 	C:\Windows\system32\mswsock.dll
0x00007ff820750000 - 0x00007ff820764000 	D:\Android\Android Studio\jre\bin\nio.dll
0x00007ff81dc20000 - 0x00007ff81dc47000 	C:\Users\Home\.gradle\native\fdc75f09e3144964f2cf3f50f0aa648679c211496f362492102eb8c894070792\windows-amd64\native-platform.dll
0x00007ff81aba0000 - 0x00007ff81ad36000 	C:\Users\Home\.gradle\native\12488b8bf47d2d4c9fbf2f6322a914ad602e24e48041cd04a747c6da556b65c4\windows-amd64\native-platform-file-events.dll
0x00007ff821a30000 - 0x00007ff821a3a000 	D:\Android\Android Studio\jre\bin\management.dll
0x00007ff8215b0000 - 0x00007ff8215bc000 	D:\Android\Android Studio\jre\bin\management_ext.dll
0x00007ff826c70000 - 0x00007ff826ca3000 	C:\Windows\system32\rsaenh.dll
0x00007ff827c20000 - 0x00007ff827c46000 	C:\Windows\System32\bcrypt.dll
0x00007ff827820000 - 0x00007ff827849000 	C:\Windows\SYSTEM32\USERENV.dll
0x00007ff8272b0000 - 0x00007ff8272bc000 	C:\Windows\SYSTEM32\CRYPTBASE.dll
0x00007ff826e00000 - 0x00007ff826e3d000 	C:\Windows\SYSTEM32\IPHLPAPI.DLL
0x00007ff828b40000 - 0x00007ff828b48000 	C:\Windows\System32\NSI.dll
0x00007ff81ff80000 - 0x00007ff81ff96000 	C:\Windows\SYSTEM32\dhcpcsvc6.DLL
0x00007ff821510000 - 0x00007ff82152c000 	C:\Windows\SYSTEM32\dhcpcsvc.DLL
0x00007ff826e40000 - 0x00007ff826f06000 	C:\Windows\SYSTEM32\DNSAPI.dll
0x00007ff822bf0000 - 0x00007ff822bfb000 	C:\Windows\SYSTEM32\WINNSI.DLL

dbghelp: loaded successfully - version: 4.0.5 - missing functions: none
symbol engine: initialized successfully - sym options: 0x614 - pdb path: .;D:\Android\Android Studio\jre\bin;C:\Windows\SYSTEM32;C:\Windows\WinSxS\amd64_microsoft.windows.common-controls_6595b64144ccf1df_6.0.17763.2114_none_de6e8966534dbac6;D:\Android\Android Studio\jre\bin\server;C:\Users\Home\.gradle\native\fdc75f09e3144964f2cf3f50f0aa648679c211496f362492102eb8c894070792\windows-amd64;C:\Users\Home\.gradle\native\12488b8bf47d2d4c9fbf2f6322a914ad602e24e48041cd04a747c6da556b65c4\windows-amd64

VM Arguments:
jvm_args: --add-opens=java.base/java.util=ALL-UNNAMED --add-opens=java.base/java.lang=ALL-UNNAMED --add-opens=java.base/java.lang.invoke=ALL-UNNAMED --add-opens=java.prefs/java.util.prefs=ALL-UNNAMED -Xmx2048m -Dfile.encoding=UTF-8 -Duser.country=RU -Duser.language=ru -Duser.variant 
java_command: org.gradle.launcher.daemon.bootstrap.GradleDaemon 6.7.1
java_class_path (initial): C:\Users\Home\.gradle\wrapper\dists\gradle-6.7.1-bin\bwlcbys1h7rz3272sye1xwiv6\gradle-6.7.1\lib\gradle-launcher-6.7.1.jar
Launcher Type: SUN_STANDARD

[Global flags]
     intx CICompilerCount                          = 3                                         {product} {ergonomic}
     uint ConcGCThreads                            = 1                                         {product} {ergonomic}
     uint G1ConcRefinementThreads                  = 4                                         {product} {ergonomic}
   size_t G1HeapRegionSize                         = 1048576                                   {product} {ergonomic}
    uintx GCDrainStackTargetSize                   = 64                                        {product} {ergonomic}
   size_t InitialHeapSize                          = 65011712                                  {product} {ergonomic}
   size_t MarkStackSize                            = 4194304                                   {product} {ergonomic}
   size_t MaxHeapSize                              = 2147483648                                {product} {command line}
   size_t MaxNewSize                               = 1287651328                                {product} {ergonomic}
   size_t MinHeapDeltaBytes                        = 1048576                                   {product} {ergonomic}
    uintx NonNMethodCodeHeapSize                   = 5830732                                {pd product} {ergonomic}
    uintx NonProfiledCodeHeapSize                  = 122913754                              {pd product} {ergonomic}
    uintx ProfiledCodeHeapSize                     = 122913754                              {pd product} {ergonomic}
    uintx ReservedCodeCacheSize                    = 251658240                              {pd product} {ergonomic}
     bool SegmentedCodeCache                       = true                                      {product} {ergonomic}
     bool UseCompressedClassPointers               = true                                 {lp64_product} {ergonomic}
     bool UseCompressedOops                        = true                                 {lp64_product} {ergonomic}
     bool UseG1GC                                  = true                                      {product} {ergonomic}
     bool UseLargePagesIndividualAllocation        = false                                  {pd product} {ergonomic}

Logging:
Log output configuration:
 #0: stdout all=warning uptime,level,tags
 #1: stderr all=off uptime,level,tags

Environment Variables:
PATH=C:\Program Files (x86)\Common Files\Oracle\Java\javapath;C:\Windows\system32;C:\Windows;C:\Windows\System32\Wbem;C:\Windows\System32\WindowsPowerShell\v1.0\;C:\Windows\System32\OpenSSH\;D:\AndroidProjects\Git\cmd;C:\Users\Home\AppData\Local\Microsoft\WindowsApps;
USERNAME=Home
OS=Windows_NT
PROCESSOR_IDENTIFIER=Intel64 Family 6 Model 42 Stepping 7, GenuineIntel



---------------  S Y S T E M  ---------------

OS: Windows 10 , 64 bit Build 17763 (10.0.17763.2090)
OS uptime: 0 days 7:22 hours

CPU:total 4 (initial active 4) (2 cores per cpu, 2 threads per core) family 6 model 42 stepping 7, cmov, cx8, fxsr, mmx, sse, sse2, sse3, ssse3, sse4.1, sse4.2, popcnt, avx, clmul, ht, tsc, tscinvbit

Memory: 4k page, system-wide physical 3932M (535M free)
TotalPageFile size 4732M (AvailPageFile size 5M)
current process WorkingSet (physical memory assigned to process): 511M, peak: 511M
current process commit charge ("private bytes"): 593M, peak: 596M

vm_info: OpenJDK 64-Bit Server VM (11.0.8+10-b944.6842174) for windows-amd64 JRE (11.0.8+10-b944.6842174), built on Sep 19 2020 01:11:42 by "builder" with MS VC++ 14.0 (VS2015)

END.
