#
# There is insufficient memory for the Java Runtime Environment to continue.
# Native memory allocation (mmap) failed to map 37748736 bytes for Failed to commit area from 0x0000000089c00000 to 0x000000008c000000 of length 37748736.
# Possible reasons:
#   The system is out of physical RAM or swap space
#   The process is running with CompressedOops enabled, and the Java Heap may be blocking the growth of the native heap
# Possible solutions:
#   Reduce memory load on the system
#   Increase physical memory or swap space
#   Check if swap backing store is full
#   Decrease Java heap size (-Xmx/-Xms)
#   Decrease number of Java threads
#   Decrease Java thread stack sizes (-Xss)
#   Set larger code cache with -XX:ReservedCodeCacheSize=
#   JVM is running with Unscaled Compressed Oops mode in which the Java heap is
#     placed in the first 4GB address space. The Java Heap base address is the
#     maximum limit for the native heap growth. Please use -XX:HeapBaseMinAddress
#     to set the Java Heap base and to place the Java Heap above 4GB virtual address.
# This output file may be truncated or incomplete.
#
#  Out of Memory Error (./src/hotspot/os/windows/os_windows.cpp:3303), pid=6056, tid=2008
#
# JRE version: OpenJDK Runtime Environment (11.0.8+10) (build 11.0.8+10-b944.6842174)
# Java VM: OpenJDK 64-Bit Server VM (11.0.8+10-b944.6842174, mixed mode, tiered, compressed oops, g1 gc, windows-amd64)
# No core dump will be written. Minidumps are not enabled by default on client versions of Windows
#

---------------  S U M M A R Y ------------

Command Line: --add-opens=java.base/java.util=ALL-UNNAMED --add-opens=java.base/java.lang=ALL-UNNAMED --add-opens=java.base/java.lang.invoke=ALL-UNNAMED --add-opens=java.prefs/java.util.prefs=ALL-UNNAMED -Xmx2048m -Dfile.encoding=UTF-8 -Duser.country=RU -Duser.language=ru -Duser.variant org.gradle.launcher.daemon.bootstrap.GradleDaemon 6.7.1

Host: Intel(R) Core(TM) i3-2370M CPU @ 2.40GHz, 4 cores, 3G,  Windows 10 , 64 bit Build 17763 (10.0.17763.2090)
Time: Tue Aug 17 14:18:14 2021 RTZ 2 (ceia) elapsed time: 13056 seconds (0d 3h 37m 36s)

---------------  T H R E A D  ---------------

Current thread (0x00000171fc859800):  VMThread "VM Thread" [stack: 0x0000005c04e00000,0x0000005c04f00000] [id=2008]

Stack: [0x0000005c04e00000,0x0000005c04f00000]
[error occurred during error reporting (printing stack bounds), id 0xc0000005, EXCEPTION_ACCESS_VIOLATION (0xc0000005) at pc=0x00000171e67a0dad]

Native frames: (J=compiled Java code, j=interpreted, Vv=VM code, C=native code)
V  [jvm.dll+0x5de50a]
V  [jvm.dll+0x7122f5]
V  [jvm.dll+0x71384d]
V  [jvm.dll+0x713e65]
V  [jvm.dll+0x713e1b]
V  [jvm.dll+0x5dd958]
V  [jvm.dll+0x5de0f8]
C  [ntdll.dll+0xa4a2f]
C  [ntdll.dll+0x4cef]
C  [ntdll.dll+0xa379e]
C  0x00000171e67a0dad

VM_Operation (0x0000005c0eefa760): G1CollectForAllocation, mode: safepoint, requested by thread 0x00000171898dc800


---------------  P R O C E S S  ---------------

Threads class SMR info:
_java_thread_list=0x000001718946e7d0, length=176, elements={
0x00000171e2e2b800, 0x00000171fc85c000, 0x00000171fc860000, 0x00000171fc877000,
0x00000171fc87a000, 0x00000171fc87c000, 0x00000171fc885000, 0x00000171fc88f000,
0x00000171fd339000, 0x00000171fd34f800, 0x00000171fecf2000, 0x0000017180121800,
0x00000171fe5e7800, 0x00000171fe84b000, 0x00000171fe84a800, 0x00000171fe84c000,
0x00000171812d8800, 0x00000171812d6000, 0x00000171805bb000, 0x00000171805b9800,
0x00000171805c0800, 0x000001718171d800, 0x00000171fdaea800, 0x0000017181719800,
0x000001718171d000, 0x000001718171a800, 0x000001718171b800, 0x0000017181718000,
0x000001718171e800, 0x0000017181719000, 0x000001718171c000, 0x0000017181722000,
0x0000017181721000, 0x0000017181722800, 0x0000017181725000, 0x0000017181724800,
0x000001718171f800, 0x0000017181720000, 0x000001718172b800, 0x000001718172b000,
0x0000017181728800, 0x000001718172a000, 0x000001718172c800, 0x0000017181726800,
0x0000017181729000, 0x000001718172d000, 0x0000017181727800, 0x000001718172f800,
0x0000017181732000, 0x000001718172e000, 0x0000017181733000, 0x0000017181734000,
0x0000017181734800, 0x000001718172f000, 0x0000017181735800, 0x0000017181736000,
0x0000017181731800, 0x0000017181730800, 0x0000017181737000, 0x00000171fdade800,
0x00000171fdae3800, 0x00000171fdae2800, 0x00000171fdae4000, 0x00000171fdae5000,
0x00000171fdadf800, 0x00000171fdae6000, 0x00000171fdae0000, 0x00000171fdae6800,
0x00000171fdae1000, 0x00000171fdae7800, 0x00000171fdae1800, 0x00000171fdae9000,
0x00000171fdaea000, 0x00000171fdaeb800, 0x00000171fdaec800, 0x00000171805bc800,
0x00000171805ba000, 0x00000171805b7800, 0x00000171805bd800, 0x00000171805b8800,
0x00000171805be000, 0x00000171805c1800, 0x00000171805bf000, 0x00000171805c2800,
0x00000171805c5800, 0x00000171805c3000, 0x00000171805c4000, 0x00000171805c5000,
0x00000171805c0000, 0x00000171805c6800, 0x00000171812d4800, 0x00000171812d2000,
0x00000171812d7000, 0x00000171812d7800, 0x00000171812d2800, 0x00000171812dd800,
0x00000171812dc800, 0x00000171812e0800, 0x00000171812df800, 0x00000171812de000,
0x00000171812db000, 0x00000171812df000, 0x00000171812db800, 0x00000171fe849800,
0x0000017183259800, 0x0000017183258000, 0x0000017183258800, 0x000001718325a000,
0x000001718325b000, 0x000001718325c000, 0x000001718325c800, 0x0000017183257000,
0x000001718325d800, 0x00000171827a2000, 0x00000171827a2800, 0x00000171827a5000,
0x00000171827a4800, 0x00000171827a3800, 0x00000171827a6000, 0x00000171827a0800,
0x00000171827a7000, 0x00000171827a1000, 0x00000171817b9800, 0x00000171817b9000,
0x00000171817be000, 0x00000171817b8000, 0x00000171817be800, 0x00000171817ba800,
0x00000171817bd000, 0x00000171817bb800, 0x00000171817bc000, 0x0000017184a2b000,
0x0000017184a2a000, 0x0000017184a2b800, 0x0000017184a2d800, 0x0000017184a2c800,
0x0000017184a29800, 0x0000017184a2e000, 0x0000017184a32000, 0x0000017184a31800,
0x0000017184a2f000, 0x0000017184a30800, 0x0000017184a30000, 0x0000017184a33000,
0x0000017184a34000, 0x0000017184a34800, 0x0000017184a35800, 0x0000017184a36800,
0x0000017184a37000, 0x0000017184a38000, 0x00000171898d3800, 0x00000171898d7800,
0x00000171898d6000, 0x00000171898d8800, 0x00000171898d9000, 0x00000171898da000,
0x00000171898d5000, 0x00000171898d4800, 0x00000171898db000, 0x00000171898db800,
0x00000171898dc800, 0x00000171898d7000, 0x00000171898e0800, 0x00000171898e1800,
0x00000171898df000, 0x00000171898dd800, 0x00000171898e0000, 0x00000171898e2000,
0x00000171898de000, 0x00000171848d5800, 0x00000171848d3000, 0x00000171848d2000,
0x00000171848d4800, 0x00000171848d6000, 0x00000171848d3800, 0x00000171848d0800
}

Java Threads: ( => current thread )
  0x00000171e2e2b800 JavaThread "main" [_thread_blocked, id=3396, stack(0x0000005c04800000,0x0000005c04900000)]
  0x00000171fc85c000 JavaThread "Reference Handler" daemon [_thread_blocked, id=5772, stack(0x0000005c04f00000,0x0000005c05000000)]
  0x00000171fc860000 JavaThread "Finalizer" daemon [_thread_blocked, id=5192, stack(0x0000005c05000000,0x0000005c05100000)]
  0x00000171fc877000 JavaThread "Signal Dispatcher" daemon [_thread_blocked, id=4324, stack(0x0000005c05100000,0x0000005c05200000)]
  0x00000171fc87a000 JavaThread "Attach Listener" daemon [_thread_blocked, id=7128, stack(0x0000005c05200000,0x0000005c05300000)]
  0x00000171fc87c000 JavaThread "C2 CompilerThread0" daemon [_thread_blocked, id=6080, stack(0x0000005c05300000,0x0000005c05400000)]
  0x00000171fc885000 JavaThread "C1 CompilerThread0" daemon [_thread_blocked, id=3516, stack(0x0000005c05400000,0x0000005c05500000)]
  0x00000171fc88f000 JavaThread "Sweeper thread" daemon [_thread_blocked, id=2964, stack(0x0000005c05500000,0x0000005c05600000)]
  0x00000171fd339000 JavaThread "Common-Cleaner" daemon [_thread_blocked, id=4204, stack(0x0000005c05600000,0x0000005c05700000)]
  0x00000171fd34f800 JavaThread "Service Thread" daemon [_thread_blocked, id=404, stack(0x0000005c05700000,0x0000005c05800000)]
  0x00000171fecf2000 JavaThread "Daemon health stats" [_thread_blocked, id=7468, stack(0x0000005c05b00000,0x0000005c05c00000)]
  0x0000017180121800 JavaThread "Incoming local TCP Connector on port 58349" [_thread_in_native, id=844, stack(0x0000005c05f00000,0x0000005c06000000)]
  0x00000171fe5e7800 JavaThread "Daemon periodic checks" [_thread_blocked, id=3508, stack(0x0000005c06000000,0x0000005c06100000)]
  0x00000171fe84b000 JavaThread "Cache worker for file hash cache (C:\Users\Home\.gradle\caches\6.7.1\fileHashes)" [_thread_blocked, id=3900, stack(0x0000005c06800000,0x0000005c06900000)]
  0x00000171fe84a800 JavaThread "File lock request listener" [_thread_in_native, id=3436, stack(0x0000005c06900000,0x0000005c06a00000)]
  0x00000171fe84c000 JavaThread "Cache worker for journal cache (C:\Users\Home\.gradle\caches\journal-1)" [_thread_blocked, id=5804, stack(0x0000005c06a00000,0x0000005c06b00000)]
  0x00000171812d8800 JavaThread "Cache worker for execution history cache (C:\Users\Home\.gradle\caches\6.7.1\executionHistory)" [_thread_blocked, id=2032, stack(0x0000005c07000000,0x0000005c07100000)]
  0x00000171812d6000 JavaThread "Cache worker for file content cache (C:\Users\Home\.gradle\caches\6.7.1\fileContent)" [_thread_blocked, id=1276, stack(0x0000005c07200000,0x0000005c07300000)]
  0x00000171805bb000 JavaThread "Memory manager" [_thread_blocked, id=4664, stack(0x0000005c06b00000,0x0000005c06c00000)]
  0x00000171805b9800 JavaThread "RMI Scheduler(0)" daemon [_thread_blocked, id=6504, stack(0x0000005c0f400000,0x0000005c0f500000)]
  0x00000171805c0800 JavaThread "RMI TCP Accept-0" daemon [_thread_in_native, id=8164, stack(0x0000005c0f700000,0x0000005c0f800000)]
  0x000001718171d800 JavaThread "ForkJoinPool.commonPool-worker-3" daemon [_thread_blocked, id=7072, stack(0x0000005c0fd00000,0x0000005c0fe00000)]
  0x00000171fdaea800 JavaThread "Cache worker for Java compile cache (C:\Users\Home\.gradle\caches\6.7.1\javaCompile)" [_thread_blocked, id=1304, stack(0x0000005c06d00000,0x0000005c06e00000)]
  0x0000017181719800 JavaThread "Daemon Thread 4" [_thread_blocked, id=3344, stack(0x0000005c04600000,0x0000005c04700000)]
  0x000001718171d000 JavaThread "Handler for socket connection from /127.0.0.1:58349 to /127.0.0.1:59351" [_thread_in_native, id=1724, stack(0x0000005c04700000,0x0000005c04800000)]
  0x000001718171a800 JavaThread "Cancel handler" [_thread_blocked, id=3172, stack(0x0000005c05900000,0x0000005c05a00000)]
  0x000001718171b800 JavaThread "Daemon worker Thread 4" [_thread_blocked, id=6592, stack(0x0000005c05e00000,0x0000005c05f00000)]
  0x0000017181718000 JavaThread "Asynchronous log dispatcher for DefaultDaemonConnection: socket connection from /127.0.0.1:58349 to /127.0.0.1:59351" [_thread_blocked, id=1168, stack(0x0000005c06100000,0x0000005c06200000)]
  0x000001718171e800 JavaThread "Stdin handler" [_thread_blocked, id=1228, stack(0x0000005c06200000,0x0000005c06300000)]
  0x0000017181719000 JavaThread "Thread-471" [_thread_blocked, id=2808, stack(0x0000005c06300000,0x0000005c06400000)]
  0x000001718171c000 JavaThread "Cache worker for file hash cache (D:\AndroidProjects\Words\.gradle\6.7.1\fileHashes)" [_thread_blocked, id=7972, stack(0x0000005c06400000,0x0000005c06500000)]
  0x0000017181722000 JavaThread "Cache worker for checksums cache (D:\AndroidProjects\Words\.gradle\checksums)" [_thread_blocked, id=6984, stack(0x0000005c06500000,0x0000005c06600000)]
  0x0000017181721000 JavaThread "Cache worker for cache directory md-supplier (C:\Users\Home\.gradle\caches\6.7.1\md-supplier)" [_thread_blocked, id=3512, stack(0x0000005c06600000,0x0000005c06700000)]
  0x0000017181722800 JavaThread "Cache worker for cache directory md-rule (C:\Users\Home\.gradle\caches\6.7.1\md-rule)" [_thread_blocked, id=8080, stack(0x0000005c06700000,0x0000005c06800000)]
  0x0000017181725000 JavaThread "Cache worker for Build Output Cleanup Cache (D:\AndroidProjects\Words\.gradle\buildOutputCleanup)" [_thread_blocked, id=8096, stack(0x0000005c06e00000,0x0000005c06f00000)]
  0x0000017181724800 JavaThread "Build operations" [_thread_blocked, id=3564, stack(0x0000005c06f00000,0x0000005c07000000)]
  0x000001718171f800 JavaThread "Build operations Thread 2" [_thread_blocked, id=6632, stack(0x0000005c07100000,0x0000005c07200000)]
  0x0000017181720000 JavaThread "Build operations Thread 3" [_thread_blocked, id=4080, stack(0x0000005c07300000,0x0000005c07400000)]
  0x000001718172b800 JavaThread "Build operations Thread 4" [_thread_blocked, id=5880, stack(0x0000005c07400000,0x0000005c07500000)]
  0x000001718172b000 JavaThread "jar transforms Thread 358" [_thread_blocked, id=7740, stack(0x0000005c07500000,0x0000005c07600000)]
  0x0000017181728800 JavaThread "jar transforms Thread 359" [_thread_blocked, id=7708, stack(0x0000005c07600000,0x0000005c07700000)]
  0x000001718172a000 JavaThread "jar transforms Thread 360" [_thread_blocked, id=3188, stack(0x0000005c07700000,0x0000005c07800000)]
  0x000001718172c800 JavaThread "jar transforms Thread 361" [_thread_blocked, id=6688, stack(0x0000005c07800000,0x0000005c07900000)]
  0x0000017181726800 JavaThread "jar transforms Thread 362" [_thread_blocked, id=6864, stack(0x0000005c07900000,0x0000005c07a00000)]
  0x0000017181729000 JavaThread "jar transforms Thread 363" [_thread_blocked, id=5388, stack(0x0000005c07a00000,0x0000005c07b00000)]
  0x000001718172d000 JavaThread "jar transforms Thread 364" [_thread_blocked, id=7184, stack(0x0000005c07b00000,0x0000005c07c00000)]
  0x0000017181727800 JavaThread "jar transforms Thread 365" [_thread_blocked, id=5616, stack(0x0000005c07c00000,0x0000005c07d00000)]
  0x000001718172f800 JavaThread "jar transforms Thread 366" [_thread_blocked, id=4696, stack(0x0000005c07d00000,0x0000005c07e00000)]
  0x0000017181732000 JavaThread "jar transforms Thread 367" [_thread_blocked, id=6896, stack(0x0000005c07e00000,0x0000005c07f00000)]
  0x000001718172e000 JavaThread "jar transforms Thread 368" [_thread_blocked, id=2392, stack(0x0000005c07f00000,0x0000005c08000000)]
  0x0000017181733000 JavaThread "jar transforms Thread 369" [_thread_blocked, id=3492, stack(0x0000005c08000000,0x0000005c08100000)]
  0x0000017181734000 JavaThread "jar transforms Thread 370" [_thread_blocked, id=2384, stack(0x0000005c08100000,0x0000005c08200000)]
  0x0000017181734800 JavaThread "jar transforms Thread 371" [_thread_blocked, id=1280, stack(0x0000005c08200000,0x0000005c08300000)]
  0x000001718172f000 JavaThread "jar transforms Thread 372" [_thread_blocked, id=232, stack(0x0000005c08300000,0x0000005c08400000)]
  0x0000017181735800 JavaThread "jar transforms Thread 373" [_thread_blocked, id=8104, stack(0x0000005c08400000,0x0000005c08500000)]
  0x0000017181736000 JavaThread "jar transforms Thread 374" [_thread_blocked, id=1920, stack(0x0000005c08500000,0x0000005c08600000)]
  0x0000017181731800 JavaThread "jar transforms Thread 375" [_thread_blocked, id=2332, stack(0x0000005c08600000,0x0000005c08700000)]
  0x0000017181730800 JavaThread "jar transforms Thread 376" [_thread_blocked, id=3624, stack(0x0000005c08700000,0x0000005c08800000)]
  0x0000017181737000 JavaThread "jar transforms Thread 377" [_thread_blocked, id=7552, stack(0x0000005c08800000,0x0000005c08900000)]
  0x00000171fdade800 JavaThread "jar transforms Thread 378" [_thread_blocked, id=7060, stack(0x0000005c08900000,0x0000005c08a00000)]
  0x00000171fdae3800 JavaThread "jar transforms Thread 379" [_thread_blocked, id=2116, stack(0x0000005c08a00000,0x0000005c08b00000)]
  0x00000171fdae2800 JavaThread "jar transforms Thread 380" [_thread_blocked, id=6952, stack(0x0000005c08b00000,0x0000005c08c00000)]
  0x00000171fdae4000 JavaThread "jar transforms Thread 381" [_thread_blocked, id=7428, stack(0x0000005c08c00000,0x0000005c08d00000)]
  0x00000171fdae5000 JavaThread "jar transforms Thread 382" [_thread_blocked, id=4628, stack(0x0000005c08d00000,0x0000005c08e00000)]
  0x00000171fdadf800 JavaThread "jar transforms Thread 383" [_thread_blocked, id=876, stack(0x0000005c08e00000,0x0000005c08f00000)]
  0x00000171fdae6000 JavaThread "jar transforms Thread 384" [_thread_blocked, id=7308, stack(0x0000005c08f00000,0x0000005c09000000)]
  0x00000171fdae0000 JavaThread "jar transforms Thread 385" [_thread_blocked, id=7480, stack(0x0000005c09000000,0x0000005c09100000)]
  0x00000171fdae6800 JavaThread "jar transforms Thread 386" [_thread_blocked, id=4988, stack(0x0000005c09100000,0x0000005c09200000)]
  0x00000171fdae1000 JavaThread "jar transforms Thread 387" [_thread_blocked, id=6936, stack(0x0000005c09200000,0x0000005c09300000)]
  0x00000171fdae7800 JavaThread "jar transforms Thread 388" [_thread_blocked, id=5472, stack(0x0000005c09300000,0x0000005c09400000)]
  0x00000171fdae1800 JavaThread "jar transforms Thread 389" [_thread_blocked, id=1352, stack(0x0000005c09400000,0x0000005c09500000)]
  0x00000171fdae9000 JavaThread "jar transforms Thread 390" [_thread_blocked, id=1080, stack(0x0000005c09500000,0x0000005c09600000)]
  0x00000171fdaea000 JavaThread "jar transforms Thread 391" [_thread_blocked, id=7244, stack(0x0000005c09600000,0x0000005c09700000)]
  0x00000171fdaeb800 JavaThread "jar transforms Thread 392" [_thread_blocked, id=7044, stack(0x0000005c09700000,0x0000005c09800000)]
  0x00000171fdaec800 JavaThread "jar transforms Thread 393" [_thread_blocked, id=4380, stack(0x0000005c09800000,0x0000005c09900000)]
  0x00000171805bc800 JavaThread "jar transforms Thread 394" [_thread_blocked, id=2416, stack(0x0000005c09900000,0x0000005c09a00000)]
  0x00000171805ba000 JavaThread "jar transforms Thread 395" [_thread_blocked, id=1036, stack(0x0000005c09a00000,0x0000005c09b00000)]
  0x00000171805b7800 JavaThread "jar transforms Thread 396" [_thread_blocked, id=3872, stack(0x0000005c09b00000,0x0000005c09c00000)]
  0x00000171805bd800 JavaThread "jar transforms Thread 397" [_thread_blocked, id=564, stack(0x0000005c09c00000,0x0000005c09d00000)]
  0x00000171805b8800 JavaThread "jar transforms Thread 398" [_thread_blocked, id=1528, stack(0x0000005c09d00000,0x0000005c09e00000)]
  0x00000171805be000 JavaThread "jar transforms Thread 399" [_thread_blocked, id=1592, stack(0x0000005c09e00000,0x0000005c09f00000)]
  0x00000171805c1800 JavaThread "jar transforms Thread 400" [_thread_blocked, id=8008, stack(0x0000005c09f00000,0x0000005c0a000000)]
  0x00000171805bf000 JavaThread "jar transforms Thread 401" [_thread_blocked, id=4680, stack(0x0000005c0a000000,0x0000005c0a100000)]
  0x00000171805c2800 JavaThread "jar transforms Thread 402" [_thread_blocked, id=3404, stack(0x0000005c0a100000,0x0000005c0a200000)]
  0x00000171805c5800 JavaThread "jar transforms Thread 403" [_thread_blocked, id=2876, stack(0x0000005c0a200000,0x0000005c0a300000)]
  0x00000171805c3000 JavaThread "jar transforms Thread 404" [_thread_blocked, id=7052, stack(0x0000005c0a300000,0x0000005c0a400000)]
  0x00000171805c4000 JavaThread "jar transforms Thread 405" [_thread_blocked, id=5080, stack(0x0000005c0a400000,0x0000005c0a500000)]
  0x00000171805c5000 JavaThread "jar transforms Thread 406" [_thread_blocked, id=4304, stack(0x0000005c0a500000,0x0000005c0a600000)]
  0x00000171805c0000 JavaThread "jar transforms Thread 407" [_thread_blocked, id=3716, stack(0x0000005c0a600000,0x0000005c0a700000)]
  0x00000171805c6800 JavaThread "jar transforms Thread 408" [_thread_blocked, id=1912, stack(0x0000005c0a700000,0x0000005c0a800000)]
  0x00000171812d4800 JavaThread "jar transforms Thread 409" [_thread_blocked, id=7592, stack(0x0000005c0a800000,0x0000005c0a900000)]
  0x00000171812d2000 JavaThread "jar transforms Thread 410" [_thread_blocked, id=7396, stack(0x0000005c0a900000,0x0000005c0aa00000)]
  0x00000171812d7000 JavaThread "jar transforms Thread 411" [_thread_blocked, id=8044, stack(0x0000005c0aa00000,0x0000005c0ab00000)]
  0x00000171812d7800 JavaThread "jar transforms Thread 412" [_thread_blocked, id=4452, stack(0x0000005c0ab00000,0x0000005c0ac00000)]
  0x00000171812d2800 JavaThread "jar transforms Thread 413" [_thread_blocked, id=3828, stack(0x0000005c0ac00000,0x0000005c0ad00000)]
  0x00000171812dd800 JavaThread "jar transforms Thread 414" [_thread_blocked, id=6484, stack(0x0000005c0ad00000,0x0000005c0ae00000)]
  0x00000171812dc800 JavaThread "jar transforms Thread 415" [_thread_blocked, id=5712, stack(0x0000005c0ae00000,0x0000005c0af00000)]
  0x00000171812e0800 JavaThread "jar transforms Thread 416" [_thread_blocked, id=6576, stack(0x0000005c0af00000,0x0000005c0b000000)]
  0x00000171812df800 JavaThread "jar transforms Thread 417" [_thread_blocked, id=7048, stack(0x0000005c0b000000,0x0000005c0b100000)]
  0x00000171812de000 JavaThread "jar transforms Thread 418" [_thread_blocked, id=5308, stack(0x0000005c0b100000,0x0000005c0b200000)]
  0x00000171812db000 JavaThread "jar transforms Thread 419" [_thread_blocked, id=6148, stack(0x0000005c0b200000,0x0000005c0b300000)]
  0x00000171812df000 JavaThread "jar transforms Thread 420" [_thread_blocked, id=4328, stack(0x0000005c0b300000,0x0000005c0b400000)]
  0x00000171812db800 JavaThread "jar transforms Thread 421" [_thread_blocked, id=7204, stack(0x0000005c0b400000,0x0000005c0b500000)]
  0x00000171fe849800 JavaThread "jar transforms Thread 422" [_thread_blocked, id=6448, stack(0x0000005c0b500000,0x0000005c0b600000)]
  0x0000017183259800 JavaThread "jar transforms Thread 423" [_thread_blocked, id=7956, stack(0x0000005c0b600000,0x0000005c0b700000)]
  0x0000017183258000 JavaThread "jar transforms Thread 424" [_thread_blocked, id=7064, stack(0x0000005c0b700000,0x0000005c0b800000)]
  0x0000017183258800 JavaThread "jar transforms Thread 425" [_thread_blocked, id=6560, stack(0x0000005c0b800000,0x0000005c0b900000)]
  0x000001718325a000 JavaThread "jar transforms Thread 426" [_thread_blocked, id=3096, stack(0x0000005c0b900000,0x0000005c0ba00000)]
  0x000001718325b000 JavaThread "jar transforms Thread 427" [_thread_blocked, id=3664, stack(0x0000005c0ba00000,0x0000005c0bb00000)]
  0x000001718325c000 JavaThread "jar transforms Thread 428" [_thread_blocked, id=5000, stack(0x0000005c0bb00000,0x0000005c0bc00000)]
  0x000001718325c800 JavaThread "jar transforms Thread 429" [_thread_blocked, id=7868, stack(0x0000005c0bc00000,0x0000005c0bd00000)]
  0x0000017183257000 JavaThread "jar transforms Thread 430" [_thread_blocked, id=4172, stack(0x0000005c0bd00000,0x0000005c0be00000)]
  0x000001718325d800 JavaThread "jar transforms Thread 431" [_thread_blocked, id=1428, stack(0x0000005c0be00000,0x0000005c0bf00000)]
  0x00000171827a2000 JavaThread "jar transforms Thread 432" [_thread_blocked, id=6244, stack(0x0000005c0bf00000,0x0000005c0c000000)]
  0x00000171827a2800 JavaThread "jar transforms Thread 433" [_thread_blocked, id=2100, stack(0x0000005c0c000000,0x0000005c0c100000)]
  0x00000171827a5000 JavaThread "jar transforms Thread 434" [_thread_blocked, id=6160, stack(0x0000005c0c100000,0x0000005c0c200000)]
  0x00000171827a4800 JavaThread "jar transforms Thread 435" [_thread_blocked, id=3600, stack(0x0000005c0c200000,0x0000005c0c300000)]
  0x00000171827a3800 JavaThread "jar transforms Thread 436" [_thread_blocked, id=5292, stack(0x0000005c0c300000,0x0000005c0c400000)]
  0x00000171827a6000 JavaThread "jar transforms Thread 437" [_thread_blocked, id=7460, stack(0x0000005c0c400000,0x0000005c0c500000)]
  0x00000171827a0800 JavaThread "jar transforms Thread 438" [_thread_blocked, id=3528, stack(0x0000005c0c500000,0x0000005c0c600000)]
  0x00000171827a7000 JavaThread "jar transforms Thread 439" [_thread_blocked, id=1096, stack(0x0000005c0c600000,0x0000005c0c700000)]
  0x00000171827a1000 JavaThread "jar transforms Thread 440" [_thread_blocked, id=1272, stack(0x0000005c0c700000,0x0000005c0c800000)]
  0x00000171817b9800 JavaThread "jar transforms Thread 441" [_thread_blocked, id=4932, stack(0x0000005c0c800000,0x0000005c0c900000)]
  0x00000171817b9000 JavaThread "jar transforms Thread 442" [_thread_blocked, id=2260, stack(0x0000005c0c900000,0x0000005c0ca00000)]
  0x00000171817be000 JavaThread "jar transforms Thread 443" [_thread_blocked, id=3608, stack(0x0000005c0ca00000,0x0000005c0cb00000)]
  0x00000171817b8000 JavaThread "jar transforms Thread 444" [_thread_blocked, id=2388, stack(0x0000005c0cb00000,0x0000005c0cc00000)]
  0x00000171817be800 JavaThread "jar transforms Thread 445" [_thread_blocked, id=4128, stack(0x0000005c0cc00000,0x0000005c0cd00000)]
  0x00000171817ba800 JavaThread "jar transforms Thread 446" [_thread_blocked, id=1616, stack(0x0000005c0cd00000,0x0000005c0ce00000)]
  0x00000171817bd000 JavaThread "jar transforms Thread 447" [_thread_blocked, id=2276, stack(0x0000005c0ce00000,0x0000005c0cf00000)]
  0x00000171817bb800 JavaThread "jar transforms Thread 448" [_thread_blocked, id=6588, stack(0x0000005c0cf00000,0x0000005c0d000000)]
  0x00000171817bc000 JavaThread "jar transforms Thread 449" [_thread_blocked, id=68, stack(0x0000005c0d000000,0x0000005c0d100000)]
  0x0000017184a2b000 JavaThread "jar transforms Thread 450" [_thread_blocked, id=7768, stack(0x0000005c0d100000,0x0000005c0d200000)]
  0x0000017184a2a000 JavaThread "jar transforms Thread 451" [_thread_blocked, id=7464, stack(0x0000005c0d200000,0x0000005c0d300000)]
  0x0000017184a2b800 JavaThread "jar transforms Thread 452" [_thread_blocked, id=6836, stack(0x0000005c0d300000,0x0000005c0d400000)]
  0x0000017184a2d800 JavaThread "jar transforms Thread 453" [_thread_blocked, id=3808, stack(0x0000005c0d400000,0x0000005c0d500000)]
  0x0000017184a2c800 JavaThread "jar transforms Thread 454" [_thread_blocked, id=5984, stack(0x0000005c0d500000,0x0000005c0d600000)]
  0x0000017184a29800 JavaThread "jar transforms Thread 455" [_thread_blocked, id=1104, stack(0x0000005c0d600000,0x0000005c0d700000)]
  0x0000017184a2e000 JavaThread "jar transforms Thread 456" [_thread_blocked, id=2608, stack(0x0000005c0d700000,0x0000005c0d800000)]
  0x0000017184a32000 JavaThread "jar transforms Thread 457" [_thread_blocked, id=5612, stack(0x0000005c0d800000,0x0000005c0d900000)]
  0x0000017184a31800 JavaThread "jar transforms Thread 458" [_thread_blocked, id=3468, stack(0x0000005c0d900000,0x0000005c0da00000)]
  0x0000017184a2f000 JavaThread "jar transforms Thread 459" [_thread_blocked, id=4524, stack(0x0000005c0da00000,0x0000005c0db00000)]
  0x0000017184a30800 JavaThread "jar transforms Thread 460" [_thread_blocked, id=4612, stack(0x0000005c0db00000,0x0000005c0dc00000)]
  0x0000017184a30000 JavaThread "jar transforms Thread 461" [_thread_blocked, id=6352, stack(0x0000005c0dc00000,0x0000005c0dd00000)]
  0x0000017184a33000 JavaThread "jar transforms Thread 462" [_thread_blocked, id=7844, stack(0x0000005c0dd00000,0x0000005c0de00000)]
  0x0000017184a34000 JavaThread "jar transforms Thread 463" [_thread_blocked, id=8048, stack(0x0000005c0de00000,0x0000005c0df00000)]
  0x0000017184a34800 JavaThread "jar transforms Thread 464" [_thread_blocked, id=6700, stack(0x0000005c0df00000,0x0000005c0e000000)]
  0x0000017184a35800 JavaThread "jar transforms Thread 465" [_thread_blocked, id=7616, stack(0x0000005c0e000000,0x0000005c0e100000)]
  0x0000017184a36800 JavaThread "jar transforms Thread 466" [_thread_blocked, id=5824, stack(0x0000005c0e100000,0x0000005c0e200000)]
  0x0000017184a37000 JavaThread "jar transforms Thread 467" [_thread_blocked, id=8108, stack(0x0000005c0e200000,0x0000005c0e300000)]
  0x0000017184a38000 JavaThread "jar transforms Thread 468" [_thread_blocked, id=3672, stack(0x0000005c0e300000,0x0000005c0e400000)]
  0x00000171898d3800 JavaThread "jar transforms Thread 469" [_thread_blocked, id=7004, stack(0x0000005c0e400000,0x0000005c0e500000)]
  0x00000171898d7800 JavaThread "jar transforms Thread 470" [_thread_blocked, id=5008, stack(0x0000005c0e500000,0x0000005c0e600000)]
  0x00000171898d6000 JavaThread "jar transforms Thread 471" [_thread_blocked, id=2108, stack(0x0000005c0e600000,0x0000005c0e700000)]
  0x00000171898d8800 JavaThread "jar transforms Thread 472" [_thread_blocked, id=1944, stack(0x0000005c0e700000,0x0000005c0e800000)]
  0x00000171898d9000 JavaThread "jar transforms Thread 473" [_thread_blocked, id=8084, stack(0x0000005c0e800000,0x0000005c0e900000)]
  0x00000171898da000 JavaThread "jar transforms Thread 474" [_thread_blocked, id=3572, stack(0x0000005c0e900000,0x0000005c0ea00000)]
  0x00000171898d5000 JavaThread "jar transforms Thread 475" [_thread_blocked, id=6844, stack(0x0000005c0ea00000,0x0000005c0eb00000)]
  0x00000171898d4800 JavaThread "jar transforms Thread 476" [_thread_blocked, id=5236, stack(0x0000005c0eb00000,0x0000005c0ec00000)]
  0x00000171898db000 JavaThread "build event listener" [_thread_blocked, id=5488, stack(0x0000005c0ec00000,0x0000005c0ed00000)]
  0x00000171898db800 JavaThread "build event listener" [_thread_blocked, id=6908, stack(0x0000005c0ed00000,0x0000005c0ee00000)]
  0x00000171898dc800 JavaThread "Execution worker for ':'" [_thread_blocked, id=7324, stack(0x0000005c0ee00000,0x0000005c0ef00000)]
  0x00000171898d7000 JavaThread "Execution worker for ':' Thread 2" [_thread_blocked, id=460, stack(0x0000005c0ef00000,0x0000005c0f000000)]
  0x00000171898e0800 JavaThread "Execution worker for ':' Thread 3" [_thread_blocked, id=3908, stack(0x0000005c0f000000,0x0000005c0f100000)]
  0x00000171898e1800 JavaThread "Cache worker for execution history cache (D:\AndroidProjects\Words\.gradle\6.7.1\executionHistory)" [_thread_blocked, id=7088, stack(0x0000005c0f100000,0x0000005c0f200000)]
  0x00000171898df000 JavaThread "WorkerExecutor Queue" [_thread_blocked, id=7188, stack(0x0000005c0f200000,0x0000005c0f300000)]
  0x00000171898dd800 JavaThread "WorkerExecutor Queue Thread 2" [_thread_blocked, id=4692, stack(0x0000005c0f300000,0x0000005c0f400000)]
  0x00000171898e0000 JavaThread "WorkerExecutor Queue Thread 3" [_thread_blocked, id=4116, stack(0x0000005c0f500000,0x0000005c0f600000)]
  0x00000171898e2000 JavaThread "WorkerExecutor Queue Thread 4" [_thread_blocked, id=6252, stack(0x0000005c0f600000,0x0000005c0f700000)]
  0x00000171898de000 JavaThread "pool-19-thread-1" [_thread_blocked, id=6412, stack(0x0000005c0f800000,0x0000005c0f900000)]
  0x00000171848d5800 JavaThread "stderr" [_thread_in_native, id=3484, stack(0x0000005c0f900000,0x0000005c0fa00000)]
  0x00000171848d3000 JavaThread "stdout" [_thread_in_native, id=4024, stack(0x0000005c0fa00000,0x0000005c0fb00000)]
  0x00000171848d2000 JavaThread "RMI RenewClean-[127.0.0.1:17985,org.jetbrains.kotlin.daemon.common.LoopbackNetworkInterface$ClientLoopbackSocketFactory@1f1caa77]" daemon [_thread_blocked, id=5832, stack(0x0000005c06c00000,0x0000005c06d00000)]
  0x00000171848d4800 JavaThread "RMI GC Daemon" daemon [_thread_blocked, id=6676, stack(0x0000005c0fb00000,0x0000005c0fc00000)]
  0x00000171848d6000 JavaThread "RMI Reaper" [_thread_blocked, id=7648, stack(0x0000005c0fc00000,0x0000005c0fd00000)]
  0x00000171848d3800 JavaThread "RMI TCP Connection(26)-127.0.0.1" daemon [_thread_in_native, id=1012, stack(0x0000005c0fe00000,0x0000005c0ff00000)]
  0x00000171848d0800 JavaThread "Cache worker for Java compile cache (D:\AndroidProjects\Words\.gradle\6.7.1\javaCompile)" [_thread_blocked, id=5624, stack(0x0000005c0ff00000,0x0000005c10000000)]

Other Threads:
=>0x00000171fc859800 VMThread "VM Thread" [stack: 0x0000005c04e00000,0x0000005c04f00000] [id=2008]
  0x00000171fd351000 WatcherThread [stack: 0x0000005c05800000,0x0000005c05900000] [id=996]
  0x00000171e2e44000 GCTaskThread "GC Thread#0" [stack: 0x0000005c04900000,0x0000005c04a00000] [id=3280]
  0x00000171fdbb9800 GCTaskThread "GC Thread#1" [stack: 0x0000005c05a00000,0x0000005c05b00000] [id=968]
  0x00000171fe5f4000 GCTaskThread "GC Thread#2" [stack: 0x0000005c05c00000,0x0000005c05d00000] [id=6532]
  0x00000171fde2f000 GCTaskThread "GC Thread#3" [stack: 0x0000005c05d00000,0x0000005c05e00000] [id=3680]
  0x00000171e2e76000 ConcurrentGCThread "G1 Main Marker" [stack: 0x0000005c04a00000,0x0000005c04b00000] [id=1476]
  0x00000171e2e77800 ConcurrentGCThread "G1 Conc#0" [stack: 0x0000005c04b00000,0x0000005c04c00000] [id=1584]
  0x00000171e2ed0000 ConcurrentGCThread "G1 Refine#0" [stack: 0x0000005c04c00000,0x0000005c04d00000] [id=7336]
  0x0000017183434000 ConcurrentGCThread "G1 Refine#1" [stack: 0x0000005c04500000,0x0000005c04600000] [id=3752]
  0x00000171e2ed1000 ConcurrentGCThread "G1 Young RemSet Sampling" [stack: 0x0000005c04d00000,0x0000005c04e00000] [id=6220]

Threads with active compile tasks:
C2 CompilerThread013056680 19342       4       com.esotericsoftware.kryo.io.Output::writeInt (81 bytes)

VM state:at safepoint (normal execution)

VM Mutex/Monitor currently owned by a thread:  ([mutex/lock_event])
[0x00000171e2e294c0] Threads_lock - owner thread: 0x00000171fc859800
[0x00000171e2e299d0] Heap_lock - owner thread: 0x00000171898dc800

Heap address: 0x0000000080000000, size: 2048 MB, Compressed Oops mode: 32-bit
Narrow klass base: 0x0000000000000000, Narrow klass shift: 3
Compressed class space size: 1073741824 Address: 0x0000000100000000

Heap:
 garbage-first heap   total 196608K, used 84403K [0x0000000080000000, 0x0000000100000000)
  region size 1024K, 2 young (2048K), 2 survivors (2048K)
 Metaspace       used 114509K, capacity 117175K, committed 117840K, reserved 1150976K
  class space    used 14235K, capacity 15261K, committed 15488K, reserved 1048576K
Heap Regions: E=young(eden), S=young(survivor), O=old, HS=humongous(starts), HC=humongous(continues), CS=collection set, F=free, A=archive, TAMS=top-at-mark-start (previous, next)
|   0|0x0000000080000000, 0x0000000080100000, 0x0000000080100000|100%| O|  |TAMS 0x0000000080100000, 0x0000000080100000| Untracked 
|   1|0x0000000080100000, 0x0000000080200000, 0x0000000080200000|100%| O|  |TAMS 0x0000000080200000, 0x0000000080200000| Untracked 
|   2|0x0000000080200000, 0x0000000080300000, 0x0000000080300000|100%| O|  |TAMS 0x0000000080300000, 0x0000000080300000| Untracked 
|   3|0x0000000080300000, 0x0000000080400000, 0x0000000080400000|100%|HS|  |TAMS 0x0000000080400000, 0x0000000080400000| Complete 
|   4|0x0000000080400000, 0x0000000080500000, 0x0000000080500000|100%|HC|  |TAMS 0x0000000080500000, 0x0000000080500000| Complete 
|   5|0x0000000080500000, 0x0000000080600000, 0x0000000080600000|100%|HC|  |TAMS 0x0000000080600000, 0x0000000080600000| Complete 
|   6|0x0000000080600000, 0x0000000080700000, 0x0000000080700000|100%| O|  |TAMS 0x0000000080700000, 0x0000000080700000| Untracked 
|   7|0x0000000080700000, 0x0000000080800000, 0x0000000080800000|100%| O|  |TAMS 0x0000000080800000, 0x0000000080800000| Untracked 
|   8|0x0000000080800000, 0x0000000080900000, 0x0000000080900000|100%| O|  |TAMS 0x0000000080900000, 0x0000000080900000| Untracked 
|   9|0x0000000080900000, 0x0000000080a00000, 0x0000000080a00000|100%| O|  |TAMS 0x00000000809dc800, 0x0000000080a00000| Untracked 
|  10|0x0000000080a00000, 0x0000000080b00000, 0x0000000080b00000|100%| O|  |TAMS 0x0000000080b00000, 0x0000000080b00000| Untracked 
|  11|0x0000000080b00000, 0x0000000080c00000, 0x0000000080c00000|100%| O|  |TAMS 0x0000000080c00000, 0x0000000080c00000| Untracked 
|  12|0x0000000080c00000, 0x0000000080d00000, 0x0000000080d00000|100%| O|  |TAMS 0x0000000080d00000, 0x0000000080d00000| Untracked 
|  13|0x0000000080d00000, 0x0000000080e00000, 0x0000000080e00000|100%| O|  |TAMS 0x0000000080e00000, 0x0000000080e00000| Untracked 
|  14|0x0000000080e00000, 0x0000000080effff8, 0x0000000080f00000| 99%| O|  |TAMS 0x0000000080effff8, 0x0000000080effff8| Untracked 
|  15|0x0000000080f00000, 0x0000000081000000, 0x0000000081000000|100%| O|  |TAMS 0x0000000081000000, 0x0000000081000000| Untracked 
|  16|0x0000000081000000, 0x0000000081100000, 0x0000000081100000|100%| O|  |TAMS 0x0000000081100000, 0x0000000081100000| Untracked 
|  17|0x0000000081100000, 0x0000000081200000, 0x0000000081200000|100%| O|  |TAMS 0x0000000081200000, 0x0000000081200000| Untracked 
|  18|0x0000000081200000, 0x0000000081300000, 0x0000000081300000|100%| O|  |TAMS 0x0000000081300000, 0x0000000081300000| Untracked 
|  19|0x0000000081300000, 0x0000000081400000, 0x0000000081400000|100%| O|  |TAMS 0x0000000081400000, 0x0000000081400000| Untracked 
|  20|0x0000000081400000, 0x0000000081500000, 0x0000000081500000|100%|HS|  |TAMS 0x0000000081500000, 0x0000000081500000| Complete 
|  21|0x0000000081500000, 0x0000000081600000, 0x0000000081600000|100%| O|  |TAMS 0x0000000081600000, 0x0000000081600000| Untracked 
|  22|0x0000000081600000, 0x0000000081700000, 0x0000000081700000|100%| O|  |TAMS 0x0000000081700000, 0x0000000081700000| Untracked 
|  23|0x0000000081700000, 0x0000000081800000, 0x0000000081800000|100%| O|  |TAMS 0x0000000081800000, 0x0000000081800000| Untracked 
|  24|0x0000000081800000, 0x0000000081900000, 0x0000000081900000|100%|HS|  |TAMS 0x0000000081900000, 0x0000000081900000| Complete 
|  25|0x0000000081900000, 0x0000000081a00000, 0x0000000081a00000|100%|HS|  |TAMS 0x0000000081a00000, 0x0000000081a00000| Complete 
|  26|0x0000000081a00000, 0x0000000081b00000, 0x0000000081b00000|100%|HC|  |TAMS 0x0000000081b00000, 0x0000000081b00000| Complete 
|  27|0x0000000081b00000, 0x0000000081c00000, 0x0000000081c00000|100%|HC|  |TAMS 0x0000000081c00000, 0x0000000081c00000| Complete 
|  28|0x0000000081c00000, 0x0000000081d00000, 0x0000000081d00000|100%|HS|  |TAMS 0x0000000081d00000, 0x0000000081d00000| Complete 
|  29|0x0000000081d00000, 0x0000000081e00000, 0x0000000081e00000|100%|HC|  |TAMS 0x0000000081e00000, 0x0000000081e00000| Complete 
|  30|0x0000000081e00000, 0x0000000081f00000, 0x0000000081f00000|100%| O|  |TAMS 0x0000000081f00000, 0x0000000081f00000| Untracked 
|  31|0x0000000081f00000, 0x0000000082000000, 0x0000000082000000|100%| O|  |TAMS 0x0000000082000000, 0x0000000082000000| Untracked 
|  32|0x0000000082000000, 0x0000000082100000, 0x0000000082100000|100%| O|  |TAMS 0x0000000082100000, 0x0000000082100000| Untracked 
|  33|0x0000000082100000, 0x0000000082200000, 0x0000000082200000|100%| O|  |TAMS 0x0000000082200000, 0x0000000082200000| Untracked 
|  34|0x0000000082200000, 0x0000000082300000, 0x0000000082300000|100%| O|  |TAMS 0x0000000082300000, 0x0000000082300000| Untracked 
|  35|0x0000000082300000, 0x0000000082400000, 0x0000000082400000|100%| O|  |TAMS 0x0000000082400000, 0x0000000082400000| Untracked 
|  36|0x0000000082400000, 0x0000000082500000, 0x0000000082500000|100%| O|  |TAMS 0x0000000082500000, 0x0000000082500000| Untracked 
|  37|0x0000000082500000, 0x0000000082600000, 0x0000000082600000|100%| O|  |TAMS 0x0000000082600000, 0x0000000082600000| Untracked 
|  38|0x0000000082600000, 0x0000000082700000, 0x0000000082700000|100%| O|  |TAMS 0x0000000082700000, 0x0000000082700000| Untracked 
|  39|0x0000000082700000, 0x0000000082800000, 0x0000000082800000|100%| O|  |TAMS 0x0000000082800000, 0x0000000082800000| Untracked 
|  40|0x0000000082800000, 0x0000000082900000, 0x0000000082900000|100%| O|  |TAMS 0x0000000082900000, 0x0000000082900000| Untracked 
|  41|0x0000000082900000, 0x0000000082a00000, 0x0000000082a00000|100%| O|  |TAMS 0x0000000082a00000, 0x0000000082a00000| Untracked 
|  42|0x0000000082a00000, 0x0000000082b00000, 0x0000000082b00000|100%| O|  |TAMS 0x0000000082b00000, 0x0000000082b00000| Untracked 
|  43|0x0000000082b00000, 0x0000000082c00000, 0x0000000082c00000|100%| O|  |TAMS 0x0000000082c00000, 0x0000000082c00000| Untracked 
|  44|0x0000000082c00000, 0x0000000082d00000, 0x0000000082d00000|100%| O|  |TAMS 0x0000000082d00000, 0x0000000082d00000| Untracked 
|  45|0x0000000082d00000, 0x0000000082e00000, 0x0000000082e00000|100%| O|  |TAMS 0x0000000082e00000, 0x0000000082e00000| Untracked 
|  46|0x0000000082e00000, 0x0000000082f00000, 0x0000000082f00000|100%| O|  |TAMS 0x0000000082e00000, 0x0000000082f00000| Untracked 
|  47|0x0000000082f00000, 0x0000000083000000, 0x0000000083000000|100%| O|  |TAMS 0x0000000083000000, 0x0000000083000000| Untracked 
|  48|0x0000000083000000, 0x0000000083000000, 0x0000000083100000|  0%| F|  |TAMS 0x0000000083000000, 0x0000000083000000| Untracked 
|  49|0x0000000083100000, 0x0000000083200000, 0x0000000083200000|100%| O|  |TAMS 0x0000000083200000, 0x0000000083200000| Untracked 
|  50|0x0000000083200000, 0x0000000083300000, 0x0000000083300000|100%| O|  |TAMS 0x0000000083300000, 0x0000000083300000| Untracked 
|  51|0x0000000083300000, 0x0000000083400000, 0x0000000083400000|100%| O|  |TAMS 0x0000000083400000, 0x0000000083400000| Untracked 
|  52|0x0000000083400000, 0x0000000083400000, 0x0000000083500000|  0%| F|  |TAMS 0x0000000083400000, 0x0000000083400000| Untracked 
|  53|0x0000000083500000, 0x0000000083600000, 0x0000000083600000|100%| O|  |TAMS 0x0000000083500000, 0x0000000083600000| Untracked 
|  54|0x0000000083600000, 0x0000000083700000, 0x0000000083700000|100%| O|  |TAMS 0x0000000083600000, 0x0000000083700000| Untracked 
|  55|0x0000000083700000, 0x0000000083800000, 0x0000000083800000|100%| O|  |TAMS 0x0000000083700000, 0x0000000083800000| Untracked 
|  56|0x0000000083800000, 0x0000000083900000, 0x0000000083900000|100%| O|  |TAMS 0x0000000083800000, 0x0000000083900000| Untracked 
|  57|0x0000000083900000, 0x0000000083a00000, 0x0000000083a00000|100%| O|  |TAMS 0x0000000083a00000, 0x0000000083a00000| Untracked 
|  58|0x0000000083a00000, 0x0000000083b00000, 0x0000000083b00000|100%| O|  |TAMS 0x0000000083a00000, 0x0000000083b00000| Untracked 
|  59|0x0000000083b00000, 0x0000000083c00000, 0x0000000083c00000|100%| O|  |TAMS 0x0000000083c00000, 0x0000000083c00000| Untracked 
|  60|0x0000000083c00000, 0x0000000083d00000, 0x0000000083d00000|100%| O|  |TAMS 0x0000000083d00000, 0x0000000083d00000| Untracked 
|  61|0x0000000083d00000, 0x0000000083e00000, 0x0000000083e00000|100%| O|  |TAMS 0x0000000083e00000, 0x0000000083e00000| Untracked 
|  62|0x0000000083e00000, 0x0000000083f00000, 0x0000000083f00000|100%| O|  |TAMS 0x0000000083f00000, 0x0000000083f00000| Untracked 
|  63|0x0000000083f00000, 0x0000000084000000, 0x0000000084000000|100%| O|  |TAMS 0x0000000084000000, 0x0000000084000000| Untracked 
|  64|0x0000000084000000, 0x0000000084000000, 0x0000000084100000|  0%| F|  |TAMS 0x0000000084000000, 0x0000000084000000| Untracked 
|  65|0x0000000084100000, 0x0000000084200000, 0x0000000084200000|100%| O|  |TAMS 0x0000000084200000, 0x0000000084200000| Untracked 
|  66|0x0000000084200000, 0x0000000084300000, 0x0000000084300000|100%| O|  |TAMS 0x0000000084300000, 0x0000000084300000| Untracked 
|  67|0x0000000084300000, 0x0000000084400000, 0x0000000084400000|100%| O|  |TAMS 0x0000000084400000, 0x0000000084400000| Untracked 
|  68|0x0000000084400000, 0x0000000084500000, 0x0000000084500000|100%| O|  |TAMS 0x0000000084400000, 0x0000000084500000| Untracked 
|  69|0x0000000084500000, 0x0000000084600000, 0x0000000084600000|100%| O|  |TAMS 0x0000000084600000, 0x0000000084600000| Untracked 
|  70|0x0000000084600000, 0x0000000084700000, 0x0000000084700000|100%| O|  |TAMS 0x0000000084600000, 0x0000000084700000| Untracked 
|  71|0x0000000084700000, 0x0000000084800000, 0x0000000084800000|100%| O|  |TAMS 0x0000000084700000, 0x0000000084800000| Untracked 
|  72|0x0000000084800000, 0x0000000084900000, 0x0000000084900000|100%| O|  |TAMS 0x0000000084900000, 0x0000000084900000| Untracked 
|  73|0x0000000084900000, 0x0000000084a00000, 0x0000000084a00000|100%| O|  |TAMS 0x0000000084900000, 0x0000000084a00000| Untracked 
|  74|0x0000000084a00000, 0x0000000084b00000, 0x0000000084b00000|100%| O|  |TAMS 0x0000000084b00000, 0x0000000084b00000| Untracked 
|  75|0x0000000084b00000, 0x0000000084c00000, 0x0000000084c00000|100%| O|  |TAMS 0x0000000084c00000, 0x0000000084c00000| Untracked 
|  76|0x0000000084c00000, 0x0000000084d00000, 0x0000000084d00000|100%| O|  |TAMS 0x0000000084d00000, 0x0000000084d00000| Untracked 
|  77|0x0000000084d00000, 0x0000000084d8ca00, 0x0000000084e00000| 54%| O|  |TAMS 0x0000000084d00000, 0x0000000084d8ca00| Untracked 
|  78|0x0000000084e00000, 0x0000000084e00000, 0x0000000084f00000|  0%| F|  |TAMS 0x0000000084e00000, 0x0000000084e00000| Untracked 
|  79|0x0000000084f00000, 0x0000000084f00000, 0x0000000085000000|  0%| F|  |TAMS 0x0000000084f00000, 0x0000000084f00000| Untracked 
|  80|0x0000000085000000, 0x0000000085000000, 0x0000000085100000|  0%| F|  |TAMS 0x0000000085000000, 0x0000000085000000| Untracked 
|  81|0x0000000085100000, 0x0000000085100000, 0x0000000085200000|  0%| F|  |TAMS 0x0000000085100000, 0x0000000085100000| Untracked 
|  82|0x0000000085200000, 0x0000000085200000, 0x0000000085300000|  0%| F|  |TAMS 0x0000000085200000, 0x0000000085200000| Untracked 
|  83|0x0000000085300000, 0x0000000085300000, 0x0000000085400000|  0%| F|  |TAMS 0x0000000085300000, 0x0000000085300000| Untracked 
|  84|0x0000000085400000, 0x0000000085400000, 0x0000000085500000|  0%| F|  |TAMS 0x0000000085400000, 0x0000000085400000| Untracked 
|  85|0x0000000085500000, 0x0000000085600000, 0x0000000085600000|100%| O|  |TAMS 0x0000000085600000, 0x0000000085600000| Untracked 
|  86|0x0000000085600000, 0x0000000085600000, 0x0000000085700000|  0%| F|  |TAMS 0x0000000085600000, 0x0000000085600000| Untracked 
|  87|0x0000000085700000, 0x0000000085700000, 0x0000000085800000|  0%| F|  |TAMS 0x0000000085700000, 0x0000000085700000| Untracked 
|  88|0x0000000085800000, 0x0000000085800000, 0x0000000085900000|  0%| F|  |TAMS 0x0000000085800000, 0x0000000085800000| Untracked 
|  89|0x0000000085900000, 0x0000000085a00000, 0x0000000085a00000|100%| O|  |TAMS 0x0000000085a00000, 0x0000000085a00000| Untracked 
|  90|0x0000000085a00000, 0x0000000085a00000, 0x0000000085b00000|  0%| F|  |TAMS 0x0000000085a00000, 0x0000000085a00000| Untracked 
|  91|0x0000000085b00000, 0x0000000085c00000, 0x0000000085c00000|100%| O|  |TAMS 0x0000000085c00000, 0x0000000085c00000| Untracked 
|  92|0x0000000085c00000, 0x0000000085d00000, 0x0000000085d00000|100%| O|  |TAMS 0x0000000085d00000, 0x0000000085d00000| Untracked 
|  93|0x0000000085d00000, 0x0000000085e00000, 0x0000000085e00000|100%| O|  |TAMS 0x0000000085e00000, 0x0000000085e00000| Untracked 
|  94|0x0000000085e00000, 0x0000000085f00000, 0x0000000085f00000|100%| O|  |TAMS 0x0000000085f00000, 0x0000000085f00000| Untracked 
|  95|0x0000000085f00000, 0x0000000085f00000, 0x0000000086000000|  0%| F|  |TAMS 0x0000000085f00000, 0x0000000085f00000| Untracked 
|  96|0x0000000086000000, 0x0000000086000000, 0x0000000086100000|  0%| F|  |TAMS 0x0000000086000000, 0x0000000086000000| Untracked 
|  97|0x0000000086100000, 0x0000000086100000, 0x0000000086200000|  0%| F|  |TAMS 0x0000000086100000, 0x0000000086100000| Untracked 
|  98|0x0000000086200000, 0x0000000086200000, 0x0000000086300000|  0%| F|  |TAMS 0x0000000086200000, 0x0000000086200000| Untracked 
|  99|0x0000000086300000, 0x0000000086300000, 0x0000000086400000|  0%| F|  |TAMS 0x0000000086300000, 0x0000000086300000| Untracked 
| 100|0x0000000086400000, 0x0000000086400000, 0x0000000086500000|  0%| F|  |TAMS 0x0000000086400000, 0x0000000086400000| Untracked 
| 101|0x0000000086500000, 0x0000000086500000, 0x0000000086600000|  0%| F|  |TAMS 0x0000000086500000, 0x0000000086500000| Untracked 
| 102|0x0000000086600000, 0x0000000086600000, 0x0000000086700000|  0%| F|  |TAMS 0x0000000086600000, 0x0000000086600000| Untracked 
| 103|0x0000000086700000, 0x0000000086700000, 0x0000000086800000|  0%| F|  |TAMS 0x0000000086700000, 0x0000000086700000| Untracked 
| 104|0x0000000086800000, 0x0000000086800000, 0x0000000086900000|  0%| F|  |TAMS 0x0000000086800000, 0x0000000086800000| Untracked 
| 105|0x0000000086900000, 0x0000000086900000, 0x0000000086a00000|  0%| F|  |TAMS 0x0000000086900000, 0x0000000086900000| Untracked 
| 106|0x0000000086a00000, 0x0000000086a00000, 0x0000000086b00000|  0%| F|  |TAMS 0x0000000086a00000, 0x0000000086a00000| Untracked 
| 107|0x0000000086b00000, 0x0000000086b00000, 0x0000000086c00000|  0%| F|  |TAMS 0x0000000086b00000, 0x0000000086b00000| Untracked 
| 108|0x0000000086c00000, 0x0000000086c00000, 0x0000000086d00000|  0%| F|  |TAMS 0x0000000086c00000, 0x0000000086c00000| Untracked 
| 109|0x0000000086d00000, 0x0000000086d00000, 0x0000000086e00000|  0%| F|  |TAMS 0x0000000086d00000, 0x0000000086d00000| Untracked 
| 110|0x0000000086e00000, 0x0000000086e00000, 0x0000000086f00000|  0%| F|  |TAMS 0x0000000086e00000, 0x0000000086e00000| Untracked 
| 111|0x0000000086f00000, 0x0000000086f00000, 0x0000000087000000|  0%| F|  |TAMS 0x0000000086f00000, 0x0000000086f00000| Untracked 
| 112|0x0000000087000000, 0x0000000087000000, 0x0000000087100000|  0%| F|  |TAMS 0x0000000087000000, 0x0000000087000000| Untracked 
| 113|0x0000000087100000, 0x0000000087100000, 0x0000000087200000|  0%| F|  |TAMS 0x0000000087100000, 0x0000000087100000| Untracked 
| 114|0x0000000087200000, 0x0000000087200000, 0x0000000087300000|  0%| F|  |TAMS 0x0000000087200000, 0x0000000087200000| Untracked 
| 115|0x0000000087300000, 0x0000000087300000, 0x0000000087400000|  0%| F|  |TAMS 0x0000000087300000, 0x0000000087300000| Untracked 
| 116|0x0000000087400000, 0x0000000087400000, 0x0000000087500000|  0%| F|  |TAMS 0x0000000087400000, 0x0000000087400000| Untracked 
| 117|0x0000000087500000, 0x0000000087500000, 0x0000000087600000|  0%| F|  |TAMS 0x0000000087500000, 0x0000000087500000| Untracked 
| 118|0x0000000087600000, 0x0000000087600000, 0x0000000087700000|  0%| F|  |TAMS 0x0000000087600000, 0x0000000087600000| Untracked 
| 119|0x0000000087700000, 0x0000000087700000, 0x0000000087800000|  0%| F|  |TAMS 0x0000000087700000, 0x0000000087700000| Untracked 
| 120|0x0000000087800000, 0x0000000087800000, 0x0000000087900000|  0%| F|  |TAMS 0x0000000087800000, 0x0000000087800000| Untracked 
| 121|0x0000000087900000, 0x0000000087900000, 0x0000000087a00000|  0%| F|  |TAMS 0x0000000087900000, 0x0000000087900000| Untracked 
| 122|0x0000000087a00000, 0x0000000087a00000, 0x0000000087b00000|  0%| F|  |TAMS 0x0000000087a00000, 0x0000000087a00000| Untracked 
| 123|0x0000000087b00000, 0x0000000087be04a0, 0x0000000087c00000| 87%| S|CS|TAMS 0x0000000087b00000, 0x0000000087b00000| Complete 
| 124|0x0000000087c00000, 0x0000000087d00000, 0x0000000087d00000|100%| S|CS|TAMS 0x0000000087c00000, 0x0000000087c00000| Complete 
| 125|0x0000000087d00000, 0x0000000087d00000, 0x0000000087e00000|  0%| F|  |TAMS 0x0000000087d00000, 0x0000000087d00000| Untracked 
| 126|0x0000000087e00000, 0x0000000087e00000, 0x0000000087f00000|  0%| F|  |TAMS 0x0000000087e00000, 0x0000000087e00000| Untracked 
| 127|0x0000000087f00000, 0x0000000087f00000, 0x0000000088000000|  0%| F|  |TAMS 0x0000000087f00000, 0x0000000087f00000| Untracked 
| 128|0x0000000088000000, 0x0000000088000000, 0x0000000088100000|  0%| F|  |TAMS 0x0000000088000000, 0x0000000088000000| Untracked 
| 129|0x0000000088100000, 0x0000000088100000, 0x0000000088200000|  0%| F|  |TAMS 0x0000000088100000, 0x0000000088100000| Untracked 
| 130|0x0000000088200000, 0x0000000088200000, 0x0000000088300000|  0%| F|  |TAMS 0x0000000088200000, 0x0000000088200000| Untracked 
| 131|0x0000000088300000, 0x0000000088300000, 0x0000000088400000|  0%| F|  |TAMS 0x0000000088300000, 0x0000000088300000| Untracked 
| 132|0x0000000088400000, 0x0000000088400000, 0x0000000088500000|  0%| F|  |TAMS 0x0000000088400000, 0x0000000088400000| Untracked 
| 133|0x0000000088500000, 0x0000000088500000, 0x0000000088600000|  0%| F|  |TAMS 0x0000000088500000, 0x0000000088500000| Untracked 
| 134|0x0000000088600000, 0x0000000088600000, 0x0000000088700000|  0%| F|  |TAMS 0x0000000088600000, 0x0000000088600000| Untracked 
| 135|0x0000000088700000, 0x0000000088700000, 0x0000000088800000|  0%| F|  |TAMS 0x0000000088700000, 0x0000000088700000| Untracked 
| 136|0x0000000088800000, 0x0000000088800000, 0x0000000088900000|  0%| F|  |TAMS 0x0000000088800000, 0x0000000088800000| Untracked 
| 137|0x0000000088900000, 0x0000000088900000, 0x0000000088a00000|  0%| F|  |TAMS 0x0000000088900000, 0x0000000088900000| Untracked 
| 138|0x0000000088a00000, 0x0000000088a00000, 0x0000000088b00000|  0%| F|  |TAMS 0x0000000088a00000, 0x0000000088a00000| Untracked 
| 139|0x0000000088b00000, 0x0000000088b00000, 0x0000000088c00000|  0%| F|  |TAMS 0x0000000088b00000, 0x0000000088b00000| Untracked 
| 140|0x0000000088c00000, 0x0000000088c00000, 0x0000000088d00000|  0%| F|  |TAMS 0x0000000088c00000, 0x0000000088c00000| Untracked 
| 141|0x0000000088d00000, 0x0000000088d00000, 0x0000000088e00000|  0%| F|  |TAMS 0x0000000088d00000, 0x0000000088d00000| Untracked 
| 142|0x0000000088e00000, 0x0000000088e00000, 0x0000000088f00000|  0%| F|  |TAMS 0x0000000088e00000, 0x0000000088e00000| Untracked 
| 143|0x0000000088f00000, 0x0000000088f00000, 0x0000000089000000|  0%| F|  |TAMS 0x0000000088f00000, 0x0000000088f00000| Untracked 
| 144|0x0000000089000000, 0x0000000089000000, 0x0000000089100000|  0%| F|  |TAMS 0x0000000089000000, 0x0000000089000000| Untracked 
| 145|0x0000000089100000, 0x0000000089100000, 0x0000000089200000|  0%| F|  |TAMS 0x0000000089100000, 0x0000000089100000| Untracked 
| 146|0x0000000089200000, 0x0000000089200000, 0x0000000089300000|  0%| F|  |TAMS 0x0000000089200000, 0x0000000089200000| Untracked 
| 147|0x0000000089300000, 0x0000000089300000, 0x0000000089400000|  0%| F|  |TAMS 0x0000000089300000, 0x0000000089300000| Untracked 
| 148|0x0000000089400000, 0x0000000089400000, 0x0000000089500000|  0%| F|  |TAMS 0x0000000089400000, 0x0000000089400000| Untracked 
| 149|0x0000000089500000, 0x0000000089500000, 0x0000000089600000|  0%| F|  |TAMS 0x0000000089500000, 0x0000000089500000| Untracked 
| 150|0x0000000089600000, 0x0000000089600000, 0x0000000089700000|  0%| F|  |TAMS 0x0000000089600000, 0x0000000089600000| Untracked 
| 151|0x0000000089700000, 0x0000000089700000, 0x0000000089800000|  0%| F|  |TAMS 0x0000000089700000, 0x0000000089700000| Untracked 
| 152|0x0000000089800000, 0x0000000089800000, 0x0000000089900000|  0%| F|  |TAMS 0x0000000089800000, 0x0000000089800000| Untracked 
| 153|0x0000000089900000, 0x0000000089900000, 0x0000000089a00000|  0%| F|  |TAMS 0x0000000089900000, 0x0000000089900000| Untracked 
| 154|0x0000000089a00000, 0x0000000089a00000, 0x0000000089b00000|  0%| F|  |TAMS 0x0000000089a00000, 0x0000000089a00000| Untracked 
| 155|0x0000000089b00000, 0x0000000089b00000, 0x0000000089c00000|  0%| F|  |TAMS 0x0000000089b00000, 0x0000000089b00000| Untracked 

Card table byte_map: [0x00000171f5ba0000,0x00000171f5fa0000] _byte_map_base: 0x00000171f57a0000

Marking Bits (Prev, Next): (CMBitMap*) 0x00000171e2e6d4e8, (CMBitMap*) 0x00000171e2e6d520
 Prev Bits: [0x00000171f63a0000, 0x00000171f83a0000)
 Next Bits: [0x00000171f83a0000, 0x00000171fa3a0000)

Polling page: 0x00000171e0c60000

Metaspace:

Usage:
  Non-class:     99.53 MB capacity,    97.92 MB ( 98%) used,     1.29 MB (  1%) free+waste,   316.75 KB ( <1%) overhead. 
      Class:     14.90 MB capacity,    13.90 MB ( 93%) used,   884.91 KB (  6%) free+waste,   140.44 KB ( <1%) overhead. 
       Both:    114.43 MB capacity,   111.83 MB ( 98%) used,     2.16 MB (  2%) free+waste,   457.19 KB ( <1%) overhead. 

Virtual space:
  Non-class space:      100.00 MB reserved,      99.95 MB (>99%) committed 
      Class space:        1.00 GB reserved,      15.13 MB (  1%) committed 
             Both:        1.10 GB reserved,     115.08 MB ( 10%) committed 

Chunk freelists:
   Non-Class:  310.00 KB
       Class:  131.00 KB
        Both:  441.00 KB

MaxMetaspaceSize: 17179869184.00 GB
CompressedClassSpaceSize: 1.00 GB

CodeHeap 'non-profiled nmethods': size=120064Kb used=9206Kb max_used=9206Kb free=110857Kb
 bounds [0x00000171ee260000, 0x00000171eeb70000, 0x00000171f57a0000]
CodeHeap 'profiled nmethods': size=120000Kb used=32605Kb max_used=32605Kb free=87394Kb
 bounds [0x00000171e6d30000, 0x00000171e8d30000, 0x00000171ee260000]
CodeHeap 'non-nmethods': size=5696Kb used=2357Kb max_used=2414Kb free=3338Kb
 bounds [0x00000171e67a0000, 0x00000171e6a10000, 0x00000171e6d30000]
 total_blobs=17207 nmethods=16222 adapters=894
 compilation: enabled
              stopped_count=0, restarted_count=0
 full_count=0

Compilation events (20 events):
Event: 13056.569 Thread 0x00000171fc885000 19376       2       kotlin.collections.CollectionsKt___CollectionsKt::toMutableSet (51 bytes)
Event: 13056.570 Thread 0x00000171fc885000 nmethod 19376 0x00000171e8d2d010 code [0x00000171e8d2d260, 0x00000171e8d2d7f8]
Event: 13056.572 Thread 0x00000171fc885000 19377       2       org.gradle.api.internal.provider.AbstractCollectionProperty$FixedSupplier::calculateValue (8 bytes)
Event: 13056.573 Thread 0x00000171fc885000 nmethod 19377 0x00000171e8d2da90 code [0x00000171e8d2dc60, 0x00000171e8d2dec8]
Event: 13056.577 Thread 0x00000171fc885000 19378   !   2       org.gradle.api.tasks.util.internal.CachingPatternSpecFactory::createSpec (53 bytes)
Event: 13056.578 Thread 0x00000171fc885000 nmethod 19378 0x00000171e8d2e010 code [0x00000171e8d2e240, 0x00000171e8d2e828]
Event: 13056.578 Thread 0x00000171fc885000 19379       2       org.gradle.api.tasks.util.internal.CachingPatternSpecFactory$SpecKey::<init> (8 bytes)
Event: 13056.579 Thread 0x00000171fc885000 nmethod 19379 0x00000171e8d2ed10 code [0x00000171e8d2eec0, 0x00000171e8d2efc8]
Event: 13056.579 Thread 0x00000171fc885000 19380       2       org.gradle.api.tasks.util.internal.CachingPatternSpecFactory$SpecKey::<init> (49 bytes)
Event: 13056.579 Thread 0x00000171fc885000 nmethod 19380 0x00000171e8d2f090 code [0x00000171e8d2f260, 0x00000171e8d2f6e8]
Event: 13056.586 Thread 0x00000171fc87c000 nmethod 19352 0x00000171eeb5dd10 code [0x00000171eeb5df20, 0x00000171eeb5ee78]
Event: 13056.586 Thread 0x00000171fc87c000 19328  s    4       java.io.BufferedOutputStream::write (67 bytes)
Event: 13056.590 Thread 0x00000171fc885000 19381       2       org.gradle.internal.operations.BuildOperationState::getId (8 bytes)
Event: 13056.590 Thread 0x00000171fc885000 nmethod 19381 0x00000171e8d2f890 code [0x00000171e8d2fa40, 0x00000171e8d2fb38]
Event: 13056.597 Thread 0x00000171fc87c000 nmethod 19328 0x00000171eeb5f690 code [0x00000171eeb5f860, 0x00000171eeb5fe98]
Event: 13056.597 Thread 0x00000171fc87c000 19367       4       it.unimi.dsi.fastutil.ints.IntOpenHashSet$SetIterator::nextInt (128 bytes)
Event: 13056.597 Thread 0x00000171fc885000 19382       2       org.gradle.api.internal.file.collections.DefaultConfigurableFileCollection$EmptyCollector::visitContents (1 bytes)
Event: 13056.597 Thread 0x00000171fc885000 nmethod 19382 0x00000171e8d2fc10 code [0x00000171e8d2fdc0, 0x00000171e8d2feb8]
Event: 13056.601 Thread 0x00000171fc87c000 nmethod 19367 0x00000171eeb60190 code [0x00000171eeb60320, 0x00000171eeb60478]
Event: 13056.601 Thread 0x00000171fc87c000 19342       4       com.esotericsoftware.kryo.io.Output::writeInt (81 bytes)

GC Heap History (20 events):
Event: 13029.948 GC heap after
{Heap after GC invocations=70 (full 0):
 garbage-first heap   total 159744K, used 90797K [0x0000000080000000, 0x0000000100000000)
  region size 1024K, 6 young (6144K), 6 survivors (6144K)
 Metaspace       used 108112K, capacity 110771K, committed 111568K, reserved 1146880K
  class space    used 13735K, capacity 14710K, committed 14848K, reserved 1048576K
}
Event: 13031.037 GC heap before
{Heap before GC invocations=71 (full 0):
 garbage-first heap   total 159744K, used 140973K [0x0000000080000000, 0x0000000100000000)
  region size 1024K, 38 young (38912K), 6 survivors (6144K)
 Metaspace       used 108964K, capacity 111471K, committed 112464K, reserved 1146880K
  class space    used 13783K, capacity 14711K, committed 14976K, reserved 1048576K
}
Event: 13031.063 GC heap after
{Heap after GC invocations=72 (full 0):
 garbage-first heap   total 159744K, used 91944K [0x0000000080000000, 0x0000000100000000)
  region size 1024K, 2 young (2048K), 2 survivors (2048K)
 Metaspace       used 108964K, capacity 111471K, committed 112464K, reserved 1146880K
  class space    used 13783K, capacity 14711K, committed 14976K, reserved 1048576K
}
Event: 13031.304 GC heap before
{Heap before GC invocations=72 (full 0):
 garbage-first heap   total 159744K, used 96040K [0x0000000080000000, 0x0000000100000000)
  region size 1024K, 7 young (7168K), 2 survivors (2048K)
 Metaspace       used 109892K, capacity 112443K, committed 113232K, reserved 1146880K
  class space    used 13863K, capacity 14777K, committed 14976K, reserved 1048576K
}
Event: 13031.316 GC heap after
{Heap after GC invocations=73 (full 0):
 garbage-first heap   total 159744K, used 92243K [0x0000000080000000, 0x0000000100000000)
  region size 1024K, 1 young (1024K), 1 survivors (1024K)
 Metaspace       used 109892K, capacity 112443K, committed 113232K, reserved 1146880K
  class space    used 13863K, capacity 14777K, committed 14976K, reserved 1048576K
}
Event: 13032.135 GC heap before
{Heap before GC invocations=73 (full 0):
 garbage-first heap   total 159744K, used 123987K [0x0000000080000000, 0x0000000100000000)
  region size 1024K, 33 young (33792K), 1 survivors (1024K)
 Metaspace       used 110146K, capacity 112667K, committed 113616K, reserved 1148928K
  class space    used 13875K, capacity 14809K, committed 15104K, reserved 1048576K
}
Event: 13032.143 GC heap after
{Heap after GC invocations=74 (full 0):
 garbage-first heap   total 159744K, used 93419K [0x0000000080000000, 0x0000000100000000)
  region size 1024K, 2 young (2048K), 2 survivors (2048K)
 Metaspace       used 110146K, capacity 112667K, committed 113616K, reserved 1148928K
  class space    used 13875K, capacity 14809K, committed 15104K, reserved 1048576K
}
Event: 13033.173 GC heap before
{Heap before GC invocations=75 (full 0):
 garbage-first heap   total 159744K, used 126187K [0x0000000080000000, 0x0000000100000000)
  region size 1024K, 35 young (35840K), 2 survivors (2048K)
 Metaspace       used 112043K, capacity 114531K, committed 115536K, reserved 1148928K
  class space    used 14027K, capacity 14938K, committed 15232K, reserved 1048576K
}
Event: 13033.188 GC heap after
{Heap after GC invocations=76 (full 0):
 garbage-first heap   total 159744K, used 96756K [0x0000000080000000, 0x0000000100000000)
  region size 1024K, 5 young (5120K), 5 survivors (5120K)
 Metaspace       used 112043K, capacity 114531K, committed 115536K, reserved 1148928K
  class space    used 14027K, capacity 14938K, committed 15232K, reserved 1048576K
}
Event: 13033.217 GC heap before
{Heap before GC invocations=76 (full 0):
 garbage-first heap   total 159744K, used 98804K [0x0000000080000000, 0x0000000100000000)
  region size 1024K, 7 young (7168K), 5 survivors (5120K)
 Metaspace       used 112166K, capacity 114627K, committed 115536K, reserved 1148928K
  class space    used 14038K, capacity 14970K, committed 15232K, reserved 1048576K
}
Event: 13033.240 GC heap after
{Heap after GC invocations=77 (full 0):
 garbage-first heap   total 159744K, used 85705K [0x0000000080000000, 0x0000000100000000)
  region size 1024K, 1 young (1024K), 1 survivors (1024K)
 Metaspace       used 112166K, capacity 114627K, committed 115536K, reserved 1148928K
  class space    used 14038K, capacity 14970K, committed 15232K, reserved 1048576K
}
Event: 13033.484 GC heap before
{Heap before GC invocations=77 (full 0):
 garbage-first heap   total 159744K, used 90825K [0x0000000080000000, 0x0000000100000000)
  region size 1024K, 7 young (7168K), 1 survivors (1024K)
 Metaspace       used 112358K, capacity 114943K, committed 115792K, reserved 1150976K
  class space    used 14050K, capacity 14980K, committed 15232K, reserved 1048576K
}
Event: 13033.511 GC heap after
{Heap after GC invocations=78 (full 0):
 garbage-first heap   total 159744K, used 85705K [0x0000000080000000, 0x0000000100000000)
  region size 1024K, 1 young (1024K), 1 survivors (1024K)
 Metaspace       used 112358K, capacity 114943K, committed 115792K, reserved 1150976K
  class space    used 14050K, capacity 14980K, committed 15232K, reserved 1048576K
}
Event: 13036.734 GC heap before
{Heap before GC invocations=78 (full 0):
 garbage-first heap   total 159744K, used 121545K [0x0000000080000000, 0x0000000100000000)
  region size 1024K, 37 young (37888K), 1 survivors (1024K)
 Metaspace       used 113353K, capacity 115951K, committed 116688K, reserved 1150976K
  class space    used 14160K, capacity 15119K, committed 15360K, reserved 1048576K
}
Event: 13036.759 GC heap after
{Heap after GC invocations=79 (full 0):
 garbage-first heap   total 159744K, used 90993K [0x0000000080000000, 0x0000000100000000)
  region size 1024K, 5 young (5120K), 5 survivors (5120K)
 Metaspace       used 113353K, capacity 115951K, committed 116688K, reserved 1150976K
  class space    used 14160K, capacity 15119K, committed 15360K, reserved 1048576K
}
Event: 13037.225 GC heap before
{Heap before GC invocations=80 (full 0):
 garbage-first heap   total 159744K, used 124785K [0x0000000080000000, 0x0000000100000000)
  region size 1024K, 39 young (39936K), 5 survivors (5120K)
 Metaspace       used 113864K, capacity 116461K, committed 117200K, reserved 1150976K
  class space    used 14187K, capacity 15159K, committed 15360K, reserved 1048576K
}
Event: 13037.244 GC heap after
{Heap after GC invocations=81 (full 0):
 garbage-first heap   total 159744K, used 91068K [0x0000000080000000, 0x0000000100000000)
  region size 1024K, 2 young (2048K), 2 survivors (2048K)
 Metaspace       used 113864K, capacity 116461K, committed 117200K, reserved 1150976K
  class space    used 14187K, capacity 15159K, committed 15360K, reserved 1048576K
}
Event: 13037.342 GC heap before
{Heap before GC invocations=81 (full 0):
 garbage-first heap   total 159744K, used 95164K [0x0000000080000000, 0x0000000100000000)
  region size 1024K, 7 young (7168K), 2 survivors (2048K)
 Metaspace       used 113981K, capacity 116546K, committed 117200K, reserved 1150976K
  class space    used 14195K, capacity 15166K, committed 15360K, reserved 1048576K
}
Event: 13037.366 GC heap after
{Heap after GC invocations=82 (full 0):
 garbage-first heap   total 159744K, used 83480K [0x0000000080000000, 0x0000000100000000)
  region size 1024K, 1 young (1024K), 1 survivors (1024K)
 Metaspace       used 113981K, capacity 116546K, committed 117200K, reserved 1150976K
  class space    used 14195K, capacity 15166K, committed 15360K, reserved 1048576K
}
Event: 13056.608 GC heap before
{Heap before GC invocations=82 (full 0):
 garbage-first heap   total 159744K, used 112152K [0x0000000080000000, 0x0000000100000000)
  region size 1024K, 31 young (31744K), 1 survivors (1024K)
 Metaspace       used 114509K, capacity 117175K, committed 117840K, reserved 1150976K
  class space    used 14235K, capacity 15261K, committed 15488K, reserved 1048576K
}

Deoptimization events (20 events):
Event: 13056.384 Thread 0x00000171898dc800 Uncommon trap: trap_request=0xffffffde fr.pc=0x00000171eea48b58 relative=0x0000000000000278
Event: 13056.384 Thread 0x00000171898dc800 Uncommon trap: reason=class_check action=maybe_recompile pc=0x00000171eea48b58 method=java.util.Iterator.forEachRemaining(Ljava/util/function/Consumer;)V @ 6 c2
Event: 13056.384 Thread 0x00000171898dc800 DEOPT PACKING pc=0x00000171eea48b58 sp=0x0000005c0eefb200
Event: 13056.384 Thread 0x00000171898dc800 DEOPT UNPACKING pc=0x00000171e67c742f sp=0x0000005c0eefb1c0 mode 2
Event: 13056.440 Thread 0x000001718171f800 Uncommon trap: trap_request=0xffffff4d fr.pc=0x00000171ee3e7f4c relative=0x0000000000000b6c
Event: 13056.440 Thread 0x000001718171f800 Uncommon trap: reason=unstable_if action=reinterpret pc=0x00000171ee3e7f4c method=java.util.GregorianCalendar.computeFields(II)I @ 12 c2
Event: 13056.440 Thread 0x000001718171f800 DEOPT PACKING pc=0x00000171ee3e7f4c sp=0x0000005c071fdc00
Event: 13056.440 Thread 0x000001718171f800 DEOPT UNPACKING pc=0x00000171e67c742f sp=0x0000005c071fdb10 mode 2
Event: 13056.440 Thread 0x000001718171f800 Uncommon trap: trap_request=0xffffff7e fr.pc=0x00000171ee3d3808 relative=0x00000000000001c8
Event: 13056.440 Thread 0x000001718171f800 Uncommon trap: reason=predicate action=maybe_recompile pc=0x00000171ee3d3808 method=sun.util.calendar.ZoneInfo.getTransitionIndex(JI)I @ 16 c2
Event: 13056.440 Thread 0x000001718171f800 DEOPT PACKING pc=0x00000171ee3d3808 sp=0x0000005c071fdbc0
Event: 13056.440 Thread 0x000001718171f800 DEOPT UNPACKING pc=0x00000171e67c742f sp=0x0000005c071fda98 mode 2
Event: 13056.440 Thread 0x000001718171f800 Uncommon trap: trap_request=0xffffff4d fr.pc=0x00000171ee2c56c8 relative=0x0000000000000128
Event: 13056.440 Thread 0x000001718171f800 Uncommon trap: reason=unstable_if action=reinterpret pc=0x00000171ee2c56c8 method=java.util.GregorianCalendar.getWeekNumber(JJ)I @ 48 c2
Event: 13056.440 Thread 0x000001718171f800 DEOPT PACKING pc=0x00000171ee2c56c8 sp=0x0000005c071fdb00
Event: 13056.440 Thread 0x000001718171f800 DEOPT UNPACKING pc=0x00000171e67c742f sp=0x0000005c071fda98 mode 2
Event: 13056.445 Thread 0x000001718171f800 Uncommon trap: trap_request=0xffffff7e fr.pc=0x00000171ee2a3114 relative=0x00000000000000f4
Event: 13056.445 Thread 0x000001718171f800 Uncommon trap: reason=predicate action=maybe_recompile pc=0x00000171ee2a3114 method=sun.util.calendar.ZoneInfo.getTransitionIndex(JI)I @ 16 c2
Event: 13056.445 Thread 0x000001718171f800 DEOPT PACKING pc=0x00000171ee2a3114 sp=0x0000005c071fdb30
Event: 13056.445 Thread 0x000001718171f800 DEOPT UNPACKING pc=0x00000171e67c742f sp=0x0000005c071fda98 mode 2

Classes redefined (0 events):
No events

Internal exceptions (20 events):
Event: 13037.388 Thread 0x00000171898dc800 Exception <a 'sun/nio/fs/WindowsException'{0x0000000089a92ae8}> (0x0000000089a92ae8) thrown at [./src/hotspot/share/prims/jni.cpp, line 615]
Event: 13037.388 Thread 0x00000171898dc800 Exception <a 'sun/nio/fs/WindowsException'{0x0000000089a94860}> (0x0000000089a94860) thrown at [./src/hotspot/share/prims/jni.cpp, line 615]
Event: 13037.389 Thread 0x00000171898dc800 Exception <a 'sun/nio/fs/WindowsException'{0x0000000089a95478}> (0x0000000089a95478) thrown at [./src/hotspot/share/prims/jni.cpp, line 615]
Event: 13037.389 Thread 0x00000171898dc800 Exception <a 'sun/nio/fs/WindowsException'{0x0000000089a98238}> (0x0000000089a98238) thrown at [./src/hotspot/share/prims/jni.cpp, line 615]
Event: 13037.389 Thread 0x00000171898dc800 Exception <a 'sun/nio/fs/WindowsException'{0x0000000089a98e50}> (0x0000000089a98e50) thrown at [./src/hotspot/share/prims/jni.cpp, line 615]
Event: 13037.389 Thread 0x00000171898dc800 Exception <a 'sun/nio/fs/WindowsException'{0x0000000089a9abc8}> (0x0000000089a9abc8) thrown at [./src/hotspot/share/prims/jni.cpp, line 615]
Event: 13037.389 Thread 0x00000171898dc800 Exception <a 'sun/nio/fs/WindowsException'{0x0000000089a9b7e0}> (0x0000000089a9b7e0) thrown at [./src/hotspot/share/prims/jni.cpp, line 615]
Event: 13039.604 Thread 0x00000171898dc800 Exception <a 'java/lang/NoSuchMethodError'{0x00000000898ccd20}: <clinit>> (0x00000000898ccd20) thrown at [./src/hotspot/share/prims/jni.cpp, line 1362]
Event: 13039.605 Thread 0x00000171898dc800 Exception <a 'java/lang/NoSuchMethodError'{0x00000000898deab0}: <clinit>> (0x00000000898deab0) thrown at [./src/hotspot/share/prims/jni.cpp, line 1362]
Event: 13039.614 Thread 0x00000171898dc800 Exception <a 'java/lang/NoSuchMethodError'{0x00000000898e72f0}: <clinit>> (0x00000000898e72f0) thrown at [./src/hotspot/share/prims/jni.cpp, line 1362]
Event: 13039.618 Thread 0x00000171898dc800 Exception <a 'java/lang/NoSuchMethodError'{0x00000000897165c0}: <clinit>> (0x00000000897165c0) thrown at [./src/hotspot/share/prims/jni.cpp, line 1362]
Event: 13039.644 Thread 0x00000171848d2000 Exception <a 'java/lang/InterruptedException'{0x000000008976b100}> (0x000000008976b100) thrown at [./src/hotspot/share/runtime/objectMonitor.cpp, line 1635]
Event: 13039.659 Thread 0x00000171898dc800 Exception <a 'java/lang/NoSuchMethodError'{0x0000000089727318}: <clinit>> (0x0000000089727318) thrown at [./src/hotspot/share/prims/jni.cpp, line 1362]
Event: 13039.661 Thread 0x00000171898dc800 Exception <a 'java/lang/NoSuchMethodError'{0x0000000089737148}: <clinit>> (0x0000000089737148) thrown at [./src/hotspot/share/prims/jni.cpp, line 1362]
Event: 13039.663 Thread 0x00000171898dc800 Exception <a 'java/lang/NoSuchMethodError'{0x00000000897474a0}: <clinit>> (0x00000000897474a0) thrown at [./src/hotspot/share/prims/jni.cpp, line 1362]
Event: 13039.674 Thread 0x00000171898dc800 Exception <a 'java/lang/NoSuchMethodError'{0x000000008975f618}: <clinit>> (0x000000008975f618) thrown at [./src/hotspot/share/prims/jni.cpp, line 1362]
Event: 13039.686 Thread 0x00000171898dc800 Exception <a 'java/lang/NoSuchMethodError'{0x00000000897d1ef8}: <clinit>> (0x00000000897d1ef8) thrown at [./src/hotspot/share/prims/jni.cpp, line 1362]
Event: 13056.566 Thread 0x0000017181719000 Exception <a 'java/lang/NoSuchMethodError'{0x0000000087e31c80}: <clinit>> (0x0000000087e31c80) thrown at [./src/hotspot/share/prims/jni.cpp, line 1362]
Event: 13056.577 Thread 0x00000171898dc800 Exception <a 'sun/nio/fs/WindowsException'{0x0000000087e9d408}> (0x0000000087e9d408) thrown at [./src/hotspot/share/prims/jni.cpp, line 615]
Event: 13056.577 Thread 0x00000171898dc800 Exception <a 'sun/nio/fs/WindowsException'{0x0000000087e9e050}> (0x0000000087e9e050) thrown at [./src/hotspot/share/prims/jni.cpp, line 615]

Events (20 events):
Event: 13056.443 loading class org/apache/tools/zip/JarMarker done
Event: 13056.443 loading class org/apache/tools/zip/Zip64ExtendedInformationExtraField
Event: 13056.443 loading class org/apache/tools/zip/Zip64ExtendedInformationExtraField done
Event: 13056.443 loading class org/apache/tools/zip/CentralDirectoryParsingZipExtraField
Event: 13056.443 loading class org/apache/tools/zip/CentralDirectoryParsingZipExtraField done
Event: 13056.444 loading class org/apache/tools/zip/ZipEightByteInteger
Event: 13056.444 loading class org/apache/tools/zip/ZipEightByteInteger done
Event: 13056.444 loading class org/apache/tools/zip/ZipFile$NameAndComment
Event: 13056.444 loading class org/apache/tools/zip/ZipFile$NameAndComment done
Event: 13056.490 loading class org/gradle/api/internal/file/archive/ZipFileTree$DetailsImpl
Event: 13056.490 loading class org/gradle/api/internal/file/archive/ZipFileTree$DetailsImpl done
Event: 13056.591 Executing VM operation: RevokeBias
Event: 13056.591 Executing VM operation: RevokeBias done
Event: 13056.601 Executing VM operation: RevokeBias
Event: 13056.601 Executing VM operation: RevokeBias done
Event: 13056.603 loading class kotlin/io/ByteStreamsKt
Event: 13056.603 loading class kotlin/io/ByteStreamsKt done
Event: 13056.603 loading class kotlin/io/ByteStreamsKt
Event: 13056.603 loading class kotlin/io/ByteStreamsKt done
Event: 13056.608 Executing VM operation: G1CollectForAllocation


Dynamic libraries:
0x00007ff677c20000 - 0x00007ff677c2a000 	D:\Android\Android Studio\jre\bin\java.exe
0x00007ff8debc0000 - 0x00007ff8dedad000 	C:\Windows\SYSTEM32\ntdll.dll
0x00007ff8dc450000 - 0x00007ff8dc503000 	C:\Windows\System32\KERNEL32.DLL
0x00007ff8dac70000 - 0x00007ff8daf05000 	C:\Windows\System32\KERNELBASE.dll
0x00007ff8dba40000 - 0x00007ff8dbb3a000 	C:\Windows\System32\ucrtbase.dll
0x00007ff8d02a0000 - 0x00007ff8d02b7000 	D:\Android\Android Studio\jre\bin\VCRUNTIME140.dll
0x00007ff8d1940000 - 0x00007ff8d1959000 	D:\Android\Android Studio\jre\bin\jli.dll
0x00007ff8de6f0000 - 0x00007ff8de888000 	C:\Windows\System32\USER32.dll
0x00007ff8dba20000 - 0x00007ff8dba40000 	C:\Windows\System32\win32u.dll
0x00007ff8ccd20000 - 0x00007ff8ccf99000 	C:\Windows\WinSxS\amd64_microsoft.windows.common-controls_6595b64144ccf1df_6.0.17763.2114_none_de6e8966534dbac6\COMCTL32.dll
0x00007ff8deb60000 - 0x00007ff8deb89000 	C:\Windows\System32\GDI32.dll
0x00007ff8dc570000 - 0x00007ff8dc60e000 	C:\Windows\System32\msvcrt.dll
0x00007ff8dbb40000 - 0x00007ff8dbcdc000 	C:\Windows\System32\gdi32full.dll
0x00007ff8dc730000 - 0x00007ff8dca5d000 	C:\Windows\System32\combase.dll
0x00007ff8dbce0000 - 0x00007ff8dbd80000 	C:\Windows\System32\msvcp_win.dll
0x00007ff8dc610000 - 0x00007ff8dc72f000 	C:\Windows\System32\RPCRT4.dll
0x00007ff8db770000 - 0x00007ff8db7f2000 	C:\Windows\System32\bcryptPrimitives.dll
0x00007ff8dc3a0000 - 0x00007ff8dc3ce000 	C:\Windows\System32\IMM32.DLL
0x00007ff8cc8f0000 - 0x00007ff8cc98d000 	D:\Android\Android Studio\jre\bin\msvcp140.dll
0x00007ff8b0c20000 - 0x00007ff8b16dc000 	D:\Android\Android Studio\jre\bin\server\jvm.dll
0x00007ff8de220000 - 0x00007ff8de2c4000 	C:\Windows\System32\ADVAPI32.dll
0x00007ff8de180000 - 0x00007ff8de21e000 	C:\Windows\System32\sechost.dll
0x00007ff8de630000 - 0x00007ff8de638000 	C:\Windows\System32\PSAPI.DLL
0x00007ff8d8d30000 - 0x00007ff8d8d39000 	C:\Windows\SYSTEM32\WSOCK32.dll
0x00007ff8d8d00000 - 0x00007ff8d8d24000 	C:\Windows\SYSTEM32\WINMM.dll
0x00007ff8de330000 - 0x00007ff8de39d000 	C:\Windows\System32\WS2_32.dll
0x00007ff8d8c90000 - 0x00007ff8d8cbd000 	C:\Windows\SYSTEM32\WINMMBASE.dll
0x00007ff8dbda0000 - 0x00007ff8dbdea000 	C:\Windows\System32\cfgmgr32.dll
0x00007ff8ccd10000 - 0x00007ff8ccd1a000 	C:\Windows\SYSTEM32\VERSION.dll
0x00007ff8dac50000 - 0x00007ff8dac61000 	C:\Windows\System32\kernel.appcore.dll
0x00007ff8d6190000 - 0x00007ff8d61a1000 	D:\Android\Android Studio\jre\bin\verify.dll
0x00007ff8caa40000 - 0x00007ff8cac2d000 	C:\Windows\SYSTEM32\DBGHELP.DLL
0x00007ff8ca7d0000 - 0x00007ff8ca7fa000 	C:\Windows\SYSTEM32\dbgcore.DLL
0x00007ff8d6160000 - 0x00007ff8d6189000 	D:\Android\Android Studio\jre\bin\java.dll
0x00007ff8d7630000 - 0x00007ff8d763b000 	D:\Android\Android Studio\jre\bin\jimage.dll
0x00007ff8d3430000 - 0x00007ff8d3448000 	D:\Android\Android Studio\jre\bin\zip.dll
0x00007ff8dcbd0000 - 0x00007ff8de0c9000 	C:\Windows\System32\SHELL32.dll
0x00007ff8de0d0000 - 0x00007ff8de178000 	C:\Windows\System32\shcore.dll
0x00007ff8db020000 - 0x00007ff8db76b000 	C:\Windows\System32\windows.storage.dll
0x00007ff8daba0000 - 0x00007ff8dabc4000 	C:\Windows\System32\profapi.dll
0x00007ff8dabd0000 - 0x00007ff8dac2d000 	C:\Windows\System32\powrprof.dll
0x00007ff8dc510000 - 0x00007ff8dc562000 	C:\Windows\System32\shlwapi.dll
0x00007ff8dbd80000 - 0x00007ff8dbd97000 	C:\Windows\System32\cryptsp.dll
0x00007ff8d17c0000 - 0x00007ff8d17da000 	D:\Android\Android Studio\jre\bin\net.dll
0x00007ff8d1fd0000 - 0x00007ff8d20c1000 	C:\Windows\SYSTEM32\WINHTTP.dll
0x00007ff8da390000 - 0x00007ff8da3f7000 	C:\Windows\system32\mswsock.dll
0x00007ff8d1210000 - 0x00007ff8d1224000 	D:\Android\Android Studio\jre\bin\nio.dll
0x00007ff8d0490000 - 0x00007ff8d04b7000 	C:\Users\Home\.gradle\native\fdc75f09e3144964f2cf3f50f0aa648679c211496f362492102eb8c894070792\windows-amd64\native-platform.dll
0x00007ff8c43b0000 - 0x00007ff8c4546000 	C:\Users\Home\.gradle\native\12488b8bf47d2d4c9fbf2f6322a914ad602e24e48041cd04a747c6da556b65c4\windows-amd64\native-platform-file-events.dll
0x00007ff8d6d70000 - 0x00007ff8d6d7a000 	D:\Android\Android Studio\jre\bin\management.dll
0x00007ff8d6d40000 - 0x00007ff8d6d4c000 	D:\Android\Android Studio\jre\bin\management_ext.dll
0x00007ff8d9f20000 - 0x00007ff8d9f53000 	C:\Windows\system32\rsaenh.dll
0x00007ff8db800000 - 0x00007ff8db826000 	C:\Windows\System32\bcrypt.dll
0x00007ff8daad0000 - 0x00007ff8daaf9000 	C:\Windows\SYSTEM32\USERENV.dll
0x00007ff8da560000 - 0x00007ff8da56c000 	C:\Windows\SYSTEM32\CRYPTBASE.dll
0x00007ff8da0b0000 - 0x00007ff8da0ed000 	C:\Windows\SYSTEM32\IPHLPAPI.DLL
0x00007ff8dc3d0000 - 0x00007ff8dc3d8000 	C:\Windows\System32\NSI.dll
0x00007ff8d4c80000 - 0x00007ff8d4c96000 	C:\Windows\SYSTEM32\dhcpcsvc6.DLL
0x00007ff8d4c60000 - 0x00007ff8d4c7c000 	C:\Windows\SYSTEM32\dhcpcsvc.DLL
0x00007ff8da0f0000 - 0x00007ff8da1b6000 	C:\Windows\SYSTEM32\DNSAPI.dll
0x00007ff8d4d20000 - 0x00007ff8d4d2b000 	C:\Windows\SYSTEM32\WINNSI.DLL
0x00007ff8d0280000 - 0x00007ff8d029e000 	C:\Users\Home\AppData\Local\Temp\native-platform6408565060252474119dir\native-platform.dll
0x00007ff8d3420000 - 0x00007ff8d3428000 	D:\Android\Android Studio\jre\bin\rmi.dll
0x00007ff8c5600000 - 0x00007ff8c5627000 	D:\Android\Android Studio\jre\bin\sunec.dll

dbghelp: loaded successfully - version: 4.0.5 - missing functions: none
symbol engine: initialized successfully - sym options: 0x614 - pdb path: .;D:\Android\Android Studio\jre\bin;C:\Windows\SYSTEM32;C:\Windows\WinSxS\amd64_microsoft.windows.common-controls_6595b64144ccf1df_6.0.17763.2114_none_de6e8966534dbac6;D:\Android\Android Studio\jre\bin\server;C:\Users\Home\.gradle\native\fdc75f09e3144964f2cf3f50f0aa648679c211496f362492102eb8c894070792\windows-amd64;C:\Users\Home\.gradle\native\12488b8bf47d2d4c9fbf2f6322a914ad602e24e48041cd04a747c6da556b65c4\windows-amd64;C:\Users\Home\AppData\Local\Temp\native-platform6408565060252474119dir

VM Arguments:
jvm_args: --add-opens=java.base/java.util=ALL-UNNAMED --add-opens=java.base/java.lang=ALL-UNNAMED --add-opens=java.base/java.lang.invoke=ALL-UNNAMED --add-opens=java.prefs/java.util.prefs=ALL-UNNAMED -Xmx2048m -Dfile.encoding=UTF-8 -Duser.country=RU -Duser.language=ru -Duser.variant 
java_command: org.gradle.launcher.daemon.bootstrap.GradleDaemon 6.7.1
java_class_path (initial): C:\Users\Home\.gradle\wrapper\dists\gradle-6.7.1-bin\bwlcbys1h7rz3272sye1xwiv6\gradle-6.7.1\lib\gradle-launcher-6.7.1.jar
Launcher Type: SUN_STANDARD

[Global flags]
     intx CICompilerCount                          = 3                                         {product} {ergonomic}
     uint ConcGCThreads                            = 1                                         {product} {ergonomic}
     uint G1ConcRefinementThreads                  = 4                                         {product} {ergonomic}
   size_t G1HeapRegionSize                         = 1048576                                   {product} {ergonomic}
    uintx GCDrainStackTargetSize                   = 64                                        {product} {ergonomic}
   size_t InitialHeapSize                          = 65011712                                  {product} {ergonomic}
   size_t MarkStackSize                            = 4194304                                   {product} {ergonomic}
   size_t MaxHeapSize                              = 2147483648                                {product} {command line}
   size_t MaxNewSize                               = 1287651328                                {product} {ergonomic}
   size_t MinHeapDeltaBytes                        = 1048576                                   {product} {ergonomic}
    uintx NonNMethodCodeHeapSize                   = 5830732                                {pd product} {ergonomic}
    uintx NonProfiledCodeHeapSize                  = 122913754                              {pd product} {ergonomic}
    uintx ProfiledCodeHeapSize                     = 122913754                              {pd product} {ergonomic}
    uintx ReservedCodeCacheSize                    = 251658240                              {pd product} {ergonomic}
     bool SegmentedCodeCache                       = true                                      {product} {ergonomic}
     bool UseCompressedClassPointers               = true                                 {lp64_product} {ergonomic}
     bool UseCompressedOops                        = true                                 {lp64_product} {ergonomic}
     bool UseG1GC                                  = true                                      {product} {ergonomic}
     bool UseLargePagesIndividualAllocation        = false                                  {pd product} {ergonomic}

Logging:
Log output configuration:
 #0: stdout all=warning uptime,level,tags
 #1: stderr all=off uptime,level,tags

Environment Variables:
PATH=C:\Program Files (x86)\Common Files\Oracle\Java\javapath;C:\Windows\system32;C:\Windows;C:\Windows\System32\Wbem;C:\Windows\System32\WindowsPowerShell\v1.0\;C:\Windows\System32\OpenSSH\;D:\AndroidProjects\Git\cmd;C:\Users\Home\AppData\Local\Microsoft\WindowsApps;
USERNAME=Home
OS=Windows_NT
PROCESSOR_IDENTIFIER=Intel64 Family 6 Model 42 Stepping 7, GenuineIntel



---------------  S Y S T E M  ---------------

OS: Windows 10 , 64 bit Build 17763 (10.0.17763.2090)
OS uptime: 0 days 17:04 hours

CPU:total 4 (initial active 4) (2 cores per cpu, 2 threads per core) family 6 model 42 stepping 7, cmov, cx8, fxsr, mmx, sse, sse2, sse3, ssse3, sse4.1, sse4.2, popcnt, avx, clmul, ht, tsc, tscinvbit

Memory: 4k page, system-wide physical 3932M (155M free)
TotalPageFile size 4732M (AvailPageFile size 31M)
current process WorkingSet (physical memory assigned to process): 382M, peak: 425M
current process commit charge ("private bytes"): 474M, peak: 510M

vm_info: OpenJDK 64-Bit Server VM (11.0.8+10-b944.6842174) for windows-amd64 JRE (11.0.8+10-b944.6842174), built on Sep 19 2020 01:11:42 by "builder" with MS VC++ 14.0 (VS2015)

END.
