#
# There is insufficient memory for the Java Runtime Environment to continue.
# Native memory allocation (malloc) failed to allocate 1968896 bytes for Chunk::new
# Possible reasons:
#   The system is out of physical RAM or swap space
#   The process is running with CompressedOops enabled, and the Java Heap may be blocking the growth of the native heap
# Possible solutions:
#   Reduce memory load on the system
#   Increase physical memory or swap space
#   Check if swap backing store is full
#   Decrease Java heap size (-Xmx/-Xms)
#   Decrease number of Java threads
#   Decrease Java thread stack sizes (-Xss)
#   Set larger code cache with -XX:ReservedCodeCacheSize=
#   JVM is running with Unscaled Compressed Oops mode in which the Java heap is
#     placed in the first 4GB address space. The Java Heap base address is the
#     maximum limit for the native heap growth. Please use -XX:HeapBaseMinAddress
#     to set the Java Heap base and to place the Java Heap above 4GB virtual address.
# This output file may be truncated or incomplete.
#
#  Out of Memory Error (./src/hotspot/share/memory/arena.cpp:197), pid=8928, tid=8924
#
# JRE version: OpenJDK Runtime Environment (11.0.8+10) (build 11.0.8+10-b944.6842174)
# Java VM: OpenJDK 64-Bit Server VM (11.0.8+10-b944.6842174, mixed mode, tiered, compressed oops, g1 gc, windows-amd64)
# No core dump will be written. Minidumps are not enabled by default on client versions of Windows
#

---------------  S U M M A R Y ------------

Command Line: --add-opens=java.base/java.util=ALL-UNNAMED --add-opens=java.base/java.lang=ALL-UNNAMED --add-opens=java.base/java.lang.invoke=ALL-UNNAMED --add-opens=java.prefs/java.util.prefs=ALL-UNNAMED -Xmx2048m -Dfile.encoding=UTF-8 -Duser.country=RU -Duser.language=ru -Duser.variant org.gradle.launcher.daemon.bootstrap.GradleDaemon 6.7.1

Host: Intel(R) Core(TM) i3-2370M CPU @ 2.40GHz, 4 cores, 3G,  Windows 10 , 64 bit Build 17763 (10.0.17763.2090)
Time: Mon Aug 16 16:23:00 2021 RTZ 2 (ceia) elapsed time: 30 seconds (0d 0h 0m 30s)

---------------  T H R E A D  ---------------

Current thread (0x000001bbcbb16800):  JavaThread "C2 CompilerThread0" daemon [_thread_in_native, id=8924, stack(0x000000855d500000,0x000000855d600000)]


Current CompileTask:
C2:  30140 11113       4       com.android.tools.r8.graph.E::a (95 bytes)

Stack: [0x000000855d500000,0x000000855d600000]
Native frames: (J=compiled Java code, j=interpreted, Vv=VM code, C=native code)
V  [jvm.dll+0x5de50a]
V  [jvm.dll+0x7122f5]
V  [jvm.dll+0x71384d]
V  [jvm.dll+0x713f03]
V  [jvm.dll+0x23e728]
V  [jvm.dll+0xb899c]
V  [jvm.dll+0xb8e9c]
V  [jvm.dll+0x2b20e4]
V  [jvm.dll+0x502098]
V  [jvm.dll+0x1ff393]
V  [jvm.dll+0x1f917c]
V  [jvm.dll+0x1f685f]
V  [jvm.dll+0x17f32c]
V  [jvm.dll+0x205047]
V  [jvm.dll+0x203891]
V  [jvm.dll+0x6dad3f]
V  [jvm.dll+0x6d3895]
V  [jvm.dll+0x5dd4a6]
C  [ucrtbase.dll+0x2268a]
C  [KERNEL32.DLL+0x17974]
C  [ntdll.dll+0x5a2f1]


---------------  P R O C E S S  ---------------

Threads class SMR info:
_java_thread_list=0x000001bbd1ec50b0, length=172, elements={
0x000001bbb20c9800, 0x000001bbcbaf6000, 0x000001bbcbb02000, 0x000001bbcbb12000,
0x000001bbcbb15000, 0x000001bbcbb16800, 0x000001bbcbb22000, 0x000001bbcbb2c000,
0x000001bbcc5d0000, 0x000001bbcc62f000, 0x000001bbcdba0800, 0x000001bbcd248800,
0x000001bbcdd46000, 0x000001bbcdf23800, 0x000001bbcdf24000, 0x000001bbcd8f9800,
0x000001bbcdadb800, 0x000001bbcdb0b000, 0x000001bbcd4ff000, 0x000001bbcda87000,
0x000001bbce6e3000, 0x000001bbce6e3800, 0x000001bbce6e9800, 0x000001bbceae7800,
0x000001bbce6e4800, 0x000001bbce6e5800, 0x000001bbce6e6000, 0x000001bbce6e8000,
0x000001bbce6e7000, 0x000001bbce6e8800, 0x000001bbd0967800, 0x000001bbd0966800,
0x000001bbd0966000, 0x000001bbd0964000, 0x000001bbd0965000, 0x000001bbd0969000,
0x000001bbd0963800, 0x000001bbd096e800, 0x000001bbd096c800, 0x000001bbd096f800,
0x000001bbd096d000, 0x000001bbd096a000, 0x000001bbd096e000, 0x000001bbd0970800,
0x000001bbd096a800, 0x000001bbd0971000, 0x000001bbd096b800, 0x000001bbd0972000,
0x000001bbd081c000, 0x000001bbd0821000, 0x000001bbd081e800, 0x000001bbd081e000,
0x000001bbd081d000, 0x000001bbd081f800, 0x000001bbd0820800, 0x000001bbd081b800,
0x000001bbd0827800, 0x000001bbd0824800, 0x000001bbd0825000, 0x000001bbd0822000,
0x000001bbd0823800, 0x000001bbd0827000, 0x000001bbd0828800, 0x000001bbd0822800,
0x000001bbd082a000, 0x000001bbd0826000, 0x000001bbd0829000, 0x000001bbd10f9800,
0x000001bbd10f8000, 0x000001bbd10f9000, 0x000001bbd10f7800, 0x000001bbd10fc000,
0x000001bbd10fa800, 0x000001bbd10fb800, 0x000001bbd10f6800, 0x000001bbd10fe000,
0x000001bbd10fe800, 0x000001bbd10ff800, 0x000001bbd1101000, 0x000001bbd1102000,
0x000001bbd1102800, 0x000001bbd1100800, 0x000001bbd10fd000, 0x000001bbd1104800,
0x000001bbd1103800, 0x000001bbd1105000, 0x000001bbd0786800, 0x000001bbd078b800,
0x000001bbd0788000, 0x000001bbd078c000, 0x000001bbd078d000, 0x000001bbd0787800,
0x000001bbd0789000, 0x000001bbd078e800, 0x000001bbd078e000, 0x000001bbd078f800,
0x000001bbd078a000, 0x000001bbd0790800, 0x000001bbd078a800, 0x000001bbd0793800,
0x000001bbd0795000, 0x000001bbd0792000, 0x000001bbd0792800, 0x000001bbd0791000,
0x000001bbd0794800, 0x000001bbd11f6800, 0x000001bbd11fa800, 0x000001bbd11f5800,
0x000001bbd11fd000, 0x000001bbd11fb000, 0x000001bbd11f8000, 0x000001bbd11fc000,
0x000001bbd11f9000, 0x000001bbd11f9800, 0x000001bbd11f7000, 0x000001bbd11fe800,
0x000001bbd11fd800, 0x000001bbd1203800, 0x000001bbd1202800, 0x000001bbd1202000,
0x000001bbd1201000, 0x000001bbd1200000, 0x000001bbd1204000, 0x000001bbd11ff800,
0x000001bbd0aca000, 0x000001bbd0acb000, 0x000001bbd0acb800, 0x000001bbd0acc800,
0x000001bbd0acd800, 0x000001bbd0ace000, 0x000001bbd0acf000, 0x000001bbd0ac9000,
0x000001bbd0ad2000, 0x000001bbd0ad5800, 0x000001bbd0ad4000, 0x000001bbd0ad0000,
0x000001bbd0ad4800, 0x000001bbd0ad1800, 0x000001bbd0ad3000, 0x000001bbd0ad6800,
0x000001bbd0ad0800, 0x000001bbd0ad7000, 0x000001bbd0ad8000, 0x000001bbd2d30800,
0x000001bbd2d33000, 0x000001bbd2d2d000, 0x000001bbd2d32000, 0x000001bbd2d31000,
0x000001bbd2d2f800, 0x000001bbd2d33800, 0x000001bbd2d2e000, 0x000001bbd2d34800,
0x000001bbd2d2e800, 0x000001bbd2d37800, 0x000001bbd2d3a000, 0x000001bbd2d3b000,
0x000001bbd2d35800, 0x000001bbd2d3c000, 0x000001bbd2d36000, 0x000001bbd2d37000,
0x000001bbd2d38800, 0x000001bbd2d39800, 0x000001bbd1d42800, 0x000001bbd1d46000,
0x000001bbd1d40000, 0x000001bbd1d46800, 0x000001bbd1d41000, 0x000001bbd1d42000,
0x000001bbd1d45000, 0x000001bbd1d44800, 0x000001bbd1d43800, 0x000001bbd28b5000
}

Java Threads: ( => current thread )
  0x000001bbb20c9800 JavaThread "main" [_thread_blocked, id=6536, stack(0x000000855c900000,0x000000855ca00000)]
  0x000001bbcbaf6000 JavaThread "Reference Handler" daemon [_thread_blocked, id=2852, stack(0x000000855d000000,0x000000855d100000)]
  0x000001bbcbb02000 JavaThread "Finalizer" daemon [_thread_blocked, id=7476, stack(0x000000855d100000,0x000000855d200000)]
  0x000001bbcbb12000 JavaThread "Signal Dispatcher" daemon [_thread_blocked, id=5752, stack(0x000000855d300000,0x000000855d400000)]
  0x000001bbcbb15000 JavaThread "Attach Listener" daemon [_thread_blocked, id=5588, stack(0x000000855d400000,0x000000855d500000)]
=>0x000001bbcbb16800 JavaThread "C2 CompilerThread0" daemon [_thread_in_native, id=8924, stack(0x000000855d500000,0x000000855d600000)]
  0x000001bbcbb22000 JavaThread "C1 CompilerThread0" daemon [_thread_blocked, id=2596, stack(0x000000855d600000,0x000000855d700000)]
  0x000001bbcbb2c000 JavaThread "Sweeper thread" daemon [_thread_blocked, id=1788, stack(0x000000855d700000,0x000000855d800000)]
  0x000001bbcc5d0000 JavaThread "Common-Cleaner" daemon [_thread_blocked, id=5600, stack(0x000000855d800000,0x000000855d900000)]
  0x000001bbcc62f000 JavaThread "Service Thread" daemon [_thread_blocked, id=3744, stack(0x000000855d900000,0x000000855da00000)]
  0x000001bbcdba0800 JavaThread "Daemon health stats" [_thread_blocked, id=4632, stack(0x000000855dd00000,0x000000855de00000)]
  0x000001bbcd248800 JavaThread "Incoming local TCP Connector on port 64142" [_thread_in_native, id=7664, stack(0x000000855e100000,0x000000855e200000)]
  0x000001bbcdd46000 JavaThread "Daemon periodic checks" [_thread_blocked, id=6012, stack(0x000000855e200000,0x000000855e300000)]
  0x000001bbcdf23800 JavaThread "Daemon" [_thread_blocked, id=5020, stack(0x000000855e300000,0x000000855e400000)]
  0x000001bbcdf24000 JavaThread "Handler for socket connection from /127.0.0.1:64142 to /127.0.0.1:64143" [_thread_in_native, id=5852, stack(0x000000855e400000,0x000000855e500000)]
  0x000001bbcd8f9800 JavaThread "Cancel handler" [_thread_blocked, id=2540, stack(0x000000855e500000,0x000000855e600000)]
  0x000001bbcdadb800 JavaThread "Daemon worker" [_thread_blocked, id=8496, stack(0x000000855e600000,0x000000855e700000)]
  0x000001bbcdb0b000 JavaThread "Asynchronous log dispatcher for DefaultDaemonConnection: socket connection from /127.0.0.1:64142 to /127.0.0.1:64143" [_thread_blocked, id=1996, stack(0x000000855e700000,0x000000855e800000)]
  0x000001bbcd4ff000 JavaThread "Stdin handler" [_thread_blocked, id=5728, stack(0x000000855e800000,0x000000855e900000)]
  0x000001bbcda87000 JavaThread "Thread-8" [_thread_blocked, id=8164, stack(0x000000855e900000,0x000000855ea00000)]
  0x000001bbce6e3000 JavaThread "Cache worker for file hash cache (C:\Users\Home\.gradle\caches\6.7.1\fileHashes)" [_thread_blocked, id=388, stack(0x000000855ea00000,0x000000855eb00000)]
  0x000001bbce6e3800 JavaThread "File lock request listener" [_thread_in_native, id=3024, stack(0x000000855eb00000,0x000000855ec00000)]
  0x000001bbce6e9800 JavaThread "Cache worker for journal cache (C:\Users\Home\.gradle\caches\journal-1)" [_thread_blocked, id=4372, stack(0x000000855ec00000,0x000000855ed00000)]
  0x000001bbceae7800 JavaThread "C2 CompilerThread1" daemon [_thread_in_native, id=5452, stack(0x000000855ed00000,0x000000855ee00000)]
  0x000001bbce6e4800 JavaThread "Cache worker for file hash cache (D:\AndroidProjects\Words\.gradle\6.7.1\fileHashes)" [_thread_blocked, id=3848, stack(0x000000855ee00000,0x000000855ef00000)]
  0x000001bbce6e5800 JavaThread "Cache worker for checksums cache (D:\AndroidProjects\Words\.gradle\checksums)" [_thread_blocked, id=4832, stack(0x000000855ef00000,0x000000855f000000)]
  0x000001bbce6e6000 JavaThread "Cache worker for cache directory md-supplier (C:\Users\Home\.gradle\caches\6.7.1\md-supplier)" [_thread_blocked, id=1288, stack(0x000000855f000000,0x000000855f100000)]
  0x000001bbce6e8000 JavaThread "Cache worker for cache directory md-rule (C:\Users\Home\.gradle\caches\6.7.1\md-rule)" [_thread_blocked, id=1816, stack(0x000000855f100000,0x000000855f200000)]
  0x000001bbce6e7000 JavaThread "Cache worker for execution history cache (C:\Users\Home\.gradle\caches\6.7.1\executionHistory)" [_thread_blocked, id=6236, stack(0x000000855f200000,0x000000855f300000)]
  0x000001bbce6e8800 JavaThread "jar transforms" [_thread_blocked, id=4248, stack(0x000000855f300000,0x000000855f400000)]
  0x000001bbd0967800 JavaThread "Cache worker for file content cache (C:\Users\Home\.gradle\caches\6.7.1\fileContent)" [_thread_blocked, id=8476, stack(0x000000855f400000,0x000000855f500000)]
  0x000001bbd0966800 JavaThread "Cache worker for Build Output Cleanup Cache (D:\AndroidProjects\Words\.gradle\buildOutputCleanup)" [_thread_blocked, id=7424, stack(0x000000855f500000,0x000000855f600000)]
  0x000001bbd0966000 JavaThread "Build operations" [_thread_blocked, id=8864, stack(0x000000855f600000,0x000000855f700000)]
  0x000001bbd0964000 JavaThread "Build operations Thread 2" [_thread_blocked, id=1140, stack(0x000000855f700000,0x000000855f800000)]
  0x000001bbd0965000 JavaThread "Build operations Thread 3" [_thread_blocked, id=5028, stack(0x000000855f800000,0x000000855f900000)]
  0x000001bbd0969000 JavaThread "Build operations Thread 4" [_thread_blocked, id=1396, stack(0x000000855f900000,0x000000855fa00000)]
  0x000001bbd0963800 JavaThread "jar transforms Thread 2" [_thread_blocked, id=7868, stack(0x000000855fa00000,0x000000855fb00000)]
  0x000001bbd096e800 JavaThread "jar transforms Thread 3" [_thread_blocked, id=8412, stack(0x000000855fb00000,0x000000855fc00000)]
  0x000001bbd096c800 JavaThread "jar transforms Thread 4" [_thread_blocked, id=2840, stack(0x000000855fc00000,0x000000855fd00000)]
  0x000001bbd096f800 JavaThread "jar transforms Thread 5" [_thread_blocked, id=2920, stack(0x000000855fd00000,0x000000855fe00000)]
  0x000001bbd096d000 JavaThread "jar transforms Thread 6" [_thread_blocked, id=8536, stack(0x000000855fe00000,0x000000855ff00000)]
  0x000001bbd096a000 JavaThread "jar transforms Thread 7" [_thread_blocked, id=8956, stack(0x000000855ff00000,0x0000008560000000)]
  0x000001bbd096e000 JavaThread "jar transforms Thread 8" [_thread_blocked, id=8248, stack(0x0000008560000000,0x0000008560100000)]
  0x000001bbd0970800 JavaThread "jar transforms Thread 9" [_thread_blocked, id=3196, stack(0x0000008560100000,0x0000008560200000)]
  0x000001bbd096a800 JavaThread "jar transforms Thread 10" [_thread_blocked, id=5048, stack(0x0000008560200000,0x0000008560300000)]
  0x000001bbd0971000 JavaThread "jar transforms Thread 11" [_thread_blocked, id=2476, stack(0x0000008560300000,0x0000008560400000)]
  0x000001bbd096b800 JavaThread "jar transforms Thread 12" [_thread_blocked, id=9192, stack(0x0000008560400000,0x0000008560500000)]
  0x000001bbd0972000 JavaThread "jar transforms Thread 13" [_thread_blocked, id=1992, stack(0x0000008560500000,0x0000008560600000)]
  0x000001bbd081c000 JavaThread "jar transforms Thread 14" [_thread_blocked, id=8136, stack(0x0000008560600000,0x0000008560700000)]
  0x000001bbd0821000 JavaThread "jar transforms Thread 15" [_thread_blocked, id=6044, stack(0x0000008560700000,0x0000008560800000)]
  0x000001bbd081e800 JavaThread "jar transforms Thread 16" [_thread_blocked, id=1020, stack(0x0000008560800000,0x0000008560900000)]
  0x000001bbd081e000 JavaThread "jar transforms Thread 17" [_thread_blocked, id=5808, stack(0x0000008560900000,0x0000008560a00000)]
  0x000001bbd081d000 JavaThread "jar transforms Thread 18" [_thread_blocked, id=5300, stack(0x0000008560a00000,0x0000008560b00000)]
  0x000001bbd081f800 JavaThread "jar transforms Thread 19" [_thread_blocked, id=5292, stack(0x0000008560b00000,0x0000008560c00000)]
  0x000001bbd0820800 JavaThread "jar transforms Thread 20" [_thread_blocked, id=8976, stack(0x0000008560c00000,0x0000008560d00000)]
  0x000001bbd081b800 JavaThread "jar transforms Thread 21" [_thread_blocked, id=1328, stack(0x0000008560d00000,0x0000008560e00000)]
  0x000001bbd0827800 JavaThread "jar transforms Thread 22" [_thread_blocked, id=8072, stack(0x0000008560e00000,0x0000008560f00000)]
  0x000001bbd0824800 JavaThread "jar transforms Thread 23" [_thread_blocked, id=8588, stack(0x0000008560f00000,0x0000008561000000)]
  0x000001bbd0825000 JavaThread "jar transforms Thread 24" [_thread_blocked, id=4188, stack(0x0000008561000000,0x0000008561100000)]
  0x000001bbd0822000 JavaThread "jar transforms Thread 25" [_thread_blocked, id=6652, stack(0x0000008561100000,0x0000008561200000)]
  0x000001bbd0823800 JavaThread "jar transforms Thread 26" [_thread_blocked, id=7736, stack(0x0000008561200000,0x0000008561300000)]
  0x000001bbd0827000 JavaThread "jar transforms Thread 27" [_thread_blocked, id=6168, stack(0x0000008561300000,0x0000008561400000)]
  0x000001bbd0828800 JavaThread "jar transforms Thread 28" [_thread_blocked, id=7852, stack(0x0000008561400000,0x0000008561500000)]
  0x000001bbd0822800 JavaThread "jar transforms Thread 29" [_thread_blocked, id=7148, stack(0x0000008561500000,0x0000008561600000)]
  0x000001bbd082a000 JavaThread "jar transforms Thread 30" [_thread_blocked, id=9120, stack(0x0000008561600000,0x0000008561700000)]
  0x000001bbd0826000 JavaThread "jar transforms Thread 31" [_thread_blocked, id=2900, stack(0x0000008561700000,0x0000008561800000)]
  0x000001bbd0829000 JavaThread "jar transforms Thread 32" [_thread_blocked, id=7820, stack(0x0000008561800000,0x0000008561900000)]
  0x000001bbd10f9800 JavaThread "jar transforms Thread 33" [_thread_blocked, id=1544, stack(0x0000008561900000,0x0000008561a00000)]
  0x000001bbd10f8000 JavaThread "jar transforms Thread 34" [_thread_blocked, id=736, stack(0x0000008561a00000,0x0000008561b00000)]
  0x000001bbd10f9000 JavaThread "jar transforms Thread 35" [_thread_blocked, id=1444, stack(0x0000008561b00000,0x0000008561c00000)]
  0x000001bbd10f7800 JavaThread "jar transforms Thread 36" [_thread_blocked, id=1404, stack(0x0000008561c00000,0x0000008561d00000)]
  0x000001bbd10fc000 JavaThread "jar transforms Thread 37" [_thread_blocked, id=5544, stack(0x0000008561d00000,0x0000008561e00000)]
  0x000001bbd10fa800 JavaThread "jar transforms Thread 38" [_thread_blocked, id=676, stack(0x0000008561e00000,0x0000008561f00000)]
  0x000001bbd10fb800 JavaThread "jar transforms Thread 39" [_thread_blocked, id=7928, stack(0x0000008561f00000,0x0000008562000000)]
  0x000001bbd10f6800 JavaThread "jar transforms Thread 40" [_thread_blocked, id=3168, stack(0x0000008562000000,0x0000008562100000)]
  0x000001bbd10fe000 JavaThread "jar transforms Thread 41" [_thread_blocked, id=7972, stack(0x0000008562100000,0x0000008562200000)]
  0x000001bbd10fe800 JavaThread "jar transforms Thread 42" [_thread_blocked, id=8604, stack(0x0000008562200000,0x0000008562300000)]
  0x000001bbd10ff800 JavaThread "jar transforms Thread 43" [_thread_blocked, id=8700, stack(0x0000008562300000,0x0000008562400000)]
  0x000001bbd1101000 JavaThread "jar transforms Thread 44" [_thread_blocked, id=6960, stack(0x0000008562400000,0x0000008562500000)]
  0x000001bbd1102000 JavaThread "jar transforms Thread 45" [_thread_blocked, id=6800, stack(0x0000008562500000,0x0000008562600000)]
  0x000001bbd1102800 JavaThread "jar transforms Thread 46" [_thread_blocked, id=9104, stack(0x0000008562600000,0x0000008562700000)]
  0x000001bbd1100800 JavaThread "jar transforms Thread 47" [_thread_blocked, id=8968, stack(0x0000008562700000,0x0000008562800000)]
  0x000001bbd10fd000 JavaThread "jar transforms Thread 48" [_thread_blocked, id=8052, stack(0x0000008562800000,0x0000008562900000)]
  0x000001bbd1104800 JavaThread "jar transforms Thread 49" [_thread_blocked, id=8156, stack(0x0000008562900000,0x0000008562a00000)]
  0x000001bbd1103800 JavaThread "jar transforms Thread 50" [_thread_blocked, id=3720, stack(0x0000008562a00000,0x0000008562b00000)]
  0x000001bbd1105000 JavaThread "jar transforms Thread 51" [_thread_blocked, id=8704, stack(0x0000008562b00000,0x0000008562c00000)]
  0x000001bbd0786800 JavaThread "jar transforms Thread 52" [_thread_blocked, id=9032, stack(0x0000008562c00000,0x0000008562d00000)]
  0x000001bbd078b800 JavaThread "jar transforms Thread 53" [_thread_blocked, id=8788, stack(0x0000008562d00000,0x0000008562e00000)]
  0x000001bbd0788000 JavaThread "jar transforms Thread 54" [_thread_blocked, id=3048, stack(0x0000008562e00000,0x0000008562f00000)]
  0x000001bbd078c000 JavaThread "jar transforms Thread 55" [_thread_blocked, id=1780, stack(0x0000008562f00000,0x0000008563000000)]
  0x000001bbd078d000 JavaThread "jar transforms Thread 56" [_thread_blocked, id=8996, stack(0x0000008563000000,0x0000008563100000)]
  0x000001bbd0787800 JavaThread "jar transforms Thread 57" [_thread_blocked, id=7512, stack(0x0000008563100000,0x0000008563200000)]
  0x000001bbd0789000 JavaThread "jar transforms Thread 58" [_thread_blocked, id=6176, stack(0x0000008563200000,0x0000008563300000)]
  0x000001bbd078e800 JavaThread "jar transforms Thread 59" [_thread_blocked, id=1272, stack(0x0000008563300000,0x0000008563400000)]
  0x000001bbd078e000 JavaThread "jar transforms Thread 60" [_thread_blocked, id=5076, stack(0x0000008563400000,0x0000008563500000)]
  0x000001bbd078f800 JavaThread "jar transforms Thread 61" [_thread_blocked, id=3412, stack(0x0000008563500000,0x0000008563600000)]
  0x000001bbd078a000 JavaThread "jar transforms Thread 62" [_thread_blocked, id=6564, stack(0x0000008563600000,0x0000008563700000)]
  0x000001bbd0790800 JavaThread "jar transforms Thread 63" [_thread_blocked, id=6508, stack(0x0000008563700000,0x0000008563800000)]
  0x000001bbd078a800 JavaThread "jar transforms Thread 64" [_thread_blocked, id=836, stack(0x0000008563800000,0x0000008563900000)]
  0x000001bbd0793800 JavaThread "jar transforms Thread 65" [_thread_blocked, id=3784, stack(0x0000008563900000,0x0000008563a00000)]
  0x000001bbd0795000 JavaThread "jar transforms Thread 66" [_thread_blocked, id=6720, stack(0x0000008563a00000,0x0000008563b00000)]
  0x000001bbd0792000 JavaThread "jar transforms Thread 67" [_thread_blocked, id=7124, stack(0x0000008563b00000,0x0000008563c00000)]
  0x000001bbd0792800 JavaThread "jar transforms Thread 68" [_thread_blocked, id=5776, stack(0x0000008563c00000,0x0000008563d00000)]
  0x000001bbd0791000 JavaThread "jar transforms Thread 69" [_thread_blocked, id=6640, stack(0x0000008563d00000,0x0000008563e00000)]
  0x000001bbd0794800 JavaThread "jar transforms Thread 70" [_thread_blocked, id=8444, stack(0x0000008563e00000,0x0000008563f00000)]
  0x000001bbd11f6800 JavaThread "jar transforms Thread 71" [_thread_blocked, id=9132, stack(0x0000008563f00000,0x0000008564000000)]
  0x000001bbd11fa800 JavaThread "jar transforms Thread 72" [_thread_blocked, id=3112, stack(0x0000008564000000,0x0000008564100000)]
  0x000001bbd11f5800 JavaThread "jar transforms Thread 73" [_thread_blocked, id=8388, stack(0x0000008564100000,0x0000008564200000)]
  0x000001bbd11fd000 JavaThread "jar transforms Thread 74" [_thread_blocked, id=3336, stack(0x0000008564200000,0x0000008564300000)]
  0x000001bbd11fb000 JavaThread "jar transforms Thread 75" [_thread_blocked, id=9100, stack(0x0000008564300000,0x0000008564400000)]
  0x000001bbd11f8000 JavaThread "jar transforms Thread 76" [_thread_blocked, id=7976, stack(0x0000008564400000,0x0000008564500000)]
  0x000001bbd11fc000 JavaThread "jar transforms Thread 77" [_thread_blocked, id=2932, stack(0x0000008564500000,0x0000008564600000)]
  0x000001bbd11f9000 JavaThread "jar transforms Thread 78" [_thread_blocked, id=8292, stack(0x0000008564600000,0x0000008564700000)]
  0x000001bbd11f9800 JavaThread "jar transforms Thread 79" [_thread_blocked, id=7092, stack(0x0000008564700000,0x0000008564800000)]
  0x000001bbd11f7000 JavaThread "jar transforms Thread 80" [_thread_blocked, id=3256, stack(0x0000008564800000,0x0000008564900000)]
  0x000001bbd11fe800 JavaThread "jar transforms Thread 81" [_thread_blocked, id=4472, stack(0x0000008564900000,0x0000008564a00000)]
  0x000001bbd11fd800 JavaThread "jar transforms Thread 82" [_thread_blocked, id=2744, stack(0x0000008564a00000,0x0000008564b00000)]
  0x000001bbd1203800 JavaThread "jar transforms Thread 83" [_thread_blocked, id=4980, stack(0x0000008564b00000,0x0000008564c00000)]
  0x000001bbd1202800 JavaThread "jar transforms Thread 84" [_thread_blocked, id=1516, stack(0x0000008564c00000,0x0000008564d00000)]
  0x000001bbd1202000 JavaThread "jar transforms Thread 85" [_thread_blocked, id=8520, stack(0x0000008564d00000,0x0000008564e00000)]
  0x000001bbd1201000 JavaThread "jar transforms Thread 86" [_thread_blocked, id=6692, stack(0x0000008564e00000,0x0000008564f00000)]
  0x000001bbd1200000 JavaThread "jar transforms Thread 87" [_thread_blocked, id=8736, stack(0x0000008564f00000,0x0000008565000000)]
  0x000001bbd1204000 JavaThread "jar transforms Thread 88" [_thread_blocked, id=1400, stack(0x0000008565000000,0x0000008565100000)]
  0x000001bbd11ff800 JavaThread "jar transforms Thread 89" [_thread_blocked, id=8272, stack(0x0000008565100000,0x0000008565200000)]
  0x000001bbd0aca000 JavaThread "jar transforms Thread 90" [_thread_blocked, id=8244, stack(0x0000008565200000,0x0000008565300000)]
  0x000001bbd0acb000 JavaThread "jar transforms Thread 91" [_thread_blocked, id=8020, stack(0x0000008565300000,0x0000008565400000)]
  0x000001bbd0acb800 JavaThread "jar transforms Thread 92" [_thread_blocked, id=2624, stack(0x0000008565400000,0x0000008565500000)]
  0x000001bbd0acc800 JavaThread "jar transforms Thread 93" [_thread_blocked, id=3692, stack(0x0000008565500000,0x0000008565600000)]
  0x000001bbd0acd800 JavaThread "jar transforms Thread 94" [_thread_blocked, id=2660, stack(0x0000008565600000,0x0000008565700000)]
  0x000001bbd0ace000 JavaThread "jar transforms Thread 95" [_thread_blocked, id=5984, stack(0x0000008565700000,0x0000008565800000)]
  0x000001bbd0acf000 JavaThread "jar transforms Thread 96" [_thread_blocked, id=7964, stack(0x0000008565800000,0x0000008565900000)]
  0x000001bbd0ac9000 JavaThread "jar transforms Thread 97" [_thread_blocked, id=7740, stack(0x0000008565900000,0x0000008565a00000)]
  0x000001bbd0ad2000 JavaThread "jar transforms Thread 98" [_thread_blocked, id=4640, stack(0x0000008565a00000,0x0000008565b00000)]
  0x000001bbd0ad5800 JavaThread "jar transforms Thread 99" [_thread_blocked, id=9184, stack(0x0000008565b00000,0x0000008565c00000)]
  0x000001bbd0ad4000 JavaThread "jar transforms Thread 100" [_thread_blocked, id=924, stack(0x0000008565c00000,0x0000008565d00000)]
  0x000001bbd0ad0000 JavaThread "jar transforms Thread 101" [_thread_blocked, id=5108, stack(0x0000008565d00000,0x0000008565e00000)]
  0x000001bbd0ad4800 JavaThread "jar transforms Thread 102" [_thread_blocked, id=2316, stack(0x0000008565e00000,0x0000008565f00000)]
  0x000001bbd0ad1800 JavaThread "jar transforms Thread 103" [_thread_blocked, id=8792, stack(0x0000008565f00000,0x0000008566000000)]
  0x000001bbd0ad3000 JavaThread "jar transforms Thread 104" [_thread_blocked, id=8756, stack(0x0000008566000000,0x0000008566100000)]
  0x000001bbd0ad6800 JavaThread "jar transforms Thread 105" [_thread_blocked, id=7708, stack(0x0000008566100000,0x0000008566200000)]
  0x000001bbd0ad0800 JavaThread "jar transforms Thread 106" [_thread_blocked, id=9052, stack(0x0000008566200000,0x0000008566300000)]
  0x000001bbd0ad7000 JavaThread "jar transforms Thread 107" [_thread_blocked, id=8812, stack(0x0000008566300000,0x0000008566400000)]
  0x000001bbd0ad8000 JavaThread "jar transforms Thread 108" [_thread_blocked, id=4612, stack(0x0000008566400000,0x0000008566500000)]
  0x000001bbd2d30800 JavaThread "jar transforms Thread 109" [_thread_blocked, id=7560, stack(0x0000008566500000,0x0000008566600000)]
  0x000001bbd2d33000 JavaThread "jar transforms Thread 110" [_thread_blocked, id=8220, stack(0x0000008566600000,0x0000008566700000)]
  0x000001bbd2d2d000 JavaThread "jar transforms Thread 111" [_thread_blocked, id=5496, stack(0x0000008566700000,0x0000008566800000)]
  0x000001bbd2d32000 JavaThread "jar transforms Thread 112" [_thread_blocked, id=1976, stack(0x0000008566800000,0x0000008566900000)]
  0x000001bbd2d31000 JavaThread "jar transforms Thread 113" [_thread_blocked, id=5928, stack(0x0000008566900000,0x0000008566a00000)]
  0x000001bbd2d2f800 JavaThread "jar transforms Thread 114" [_thread_blocked, id=5660, stack(0x0000008566a00000,0x0000008566b00000)]
  0x000001bbd2d33800 JavaThread "jar transforms Thread 115" [_thread_blocked, id=8460, stack(0x0000008566b00000,0x0000008566c00000)]
  0x000001bbd2d2e000 JavaThread "jar transforms Thread 116" [_thread_blocked, id=1076, stack(0x0000008566c00000,0x0000008566d00000)]
  0x000001bbd2d34800 JavaThread "jar transforms Thread 117" [_thread_blocked, id=6020, stack(0x0000008566d00000,0x0000008566e00000)]
  0x000001bbd2d2e800 JavaThread "jar transforms Thread 118" [_thread_blocked, id=3344, stack(0x0000008566e00000,0x0000008566f00000)]
  0x000001bbd2d37800 JavaThread "jar transforms Thread 119" [_thread_blocked, id=2304, stack(0x0000008566f00000,0x0000008567000000)]
  0x000001bbd2d3a000 JavaThread "Memory manager" [_thread_blocked, id=3400, stack(0x0000008567000000,0x0000008567100000)]
  0x000001bbd2d3b000 JavaThread "build event listener" [_thread_blocked, id=2240, stack(0x0000008567100000,0x0000008567200000)]
  0x000001bbd2d35800 JavaThread "build event listener" [_thread_blocked, id=3272, stack(0x0000008567200000,0x0000008567300000)]
  0x000001bbd2d3c000 JavaThread "Execution worker for ':'" [_thread_blocked, id=7380, stack(0x0000008567300000,0x0000008567400000)]
  0x000001bbd2d36000 JavaThread "Execution worker for ':' Thread 2" [_thread_blocked, id=1732, stack(0x0000008567400000,0x0000008567500000)]
  0x000001bbd2d37000 JavaThread "Execution worker for ':' Thread 3" [_thread_blocked, id=4792, stack(0x0000008567500000,0x0000008567600000)]
  0x000001bbd2d38800 JavaThread "Cache worker for execution history cache (D:\AndroidProjects\Words\.gradle\6.7.1\executionHistory)" [_thread_blocked, id=7696, stack(0x0000008567600000,0x0000008567700000)]
  0x000001bbd2d39800 JavaThread "WorkerExecutor Queue" [_thread_blocked, id=8900, stack(0x0000008567700000,0x0000008567800000)]
  0x000001bbd1d42800 JavaThread "WorkerExecutor Queue Thread 2" [_thread_blocked, id=7308, stack(0x0000008567800000,0x0000008567900000)]
  0x000001bbd1d46000 JavaThread "WorkerExecutor Queue Thread 3" [_thread_blocked, id=6412, stack(0x0000008567900000,0x0000008567a00000)]
  0x000001bbd1d40000 JavaThread "WorkerExecutor Queue Thread 4" [_thread_blocked, id=3756, stack(0x0000008567a00000,0x0000008567b00000)]
  0x000001bbd1d46800 JavaThread "pool-4-thread-1" [_thread_blocked, id=7052, stack(0x0000008567b00000,0x0000008567c00000)]
  0x000001bbd1d41000 JavaThread "stderr" [_thread_in_native, id=8932, stack(0x0000008567c00000,0x0000008567d00000)]
  0x000001bbd1d42000 JavaThread "stdout" [_thread_in_native, id=4164, stack(0x0000008567d00000,0x0000008567e00000)]
  0x000001bbd1d45000 JavaThread "ForkJoinPool-1-worker-3" daemon [_thread_blocked, id=8828, stack(0x0000008567e00000,0x0000008567f00000)]
  0x000001bbd1d44800 JavaThread "ForkJoinPool-1-worker-5" daemon [_thread_blocked, id=7196, stack(0x0000008567f00000,0x0000008568000000)]
  0x000001bbd1d43800 JavaThread "ForkJoinPool-1-worker-7" daemon [_thread_in_Java, id=196, stack(0x0000008568000000,0x0000008568100000)]
  0x000001bbd28b5000 JavaThread "ForkJoinPool-1-worker-1" daemon [_thread_blocked, id=1120, stack(0x0000008568100000,0x0000008568200000)]

Other Threads:
  0x000001bbcbaf3000 VMThread "VM Thread" [stack: 0x000000855cf00000,0x000000855d000000] [id=6028]
  0x000001bbcc631800 WatcherThread [stack: 0x000000855da00000,0x000000855db00000] [id=744]
  0x000001bbb20e3000 GCTaskThread "GC Thread#0" [stack: 0x000000855ca00000,0x000000855cb00000] [id=2400]
  0x000001bbccdf3800 GCTaskThread "GC Thread#1" [stack: 0x000000855dc00000,0x000000855dd00000] [id=9108]
  0x000001bbcd797800 GCTaskThread "GC Thread#2" [stack: 0x000000855de00000,0x000000855df00000] [id=2516]
  0x000001bbcdf08000 GCTaskThread "GC Thread#3" [stack: 0x000000855df00000,0x000000855e000000] [id=8760]
  0x000001bbb2113000 ConcurrentGCThread "G1 Main Marker" [stack: 0x000000855cb00000,0x000000855cc00000] [id=4972]
  0x000001bbb2115800 ConcurrentGCThread "G1 Conc#0" [stack: 0x000000855cc00000,0x000000855cd00000] [id=4672]
  0x000001bbb216d000 ConcurrentGCThread "G1 Refine#0" [stack: 0x000000855cd00000,0x000000855ce00000] [id=6332]
  0x000001bbb216e000 ConcurrentGCThread "G1 Young RemSet Sampling" [stack: 0x000000855ce00000,0x000000855cf00000] [id=5604]

Threads with active compile tasks:
C2 CompilerThread0  30178 11113       4       com.android.tools.r8.graph.E::a (95 bytes)
C2 CompilerThread1  30178 11194       4       com.android.tools.r8.w.a.a.a.h.V0::a (272 bytes)

VM state:not at safepoint (normal execution)

VM Mutex/Monitor currently owned by a thread: None

Heap address: 0x0000000080000000, size: 2048 MB, Compressed Oops mode: 32-bit
Narrow klass base: 0x0000000000000000, Narrow klass shift: 3
Compressed class space size: 1073741824 Address: 0x0000000100000000

Heap:
 garbage-first heap   total 281600K, used 187180K [0x0000000080000000, 0x0000000100000000)
  region size 1024K, 32 young (32768K), 3 survivors (3072K)
 Metaspace       used 91618K, capacity 93882K, committed 94160K, reserved 1130496K
  class space    used 11948K, capacity 12737K, committed 12800K, reserved 1048576K
Heap Regions: E=young(eden), S=young(survivor), O=old, HS=humongous(starts), HC=humongous(continues), CS=collection set, F=free, A=archive, TAMS=top-at-mark-start (previous, next)
|   0|0x0000000080000000, 0x0000000080100000, 0x0000000080100000|100%| O|  |TAMS 0x0000000080100000, 0x0000000080000000| Untracked 
|   1|0x0000000080100000, 0x0000000080200000, 0x0000000080200000|100%| O|  |TAMS 0x0000000080200000, 0x0000000080100000| Untracked 
|   2|0x0000000080200000, 0x0000000080300000, 0x0000000080300000|100%| O|  |TAMS 0x0000000080300000, 0x0000000080200000| Untracked 
|   3|0x0000000080300000, 0x0000000080400000, 0x0000000080400000|100%|HS|  |TAMS 0x0000000080400000, 0x0000000080300000| Complete 
|   4|0x0000000080400000, 0x0000000080500000, 0x0000000080500000|100%|HC|  |TAMS 0x0000000080500000, 0x0000000080400000| Complete 
|   5|0x0000000080500000, 0x0000000080600000, 0x0000000080600000|100%|HC|  |TAMS 0x0000000080600000, 0x0000000080500000| Complete 
|   6|0x0000000080600000, 0x0000000080700000, 0x0000000080700000|100%| O|  |TAMS 0x0000000080700000, 0x0000000080600000| Untracked 
|   7|0x0000000080700000, 0x0000000080800000, 0x0000000080800000|100%| O|  |TAMS 0x0000000080800000, 0x0000000080700000| Untracked 
|   8|0x0000000080800000, 0x0000000080900000, 0x0000000080900000|100%| O|  |TAMS 0x0000000080900000, 0x0000000080800000| Untracked 
|   9|0x0000000080900000, 0x0000000080a00000, 0x0000000080a00000|100%| O|  |TAMS 0x0000000080a00000, 0x0000000080900000| Untracked 
|  10|0x0000000080a00000, 0x0000000080b00000, 0x0000000080b00000|100%| O|  |TAMS 0x0000000080b00000, 0x0000000080a00000| Untracked 
|  11|0x0000000080b00000, 0x0000000080c00000, 0x0000000080c00000|100%| O|  |TAMS 0x0000000080c00000, 0x0000000080b00000| Untracked 
|  12|0x0000000080c00000, 0x0000000080d00000, 0x0000000080d00000|100%| O|  |TAMS 0x0000000080d00000, 0x0000000080c00000| Complete 
|  13|0x0000000080d00000, 0x0000000080e00000, 0x0000000080e00000|100%| O|  |TAMS 0x0000000080e00000, 0x0000000080d00000| Untracked 
|  14|0x0000000080e00000, 0x0000000080f00000, 0x0000000080f00000|100%| O|  |TAMS 0x0000000080f00000, 0x0000000080e00000| Untracked 
|  15|0x0000000080f00000, 0x0000000081000000, 0x0000000081000000|100%| O|  |TAMS 0x0000000081000000, 0x0000000080f00000| Untracked 
|  16|0x0000000081000000, 0x0000000081100000, 0x0000000081100000|100%| O|  |TAMS 0x0000000081100000, 0x0000000081000000| Untracked 
|  17|0x0000000081100000, 0x0000000081200000, 0x0000000081200000|100%| O|  |TAMS 0x0000000081200000, 0x0000000081100000| Untracked 
|  18|0x0000000081200000, 0x0000000081300000, 0x0000000081300000|100%| O|  |TAMS 0x0000000081300000, 0x0000000081200000| Untracked 
|  19|0x0000000081300000, 0x0000000081400000, 0x0000000081400000|100%| O|  |TAMS 0x0000000081400000, 0x0000000081300000| Untracked 
|  20|0x0000000081400000, 0x0000000081500000, 0x0000000081500000|100%|HS|  |TAMS 0x0000000081500000, 0x0000000081400000| Complete 
|  21|0x0000000081500000, 0x0000000081600000, 0x0000000081600000|100%| O|  |TAMS 0x0000000081600000, 0x0000000081500000| Untracked 
|  22|0x0000000081600000, 0x0000000081700000, 0x0000000081700000|100%| O|  |TAMS 0x0000000081700000, 0x0000000081600000| Untracked 
|  23|0x0000000081700000, 0x0000000081800000, 0x0000000081800000|100%| O|  |TAMS 0x0000000081800000, 0x0000000081700000| Untracked 
|  24|0x0000000081800000, 0x0000000081900000, 0x0000000081900000|100%| O|  |TAMS 0x0000000081900000, 0x0000000081800000| Untracked 
|  25|0x0000000081900000, 0x0000000081a00000, 0x0000000081a00000|100%| O|  |TAMS 0x0000000081a00000, 0x0000000081900000| Complete 
|  26|0x0000000081a00000, 0x0000000081b00000, 0x0000000081b00000|100%| O|  |TAMS 0x0000000081b00000, 0x0000000081a00000| Untracked 
|  27|0x0000000081b00000, 0x0000000081c00000, 0x0000000081c00000|100%|HS|  |TAMS 0x0000000081c00000, 0x0000000081b00000| Complete 
|  28|0x0000000081c00000, 0x0000000081d00000, 0x0000000081d00000|100%|HS|  |TAMS 0x0000000081d00000, 0x0000000081c00000| Complete 
|  29|0x0000000081d00000, 0x0000000081e00000, 0x0000000081e00000|100%|HC|  |TAMS 0x0000000081e00000, 0x0000000081d00000| Complete 
|  30|0x0000000081e00000, 0x0000000081f00000, 0x0000000081f00000|100%|HC|  |TAMS 0x0000000081f00000, 0x0000000081e00000| Complete 
|  31|0x0000000081f00000, 0x0000000082000000, 0x0000000082000000|100%|HS|  |TAMS 0x0000000082000000, 0x0000000081f00000| Complete 
|  32|0x0000000082000000, 0x0000000082100000, 0x0000000082100000|100%|HC|  |TAMS 0x0000000082100000, 0x0000000082000000| Complete 
|  33|0x0000000082100000, 0x0000000082200000, 0x0000000082200000|100%| O|  |TAMS 0x0000000082200000, 0x0000000082100000| Untracked 
|  34|0x0000000082200000, 0x0000000082300000, 0x0000000082300000|100%| O|  |TAMS 0x0000000082300000, 0x0000000082200000| Untracked 
|  35|0x0000000082300000, 0x0000000082400000, 0x0000000082400000|100%| O|  |TAMS 0x0000000082400000, 0x0000000082300000| Untracked 
|  36|0x0000000082400000, 0x0000000082500000, 0x0000000082500000|100%| O|  |TAMS 0x0000000082500000, 0x0000000082400000| Complete 
|  37|0x0000000082500000, 0x0000000082600000, 0x0000000082600000|100%| O|  |TAMS 0x0000000082600000, 0x0000000082500000| Untracked 
|  38|0x0000000082600000, 0x0000000082700000, 0x0000000082700000|100%| O|  |TAMS 0x0000000082700000, 0x0000000082600000| Untracked 
|  39|0x0000000082700000, 0x0000000082800000, 0x0000000082800000|100%| O|  |TAMS 0x0000000082800000, 0x0000000082700000| Untracked 
|  40|0x0000000082800000, 0x0000000082900000, 0x0000000082900000|100%| O|  |TAMS 0x0000000082900000, 0x0000000082800000| Untracked 
|  41|0x0000000082900000, 0x0000000082a00000, 0x0000000082a00000|100%| O|  |TAMS 0x0000000082a00000, 0x0000000082900000| Untracked 
|  42|0x0000000082a00000, 0x0000000082b00000, 0x0000000082b00000|100%| O|  |TAMS 0x0000000082b00000, 0x0000000082a00000| Untracked 
|  43|0x0000000082b00000, 0x0000000082c00000, 0x0000000082c00000|100%| O|  |TAMS 0x0000000082c00000, 0x0000000082b00000| Untracked 
|  44|0x0000000082c00000, 0x0000000082d00000, 0x0000000082d00000|100%| O|  |TAMS 0x0000000082d00000, 0x0000000082c00000| Untracked 
|  45|0x0000000082d00000, 0x0000000082e00000, 0x0000000082e00000|100%| O|  |TAMS 0x0000000082e00000, 0x0000000082d00000| Untracked 
|  46|0x0000000082e00000, 0x0000000082f00000, 0x0000000082f00000|100%| O|  |TAMS 0x0000000082f00000, 0x0000000082e00000| Untracked 
|  47|0x0000000082f00000, 0x0000000083000000, 0x0000000083000000|100%| O|  |TAMS 0x0000000083000000, 0x0000000082f00000| Untracked 
|  48|0x0000000083000000, 0x0000000083100000, 0x0000000083100000|100%| O|  |TAMS 0x0000000083100000, 0x0000000083000000| Complete 
|  49|0x0000000083100000, 0x0000000083200000, 0x0000000083200000|100%| O|  |TAMS 0x0000000083200000, 0x0000000083100000| Untracked 
|  50|0x0000000083200000, 0x0000000083300000, 0x0000000083300000|100%| O|  |TAMS 0x0000000083300000, 0x0000000083200000| Untracked 
|  51|0x0000000083300000, 0x0000000083400000, 0x0000000083400000|100%| O|  |TAMS 0x0000000083400000, 0x0000000083300000| Untracked 
|  52|0x0000000083400000, 0x0000000083500000, 0x0000000083500000|100%| O|  |TAMS 0x0000000083500000, 0x0000000083400000| Untracked 
|  53|0x0000000083500000, 0x0000000083600000, 0x0000000083600000|100%| O|  |TAMS 0x0000000083600000, 0x0000000083500000| Untracked 
|  54|0x0000000083600000, 0x0000000083700000, 0x0000000083700000|100%| O|  |TAMS 0x0000000083700000, 0x0000000083600000| Untracked 
|  55|0x0000000083700000, 0x0000000083800000, 0x0000000083800000|100%| O|  |TAMS 0x0000000083800000, 0x0000000083700000| Untracked 
|  56|0x0000000083800000, 0x0000000083900000, 0x0000000083900000|100%| O|  |TAMS 0x0000000083900000, 0x0000000083800000| Untracked 
|  57|0x0000000083900000, 0x0000000083a00000, 0x0000000083a00000|100%| O|  |TAMS 0x0000000083a00000, 0x0000000083900000| Untracked 
|  58|0x0000000083a00000, 0x0000000083b00000, 0x0000000083b00000|100%| O|  |TAMS 0x0000000083b00000, 0x0000000083a00000| Complete 
|  59|0x0000000083b00000, 0x0000000083c00000, 0x0000000083c00000|100%| O|  |TAMS 0x0000000083c00000, 0x0000000083b00000| Untracked 
|  60|0x0000000083c00000, 0x0000000083d00000, 0x0000000083d00000|100%| O|  |TAMS 0x0000000083d00000, 0x0000000083c00000| Untracked 
|  61|0x0000000083d00000, 0x0000000083e00000, 0x0000000083e00000|100%| O|  |TAMS 0x0000000083e00000, 0x0000000083d00000| Untracked 
|  62|0x0000000083e00000, 0x0000000083f00000, 0x0000000083f00000|100%|HS|  |TAMS 0x0000000083f00000, 0x0000000083e00000| Complete 
|  63|0x0000000083f00000, 0x0000000084000000, 0x0000000084000000|100%|HC|  |TAMS 0x0000000084000000, 0x0000000083f00000| Complete 
|  64|0x0000000084000000, 0x0000000084100000, 0x0000000084100000|100%|HC|  |TAMS 0x0000000084100000, 0x0000000084000000| Complete 
|  65|0x0000000084100000, 0x0000000084200000, 0x0000000084200000|100%|HS|  |TAMS 0x0000000084200000, 0x0000000084100000| Complete 
|  66|0x0000000084200000, 0x0000000084300000, 0x0000000084300000|100%|HC|  |TAMS 0x0000000084300000, 0x0000000084200000| Complete 
|  67|0x0000000084300000, 0x0000000084400000, 0x0000000084400000|100%|HS|  |TAMS 0x0000000084400000, 0x0000000084300000| Complete 
|  68|0x0000000084400000, 0x0000000084500000, 0x0000000084500000|100%|HS|  |TAMS 0x0000000084500000, 0x0000000084400000| Complete 
|  69|0x0000000084500000, 0x0000000084600000, 0x0000000084600000|100%|HS|  |TAMS 0x0000000084600000, 0x0000000084500000| Complete 
|  70|0x0000000084600000, 0x0000000084700000, 0x0000000084700000|100%| O|  |TAMS 0x0000000084700000, 0x0000000084600000| Untracked 
|  71|0x0000000084700000, 0x0000000084800000, 0x0000000084800000|100%| O|  |TAMS 0x0000000084800000, 0x0000000084700000| Complete 
|  72|0x0000000084800000, 0x0000000084900000, 0x0000000084900000|100%| O|  |TAMS 0x0000000084900000, 0x0000000084800000| Untracked 
|  73|0x0000000084900000, 0x0000000084a00000, 0x0000000084a00000|100%| O|  |TAMS 0x0000000084a00000, 0x0000000084900000| Untracked 
|  74|0x0000000084a00000, 0x0000000084b00000, 0x0000000084b00000|100%| O|  |TAMS 0x0000000084b00000, 0x0000000084a00000| Untracked 
|  75|0x0000000084b00000, 0x0000000084c00000, 0x0000000084c00000|100%| O|  |TAMS 0x0000000084c00000, 0x0000000084b00000| Untracked 
|  76|0x0000000084c00000, 0x0000000084d00000, 0x0000000084d00000|100%| O|  |TAMS 0x0000000084d00000, 0x0000000084c00000| Untracked 
|  77|0x0000000084d00000, 0x0000000084e00000, 0x0000000084e00000|100%| O|  |TAMS 0x0000000084e00000, 0x0000000084d00000| Complete 
|  78|0x0000000084e00000, 0x0000000084f00000, 0x0000000084f00000|100%| O|  |TAMS 0x0000000084f00000, 0x0000000084e00000| Complete 
|  79|0x0000000084f00000, 0x0000000085000000, 0x0000000085000000|100%| O|  |TAMS 0x0000000085000000, 0x0000000084f00000| Complete 
|  80|0x0000000085000000, 0x0000000085100000, 0x0000000085100000|100%| O|  |TAMS 0x0000000085100000, 0x0000000085000000| Complete 
|  81|0x0000000085100000, 0x0000000085200000, 0x0000000085200000|100%|HS|  |TAMS 0x0000000085100000, 0x0000000085100000| Complete 
|  82|0x0000000085200000, 0x0000000085200000, 0x0000000085300000|  0%| F|  |TAMS 0x0000000085200000, 0x0000000085200000| Untracked 
|  83|0x0000000085300000, 0x0000000085300000, 0x0000000085400000|  0%| F|  |TAMS 0x0000000085300000, 0x0000000085300000| Untracked 
|  84|0x0000000085400000, 0x0000000085500000, 0x0000000085500000|100%| O|  |TAMS 0x0000000085500000, 0x0000000085400000| Untracked 
|  85|0x0000000085500000, 0x0000000085600000, 0x0000000085600000|100%| O|  |TAMS 0x0000000085600000, 0x0000000085500000| Untracked 
|  86|0x0000000085600000, 0x0000000085600000, 0x0000000085700000|  0%| F|  |TAMS 0x0000000085600000, 0x0000000085600000| Untracked 
|  87|0x0000000085700000, 0x0000000085700000, 0x0000000085800000|  0%| F|  |TAMS 0x0000000085700000, 0x0000000085700000| Untracked 
|  88|0x0000000085800000, 0x0000000085900000, 0x0000000085900000|100%| O|  |TAMS 0x0000000085900000, 0x0000000085800000| Untracked 
|  89|0x0000000085900000, 0x0000000085900000, 0x0000000085a00000|  0%| F|  |TAMS 0x0000000085900000, 0x0000000085900000| Untracked 
|  90|0x0000000085a00000, 0x0000000085b00000, 0x0000000085b00000|100%| O|  |TAMS 0x0000000085b00000, 0x0000000085a00000| Complete 
|  91|0x0000000085b00000, 0x0000000085b00000, 0x0000000085c00000|  0%| F|  |TAMS 0x0000000085b00000, 0x0000000085b00000| Untracked 
|  92|0x0000000085c00000, 0x0000000085d00000, 0x0000000085d00000|100%|HS|  |TAMS 0x0000000085d00000, 0x0000000085c00000| Complete 
|  93|0x0000000085d00000, 0x0000000085d00000, 0x0000000085e00000|  0%| F|  |TAMS 0x0000000085d00000, 0x0000000085d00000| Untracked 
|  94|0x0000000085e00000, 0x0000000085f00000, 0x0000000085f00000|100%| O|  |TAMS 0x0000000085f00000, 0x0000000085e00000| Complete 
|  95|0x0000000085f00000, 0x0000000086000000, 0x0000000086000000|100%| O|  |TAMS 0x0000000086000000, 0x0000000085f00000| Untracked 
|  96|0x0000000086000000, 0x0000000086100000, 0x0000000086100000|100%| O|  |TAMS 0x0000000086100000, 0x0000000086000000| Complete 
|  97|0x0000000086100000, 0x0000000086100000, 0x0000000086200000|  0%| F|  |TAMS 0x0000000086100000, 0x0000000086100000| Untracked 
|  98|0x0000000086200000, 0x0000000086300000, 0x0000000086300000|100%| O|  |TAMS 0x0000000086300000, 0x0000000086200000| Complete 
|  99|0x0000000086300000, 0x0000000086400000, 0x0000000086400000|100%| O|  |TAMS 0x0000000086400000, 0x0000000086300000| Complete 
| 100|0x0000000086400000, 0x0000000086500000, 0x0000000086500000|100%| O|  |TAMS 0x0000000086500000, 0x0000000086400000| Untracked 
| 101|0x0000000086500000, 0x0000000086600000, 0x0000000086600000|100%| O|  |TAMS 0x0000000086600000, 0x0000000086500000| Complete 
| 102|0x0000000086600000, 0x0000000086700000, 0x0000000086700000|100%| O|  |TAMS 0x0000000086700000, 0x0000000086600000| Complete 
| 103|0x0000000086700000, 0x0000000086800000, 0x0000000086800000|100%| O|  |TAMS 0x0000000086800000, 0x0000000086700000| Complete 
| 104|0x0000000086800000, 0x0000000086900000, 0x0000000086900000|100%| O|  |TAMS 0x0000000086900000, 0x0000000086800000| Untracked 
| 105|0x0000000086900000, 0x0000000086a00000, 0x0000000086a00000|100%| O|  |TAMS 0x0000000086a00000, 0x0000000086900000| Complete 
| 106|0x0000000086a00000, 0x0000000086b00000, 0x0000000086b00000|100%| O|  |TAMS 0x0000000086b00000, 0x0000000086a00000| Complete 
| 107|0x0000000086b00000, 0x0000000086c00000, 0x0000000086c00000|100%| O|  |TAMS 0x0000000086c00000, 0x0000000086b00000| Complete 
| 108|0x0000000086c00000, 0x0000000086d00000, 0x0000000086d00000|100%| O|  |TAMS 0x0000000086d00000, 0x0000000086c00000| Untracked 
| 109|0x0000000086d00000, 0x0000000086e00000, 0x0000000086e00000|100%| O|  |TAMS 0x0000000086e00000, 0x0000000086d00000| Untracked 
| 110|0x0000000086e00000, 0x0000000086f00000, 0x0000000086f00000|100%| O|  |TAMS 0x0000000086f00000, 0x0000000086e00000| Untracked 
| 111|0x0000000086f00000, 0x0000000087000000, 0x0000000087000000|100%| O|  |TAMS 0x0000000087000000, 0x0000000086f00000| Untracked 
| 112|0x0000000087000000, 0x0000000087100000, 0x0000000087100000|100%| O|  |TAMS 0x0000000087100000, 0x0000000087000000| Untracked 
| 113|0x0000000087100000, 0x0000000087200000, 0x0000000087200000|100%| O|  |TAMS 0x0000000087200000, 0x0000000087100000| Untracked 
| 114|0x0000000087200000, 0x0000000087300000, 0x0000000087300000|100%| O|  |TAMS 0x0000000087300000, 0x0000000087200000| Untracked 
| 115|0x0000000087300000, 0x0000000087400000, 0x0000000087400000|100%| O|  |TAMS 0x0000000087400000, 0x0000000087300000| Complete 
| 116|0x0000000087400000, 0x0000000087500000, 0x0000000087500000|100%| O|  |TAMS 0x0000000087500000, 0x0000000087400000| Untracked 
| 117|0x0000000087500000, 0x0000000087600000, 0x0000000087600000|100%| O|  |TAMS 0x0000000087600000, 0x0000000087500000| Untracked 
| 118|0x0000000087600000, 0x0000000087700000, 0x0000000087700000|100%| O|  |TAMS 0x0000000087700000, 0x0000000087600000| Complete 
| 119|0x0000000087700000, 0x0000000087800000, 0x0000000087800000|100%| O|  |TAMS 0x0000000087800000, 0x0000000087700000| Untracked 
| 120|0x0000000087800000, 0x0000000087900000, 0x0000000087900000|100%| O|  |TAMS 0x0000000087900000, 0x0000000087800000| Untracked 
| 121|0x0000000087900000, 0x0000000087a00000, 0x0000000087a00000|100%| O|  |TAMS 0x0000000087a00000, 0x0000000087900000| Complete 
| 122|0x0000000087a00000, 0x0000000087b00000, 0x0000000087b00000|100%| O|  |TAMS 0x0000000087b00000, 0x0000000087a00000| Untracked 
| 123|0x0000000087b00000, 0x0000000087c00000, 0x0000000087c00000|100%| O|  |TAMS 0x0000000087c00000, 0x0000000087b00000| Untracked 
| 124|0x0000000087c00000, 0x0000000087d00000, 0x0000000087d00000|100%| O|  |TAMS 0x0000000087d00000, 0x0000000087c00000| Complete 
| 125|0x0000000087d00000, 0x0000000087e00000, 0x0000000087e00000|100%| O|  |TAMS 0x0000000087e00000, 0x0000000087d00000| Untracked 
| 126|0x0000000087e00000, 0x0000000087f00000, 0x0000000087f00000|100%| O|  |TAMS 0x0000000087f00000, 0x0000000087e00000| Complete 
| 127|0x0000000087f00000, 0x0000000088000000, 0x0000000088000000|100%| O|  |TAMS 0x0000000088000000, 0x0000000087f00000| Untracked 
| 128|0x0000000088000000, 0x0000000088100000, 0x0000000088100000|100%| O|  |TAMS 0x0000000088100000, 0x0000000088000000| Complete 
| 129|0x0000000088100000, 0x0000000088200000, 0x0000000088200000|100%| O|  |TAMS 0x0000000088200000, 0x0000000088100000| Complete 
| 130|0x0000000088200000, 0x0000000088300000, 0x0000000088300000|100%| O|  |TAMS 0x0000000088300000, 0x0000000088200000| Complete 
| 131|0x0000000088300000, 0x0000000088400000, 0x0000000088400000|100%| O|  |TAMS 0x0000000088400000, 0x0000000088300000| Untracked 
| 132|0x0000000088400000, 0x0000000088500000, 0x0000000088500000|100%| O|  |TAMS 0x0000000088500000, 0x0000000088400000| Untracked 
| 133|0x0000000088500000, 0x0000000088600000, 0x0000000088600000|100%| O|  |TAMS 0x0000000088600000, 0x0000000088500000| Untracked 
| 134|0x0000000088600000, 0x0000000088700000, 0x0000000088700000|100%| O|  |TAMS 0x0000000088700000, 0x0000000088600000| Untracked 
| 135|0x0000000088700000, 0x0000000088800000, 0x0000000088800000|100%| O|  |TAMS 0x0000000088800000, 0x0000000088700000| Complete 
| 136|0x0000000088800000, 0x0000000088900000, 0x0000000088900000|100%| O|  |TAMS 0x0000000088900000, 0x0000000088800000| Untracked 
| 137|0x0000000088900000, 0x0000000088a00000, 0x0000000088a00000|100%| O|  |TAMS 0x0000000088a00000, 0x0000000088900000| Untracked 
| 138|0x0000000088a00000, 0x0000000088b00000, 0x0000000088b00000|100%| O|  |TAMS 0x0000000088b00000, 0x0000000088a00000| Untracked 
| 139|0x0000000088b00000, 0x0000000088c00000, 0x0000000088c00000|100%| O|  |TAMS 0x0000000088c00000, 0x0000000088b00000| Complete 
| 140|0x0000000088c00000, 0x0000000088d00000, 0x0000000088d00000|100%| O|  |TAMS 0x0000000088d00000, 0x0000000088c00000| Complete 
| 141|0x0000000088d00000, 0x0000000088e00000, 0x0000000088e00000|100%| O|  |TAMS 0x0000000088e00000, 0x0000000088d00000| Untracked 
| 142|0x0000000088e00000, 0x0000000088f00000, 0x0000000088f00000|100%| O|  |TAMS 0x0000000088f00000, 0x0000000088e00000| Untracked 
| 143|0x0000000088f00000, 0x0000000089000000, 0x0000000089000000|100%| O|  |TAMS 0x0000000089000000, 0x0000000088f00000| Untracked 
| 144|0x0000000089000000, 0x0000000089100000, 0x0000000089100000|100%| O|  |TAMS 0x0000000089100000, 0x0000000089000000| Complete 
| 145|0x0000000089100000, 0x0000000089200000, 0x0000000089200000|100%| O|  |TAMS 0x0000000089200000, 0x0000000089100000| Complete 
| 146|0x0000000089200000, 0x0000000089300000, 0x0000000089300000|100%| O|  |TAMS 0x0000000089300000, 0x0000000089200000| Complete 
| 147|0x0000000089300000, 0x0000000089400000, 0x0000000089400000|100%| O|  |TAMS 0x0000000089400000, 0x0000000089300000| Complete 
| 148|0x0000000089400000, 0x0000000089500000, 0x0000000089500000|100%| O|  |TAMS 0x0000000089500000, 0x0000000089400000| Complete 
| 149|0x0000000089500000, 0x0000000089600000, 0x0000000089600000|100%| O|  |TAMS 0x0000000089600000, 0x0000000089500000| Complete 
| 150|0x0000000089600000, 0x0000000089700000, 0x0000000089700000|100%| O|  |TAMS 0x0000000089700000, 0x0000000089600000| Untracked 
| 151|0x0000000089700000, 0x0000000089800000, 0x0000000089800000|100%| O|  |TAMS 0x0000000089800000, 0x0000000089700000| Untracked 
| 152|0x0000000089800000, 0x0000000089900000, 0x0000000089900000|100%| O|  |TAMS 0x0000000089900000, 0x0000000089800000| Complete 
| 153|0x0000000089900000, 0x0000000089a00000, 0x0000000089a00000|100%| O|  |TAMS 0x0000000089a00000, 0x0000000089900000| Untracked 
| 154|0x0000000089a00000, 0x0000000089b00000, 0x0000000089b00000|100%| O|  |TAMS 0x0000000089b00000, 0x0000000089a00000| Untracked 
| 155|0x0000000089b00000, 0x0000000089b8c400, 0x0000000089c00000| 54%| O|  |TAMS 0x0000000089b8c400, 0x0000000089b00000| Untracked 
| 156|0x0000000089c00000, 0x0000000089d00000, 0x0000000089d00000|100%|HS|  |TAMS 0x0000000089c00000, 0x0000000089c00000| Complete 
| 157|0x0000000089d00000, 0x0000000089e00000, 0x0000000089e00000|100%|HS|  |TAMS 0x0000000089d00000, 0x0000000089d00000| Complete 
| 158|0x0000000089e00000, 0x0000000089f00000, 0x0000000089f00000|100%|HS|  |TAMS 0x0000000089e00000, 0x0000000089e00000| Complete 
| 159|0x0000000089f00000, 0x000000008a000000, 0x000000008a000000|100%|HC|  |TAMS 0x0000000089f00000, 0x0000000089f00000| Complete 
| 160|0x000000008a000000, 0x000000008a100000, 0x000000008a100000|100%|HS|  |TAMS 0x000000008a000000, 0x000000008a000000| Complete 
| 161|0x000000008a100000, 0x000000008a200000, 0x000000008a200000|100%|HC|  |TAMS 0x000000008a100000, 0x000000008a100000| Complete 
| 162|0x000000008a200000, 0x000000008a200000, 0x000000008a300000|  0%| F|  |TAMS 0x000000008a200000, 0x000000008a200000| Untracked 
| 163|0x000000008a300000, 0x000000008a300000, 0x000000008a400000|  0%| F|  |TAMS 0x000000008a300000, 0x000000008a300000| Untracked 
| 164|0x000000008a400000, 0x000000008a400000, 0x000000008a500000|  0%| F|  |TAMS 0x000000008a400000, 0x000000008a400000| Untracked 
| 165|0x000000008a500000, 0x000000008a500000, 0x000000008a600000|  0%| F|  |TAMS 0x000000008a500000, 0x000000008a500000| Untracked 
| 166|0x000000008a600000, 0x000000008a600000, 0x000000008a700000|  0%| F|  |TAMS 0x000000008a600000, 0x000000008a600000| Untracked 
| 167|0x000000008a700000, 0x000000008a700000, 0x000000008a800000|  0%| F|  |TAMS 0x000000008a700000, 0x000000008a700000| Untracked 
| 168|0x000000008a800000, 0x000000008a800000, 0x000000008a900000|  0%| F|  |TAMS 0x000000008a800000, 0x000000008a800000| Untracked 
| 169|0x000000008a900000, 0x000000008a900000, 0x000000008aa00000|  0%| F|  |TAMS 0x000000008a900000, 0x000000008a900000| Untracked 
| 170|0x000000008aa00000, 0x000000008aa00000, 0x000000008ab00000|  0%| F|  |TAMS 0x000000008aa00000, 0x000000008aa00000| Untracked 
| 171|0x000000008ab00000, 0x000000008ab00000, 0x000000008ac00000|  0%| F|  |TAMS 0x000000008ab00000, 0x000000008ab00000| Untracked 
| 172|0x000000008ac00000, 0x000000008ac00000, 0x000000008ad00000|  0%| F|  |TAMS 0x000000008ac00000, 0x000000008ac00000| Untracked 
| 173|0x000000008ad00000, 0x000000008ad00000, 0x000000008ae00000|  0%| F|  |TAMS 0x000000008ad00000, 0x000000008ad00000| Untracked 
| 174|0x000000008ae00000, 0x000000008ae00000, 0x000000008af00000|  0%| F|  |TAMS 0x000000008ae00000, 0x000000008ae00000| Untracked 
| 175|0x000000008af00000, 0x000000008af00000, 0x000000008b000000|  0%| F|  |TAMS 0x000000008af00000, 0x000000008af00000| Untracked 
| 176|0x000000008b000000, 0x000000008b000000, 0x000000008b100000|  0%| F|  |TAMS 0x000000008b000000, 0x000000008b000000| Untracked 
| 177|0x000000008b100000, 0x000000008b100000, 0x000000008b200000|  0%| F|  |TAMS 0x000000008b100000, 0x000000008b100000| Untracked 
| 178|0x000000008b200000, 0x000000008b200000, 0x000000008b300000|  0%| F|  |TAMS 0x000000008b200000, 0x000000008b200000| Untracked 
| 179|0x000000008b300000, 0x000000008b300000, 0x000000008b400000|  0%| F|  |TAMS 0x000000008b300000, 0x000000008b300000| Untracked 
| 180|0x000000008b400000, 0x000000008b400000, 0x000000008b500000|  0%| F|  |TAMS 0x000000008b400000, 0x000000008b400000| Untracked 
| 181|0x000000008b500000, 0x000000008b500000, 0x000000008b600000|  0%| F|  |TAMS 0x000000008b500000, 0x000000008b500000| Untracked 
| 182|0x000000008b600000, 0x000000008b600000, 0x000000008b700000|  0%| F|  |TAMS 0x000000008b600000, 0x000000008b600000| Untracked 
| 183|0x000000008b700000, 0x000000008b700000, 0x000000008b800000|  0%| F|  |TAMS 0x000000008b700000, 0x000000008b700000| Untracked 
| 184|0x000000008b800000, 0x000000008b800000, 0x000000008b900000|  0%| F|  |TAMS 0x000000008b800000, 0x000000008b800000| Untracked 
| 185|0x000000008b900000, 0x000000008b900000, 0x000000008ba00000|  0%| F|  |TAMS 0x000000008b900000, 0x000000008b900000| Untracked 
| 186|0x000000008ba00000, 0x000000008ba00000, 0x000000008bb00000|  0%| F|  |TAMS 0x000000008ba00000, 0x000000008ba00000| Untracked 
| 187|0x000000008bb00000, 0x000000008bb00000, 0x000000008bc00000|  0%| F|  |TAMS 0x000000008bb00000, 0x000000008bb00000| Untracked 
| 188|0x000000008bc00000, 0x000000008bc00000, 0x000000008bd00000|  0%| F|  |TAMS 0x000000008bc00000, 0x000000008bc00000| Untracked 
| 189|0x000000008bd00000, 0x000000008bd00000, 0x000000008be00000|  0%| F|  |TAMS 0x000000008bd00000, 0x000000008bd00000| Untracked 
| 190|0x000000008be00000, 0x000000008be00000, 0x000000008bf00000|  0%| F|  |TAMS 0x000000008be00000, 0x000000008be00000| Untracked 
| 191|0x000000008bf00000, 0x000000008bf00000, 0x000000008c000000|  0%| F|  |TAMS 0x000000008bf00000, 0x000000008bf00000| Untracked 
| 192|0x000000008c000000, 0x000000008c000000, 0x000000008c100000|  0%| F|  |TAMS 0x000000008c000000, 0x000000008c000000| Untracked 
| 193|0x000000008c100000, 0x000000008c100000, 0x000000008c200000|  0%| F|  |TAMS 0x000000008c100000, 0x000000008c100000| Untracked 
| 194|0x000000008c200000, 0x000000008c200000, 0x000000008c300000|  0%| F|  |TAMS 0x000000008c200000, 0x000000008c200000| Untracked 
| 195|0x000000008c300000, 0x000000008c300000, 0x000000008c400000|  0%| F|  |TAMS 0x000000008c300000, 0x000000008c300000| Untracked 
| 196|0x000000008c400000, 0x000000008c400000, 0x000000008c500000|  0%| F|  |TAMS 0x000000008c400000, 0x000000008c400000| Untracked 
| 197|0x000000008c500000, 0x000000008c500000, 0x000000008c600000|  0%| F|  |TAMS 0x000000008c500000, 0x000000008c500000| Untracked 
| 198|0x000000008c600000, 0x000000008c600000, 0x000000008c700000|  0%| F|  |TAMS 0x000000008c600000, 0x000000008c600000| Untracked 
| 199|0x000000008c700000, 0x000000008c700000, 0x000000008c800000|  0%| F|  |TAMS 0x000000008c700000, 0x000000008c700000| Untracked 
| 200|0x000000008c800000, 0x000000008c800000, 0x000000008c900000|  0%| F|  |TAMS 0x000000008c800000, 0x000000008c800000| Untracked 
| 201|0x000000008c900000, 0x000000008c900000, 0x000000008ca00000|  0%| F|  |TAMS 0x000000008c900000, 0x000000008c900000| Untracked 
| 202|0x000000008ca00000, 0x000000008ca00000, 0x000000008cb00000|  0%| F|  |TAMS 0x000000008ca00000, 0x000000008ca00000| Untracked 
| 203|0x000000008cb00000, 0x000000008cb00000, 0x000000008cc00000|  0%| F|  |TAMS 0x000000008cb00000, 0x000000008cb00000| Untracked 
| 204|0x000000008cc00000, 0x000000008cc00000, 0x000000008cd00000|  0%| F|  |TAMS 0x000000008cc00000, 0x000000008cc00000| Untracked 
| 205|0x000000008cd00000, 0x000000008cd00000, 0x000000008ce00000|  0%| F|  |TAMS 0x000000008cd00000, 0x000000008cd00000| Untracked 
| 206|0x000000008ce00000, 0x000000008ce00000, 0x000000008cf00000|  0%| F|  |TAMS 0x000000008ce00000, 0x000000008ce00000| Untracked 
| 207|0x000000008cf00000, 0x000000008cf00000, 0x000000008d000000|  0%| F|  |TAMS 0x000000008cf00000, 0x000000008cf00000| Untracked 
| 208|0x000000008d000000, 0x000000008d000000, 0x000000008d100000|  0%| F|  |TAMS 0x000000008d000000, 0x000000008d000000| Untracked 
| 209|0x000000008d100000, 0x000000008d100000, 0x000000008d200000|  0%| F|  |TAMS 0x000000008d100000, 0x000000008d100000| Untracked 
| 210|0x000000008d200000, 0x000000008d200000, 0x000000008d300000|  0%| F|  |TAMS 0x000000008d200000, 0x000000008d200000| Untracked 
| 211|0x000000008d300000, 0x000000008d300000, 0x000000008d400000|  0%| F|  |TAMS 0x000000008d300000, 0x000000008d300000| Untracked 
| 212|0x000000008d400000, 0x000000008d400000, 0x000000008d500000|  0%| F|  |TAMS 0x000000008d400000, 0x000000008d400000| Untracked 
| 213|0x000000008d500000, 0x000000008d500000, 0x000000008d600000|  0%| F|  |TAMS 0x000000008d500000, 0x000000008d500000| Untracked 
| 214|0x000000008d600000, 0x000000008d600000, 0x000000008d700000|  0%| F|  |TAMS 0x000000008d600000, 0x000000008d600000| Untracked 
| 215|0x000000008d700000, 0x000000008d700000, 0x000000008d800000|  0%| F|  |TAMS 0x000000008d700000, 0x000000008d700000| Untracked 
| 216|0x000000008d800000, 0x000000008d800000, 0x000000008d900000|  0%| F|  |TAMS 0x000000008d800000, 0x000000008d800000| Untracked 
| 217|0x000000008d900000, 0x000000008d900000, 0x000000008da00000|  0%| F|  |TAMS 0x000000008d900000, 0x000000008d900000| Untracked 
| 218|0x000000008da00000, 0x000000008da00000, 0x000000008db00000|  0%| F|  |TAMS 0x000000008da00000, 0x000000008da00000| Untracked 
| 219|0x000000008db00000, 0x000000008db00000, 0x000000008dc00000|  0%| F|  |TAMS 0x000000008db00000, 0x000000008db00000| Untracked 
| 220|0x000000008dc00000, 0x000000008dc00000, 0x000000008dd00000|  0%| F|  |TAMS 0x000000008dc00000, 0x000000008dc00000| Untracked 
| 221|0x000000008dd00000, 0x000000008dd00000, 0x000000008de00000|  0%| F|  |TAMS 0x000000008dd00000, 0x000000008dd00000| Untracked 
| 222|0x000000008de00000, 0x000000008de00000, 0x000000008df00000|  0%| F|  |TAMS 0x000000008de00000, 0x000000008de00000| Untracked 
| 223|0x000000008df00000, 0x000000008df00000, 0x000000008e000000|  0%| F|  |TAMS 0x000000008df00000, 0x000000008df00000| Untracked 
| 224|0x000000008e000000, 0x000000008e000000, 0x000000008e100000|  0%| F|  |TAMS 0x000000008e000000, 0x000000008e000000| Untracked 
| 225|0x000000008e100000, 0x000000008e100000, 0x000000008e200000|  0%| F|  |TAMS 0x000000008e100000, 0x000000008e100000| Untracked 
| 226|0x000000008e200000, 0x000000008e200000, 0x000000008e300000|  0%| F|  |TAMS 0x000000008e200000, 0x000000008e200000| Untracked 
| 227|0x000000008e300000, 0x000000008e300000, 0x000000008e400000|  0%| F|  |TAMS 0x000000008e300000, 0x000000008e300000| Untracked 
| 228|0x000000008e400000, 0x000000008e400000, 0x000000008e500000|  0%| F|  |TAMS 0x000000008e400000, 0x000000008e400000| Untracked 
| 229|0x000000008e500000, 0x000000008e500000, 0x000000008e600000|  0%| F|  |TAMS 0x000000008e500000, 0x000000008e500000| Untracked 
| 230|0x000000008e600000, 0x000000008e600000, 0x000000008e700000|  0%| F|  |TAMS 0x000000008e600000, 0x000000008e600000| Untracked 
| 231|0x000000008e700000, 0x000000008e700000, 0x000000008e800000|  0%| F|  |TAMS 0x000000008e700000, 0x000000008e700000| Untracked 
| 232|0x000000008e800000, 0x000000008e800000, 0x000000008e900000|  0%| F|  |TAMS 0x000000008e800000, 0x000000008e800000| Untracked 
| 233|0x000000008e900000, 0x000000008e900000, 0x000000008ea00000|  0%| F|  |TAMS 0x000000008e900000, 0x000000008e900000| Untracked 
| 234|0x000000008ea00000, 0x000000008ea00000, 0x000000008eb00000|  0%| F|  |TAMS 0x000000008ea00000, 0x000000008ea00000| Untracked 
| 235|0x000000008eb00000, 0x000000008eb00000, 0x000000008ec00000|  0%| F|  |TAMS 0x000000008eb00000, 0x000000008eb00000| Untracked 
| 236|0x000000008ec00000, 0x000000008ec00000, 0x000000008ed00000|  0%| F|  |TAMS 0x000000008ec00000, 0x000000008ec00000| Untracked 
| 237|0x000000008ed00000, 0x000000008ed00000, 0x000000008ee00000|  0%| F|  |TAMS 0x000000008ed00000, 0x000000008ed00000| Untracked 
| 238|0x000000008ee00000, 0x000000008ee00000, 0x000000008ef00000|  0%| F|  |TAMS 0x000000008ee00000, 0x000000008ee00000| Untracked 
| 239|0x000000008ef00000, 0x000000008ef00000, 0x000000008f000000|  0%| F|  |TAMS 0x000000008ef00000, 0x000000008ef00000| Untracked 
| 240|0x000000008f000000, 0x000000008f000000, 0x000000008f100000|  0%| F|  |TAMS 0x000000008f000000, 0x000000008f000000| Untracked 
| 241|0x000000008f100000, 0x000000008f100000, 0x000000008f200000|  0%| F|  |TAMS 0x000000008f100000, 0x000000008f100000| Untracked 
| 242|0x000000008f200000, 0x000000008f200000, 0x000000008f300000|  0%| F|  |TAMS 0x000000008f200000, 0x000000008f200000| Untracked 
| 243|0x000000008f300000, 0x000000008f332d70, 0x000000008f400000| 19%| E|  |TAMS 0x000000008f300000, 0x000000008f300000| Complete 
| 244|0x000000008f400000, 0x000000008f4db6e8, 0x000000008f500000| 85%| E|  |TAMS 0x000000008f400000, 0x000000008f400000| Complete 
| 245|0x000000008f500000, 0x000000008f600000, 0x000000008f600000|100%| E|CS|TAMS 0x000000008f500000, 0x000000008f500000| Complete 
| 246|0x000000008f600000, 0x000000008f700000, 0x000000008f700000|100%| E|CS|TAMS 0x000000008f600000, 0x000000008f600000| Complete 
| 247|0x000000008f700000, 0x000000008f800000, 0x000000008f800000|100%| E|CS|TAMS 0x000000008f700000, 0x000000008f700000| Complete 
| 248|0x000000008f800000, 0x000000008f900000, 0x000000008f900000|100%| E|CS|TAMS 0x000000008f800000, 0x000000008f800000| Complete 
| 249|0x000000008f900000, 0x000000008fa00000, 0x000000008fa00000|100%| E|CS|TAMS 0x000000008f900000, 0x000000008f900000| Complete 
| 250|0x000000008fa00000, 0x000000008fb00000, 0x000000008fb00000|100%| E|CS|TAMS 0x000000008fa00000, 0x000000008fa00000| Complete 
| 251|0x000000008fb00000, 0x000000008fc00000, 0x000000008fc00000|100%| E|CS|TAMS 0x000000008fb00000, 0x000000008fb00000| Complete 
| 252|0x000000008fc00000, 0x000000008fd00000, 0x000000008fd00000|100%| E|CS|TAMS 0x000000008fc00000, 0x000000008fc00000| Complete 
| 253|0x000000008fd00000, 0x000000008fe00000, 0x000000008fe00000|100%| E|CS|TAMS 0x000000008fd00000, 0x000000008fd00000| Complete 
| 254|0x000000008fe00000, 0x000000008ff00000, 0x000000008ff00000|100%| E|CS|TAMS 0x000000008fe00000, 0x000000008fe00000| Complete 
| 255|0x000000008ff00000, 0x0000000090000000, 0x0000000090000000|100%| E|CS|TAMS 0x000000008ff00000, 0x000000008ff00000| Complete 
| 256|0x0000000090000000, 0x0000000090100000, 0x0000000090100000|100%| E|CS|TAMS 0x0000000090000000, 0x0000000090000000| Complete 
| 257|0x0000000090100000, 0x0000000090200000, 0x0000000090200000|100%| E|CS|TAMS 0x0000000090100000, 0x0000000090100000| Complete 
| 258|0x0000000090200000, 0x0000000090300000, 0x0000000090300000|100%| E|CS|TAMS 0x0000000090200000, 0x0000000090200000| Complete 
| 259|0x0000000090300000, 0x000000009033ec50, 0x0000000090400000| 24%| S|CS|TAMS 0x0000000090300000, 0x0000000090300000| Complete 
| 260|0x0000000090400000, 0x0000000090500000, 0x0000000090500000|100%| S|CS|TAMS 0x0000000090400000, 0x0000000090400000| Complete 
| 261|0x0000000090500000, 0x0000000090600000, 0x0000000090600000|100%| S|CS|TAMS 0x0000000090500000, 0x0000000090500000| Complete 
| 262|0x0000000090600000, 0x0000000090700000, 0x0000000090700000|100%| E|CS|TAMS 0x0000000090600000, 0x0000000090600000| Complete 
| 263|0x0000000090700000, 0x0000000090800000, 0x0000000090800000|100%| E|CS|TAMS 0x0000000090700000, 0x0000000090700000| Complete 
| 264|0x0000000090800000, 0x0000000090900000, 0x0000000090900000|100%| E|CS|TAMS 0x0000000090800000, 0x0000000090800000| Complete 
| 265|0x0000000090900000, 0x0000000090a00000, 0x0000000090a00000|100%| E|CS|TAMS 0x0000000090900000, 0x0000000090900000| Complete 
| 266|0x0000000090a00000, 0x0000000090b00000, 0x0000000090b00000|100%| E|CS|TAMS 0x0000000090a00000, 0x0000000090a00000| Complete 
| 267|0x0000000090b00000, 0x0000000090c00000, 0x0000000090c00000|100%| E|CS|TAMS 0x0000000090b00000, 0x0000000090b00000| Complete 
| 268|0x0000000090c00000, 0x0000000090d00000, 0x0000000090d00000|100%| E|CS|TAMS 0x0000000090c00000, 0x0000000090c00000| Complete 
| 269|0x0000000090d00000, 0x0000000090e00000, 0x0000000090e00000|100%| E|CS|TAMS 0x0000000090d00000, 0x0000000090d00000| Complete 
| 270|0x0000000090e00000, 0x0000000090f00000, 0x0000000090f00000|100%| E|CS|TAMS 0x0000000090e00000, 0x0000000090e00000| Complete 
| 271|0x0000000090f00000, 0x0000000091000000, 0x0000000091000000|100%| E|CS|TAMS 0x0000000090f00000, 0x0000000090f00000| Complete 
| 272|0x0000000091000000, 0x0000000091100000, 0x0000000091100000|100%| E|CS|TAMS 0x0000000091000000, 0x0000000091000000| Complete 
| 273|0x0000000091100000, 0x0000000091200000, 0x0000000091200000|100%| E|CS|TAMS 0x0000000091100000, 0x0000000091100000| Complete 
| 274|0x0000000091200000, 0x0000000091300000, 0x0000000091300000|100%| E|CS|TAMS 0x0000000091200000, 0x0000000091200000| Complete 

Card table byte_map: [0x000001bbc4e40000,0x000001bbc5240000] _byte_map_base: 0x000001bbc4a40000

Marking Bits (Prev, Next): (CMBitMap*) 0x000001bbb210a420, (CMBitMap*) 0x000001bbb210a3e8
 Prev Bits: [0x000001bbc7640000, 0x000001bbc9640000)
 Next Bits: [0x000001bbc5640000, 0x000001bbc7640000)

Polling page: 0x000001bbaff60000

Metaspace:

Usage:
  Non-class:     79.24 MB capacity,    77.80 MB ( 98%) used,     1.20 MB (  2%) free+waste,   244.19 KB ( <1%) overhead. 
      Class:     12.44 MB capacity,    11.67 MB ( 94%) used,   678.30 KB (  5%) free+waste,   110.50 KB ( <1%) overhead. 
       Both:     91.68 MB capacity,    89.47 MB ( 98%) used,     1.86 MB (  2%) free+waste,   354.69 KB ( <1%) overhead. 

Virtual space:
  Non-class space:       80.00 MB reserved,      79.45 MB (>99%) committed 
      Class space:        1.00 GB reserved,      12.50 MB (  1%) committed 
             Both:        1.08 GB reserved,      91.95 MB (  8%) committed 

Chunk freelists:
   Non-Class:  23.00 KB
       Class:  0 bytes
        Both:  23.00 KB

MaxMetaspaceSize: 17179869184.00 GB
CompressedClassSpaceSize: 1.00 GB

CodeHeap 'non-profiled nmethods': size=120064Kb used=6478Kb max_used=6478Kb free=113585Kb
 bounds [0x000001bbbd500000, 0x000001bbbdb60000, 0x000001bbc4a40000]
CodeHeap 'profiled nmethods': size=120000Kb used=23103Kb max_used=23103Kb free=96896Kb
 bounds [0x000001bbb5fd0000, 0x000001bbb7670000, 0x000001bbbd500000]
CodeHeap 'non-nmethods': size=5696Kb used=2274Kb max_used=2349Kb free=3422Kb
 bounds [0x000001bbb5a40000, 0x000001bbb5cb0000, 0x000001bbb5fd0000]
 total_blobs=11703 nmethods=10834 adapters=780
 compilation: enabled
              stopped_count=0, restarted_count=0
 full_count=0

Compilation events (20 events):
Event: 29.933 Thread 0x000001bbcbb22000 11193       3       com.android.tools.r8.w.a.a.a.h.V0::a (272 bytes)
Event: 29.934 Thread 0x000001bbcbb22000 nmethod 11193 0x000001bbb765d010 code [0x000001bbb765d280, 0x000001bbb765db48]
Event: 29.950 Thread 0x000001bbcbb22000 11196       3       com.android.tools.r8.graph.f0::a (10 bytes)
Event: 29.950 Thread 0x000001bbcbb22000 nmethod 11196 0x000001bbb765df10 code [0x000001bbb765e0e0, 0x000001bbb765e308]
Event: 29.951 Thread 0x000001bbcbb22000 11197       3       com.android.tools.r8.graph.f0::a (52 bytes)
Event: 29.951 Thread 0x000001bbcbb22000 nmethod 11197 0x000001bbb765e410 code [0x000001bbb765e680, 0x000001bbb765ef48]
Event: 29.952 Thread 0x000001bbceae7800 nmethod 11192 0x000001bbbdb4bc90 code [0x000001bbbdb4be80, 0x000001bbbdb4c938]
Event: 29.953 Thread 0x000001bbceae7800 11198       4       java.util.TimSort::mergeLo (659 bytes)
Event: 29.975 Thread 0x000001bbcbb22000 11202       3       com.google.common.collect.AbstractMultimap::remove (34 bytes)
Event: 29.975 Thread 0x000001bbcbb22000 nmethod 11202 0x000001bbb765f290 code [0x000001bbb765f480, 0x000001bbb765f968]
Event: 30.057 Thread 0x000001bbceae7800 nmethod 11198 0x000001bbbdb4cf90 code [0x000001bbbdb4d180, 0x000001bbbdb4e9d8]
Event: 30.057 Thread 0x000001bbceae7800 11201       4       java.util.TimSort::mergeHi (732 bytes)
Event: 30.106 Thread 0x000001bbcbb22000 11203 %     3       com.android.tools.r8.graph.C1::a @ 52 (104 bytes)
Event: 30.107 Thread 0x000001bbcbb22000 nmethod 11203% 0x000001bbb765fa90 code [0x000001bbb765fd40, 0x000001bbb76609e8]
Event: 30.107 Thread 0x000001bbcbb22000 11204       3       com.android.tools.r8.graph.C1::a (104 bytes)
Event: 30.109 Thread 0x000001bbcbb22000 nmethod 11204 0x000001bbb7660d90 code [0x000001bbb7661020, 0x000001bbb7661c78]
Event: 30.135 Thread 0x000001bbcbb22000 11206       3       com.android.tools.r8.graph.q0::b (150 bytes)
Event: 30.135 Thread 0x000001bbcbb22000 nmethod 11206 0x000001bbb7662010 code [0x000001bbb7662200, 0x000001bbb7662718]
Event: 30.136 Thread 0x000001bbcbb22000 11207       3       com.android.tools.r8.graph.q0::a (9 bytes)
Event: 30.136 Thread 0x000001bbcbb22000 nmethod 11207 0x000001bbb7662910 code [0x000001bbb7662ae0, 0x000001bbb7662d68]

GC Heap History (20 events):
Event: 22.130 GC heap before
{Heap before GC invocations=30 (full 0):
 garbage-first heap   total 159744K, used 124996K [0x0000000080000000, 0x0000000100000000)
  region size 1024K, 54 young (55296K), 5 survivors (5120K)
 Metaspace       used 82164K, capacity 84064K, committed 84304K, reserved 1122304K
  class space    used 10646K, capacity 11306K, committed 11392K, reserved 1048576K
}
Event: 22.150 GC heap after
{Heap after GC invocations=31 (full 0):
 garbage-first heap   total 159744K, used 80472K [0x0000000080000000, 0x0000000100000000)
  region size 1024K, 7 young (7168K), 7 survivors (7168K)
 Metaspace       used 82164K, capacity 84064K, committed 84304K, reserved 1122304K
  class space    used 10646K, capacity 11306K, committed 11392K, reserved 1048576K
}
Event: 22.945 GC heap before
{Heap before GC invocations=31 (full 0):
 garbage-first heap   total 159744K, used 109144K [0x0000000080000000, 0x0000000100000000)
  region size 1024K, 37 young (37888K), 7 survivors (7168K)
 Metaspace       used 85787K, capacity 87887K, committed 88144K, reserved 1126400K
  class space    used 11122K, capacity 11874K, committed 11904K, reserved 1048576K
}
Event: 22.966 GC heap after
{Heap after GC invocations=32 (full 0):
 garbage-first heap   total 159744K, used 82944K [0x0000000080000000, 0x0000000100000000)
  region size 1024K, 3 young (3072K), 3 survivors (3072K)
 Metaspace       used 85787K, capacity 87887K, committed 88144K, reserved 1126400K
  class space    used 11122K, capacity 11874K, committed 11904K, reserved 1048576K
}
Event: 23.956 GC heap before
{Heap before GC invocations=33 (full 0):
 garbage-first heap   total 159744K, used 141312K [0x0000000080000000, 0x0000000100000000)
  region size 1024K, 45 young (46080K), 3 survivors (3072K)
 Metaspace       used 86652K, capacity 88758K, committed 89040K, reserved 1126400K
  class space    used 11211K, capacity 11954K, committed 12032K, reserved 1048576K
}
Event: 23.997 GC heap after
{Heap after GC invocations=34 (full 0):
 garbage-first heap   total 159744K, used 104448K [0x0000000080000000, 0x0000000100000000)
  region size 1024K, 6 young (6144K), 6 survivors (6144K)
 Metaspace       used 86652K, capacity 88758K, committed 89040K, reserved 1126400K
  class space    used 11211K, capacity 11954K, committed 12032K, reserved 1048576K
}
Event: 24.122 GC heap before
{Heap before GC invocations=34 (full 0):
 garbage-first heap   total 159744K, used 117760K [0x0000000080000000, 0x0000000100000000)
  region size 1024K, 20 young (20480K), 6 survivors (6144K)
 Metaspace       used 86654K, capacity 88758K, committed 89040K, reserved 1126400K
  class space    used 11211K, capacity 11954K, committed 12032K, reserved 1048576K
}
Event: 24.166 GC heap after
{Heap after GC invocations=35 (full 0):
 garbage-first heap   total 192512K, used 109495K [0x0000000080000000, 0x0000000100000000)
  region size 1024K, 4 young (4096K), 4 survivors (4096K)
 Metaspace       used 86654K, capacity 88758K, committed 89040K, reserved 1126400K
  class space    used 11211K, capacity 11954K, committed 12032K, reserved 1048576K
}
Event: 25.290 GC heap before
{Heap before GC invocations=36 (full 0):
 garbage-first heap   total 192512K, used 141239K [0x0000000080000000, 0x0000000100000000)
  region size 1024K, 35 young (35840K), 4 survivors (4096K)
 Metaspace       used 88653K, capacity 90740K, committed 90960K, reserved 1128448K
  class space    used 11573K, capacity 12312K, committed 12416K, reserved 1048576K
}
Event: 25.344 GC heap after
{Heap after GC invocations=37 (full 0):
 garbage-first heap   total 192512K, used 123837K [0x0000000080000000, 0x0000000100000000)
  region size 1024K, 5 young (5120K), 5 survivors (5120K)
 Metaspace       used 88653K, capacity 90740K, committed 90960K, reserved 1128448K
  class space    used 11573K, capacity 12312K, committed 12416K, reserved 1048576K
}
Event: 25.617 GC heap before
{Heap before GC invocations=37 (full 0):
 garbage-first heap   total 192512K, used 148413K [0x0000000080000000, 0x0000000100000000)
  region size 1024K, 29 young (29696K), 5 survivors (5120K)
 Metaspace       used 88680K, capacity 90744K, committed 90960K, reserved 1128448K
  class space    used 11573K, capacity 12312K, committed 12416K, reserved 1048576K
}
Event: 25.679 GC heap after
{Heap after GC invocations=38 (full 0):
 garbage-first heap   total 192512K, used 137727K [0x0000000080000000, 0x0000000100000000)
  region size 1024K, 4 young (4096K), 4 survivors (4096K)
 Metaspace       used 88680K, capacity 90744K, committed 90960K, reserved 1128448K
  class space    used 11573K, capacity 12312K, committed 12416K, reserved 1048576K
}
Event: 26.181 GC heap before
{Heap before GC invocations=38 (full 0):
 garbage-first heap   total 192512K, used 153087K [0x0000000080000000, 0x0000000100000000)
  region size 1024K, 20 young (20480K), 4 survivors (4096K)
 Metaspace       used 88723K, capacity 90808K, committed 90960K, reserved 1128448K
  class space    used 11573K, capacity 12312K, committed 12416K, reserved 1048576K
}
Event: 26.210 GC heap after
{Heap after GC invocations=39 (full 0):
 garbage-first heap   total 192512K, used 147456K [0x0000000080000000, 0x0000000100000000)
  region size 1024K, 3 young (3072K), 3 survivors (3072K)
 Metaspace       used 88723K, capacity 90808K, committed 90960K, reserved 1128448K
  class space    used 11573K, capacity 12312K, committed 12416K, reserved 1048576K
}
Event: 26.496 GC heap before
{Heap before GC invocations=39 (full 0):
 garbage-first heap   total 192512K, used 158720K [0x0000000080000000, 0x0000000100000000)
  region size 1024K, 14 young (14336K), 3 survivors (3072K)
 Metaspace       used 88994K, capacity 91046K, committed 91216K, reserved 1128448K
  class space    used 11617K, capacity 12348K, committed 12416K, reserved 1048576K
}
Event: 26.522 GC heap after
{Heap after GC invocations=40 (full 0):
 garbage-first heap   total 281600K, used 153088K [0x0000000080000000, 0x0000000100000000)
  region size 1024K, 2 young (2048K), 2 survivors (2048K)
 Metaspace       used 88994K, capacity 91046K, committed 91216K, reserved 1128448K
  class space    used 11617K, capacity 12348K, committed 12416K, reserved 1048576K
}
Event: 27.766 GC heap before
{Heap before GC invocations=41 (full 0):
 garbage-first heap   total 281600K, used 193024K [0x0000000080000000, 0x0000000100000000)
  region size 1024K, 42 young (43008K), 2 survivors (2048K)
 Metaspace       used 91264K, capacity 93483K, committed 93648K, reserved 1130496K
  class space    used 11906K, capacity 12714K, committed 12800K, reserved 1048576K
}
Event: 27.809 GC heap after
{Heap after GC invocations=42 (full 0):
 garbage-first heap   total 281600K, used 159069K [0x0000000080000000, 0x0000000100000000)
  region size 1024K, 6 young (6144K), 6 survivors (6144K)
 Metaspace       used 91264K, capacity 93483K, committed 93648K, reserved 1130496K
  class space    used 11906K, capacity 12714K, committed 12800K, reserved 1048576K
}
Event: 28.136 GC heap before
{Heap before GC invocations=42 (full 0):
 garbage-first heap   total 281600K, used 170333K [0x0000000080000000, 0x0000000100000000)
  region size 1024K, 19 young (19456K), 6 survivors (6144K)
 Metaspace       used 91328K, capacity 93548K, committed 93648K, reserved 1130496K
  class space    used 11914K, capacity 12714K, committed 12800K, reserved 1048576K
}
Event: 28.164 GC heap after
{Heap after GC invocations=43 (full 0):
 garbage-first heap   total 281600K, used 161580K [0x0000000080000000, 0x0000000100000000)
  region size 1024K, 3 young (3072K), 3 survivors (3072K)
 Metaspace       used 91328K, capacity 93548K, committed 93648K, reserved 1130496K
  class space    used 11914K, capacity 12714K, committed 12800K, reserved 1048576K
}

Deoptimization events (20 events):
Event: 30.031 Thread 0x000001bbd1d43800 DEOPT PACKING pc=0x000001bbb7653161 sp=0x00000085680fe6c0
Event: 30.031 Thread 0x000001bbd1d43800 DEOPT UNPACKING pc=0x000001bbb5a6724e sp=0x00000085680fdbb0 mode 0
Event: 30.035 Thread 0x000001bbd1d43800 DEOPT PACKING pc=0x000001bbb761bd48 sp=0x00000085680fe6d0
Event: 30.035 Thread 0x000001bbd1d43800 DEOPT UNPACKING pc=0x000001bbb5a6724e sp=0x00000085680fdbb8 mode 0
Event: 30.040 Thread 0x000001bbd1d43800 DEOPT PACKING pc=0x000001bbb761bd48 sp=0x00000085680fe6d0
Event: 30.040 Thread 0x000001bbd1d43800 DEOPT UNPACKING pc=0x000001bbb5a6724e sp=0x00000085680fdbb8 mode 0
Event: 30.060 Thread 0x000001bbd1d43800 DEOPT PACKING pc=0x000001bbb7653161 sp=0x00000085680fe6c0
Event: 30.060 Thread 0x000001bbd1d43800 DEOPT UNPACKING pc=0x000001bbb5a6724e sp=0x00000085680fdbb0 mode 0
Event: 30.070 Thread 0x000001bbd1d43800 DEOPT PACKING pc=0x000001bbb7653161 sp=0x00000085680fe6c0
Event: 30.070 Thread 0x000001bbd1d43800 DEOPT UNPACKING pc=0x000001bbb5a6724e sp=0x00000085680fdbb0 mode 0
Event: 30.091 Thread 0x000001bbd1d43800 DEOPT PACKING pc=0x000001bbb7653161 sp=0x00000085680fe640
Event: 30.091 Thread 0x000001bbd1d43800 DEOPT UNPACKING pc=0x000001bbb5a6724e sp=0x00000085680fdb30 mode 0
Event: 30.095 Thread 0x000001bbd1d43800 DEOPT PACKING pc=0x000001bbb7653161 sp=0x00000085680fe640
Event: 30.095 Thread 0x000001bbd1d43800 DEOPT UNPACKING pc=0x000001bbb5a6724e sp=0x00000085680fdb30 mode 0
Event: 30.101 Thread 0x000001bbd1d43800 DEOPT PACKING pc=0x000001bbb7653161 sp=0x00000085680fe640
Event: 30.101 Thread 0x000001bbd1d43800 DEOPT UNPACKING pc=0x000001bbb5a6724e sp=0x00000085680fdb30 mode 0
Event: 30.134 Thread 0x000001bbd1d43800 Uncommon trap: trap_request=0xffffff4d fr.pc=0x000001bbbdaed100 relative=0x00000000000002c0
Event: 30.135 Thread 0x000001bbd1d43800 Uncommon trap: reason=unstable_if action=reinterpret pc=0x000001bbbdaed100 method=com.android.tools.r8.graph.q0.b(Lcom/android/tools/r8/graph/q0;)I @ 60 c2
Event: 30.135 Thread 0x000001bbd1d43800 DEOPT PACKING pc=0x000001bbbdaed100 sp=0x00000085680fe600
Event: 30.135 Thread 0x000001bbd1d43800 DEOPT UNPACKING pc=0x000001bbb5a6742f sp=0x00000085680fe588 mode 2

Classes redefined (0 events):
No events

Internal exceptions (20 events):
Event: 22.879 Thread 0x000001bbd1d46000 Exception <a 'java/lang/NoSuchMethodError'{0x00000000881ad850}: 'java.lang.Object java.lang.invoke.DirectMethodHandle$Holder.invokeStaticInit(java.lang.Object, java.lang.Object, java.lang.Object, java.lang.Object, java.lang.Object, java.lang.Object, java.lang.Object, java.lang.Object, java.lang.Object, java.lang.Object, java.lang.Object, java.lang.Object, java.lang.Object, java.lang.Object, java.lang.Object, java.lang.Object, java.lang.Object, int, java.lang.Object)'> (0x00000000881ad850) thrown at [./src/
Event: 23.526 Thread 0x000001bbd2d39800 Exception <a 'java/lang/NoSuchMethodError'{0x00000000890ea680}: 'void java.lang.invoke.DirectMethodHandle$Holder.invokeStatic(java.lang.Object, long)'> (0x00000000890ea680) thrown at [./src/hotspot/share/interpreter/linkResolver.cpp, line 773]
Event: 23.527 Thread 0x000001bbd2d39800 Exception <a 'java/lang/NoSuchMethodError'{0x00000000890ef898}: 'java.lang.Object java.lang.invoke.DirectMethodHandle$Holder.invokeStatic(java.lang.Object, long)'> (0x00000000890ef898) thrown at [./src/hotspot/share/interpreter/linkResolver.cpp, line 773]
Event: 23.531 Thread 0x000001bbd2d39800 Exception <a 'java/lang/NoSuchMethodError'{0x0000000088ced5a8}: 'java.lang.Object java.lang.invoke.DirectMethodHandle$Holder.invokeStaticInit(java.lang.Object, java.lang.Object, long, java.lang.Object)'> (0x0000000088ced5a8) thrown at [./src/hotspot/share/interpreter/linkResolver.cpp, line 773]
Event: 23.532 Thread 0x000001bbd2d39800 Exception <a 'java/lang/NoSuchMethodError'{0x0000000088cf3740}: 'java.lang.Object java.lang.invoke.DirectMethodHandle$Holder.invokeStatic(java.lang.Object, java.lang.Object, long)'> (0x0000000088cf3740) thrown at [./src/hotspot/share/interpreter/linkResolver.cpp, line 773]
Event: 23.533 Thread 0x000001bbd2d39800 Exception <a 'java/lang/NoSuchMethodError'{0x0000000088cf9cb8}: 'java.lang.Object java.lang.invoke.Invokers$Holder.linkToTargetMethod(java.lang.Object, long, java.lang.Object)'> (0x0000000088cf9cb8) thrown at [./src/hotspot/share/interpreter/linkResolver.cpp, line 773]
Event: 24.382 Thread 0x000001bbd2d39800 Exception <a 'java/lang/NoSuchMethodError'{0x000000008b641880}: 'int java.lang.invoke.DirectMethodHandle$Holder.invokeSpecialIFC(java.lang.Object, java.lang.Object, java.lang.Object)'> (0x000000008b641880) thrown at [./src/hotspot/share/interpreter/linkResolver.cpp, line 773]
Event: 24.436 Thread 0x000001bbd1d44800 Exception <a 'java/lang/NoSuchMethodError'{0x000000008b53f708}: 'java.lang.Object java.lang.invoke.DirectMethodHandle$Holder.newInvokeSpecial(java.lang.Object, int)'> (0x000000008b53f708) thrown at [./src/hotspot/share/interpreter/linkResolver.cpp, line 773]
Event: 26.538 Thread 0x000001bbd1d46000 Exception <a 'java/lang/NoSuchMethodError'{0x0000000091252628}: 'void java.lang.invoke.DirectMethodHandle$Holder.invokeStatic(java.lang.Object, java.lang.Object, java.lang.Object, int)'> (0x0000000091252628) thrown at [./src/hotspot/share/interpreter/linkResolver.cpp, line 773]
Event: 26.542 Thread 0x000001bbd1d46000 Exception <a 'java/lang/IncompatibleClassChangeError'{0x000000009125b178}: Found class java.lang.Object, but interface was expected> (0x000000009125b178) thrown at [./src/hotspot/share/interpreter/linkResolver.cpp, line 839]
Event: 26.795 Thread 0x000001bbd1d46000 Exception <a 'java/lang/NoSuchMethodError'{0x0000000090e998e8}: 'void java.lang.invoke.DirectMethodHandle$Holder.invokeStaticInit(java.lang.Object, java.lang.Object, java.lang.Object, java.lang.Object, java.lang.Object)'> (0x0000000090e998e8) thrown at [./src/hotspot/share/interpreter/linkResolver.cpp, line 773]
Event: 26.802 Thread 0x000001bbd1d46000 Exception <a 'java/lang/NoSuchMethodError'{0x0000000090ea1698}: 'java.lang.Object java.lang.invoke.DirectMethodHandle$Holder.invokeStatic(java.lang.Object, int, java.lang.Object, java.lang.Object)'> (0x0000000090ea1698) thrown at [./src/hotspot/share/interpreter/linkResolver.cpp, line 773]
Event: 26.878 Thread 0x000001bbd1d46000 Exception <a 'java/lang/NoSuchMethodError'{0x0000000090d9f3d8}: 'long java.lang.invoke.DirectMethodHandle$Holder.invokeStatic(java.lang.Object, java.lang.Object)'> (0x0000000090d9f3d8) thrown at [./src/hotspot/share/interpreter/linkResolver.cpp, line 773]
Event: 26.892 Thread 0x000001bbd1d44800 Exception <a 'java/lang/NoSuchMethodError'{0x0000000090c57528}: 'void java.lang.invoke.DirectMethodHandle$Holder.invokeSpecial(java.lang.Object, java.lang.Object, int, java.lang.Object)'> (0x0000000090c57528) thrown at [./src/hotspot/share/interpreter/linkResolver.cpp, line 773]
Event: 26.893 Thread 0x000001bbd1d45000 Exception <a 'java/lang/NoSuchMethodError'{0x000000009111ca08}: 'void java.lang.invoke.DirectMethodHandle$Holder.invokeSpecial(java.lang.Object, java.lang.Object, int, java.lang.Object)'> (0x000000009111ca08) thrown at [./src/hotspot/share/interpreter/linkResolver.cpp, line 773]
Event: 27.129 Thread 0x000001bbd1d40000 Exception <a 'java/lang/NoSuchMethodError'{0x0000000090187100}: 'java.lang.Object java.lang.invoke.DirectMethodHandle$Holder.invokeVirtual(java.lang.Object, java.lang.Object, int)'> (0x0000000090187100) thrown at [./src/hotspot/share/interpreter/linkResolver.cpp, line 773]
Event: 27.210 Thread 0x000001bbd1d46000 Exception <a 'java/lang/NoSuchMethodError'{0x000000008fd5bc80}: 'java.lang.Object java.lang.invoke.DirectMethodHandle$Holder.invokeSpecial(java.lang.Object, java.lang.Object, java.lang.Object, java.lang.Object, java.lang.Object, java.lang.Object, java.lang.Object, java.lang.Object, java.lang.Object, java.lang.Object)'> (0x000000008fd5bc80) thrown at [./src/hotspot/share/interpreter/linkResolver.cpp, line 773]
Event: 27.211 Thread 0x000001bbd1d46000 Exception <a 'java/lang/NoSuchMethodError'{0x000000008fd5fd70}: 'java.lang.Object java.lang.invoke.Invokers$Holder.linkToTargetMethod(java.lang.Object, java.lang.Object, java.lang.Object, java.lang.Object, java.lang.Object, java.lang.Object, java.lang.Object, java.lang.Object, java.lang.Object)'> (0x000000008fd5fd70) thrown at [./src/hotspot/share/interpreter/linkResolver.cpp, line 773]
Event: 27.331 Thread 0x000001bbd1d45000 Implicit null exception at 0x000001bbbdaafac7 to 0x000001bbbdab0654
Event: 27.331 Thread 0x000001bbd1d44800 Implicit null exception at 0x000001bbbdaafac7 to 0x000001bbbdab0654

Events (20 events):
Event: 29.455 loading class com/google/common/base/Function
Event: 29.455 loading class com/google/common/base/Function done
Event: 29.455 loading class com/google/common/collect/Maps$9
Event: 29.455 loading class com/google/common/collect/Maps$9 done
Event: 29.456 loading class org/gradle/internal/execution/history/impl/DefaultOutputFilesRepository$1
Event: 29.456 loading class org/gradle/internal/execution/history/impl/DefaultOutputFilesRepository$1 done
Event: 29.466 Executing VM operation: RevokeBias
Event: 29.476 Executing VM operation: RevokeBias done
Event: 29.512 loading class org/gradle/internal/execution/steps/SkipUpToDateStep$2
Event: 29.512 loading class org/gradle/internal/execution/steps/SkipUpToDateStep$2 done
Event: 29.945 loading class com/android/tools/r8/graph/f0
Event: 29.945 loading class com/android/tools/r8/graph/f0 done
Event: 29.945 loading class com/android/tools/r8/graph/C1
Event: 29.945 loading class com/android/tools/r8/graph/C1 done
Event: 30.112 loading class com/android/tools/r8/graph/q0
Event: 30.112 loading class com/android/tools/r8/graph/q0 done
Event: 30.112 loading class com/android/tools/r8/graph/q0
Event: 30.112 loading class com/android/tools/r8/graph/q0 done
Event: 30.112 loading class com/android/tools/r8/graph/C1
Event: 30.112 loading class com/android/tools/r8/graph/C1 done


Dynamic libraries:
0x00007ff720a60000 - 0x00007ff720a6a000 	D:\Android\Android Studio\jre\bin\java.exe
0x00007ff82b910000 - 0x00007ff82bafd000 	C:\Windows\SYSTEM32\ntdll.dll
0x00007ff82b1b0000 - 0x00007ff82b263000 	C:\Windows\System32\KERNEL32.DLL
0x00007ff8288a0000 - 0x00007ff828b35000 	C:\Windows\System32\KERNELBASE.dll
0x00007ff827b20000 - 0x00007ff827c1a000 	C:\Windows\System32\ucrtbase.dll
0x00007ff81dbb0000 - 0x00007ff81dbc9000 	D:\Android\Android Studio\jre\bin\jli.dll
0x00007ff8293c0000 - 0x00007ff829558000 	C:\Windows\System32\USER32.dll
0x00007ff827c50000 - 0x00007ff827c70000 	C:\Windows\System32\win32u.dll
0x00007ff82aa60000 - 0x00007ff82aa89000 	C:\Windows\System32\GDI32.dll
0x00007ff827c70000 - 0x00007ff827e0c000 	C:\Windows\System32\gdi32full.dll
0x00007ff828800000 - 0x00007ff8288a0000 	C:\Windows\System32\msvcp_win.dll
0x00007ff81d720000 - 0x00007ff81d737000 	D:\Android\Android Studio\jre\bin\VCRUNTIME140.dll
0x00007ff8184c0000 - 0x00007ff818739000 	C:\Windows\WinSxS\amd64_microsoft.windows.common-controls_6595b64144ccf1df_6.0.17763.2114_none_de6e8966534dbac6\COMCTL32.dll
0x00007ff82b840000 - 0x00007ff82b8de000 	C:\Windows\System32\msvcrt.dll
0x00007ff828b50000 - 0x00007ff828e7d000 	C:\Windows\System32\combase.dll
0x00007ff82b550000 - 0x00007ff82b66f000 	C:\Windows\System32\RPCRT4.dll
0x00007ff828770000 - 0x00007ff8287f2000 	C:\Windows\System32\bcryptPrimitives.dll
0x00007ff82b270000 - 0x00007ff82b29e000 	C:\Windows\System32\IMM32.DLL
0x00007ffffe1d0000 - 0x00007ffffe26d000 	D:\Android\Android Studio\jre\bin\msvcp140.dll
0x00007ffffb5a0000 - 0x00007ffffc05c000 	D:\Android\Android Studio\jre\bin\server\jvm.dll
0x00007ff82aef0000 - 0x00007ff82af94000 	C:\Windows\System32\ADVAPI32.dll
0x00007ff82b300000 - 0x00007ff82b39e000 	C:\Windows\System32\sechost.dll
0x00007ff82acc0000 - 0x00007ff82acc8000 	C:\Windows\System32\PSAPI.DLL
0x00007ff8244a0000 - 0x00007ff8244a9000 	C:\Windows\SYSTEM32\WSOCK32.dll
0x00007ff82ae80000 - 0x00007ff82aeed000 	C:\Windows\System32\WS2_32.dll
0x00007ff825a50000 - 0x00007ff825a74000 	C:\Windows\SYSTEM32\WINMM.dll
0x00007ff819ee0000 - 0x00007ff819eea000 	C:\Windows\SYSTEM32\VERSION.dll
0x00007ff8259e0000 - 0x00007ff825a0d000 	C:\Windows\SYSTEM32\WINMMBASE.dll
0x00007ff827a20000 - 0x00007ff827a6a000 	C:\Windows\System32\cfgmgr32.dll
0x00007ff827970000 - 0x00007ff827981000 	C:\Windows\System32\kernel.appcore.dll
0x00007ff824410000 - 0x00007ff824421000 	D:\Android\Android Studio\jre\bin\verify.dll
0x00007ff816e30000 - 0x00007ff81701d000 	C:\Windows\SYSTEM32\DBGHELP.DLL
0x00007ff816a10000 - 0x00007ff816a3a000 	C:\Windows\SYSTEM32\dbgcore.DLL
0x00007ff8243b0000 - 0x00007ff8243d9000 	D:\Android\Android Studio\jre\bin\java.dll
0x00007ff8242f0000 - 0x00007ff8242fb000 	D:\Android\Android Studio\jre\bin\jimage.dll
0x00007ff8242d0000 - 0x00007ff8242e8000 	D:\Android\Android Studio\jre\bin\zip.dll
0x00007ff829560000 - 0x00007ff82aa59000 	C:\Windows\System32\SHELL32.dll
0x00007ff828e80000 - 0x00007ff828f28000 	C:\Windows\System32\shcore.dll
0x00007ff828020000 - 0x00007ff82876b000 	C:\Windows\System32\windows.storage.dll
0x00007ff827990000 - 0x00007ff8279b4000 	C:\Windows\System32\profapi.dll
0x00007ff827910000 - 0x00007ff82796d000 	C:\Windows\System32\powrprof.dll
0x00007ff82b080000 - 0x00007ff82b0d2000 	C:\Windows\System32\shlwapi.dll
0x00007ff827e10000 - 0x00007ff827e27000 	C:\Windows\System32\cryptsp.dll
0x00007ff823500000 - 0x00007ff82351a000 	D:\Android\Android Studio\jre\bin\net.dll
0x00007ff823520000 - 0x00007ff823611000 	C:\Windows\SYSTEM32\WINHTTP.dll
0x00007ff8270e0000 - 0x00007ff827147000 	C:\Windows\system32\mswsock.dll
0x00007ff820750000 - 0x00007ff820764000 	D:\Android\Android Studio\jre\bin\nio.dll
0x00007ff81dc20000 - 0x00007ff81dc47000 	C:\Users\Home\.gradle\native\fdc75f09e3144964f2cf3f50f0aa648679c211496f362492102eb8c894070792\windows-amd64\native-platform.dll
0x00007ff81aba0000 - 0x00007ff81ad36000 	C:\Users\Home\.gradle\native\12488b8bf47d2d4c9fbf2f6322a914ad602e24e48041cd04a747c6da556b65c4\windows-amd64\native-platform-file-events.dll
0x00007ff821a30000 - 0x00007ff821a3a000 	D:\Android\Android Studio\jre\bin\management.dll
0x00007ff8215b0000 - 0x00007ff8215bc000 	D:\Android\Android Studio\jre\bin\management_ext.dll
0x00007ff826c70000 - 0x00007ff826ca3000 	C:\Windows\system32\rsaenh.dll
0x00007ff827c20000 - 0x00007ff827c46000 	C:\Windows\System32\bcrypt.dll
0x00007ff827820000 - 0x00007ff827849000 	C:\Windows\SYSTEM32\USERENV.dll
0x00007ff8272b0000 - 0x00007ff8272bc000 	C:\Windows\SYSTEM32\CRYPTBASE.dll
0x00007ff826e00000 - 0x00007ff826e3d000 	C:\Windows\SYSTEM32\IPHLPAPI.DLL
0x00007ff828b40000 - 0x00007ff828b48000 	C:\Windows\System32\NSI.dll
0x00007ff81ff80000 - 0x00007ff81ff96000 	C:\Windows\SYSTEM32\dhcpcsvc6.DLL
0x00007ff821510000 - 0x00007ff82152c000 	C:\Windows\SYSTEM32\dhcpcsvc.DLL
0x00007ff826e40000 - 0x00007ff826f06000 	C:\Windows\SYSTEM32\DNSAPI.dll
0x00007ff822bf0000 - 0x00007ff822bfb000 	C:\Windows\SYSTEM32\WINNSI.DLL

dbghelp: loaded successfully - version: 4.0.5 - missing functions: none
symbol engine: initialized successfully - sym options: 0x614 - pdb path: .;D:\Android\Android Studio\jre\bin;C:\Windows\SYSTEM32;C:\Windows\WinSxS\amd64_microsoft.windows.common-controls_6595b64144ccf1df_6.0.17763.2114_none_de6e8966534dbac6;D:\Android\Android Studio\jre\bin\server;C:\Users\Home\.gradle\native\fdc75f09e3144964f2cf3f50f0aa648679c211496f362492102eb8c894070792\windows-amd64;C:\Users\Home\.gradle\native\12488b8bf47d2d4c9fbf2f6322a914ad602e24e48041cd04a747c6da556b65c4\windows-amd64

VM Arguments:
jvm_args: --add-opens=java.base/java.util=ALL-UNNAMED --add-opens=java.base/java.lang=ALL-UNNAMED --add-opens=java.base/java.lang.invoke=ALL-UNNAMED --add-opens=java.prefs/java.util.prefs=ALL-UNNAMED -Xmx2048m -Dfile.encoding=UTF-8 -Duser.country=RU -Duser.language=ru -Duser.variant 
java_command: org.gradle.launcher.daemon.bootstrap.GradleDaemon 6.7.1
java_class_path (initial): C:\Users\Home\.gradle\wrapper\dists\gradle-6.7.1-bin\bwlcbys1h7rz3272sye1xwiv6\gradle-6.7.1\lib\gradle-launcher-6.7.1.jar
Launcher Type: SUN_STANDARD

[Global flags]
     intx CICompilerCount                          = 3                                         {product} {ergonomic}
     uint ConcGCThreads                            = 1                                         {product} {ergonomic}
     uint G1ConcRefinementThreads                  = 4                                         {product} {ergonomic}
   size_t G1HeapRegionSize                         = 1048576                                   {product} {ergonomic}
    uintx GCDrainStackTargetSize                   = 64                                        {product} {ergonomic}
   size_t InitialHeapSize                          = 65011712                                  {product} {ergonomic}
   size_t MarkStackSize                            = 4194304                                   {product} {ergonomic}
   size_t MaxHeapSize                              = 2147483648                                {product} {command line}
   size_t MaxNewSize                               = 1287651328                                {product} {ergonomic}
   size_t MinHeapDeltaBytes                        = 1048576                                   {product} {ergonomic}
    uintx NonNMethodCodeHeapSize                   = 5830732                                {pd product} {ergonomic}
    uintx NonProfiledCodeHeapSize                  = 122913754                              {pd product} {ergonomic}
    uintx ProfiledCodeHeapSize                     = 122913754                              {pd product} {ergonomic}
    uintx ReservedCodeCacheSize                    = 251658240                              {pd product} {ergonomic}
     bool SegmentedCodeCache                       = true                                      {product} {ergonomic}
     bool UseCompressedClassPointers               = true                                 {lp64_product} {ergonomic}
     bool UseCompressedOops                        = true                                 {lp64_product} {ergonomic}
     bool UseG1GC                                  = true                                      {product} {ergonomic}
     bool UseLargePagesIndividualAllocation        = false                                  {pd product} {ergonomic}

Logging:
Log output configuration:
 #0: stdout all=warning uptime,level,tags
 #1: stderr all=off uptime,level,tags

Environment Variables:
PATH=C:\Program Files (x86)\Common Files\Oracle\Java\javapath;C:\Windows\system32;C:\Windows;C:\Windows\System32\Wbem;C:\Windows\System32\WindowsPowerShell\v1.0\;C:\Windows\System32\OpenSSH\;D:\AndroidProjects\Git\cmd;C:\Users\Home\AppData\Local\Microsoft\WindowsApps;
USERNAME=Home
OS=Windows_NT
PROCESSOR_IDENTIFIER=Intel64 Family 6 Model 42 Stepping 7, GenuineIntel



---------------  S Y S T E M  ---------------

OS: Windows 10 , 64 bit Build 17763 (10.0.17763.2090)
OS uptime: 0 days 7:25 hours

CPU:total 4 (initial active 4) (2 cores per cpu, 2 threads per core) family 6 model 42 stepping 7, cmov, cx8, fxsr, mmx, sse, sse2, sse3, ssse3, sse4.1, sse4.2, popcnt, avx, clmul, ht, tsc, tscinvbit

Memory: 4k page, system-wide physical 3932M (500M free)
TotalPageFile size 4732M (AvailPageFile size 5M)
current process WorkingSet (physical memory assigned to process): 526M, peak: 526M
current process commit charge ("private bytes"): 600M, peak: 602M

vm_info: OpenJDK 64-Bit Server VM (11.0.8+10-b944.6842174) for windows-amd64 JRE (11.0.8+10-b944.6842174), built on Sep 19 2020 01:11:42 by "builder" with MS VC++ 14.0 (VS2015)

END.
