#
# There is insufficient memory for the Java Runtime Environment to continue.
# Native memory allocation (mmap) failed to map 95420416 bytes for Failed to commit area from 0x000000008bc00000 to 0x0000000091700000 of length 95420416.
# Possible reasons:
#   The system is out of physical RAM or swap space
#   The process is running with CompressedOops enabled, and the Java Heap may be blocking the growth of the native heap
# Possible solutions:
#   Reduce memory load on the system
#   Increase physical memory or swap space
#   Check if swap backing store is full
#   Decrease Java heap size (-Xmx/-Xms)
#   Decrease number of Java threads
#   Decrease Java thread stack sizes (-Xss)
#   Set larger code cache with -XX:ReservedCodeCacheSize=
#   JVM is running with Unscaled Compressed Oops mode in which the Java heap is
#     placed in the first 4GB address space. The Java Heap base address is the
#     maximum limit for the native heap growth. Please use -XX:HeapBaseMinAddress
#     to set the Java Heap base and to place the Java Heap above 4GB virtual address.
# This output file may be truncated or incomplete.
#
#  Out of Memory Error (./src/hotspot/os/windows/os_windows.cpp:3303), pid=8688, tid=8424
#
# JRE version: OpenJDK Runtime Environment (11.0.8+10) (build 11.0.8+10-b944.6842174)
# Java VM: OpenJDK 64-Bit Server VM (11.0.8+10-b944.6842174, mixed mode, tiered, compressed oops, g1 gc, windows-amd64)
# No core dump will be written. Minidumps are not enabled by default on client versions of Windows
#

---------------  S U M M A R Y ------------

Command Line: --add-opens=java.base/java.util=ALL-UNNAMED --add-opens=java.base/java.lang=ALL-UNNAMED --add-opens=java.base/java.lang.invoke=ALL-UNNAMED --add-opens=java.prefs/java.util.prefs=ALL-UNNAMED -Xmx2048m -Dfile.encoding=UTF-8 -Duser.country=RU -Duser.language=ru -Duser.variant org.gradle.launcher.daemon.bootstrap.GradleDaemon 6.7.1

Host: Intel(R) Core(TM) i3-2370M CPU @ 2.40GHz, 4 cores, 3G,  Windows 10 , 64 bit Build 17763 (10.0.17763.2090)
Time: Mon Aug 16 16:22:19 2021 RTZ 2 (ceia) elapsed time: 24 seconds (0d 0h 0m 24s)

---------------  T H R E A D  ---------------

Current thread (0x0000026426e6f000):  VMThread "VM Thread" [stack: 0x0000009864b00000,0x0000009864c00000] [id=8424]

Stack: [0x0000009864b00000,0x0000009864c00000]
[error occurred during error reporting (printing stack bounds), id 0xc0000005, EXCEPTION_ACCESS_VIOLATION (0xc0000005) at pc=0x0000026410db0dad]

Native frames: (J=compiled Java code, j=interpreted, Vv=VM code, C=native code)
V  [jvm.dll+0x5de50a]
V  [jvm.dll+0x7122f5]
V  [jvm.dll+0x71384d]
V  [jvm.dll+0x713e65]
V  [jvm.dll+0x713e1b]
V  [jvm.dll+0x5dd958]
V  [jvm.dll+0x5de0f8]
C  [ntdll.dll+0xa4a2f]
C  [ntdll.dll+0x4cef]
C  [ntdll.dll+0xa379e]
C  0x0000026410db0dad

VM_Operation (0x000000986fafdc70): G1CollectForAllocation, mode: safepoint, requested by thread 0x000002642884e000


---------------  P R O C E S S  ---------------

Threads class SMR info:
_java_thread_list=0x000002642be3a9c0, length=172, elements={
0x000002640b46a800, 0x0000026426e71800, 0x0000026426e74800, 0x0000026426e8a000,
0x0000026426e8d800, 0x0000026426e90800, 0x0000026426e98000, 0x0000026426ea1800,
0x0000026427941800, 0x000002642794c800, 0x0000026428a9e800, 0x0000026427ad8000,
0x00000264295c2800, 0x00000264291e4800, 0x00000264291e5800, 0x0000026429c37000,
0x0000026429c3a000, 0x0000026429758000, 0x0000026429383000, 0x0000026428d2a800,
0x00000264295f5800, 0x00000264295f6800, 0x00000264295f2800, 0x00000264295f3000,
0x00000264295f4000, 0x00000264295f5000, 0x0000026428ffa800, 0x00000264295f1000,
0x00000264295f7800, 0x00000264295f1800, 0x000002642a518000, 0x000002642a513800,
0x000002642a518800, 0x000002642a514800, 0x000002642a515800, 0x000002642a513000,
0x000002642a51a800, 0x000002642a516000, 0x000002642a517000, 0x000002642a51b000,
0x000002642a51c800, 0x000002642a51c000, 0x000002642a51e800, 0x000002642a51d800,
0x000002642a51f000, 0x000002642a519800, 0x000002642a521000, 0x000002642a520000,
0x000002642d46f000, 0x000002642d46e800, 0x000002642d471800, 0x000002642d473000,
0x000002642d470000, 0x000002642d472800, 0x000002642d474000, 0x000002642d470800,
0x000002642d477800, 0x000002642d47a800, 0x000002642d475800, 0x000002642d475000,
0x000002642d478000, 0x000002642d479000, 0x000002642d479800, 0x000002642d47b800,
0x000002642d47c000, 0x000002642d476800, 0x000002642d47d000, 0x000002642c5a9800,
0x000002642c5a5800, 0x000002642c5a6000, 0x000002642c5a4800, 0x000002642c5ac800,
0x000002642c5a7000, 0x000002642c5a8800, 0x000002642c5a8000, 0x000002642c5ac000,
0x000002642c5ae800, 0x000002642c5ad800, 0x000002642c5af000, 0x000002642c5b0000,
0x000002642c5aa000, 0x000002642c5b1000, 0x000002642c5ab000, 0x000002642c5b3000,
0x000002642c5b1800, 0x000002642c5b2800, 0x000002642a1d6800, 0x000002642a1d7800,
0x000002642a1d8800, 0x000002642a1d3800, 0x000002642a1d9000, 0x000002642a1d6000,
0x000002642a1d4800, 0x000002642a1da000, 0x000002642a1db000, 0x000002642a1d5000,
0x000002642a1db800, 0x000002642a1e2000, 0x000002642a1df800, 0x000002642a1dc800,
0x000002642a1e1800, 0x000002642a1dd800, 0x000002642a1de000, 0x000002642a1df000,
0x000002642a1e0800, 0x000002642c472000, 0x000002642c46d800, 0x000002642c473000,
0x000002642c471800, 0x000002642c474000, 0x000002642c46e000, 0x000002642c474800,
0x000002642c46f000, 0x000002642c475800, 0x000002642c470000, 0x000002642c476800,
0x000002642c470800, 0x000002642c478800, 0x000002642c478000, 0x000002642c479800,
0x000002642c477000, 0x000002642c47a800, 0x000002642c47b000, 0x000002642c47c000,
0x0000026429b89000, 0x0000026429b84800, 0x0000026429b85800, 0x0000026429b86800,
0x0000026429b87000, 0x0000026429b83000, 0x0000026429b84000, 0x0000026429b8b000,
0x0000026429b89800, 0x0000026429b8c000, 0x0000026429b8d800, 0x0000026429b8a800,
0x0000026429b8d000, 0x0000026429b88000, 0x0000026429b91800, 0x0000026429b90000,
0x0000026429b8e800, 0x0000026429b91000, 0x0000026429b8f800, 0x000002642c62b800,
0x000002642c62a000, 0x000002642c627800, 0x000002642c62e000, 0x000002642c62a800,
0x000002642c628000, 0x000002642c62c800, 0x000002642c62d000, 0x000002642c62e800,
0x000002642c629000, 0x000002642c62f800, 0x000002642c630800, 0x000002642c633800,
0x000002642c635800, 0x000002642c631000, 0x000002642c632000, 0x000002642c633000,
0x000002642c634800, 0x000002642c636000, 0x0000026428850800, 0x0000026428853000,
0x0000026428851800, 0x000002642884d800, 0x0000026428854000, 0x000002642884f800,
0x0000026428852000, 0x000002642884e000, 0x000002642884f000, 0x000002642b9d4000
}

Java Threads: ( => current thread )
  0x000002640b46a800 JavaThread "main" [_thread_blocked, id=8828, stack(0x0000009864500000,0x0000009864600000)]
  0x0000026426e71800 JavaThread "Reference Handler" daemon [_thread_blocked, id=3756, stack(0x0000009864c00000,0x0000009864d00000)]
  0x0000026426e74800 JavaThread "Finalizer" daemon [_thread_blocked, id=7052, stack(0x0000009864d00000,0x0000009864e00000)]
  0x0000026426e8a000 JavaThread "Signal Dispatcher" daemon [_thread_blocked, id=8640, stack(0x0000009864e00000,0x0000009864f00000)]
  0x0000026426e8d800 JavaThread "Attach Listener" daemon [_thread_blocked, id=3648, stack(0x0000009864f00000,0x0000009865000000)]
  0x0000026426e90800 JavaThread "C2 CompilerThread0" daemon [_thread_blocked, id=8932, stack(0x0000009865000000,0x0000009865100000)]
  0x0000026426e98000 JavaThread "C1 CompilerThread0" daemon [_thread_blocked, id=4164, stack(0x0000009865100000,0x0000009865200000)]
  0x0000026426ea1800 JavaThread "Sweeper thread" daemon [_thread_blocked, id=6040, stack(0x0000009865200000,0x0000009865300000)]
  0x0000026427941800 JavaThread "Common-Cleaner" daemon [_thread_blocked, id=5156, stack(0x0000009865300000,0x0000009865400000)]
  0x000002642794c800 JavaThread "Service Thread" daemon [_thread_blocked, id=3096, stack(0x0000009865400000,0x0000009865500000)]
  0x0000026428a9e800 JavaThread "Daemon health stats" [_thread_blocked, id=1240, stack(0x0000009865800000,0x0000009865900000)]
  0x0000026427ad8000 JavaThread "Incoming local TCP Connector on port 64136" [_thread_in_native, id=196, stack(0x0000009865c00000,0x0000009865d00000)]
  0x00000264295c2800 JavaThread "Daemon periodic checks" [_thread_blocked, id=7196, stack(0x0000009865d00000,0x0000009865e00000)]
  0x00000264291e4800 JavaThread "Daemon" [_thread_blocked, id=1120, stack(0x0000009865e00000,0x0000009865f00000)]
  0x00000264291e5800 JavaThread "Handler for socket connection from /127.0.0.1:64136 to /127.0.0.1:64137" [_thread_in_native, id=3540, stack(0x0000009865f00000,0x0000009866000000)]
  0x0000026429c37000 JavaThread "Cancel handler" [_thread_blocked, id=7192, stack(0x0000009866000000,0x0000009866100000)]
  0x0000026429c3a000 JavaThread "Daemon worker" [_thread_blocked, id=7108, stack(0x0000009866100000,0x0000009866200000)]
  0x0000026429758000 JavaThread "Asynchronous log dispatcher for DefaultDaemonConnection: socket connection from /127.0.0.1:64136 to /127.0.0.1:64137" [_thread_blocked, id=3260, stack(0x0000009866200000,0x0000009866300000)]
  0x0000026429383000 JavaThread "Stdin handler" [_thread_blocked, id=8188, stack(0x0000009866300000,0x0000009866400000)]
  0x0000026428d2a800 JavaThread "Thread-8" [_thread_blocked, id=4828, stack(0x0000009866400000,0x0000009866500000)]
  0x00000264295f5800 JavaThread "Cache worker for file hash cache (C:\Users\Home\.gradle\caches\6.7.1\fileHashes)" [_thread_blocked, id=5100, stack(0x0000009866500000,0x0000009866600000)]
  0x00000264295f6800 JavaThread "File lock request listener" [_thread_in_native, id=964, stack(0x0000009866600000,0x0000009866700000)]
  0x00000264295f2800 JavaThread "Cache worker for journal cache (C:\Users\Home\.gradle\caches\journal-1)" [_thread_blocked, id=5044, stack(0x0000009866700000,0x0000009866800000)]
  0x00000264295f3000 JavaThread "Cache worker for file hash cache (D:\AndroidProjects\Words\.gradle\6.7.1\fileHashes)" [_thread_blocked, id=888, stack(0x0000009866900000,0x0000009866a00000)]
  0x00000264295f4000 JavaThread "Cache worker for checksums cache (D:\AndroidProjects\Words\.gradle\checksums)" [_thread_blocked, id=8848, stack(0x0000009866800000,0x0000009866900000)]
  0x00000264295f5000 JavaThread "Cache worker for cache directory md-supplier (C:\Users\Home\.gradle\caches\6.7.1\md-supplier)" [_thread_blocked, id=4100, stack(0x0000009866a00000,0x0000009866b00000)]
  0x0000026428ffa800 JavaThread "C2 CompilerThread1" daemon [_thread_in_native, id=7068, stack(0x0000009866b00000,0x0000009866c00000)]
  0x00000264295f1000 JavaThread "Cache worker for cache directory md-rule (C:\Users\Home\.gradle\caches\6.7.1\md-rule)" [_thread_blocked, id=4620, stack(0x0000009866c00000,0x0000009866d00000)]
  0x00000264295f7800 JavaThread "Cache worker for execution history cache (C:\Users\Home\.gradle\caches\6.7.1\executionHistory)" [_thread_blocked, id=7136, stack(0x0000009866d00000,0x0000009866e00000)]
  0x00000264295f1800 JavaThread "jar transforms" [_thread_blocked, id=6812, stack(0x0000009866e00000,0x0000009866f00000)]
  0x000002642a518000 JavaThread "Cache worker for file content cache (C:\Users\Home\.gradle\caches\6.7.1\fileContent)" [_thread_blocked, id=7384, stack(0x0000009866f00000,0x0000009867000000)]
  0x000002642a513800 JavaThread "Cache worker for Build Output Cleanup Cache (D:\AndroidProjects\Words\.gradle\buildOutputCleanup)" [_thread_blocked, id=6968, stack(0x0000009867000000,0x0000009867100000)]
  0x000002642a518800 JavaThread "Build operations" [_thread_blocked, id=2112, stack(0x0000009867100000,0x0000009867200000)]
  0x000002642a514800 JavaThread "Build operations Thread 2" [_thread_blocked, id=8500, stack(0x0000009867200000,0x0000009867300000)]
  0x000002642a515800 JavaThread "Build operations Thread 3" [_thread_blocked, id=8724, stack(0x0000009867300000,0x0000009867400000)]
  0x000002642a513000 JavaThread "Build operations Thread 4" [_thread_blocked, id=7212, stack(0x0000009867400000,0x0000009867500000)]
  0x000002642a51a800 JavaThread "jar transforms Thread 2" [_thread_blocked, id=9016, stack(0x0000009867500000,0x0000009867600000)]
  0x000002642a516000 JavaThread "jar transforms Thread 3" [_thread_blocked, id=9144, stack(0x0000009867600000,0x0000009867700000)]
  0x000002642a517000 JavaThread "jar transforms Thread 4" [_thread_blocked, id=8896, stack(0x0000009867700000,0x0000009867800000)]
  0x000002642a51b000 JavaThread "jar transforms Thread 5" [_thread_blocked, id=1116, stack(0x0000009867800000,0x0000009867900000)]
  0x000002642a51c800 JavaThread "jar transforms Thread 6" [_thread_blocked, id=1036, stack(0x0000009867900000,0x0000009867a00000)]
  0x000002642a51c000 JavaThread "jar transforms Thread 7" [_thread_blocked, id=8252, stack(0x0000009867a00000,0x0000009867b00000)]
  0x000002642a51e800 JavaThread "jar transforms Thread 8" [_thread_blocked, id=5920, stack(0x0000009867b00000,0x0000009867c00000)]
  0x000002642a51d800 JavaThread "jar transforms Thread 9" [_thread_blocked, id=8644, stack(0x0000009867c00000,0x0000009867d00000)]
  0x000002642a51f000 JavaThread "jar transforms Thread 10" [_thread_blocked, id=8904, stack(0x0000009867d00000,0x0000009867e00000)]
  0x000002642a519800 JavaThread "jar transforms Thread 11" [_thread_blocked, id=396, stack(0x0000009867e00000,0x0000009867f00000)]
  0x000002642a521000 JavaThread "jar transforms Thread 12" [_thread_blocked, id=7416, stack(0x0000009867f00000,0x0000009868000000)]
  0x000002642a520000 JavaThread "jar transforms Thread 13" [_thread_blocked, id=3184, stack(0x0000009868000000,0x0000009868100000)]
  0x000002642d46f000 JavaThread "jar transforms Thread 14" [_thread_blocked, id=9204, stack(0x0000009868100000,0x0000009868200000)]
  0x000002642d46e800 JavaThread "jar transforms Thread 15" [_thread_blocked, id=5980, stack(0x0000009868200000,0x0000009868300000)]
  0x000002642d471800 JavaThread "jar transforms Thread 16" [_thread_blocked, id=6512, stack(0x0000009868300000,0x0000009868400000)]
  0x000002642d473000 JavaThread "jar transforms Thread 17" [_thread_blocked, id=3576, stack(0x0000009868400000,0x0000009868500000)]
  0x000002642d470000 JavaThread "jar transforms Thread 18" [_thread_blocked, id=5232, stack(0x0000009868500000,0x0000009868600000)]
  0x000002642d472800 JavaThread "jar transforms Thread 19" [_thread_blocked, id=3652, stack(0x0000009868600000,0x0000009868700000)]
  0x000002642d474000 JavaThread "jar transforms Thread 20" [_thread_blocked, id=3840, stack(0x0000009868700000,0x0000009868800000)]
  0x000002642d470800 JavaThread "jar transforms Thread 21" [_thread_blocked, id=2936, stack(0x0000009868800000,0x0000009868900000)]
  0x000002642d477800 JavaThread "jar transforms Thread 22" [_thread_blocked, id=7808, stack(0x0000009868900000,0x0000009868a00000)]
  0x000002642d47a800 JavaThread "jar transforms Thread 23" [_thread_blocked, id=1148, stack(0x0000009868a00000,0x0000009868b00000)]
  0x000002642d475800 JavaThread "jar transforms Thread 24" [_thread_blocked, id=1480, stack(0x0000009868b00000,0x0000009868c00000)]
  0x000002642d475000 JavaThread "jar transforms Thread 25" [_thread_blocked, id=532, stack(0x0000009868c00000,0x0000009868d00000)]
  0x000002642d478000 JavaThread "jar transforms Thread 26" [_thread_blocked, id=2576, stack(0x0000009868d00000,0x0000009868e00000)]
  0x000002642d479000 JavaThread "jar transforms Thread 27" [_thread_blocked, id=2484, stack(0x0000009868e00000,0x0000009868f00000)]
  0x000002642d479800 JavaThread "jar transforms Thread 28" [_thread_blocked, id=6436, stack(0x0000009868f00000,0x0000009869000000)]
  0x000002642d47b800 JavaThread "jar transforms Thread 29" [_thread_blocked, id=9044, stack(0x0000009869000000,0x0000009869100000)]
  0x000002642d47c000 JavaThread "jar transforms Thread 30" [_thread_blocked, id=4420, stack(0x0000009869100000,0x0000009869200000)]
  0x000002642d476800 JavaThread "jar transforms Thread 31" [_thread_blocked, id=7420, stack(0x0000009869200000,0x0000009869300000)]
  0x000002642d47d000 JavaThread "jar transforms Thread 32" [_thread_blocked, id=5216, stack(0x0000009869300000,0x0000009869400000)]
  0x000002642c5a9800 JavaThread "jar transforms Thread 33" [_thread_blocked, id=6280, stack(0x0000009869400000,0x0000009869500000)]
  0x000002642c5a5800 JavaThread "jar transforms Thread 34" [_thread_blocked, id=7776, stack(0x0000009869500000,0x0000009869600000)]
  0x000002642c5a6000 JavaThread "jar transforms Thread 35" [_thread_blocked, id=8120, stack(0x0000009869600000,0x0000009869700000)]
  0x000002642c5a4800 JavaThread "jar transforms Thread 36" [_thread_blocked, id=7480, stack(0x0000009869700000,0x0000009869800000)]
  0x000002642c5ac800 JavaThread "jar transforms Thread 37" [_thread_blocked, id=5764, stack(0x0000009869800000,0x0000009869900000)]
  0x000002642c5a7000 JavaThread "jar transforms Thread 38" [_thread_blocked, id=3020, stack(0x0000009869900000,0x0000009869a00000)]
  0x000002642c5a8800 JavaThread "jar transforms Thread 39" [_thread_blocked, id=4224, stack(0x0000009869a00000,0x0000009869b00000)]
  0x000002642c5a8000 JavaThread "jar transforms Thread 40" [_thread_blocked, id=6932, stack(0x0000009869b00000,0x0000009869c00000)]
  0x000002642c5ac000 JavaThread "jar transforms Thread 41" [_thread_blocked, id=7336, stack(0x0000009869c00000,0x0000009869d00000)]
  0x000002642c5ae800 JavaThread "jar transforms Thread 42" [_thread_blocked, id=8916, stack(0x0000009869d00000,0x0000009869e00000)]
  0x000002642c5ad800 JavaThread "jar transforms Thread 43" [_thread_blocked, id=3528, stack(0x0000009869e00000,0x0000009869f00000)]
  0x000002642c5af000 JavaThread "jar transforms Thread 44" [_thread_blocked, id=6000, stack(0x0000009869f00000,0x000000986a000000)]
  0x000002642c5b0000 JavaThread "jar transforms Thread 45" [_thread_blocked, id=5868, stack(0x000000986a000000,0x000000986a100000)]
  0x000002642c5aa000 JavaThread "jar transforms Thread 46" [_thread_blocked, id=4932, stack(0x000000986a100000,0x000000986a200000)]
  0x000002642c5b1000 JavaThread "jar transforms Thread 47" [_thread_blocked, id=6212, stack(0x000000986a200000,0x000000986a300000)]
  0x000002642c5ab000 JavaThread "jar transforms Thread 48" [_thread_blocked, id=8656, stack(0x000000986a300000,0x000000986a400000)]
  0x000002642c5b3000 JavaThread "jar transforms Thread 49" [_thread_blocked, id=4656, stack(0x000000986a400000,0x000000986a500000)]
  0x000002642c5b1800 JavaThread "jar transforms Thread 50" [_thread_blocked, id=8936, stack(0x000000986a500000,0x000000986a600000)]
  0x000002642c5b2800 JavaThread "jar transforms Thread 51" [_thread_blocked, id=1676, stack(0x000000986a600000,0x000000986a700000)]
  0x000002642a1d6800 JavaThread "jar transforms Thread 52" [_thread_blocked, id=9196, stack(0x000000986a700000,0x000000986a800000)]
  0x000002642a1d7800 JavaThread "jar transforms Thread 53" [_thread_blocked, id=6852, stack(0x000000986a800000,0x000000986a900000)]
  0x000002642a1d8800 JavaThread "jar transforms Thread 54" [_thread_blocked, id=9088, stack(0x000000986a900000,0x000000986aa00000)]
  0x000002642a1d3800 JavaThread "jar transforms Thread 55" [_thread_blocked, id=6588, stack(0x000000986aa00000,0x000000986ab00000)]
  0x000002642a1d9000 JavaThread "jar transforms Thread 56" [_thread_blocked, id=2252, stack(0x000000986ab00000,0x000000986ac00000)]
  0x000002642a1d6000 JavaThread "jar transforms Thread 57" [_thread_blocked, id=9172, stack(0x000000986ac00000,0x000000986ad00000)]
  0x000002642a1d4800 JavaThread "jar transforms Thread 58" [_thread_blocked, id=6844, stack(0x000000986ad00000,0x000000986ae00000)]
  0x000002642a1da000 JavaThread "jar transforms Thread 59" [_thread_blocked, id=2312, stack(0x000000986ae00000,0x000000986af00000)]
  0x000002642a1db000 JavaThread "jar transforms Thread 60" [_thread_blocked, id=8232, stack(0x000000986af00000,0x000000986b000000)]
  0x000002642a1d5000 JavaThread "jar transforms Thread 61" [_thread_blocked, id=8464, stack(0x000000986b000000,0x000000986b100000)]
  0x000002642a1db800 JavaThread "jar transforms Thread 62" [_thread_blocked, id=5836, stack(0x000000986b100000,0x000000986b200000)]
  0x000002642a1e2000 JavaThread "jar transforms Thread 63" [_thread_blocked, id=6956, stack(0x000000986b200000,0x000000986b300000)]
  0x000002642a1df800 JavaThread "jar transforms Thread 64" [_thread_blocked, id=6992, stack(0x000000986b300000,0x000000986b400000)]
  0x000002642a1dc800 JavaThread "jar transforms Thread 65" [_thread_blocked, id=2216, stack(0x000000986b400000,0x000000986b500000)]
  0x000002642a1e1800 JavaThread "jar transforms Thread 66" [_thread_blocked, id=9140, stack(0x000000986b500000,0x000000986b600000)]
  0x000002642a1dd800 JavaThread "jar transforms Thread 67" [_thread_blocked, id=4652, stack(0x000000986b600000,0x000000986b700000)]
  0x000002642a1de000 JavaThread "jar transforms Thread 68" [_thread_blocked, id=8452, stack(0x000000986b700000,0x000000986b800000)]
  0x000002642a1df000 JavaThread "jar transforms Thread 69" [_thread_blocked, id=5296, stack(0x000000986b800000,0x000000986b900000)]
  0x000002642a1e0800 JavaThread "jar transforms Thread 70" [_thread_blocked, id=3352, stack(0x000000986b900000,0x000000986ba00000)]
  0x000002642c472000 JavaThread "jar transforms Thread 71" [_thread_blocked, id=5184, stack(0x000000986ba00000,0x000000986bb00000)]
  0x000002642c46d800 JavaThread "jar transforms Thread 72" [_thread_blocked, id=4448, stack(0x000000986bb00000,0x000000986bc00000)]
  0x000002642c473000 JavaThread "jar transforms Thread 73" [_thread_blocked, id=1916, stack(0x000000986bc00000,0x000000986bd00000)]
  0x000002642c471800 JavaThread "jar transforms Thread 74" [_thread_blocked, id=3712, stack(0x000000986bd00000,0x000000986be00000)]
  0x000002642c474000 JavaThread "jar transforms Thread 75" [_thread_blocked, id=4848, stack(0x000000986be00000,0x000000986bf00000)]
  0x000002642c46e000 JavaThread "jar transforms Thread 76" [_thread_blocked, id=5312, stack(0x000000986bf00000,0x000000986c000000)]
  0x000002642c474800 JavaThread "jar transforms Thread 77" [_thread_blocked, id=5676, stack(0x000000986c000000,0x000000986c100000)]
  0x000002642c46f000 JavaThread "jar transforms Thread 78" [_thread_blocked, id=2428, stack(0x000000986c100000,0x000000986c200000)]
  0x000002642c475800 JavaThread "jar transforms Thread 79" [_thread_blocked, id=1592, stack(0x000000986c200000,0x000000986c300000)]
  0x000002642c470000 JavaThread "jar transforms Thread 80" [_thread_blocked, id=3732, stack(0x000000986c300000,0x000000986c400000)]
  0x000002642c476800 JavaThread "jar transforms Thread 81" [_thread_blocked, id=5248, stack(0x000000986c400000,0x000000986c500000)]
  0x000002642c470800 JavaThread "jar transforms Thread 82" [_thread_blocked, id=3700, stack(0x000000986c500000,0x000000986c600000)]
  0x000002642c478800 JavaThread "jar transforms Thread 83" [_thread_blocked, id=8396, stack(0x000000986c600000,0x000000986c700000)]
  0x000002642c478000 JavaThread "jar transforms Thread 84" [_thread_blocked, id=8104, stack(0x000000986c700000,0x000000986c800000)]
  0x000002642c479800 JavaThread "jar transforms Thread 85" [_thread_blocked, id=3604, stack(0x000000986c800000,0x000000986c900000)]
  0x000002642c477000 JavaThread "jar transforms Thread 86" [_thread_blocked, id=1440, stack(0x000000986c900000,0x000000986ca00000)]
  0x000002642c47a800 JavaThread "jar transforms Thread 87" [_thread_blocked, id=7912, stack(0x000000986ca00000,0x000000986cb00000)]
  0x000002642c47b000 JavaThread "jar transforms Thread 88" [_thread_blocked, id=1652, stack(0x000000986cb00000,0x000000986cc00000)]
  0x000002642c47c000 JavaThread "jar transforms Thread 89" [_thread_blocked, id=2524, stack(0x000000986cc00000,0x000000986cd00000)]
  0x0000026429b89000 JavaThread "jar transforms Thread 90" [_thread_blocked, id=644, stack(0x000000986cd00000,0x000000986ce00000)]
  0x0000026429b84800 JavaThread "jar transforms Thread 91" [_thread_blocked, id=860, stack(0x000000986ce00000,0x000000986cf00000)]
  0x0000026429b85800 JavaThread "jar transforms Thread 92" [_thread_blocked, id=4768, stack(0x000000986cf00000,0x000000986d000000)]
  0x0000026429b86800 JavaThread "jar transforms Thread 93" [_thread_blocked, id=3680, stack(0x000000986d000000,0x000000986d100000)]
  0x0000026429b87000 JavaThread "jar transforms Thread 94" [_thread_blocked, id=2968, stack(0x000000986d100000,0x000000986d200000)]
  0x0000026429b83000 JavaThread "jar transforms Thread 95" [_thread_blocked, id=7856, stack(0x000000986d200000,0x000000986d300000)]
  0x0000026429b84000 JavaThread "jar transforms Thread 96" [_thread_blocked, id=8056, stack(0x000000986d300000,0x000000986d400000)]
  0x0000026429b8b000 JavaThread "jar transforms Thread 97" [_thread_blocked, id=2616, stack(0x000000986d400000,0x000000986d500000)]
  0x0000026429b89800 JavaThread "jar transforms Thread 98" [_thread_blocked, id=2372, stack(0x000000986d500000,0x000000986d600000)]
  0x0000026429b8c000 JavaThread "jar transforms Thread 99" [_thread_blocked, id=3036, stack(0x000000986d600000,0x000000986d700000)]
  0x0000026429b8d800 JavaThread "jar transforms Thread 100" [_thread_blocked, id=8528, stack(0x000000986d700000,0x000000986d800000)]
  0x0000026429b8a800 JavaThread "jar transforms Thread 101" [_thread_blocked, id=6376, stack(0x000000986d800000,0x000000986d900000)]
  0x0000026429b8d000 JavaThread "jar transforms Thread 102" [_thread_blocked, id=5848, stack(0x000000986d900000,0x000000986da00000)]
  0x0000026429b88000 JavaThread "jar transforms Thread 103" [_thread_blocked, id=5012, stack(0x000000986da00000,0x000000986db00000)]
  0x0000026429b91800 JavaThread "jar transforms Thread 104" [_thread_blocked, id=6124, stack(0x000000986db00000,0x000000986dc00000)]
  0x0000026429b90000 JavaThread "jar transforms Thread 105" [_thread_blocked, id=628, stack(0x000000986dc00000,0x000000986dd00000)]
  0x0000026429b8e800 JavaThread "jar transforms Thread 106" [_thread_blocked, id=9180, stack(0x000000986dd00000,0x000000986de00000)]
  0x0000026429b91000 JavaThread "jar transforms Thread 107" [_thread_blocked, id=1552, stack(0x000000986de00000,0x000000986df00000)]
  0x0000026429b8f800 JavaThread "jar transforms Thread 108" [_thread_blocked, id=7616, stack(0x000000986df00000,0x000000986e000000)]
  0x000002642c62b800 JavaThread "jar transforms Thread 109" [_thread_blocked, id=1508, stack(0x000000986e000000,0x000000986e100000)]
  0x000002642c62a000 JavaThread "jar transforms Thread 110" [_thread_blocked, id=6192, stack(0x000000986e100000,0x000000986e200000)]
  0x000002642c627800 JavaThread "jar transforms Thread 111" [_thread_blocked, id=8992, stack(0x000000986e200000,0x000000986e300000)]
  0x000002642c62e000 JavaThread "jar transforms Thread 112" [_thread_blocked, id=8676, stack(0x000000986e300000,0x000000986e400000)]
  0x000002642c62a800 JavaThread "jar transforms Thread 113" [_thread_blocked, id=6740, stack(0x000000986e400000,0x000000986e500000)]
  0x000002642c628000 JavaThread "jar transforms Thread 114" [_thread_blocked, id=2296, stack(0x000000986e500000,0x000000986e600000)]
  0x000002642c62c800 JavaThread "jar transforms Thread 115" [_thread_blocked, id=7152, stack(0x000000986e600000,0x000000986e700000)]
  0x000002642c62d000 JavaThread "jar transforms Thread 116" [_thread_blocked, id=6892, stack(0x000000986e700000,0x000000986e800000)]
  0x000002642c62e800 JavaThread "jar transforms Thread 117" [_thread_blocked, id=7780, stack(0x000000986e800000,0x000000986e900000)]
  0x000002642c629000 JavaThread "jar transforms Thread 118" [_thread_blocked, id=4060, stack(0x000000986e900000,0x000000986ea00000)]
  0x000002642c62f800 JavaThread "jar transforms Thread 119" [_thread_blocked, id=3896, stack(0x000000986ea00000,0x000000986eb00000)]
  0x000002642c630800 JavaThread "Memory manager" [_thread_blocked, id=7004, stack(0x000000986eb00000,0x000000986ec00000)]
  0x000002642c633800 JavaThread "build event listener" [_thread_blocked, id=8392, stack(0x000000986ec00000,0x000000986ed00000)]
  0x000002642c635800 JavaThread "build event listener" [_thread_blocked, id=7672, stack(0x000000986ed00000,0x000000986ee00000)]
  0x000002642c631000 JavaThread "Execution worker for ':'" [_thread_blocked, id=7584, stack(0x000000986ee00000,0x000000986ef00000)]
  0x000002642c632000 JavaThread "Execution worker for ':' Thread 2" [_thread_blocked, id=1276, stack(0x000000986ef00000,0x000000986f000000)]
  0x000002642c633000 JavaThread "Execution worker for ':' Thread 3" [_thread_blocked, id=1432, stack(0x000000986f000000,0x000000986f100000)]
  0x000002642c634800 JavaThread "Cache worker for execution history cache (D:\AndroidProjects\Words\.gradle\6.7.1\executionHistory)" [_thread_blocked, id=4036, stack(0x000000986f100000,0x000000986f200000)]
  0x000002642c636000 JavaThread "WorkerExecutor Queue" [_thread_blocked, id=2836, stack(0x000000986f200000,0x000000986f300000)]
  0x0000026428850800 JavaThread "WorkerExecutor Queue Thread 2" [_thread_blocked, id=1704, stack(0x000000986f300000,0x000000986f400000)]
  0x0000026428853000 JavaThread "WorkerExecutor Queue Thread 3" [_thread_blocked, id=1892, stack(0x000000986f400000,0x000000986f500000)]
  0x0000026428851800 JavaThread "WorkerExecutor Queue Thread 4" [_thread_blocked, id=2144, stack(0x000000986f500000,0x000000986f600000)]
  0x000002642884d800 JavaThread "pool-4-thread-1" [_thread_blocked, id=5860, stack(0x000000986f600000,0x000000986f700000)]
  0x0000026428854000 JavaThread "stderr" [_thread_in_native, id=4160, stack(0x000000986f700000,0x000000986f800000)]
  0x000002642884f800 JavaThread "stdout" [_thread_in_native, id=5332, stack(0x000000986f800000,0x000000986f900000)]
  0x0000026428852000 JavaThread "ForkJoinPool-1-worker-3" daemon [_thread_blocked, id=6344, stack(0x000000986f900000,0x000000986fa00000)]
  0x000002642884e000 JavaThread "ForkJoinPool-1-worker-5" daemon [_thread_blocked, id=4916, stack(0x000000986fa00000,0x000000986fb00000)]
  0x000002642884f000 JavaThread "ForkJoinPool-1-worker-7" daemon [_thread_blocked, id=1648, stack(0x000000986fb00000,0x000000986fc00000)]
  0x000002642b9d4000 JavaThread "ForkJoinPool-1-worker-1" daemon [_thread_blocked, id=8516, stack(0x000000986fc00000,0x000000986fd00000)]

Other Threads:
=>0x0000026426e6f000 VMThread "VM Thread" [stack: 0x0000009864b00000,0x0000009864c00000] [id=8424]
  0x000002642794d800 WatcherThread [stack: 0x0000009865500000,0x0000009865600000] [id=4920]
  0x000002640d456000 GCTaskThread "GC Thread#0" [stack: 0x0000009864600000,0x0000009864700000] [id=8624]
  0x0000026427c4c800 GCTaskThread "GC Thread#1" [stack: 0x0000009865700000,0x0000009865800000] [id=7292]
  0x0000026429089000 GCTaskThread "GC Thread#2" [stack: 0x0000009865900000,0x0000009865a00000] [id=7860]
  0x0000026428cfa800 GCTaskThread "GC Thread#3" [stack: 0x0000009865a00000,0x0000009865b00000] [id=7472]
  0x000002640d488000 ConcurrentGCThread "G1 Main Marker" [stack: 0x0000009864700000,0x0000009864800000] [id=3608]
  0x000002640d489000 ConcurrentGCThread "G1 Conc#0" [stack: 0x0000009864800000,0x0000009864900000] [id=1100]
  0x000002640d4e3000 ConcurrentGCThread "G1 Refine#0" [stack: 0x0000009864900000,0x0000009864a00000] [id=2740]
  0x000002640d4e4000 ConcurrentGCThread "G1 Young RemSet Sampling" [stack: 0x0000009864a00000,0x0000009864b00000] [id=6412]

Threads with active compile tasks:
C2 CompilerThread0  24076 9985 %     4       com.android.tools.r8.dex.n::a @ 315 (913 bytes)
C2 CompilerThread1  24076 10048       4       com.android.tools.r8.dex.n::e (654 bytes)

VM state:at safepoint (normal execution)

VM Mutex/Monitor currently owned by a thread:  ([mutex/lock_event])
[0x000002640d43e340] Threads_lock - owner thread: 0x0000026426e6f000
[0x000002640d43e2b0] Heap_lock - owner thread: 0x000002642884e000

Heap address: 0x0000000080000000, size: 2048 MB, Compressed Oops mode: 32-bit
Narrow klass base: 0x0000000000000000, Narrow klass shift: 3
Compressed class space size: 1073741824 Address: 0x0000000100000000

Heap:
 garbage-first heap   total 285696K, used 147968K [0x0000000080000000, 0x0000000100000000)
  region size 1024K, 3 young (3072K), 3 survivors (3072K)
 Metaspace       used 88743K, capacity 90781K, committed 90832K, reserved 1128448K
  class space    used 11569K, capacity 12282K, committed 12288K, reserved 1048576K
Heap Regions: E=young(eden), S=young(survivor), O=old, HS=humongous(starts), HC=humongous(continues), CS=collection set, F=free, A=archive, TAMS=top-at-mark-start (previous, next)
|   0|0x0000000080000000, 0x0000000080100000, 0x0000000080100000|100%| O|  |TAMS 0x0000000080100000, 0x0000000080100000| Untracked 
|   1|0x0000000080100000, 0x0000000080200000, 0x0000000080200000|100%| O|  |TAMS 0x0000000080200000, 0x0000000080200000| Untracked 
|   2|0x0000000080200000, 0x0000000080300000, 0x0000000080300000|100%| O|  |TAMS 0x0000000080300000, 0x0000000080300000| Untracked 
|   3|0x0000000080300000, 0x0000000080400000, 0x0000000080400000|100%|HS|  |TAMS 0x0000000080400000, 0x0000000080400000| Complete 
|   4|0x0000000080400000, 0x0000000080500000, 0x0000000080500000|100%|HC|  |TAMS 0x0000000080500000, 0x0000000080500000| Complete 
|   5|0x0000000080500000, 0x0000000080600000, 0x0000000080600000|100%|HC|  |TAMS 0x0000000080600000, 0x0000000080600000| Complete 
|   6|0x0000000080600000, 0x0000000080700000, 0x0000000080700000|100%| O|  |TAMS 0x0000000080700000, 0x0000000080700000| Untracked 
|   7|0x0000000080700000, 0x0000000080800000, 0x0000000080800000|100%| O|  |TAMS 0x0000000080800000, 0x0000000080800000| Untracked 
|   8|0x0000000080800000, 0x0000000080900000, 0x0000000080900000|100%| O|  |TAMS 0x0000000080900000, 0x0000000080900000| Untracked 
|   9|0x0000000080900000, 0x0000000080a00000, 0x0000000080a00000|100%| O|  |TAMS 0x0000000080a00000, 0x0000000080a00000| Untracked 
|  10|0x0000000080a00000, 0x0000000080b00000, 0x0000000080b00000|100%| O|  |TAMS 0x0000000080b00000, 0x0000000080b00000| Untracked 
|  11|0x0000000080b00000, 0x0000000080c00000, 0x0000000080c00000|100%| O|  |TAMS 0x0000000080c00000, 0x0000000080c00000| Untracked 
|  12|0x0000000080c00000, 0x0000000080d00000, 0x0000000080d00000|100%| O|  |TAMS 0x0000000080d00000, 0x0000000080d00000| Untracked 
|  13|0x0000000080d00000, 0x0000000080e00000, 0x0000000080e00000|100%| O|  |TAMS 0x0000000080e00000, 0x0000000080e00000| Untracked 
|  14|0x0000000080e00000, 0x0000000080f00000, 0x0000000080f00000|100%| O|  |TAMS 0x0000000080f00000, 0x0000000080f00000| Untracked 
|  15|0x0000000080f00000, 0x0000000081000000, 0x0000000081000000|100%| O|  |TAMS 0x0000000081000000, 0x0000000081000000| Untracked 
|  16|0x0000000081000000, 0x0000000081100000, 0x0000000081100000|100%| O|  |TAMS 0x0000000081100000, 0x0000000081100000| Untracked 
|  17|0x0000000081100000, 0x0000000081200000, 0x0000000081200000|100%| O|  |TAMS 0x0000000081200000, 0x0000000081200000| Untracked 
|  18|0x0000000081200000, 0x0000000081300000, 0x0000000081300000|100%| O|  |TAMS 0x0000000081300000, 0x0000000081300000| Untracked 
|  19|0x0000000081300000, 0x0000000081400000, 0x0000000081400000|100%| O|  |TAMS 0x0000000081400000, 0x0000000081400000| Untracked 
|  20|0x0000000081400000, 0x0000000081500000, 0x0000000081500000|100%|HS|  |TAMS 0x0000000081500000, 0x0000000081500000| Complete 
|  21|0x0000000081500000, 0x0000000081600000, 0x0000000081600000|100%|HS|  |TAMS 0x0000000081600000, 0x0000000081600000| Complete 
|  22|0x0000000081600000, 0x0000000081700000, 0x0000000081700000|100%| O|  |TAMS 0x0000000081700000, 0x0000000081700000| Untracked 
|  23|0x0000000081700000, 0x0000000081800000, 0x0000000081800000|100%| O|  |TAMS 0x0000000081800000, 0x0000000081800000| Untracked 
|  24|0x0000000081800000, 0x0000000081900000, 0x0000000081900000|100%| O|  |TAMS 0x0000000081900000, 0x0000000081900000| Untracked 
|  25|0x0000000081900000, 0x0000000081a00000, 0x0000000081a00000|100%|HS|  |TAMS 0x0000000081a00000, 0x0000000081a00000| Complete 
|  26|0x0000000081a00000, 0x0000000081b00000, 0x0000000081b00000|100%|HC|  |TAMS 0x0000000081b00000, 0x0000000081b00000| Complete 
|  27|0x0000000081b00000, 0x0000000081c00000, 0x0000000081c00000|100%|HC|  |TAMS 0x0000000081c00000, 0x0000000081c00000| Complete 
|  28|0x0000000081c00000, 0x0000000081d00000, 0x0000000081d00000|100%|HS|  |TAMS 0x0000000081d00000, 0x0000000081d00000| Complete 
|  29|0x0000000081d00000, 0x0000000081e00000, 0x0000000081e00000|100%|HC|  |TAMS 0x0000000081e00000, 0x0000000081e00000| Complete 
|  30|0x0000000081e00000, 0x0000000081f00000, 0x0000000081f00000|100%| O|  |TAMS 0x0000000081f00000, 0x0000000081f00000| Untracked 
|  31|0x0000000081f00000, 0x0000000082000000, 0x0000000082000000|100%| O|  |TAMS 0x0000000082000000, 0x0000000082000000| Untracked 
|  32|0x0000000082000000, 0x0000000082100000, 0x0000000082100000|100%| O|  |TAMS 0x0000000082100000, 0x0000000082100000| Untracked 
|  33|0x0000000082100000, 0x0000000082200000, 0x0000000082200000|100%| O|  |TAMS 0x0000000082200000, 0x0000000082200000| Untracked 
|  34|0x0000000082200000, 0x0000000082300000, 0x0000000082300000|100%| O|  |TAMS 0x0000000082300000, 0x0000000082300000| Untracked 
|  35|0x0000000082300000, 0x0000000082400000, 0x0000000082400000|100%| O|  |TAMS 0x0000000082400000, 0x0000000082400000| Untracked 
|  36|0x0000000082400000, 0x0000000082500000, 0x0000000082500000|100%| O|  |TAMS 0x0000000082500000, 0x0000000082500000| Untracked 
|  37|0x0000000082500000, 0x0000000082600000, 0x0000000082600000|100%| O|  |TAMS 0x0000000082600000, 0x0000000082600000| Untracked 
|  38|0x0000000082600000, 0x0000000082700000, 0x0000000082700000|100%| O|  |TAMS 0x0000000082700000, 0x0000000082700000| Untracked 
|  39|0x0000000082700000, 0x0000000082800000, 0x0000000082800000|100%| O|  |TAMS 0x0000000082800000, 0x0000000082800000| Untracked 
|  40|0x0000000082800000, 0x0000000082900000, 0x0000000082900000|100%| O|  |TAMS 0x0000000082900000, 0x0000000082900000| Untracked 
|  41|0x0000000082900000, 0x0000000082a00000, 0x0000000082a00000|100%| O|  |TAMS 0x0000000082a00000, 0x0000000082a00000| Untracked 
|  42|0x0000000082a00000, 0x0000000082b00000, 0x0000000082b00000|100%| O|  |TAMS 0x0000000082b00000, 0x0000000082b00000| Untracked 
|  43|0x0000000082b00000, 0x0000000082c00000, 0x0000000082c00000|100%| O|  |TAMS 0x0000000082c00000, 0x0000000082c00000| Untracked 
|  44|0x0000000082c00000, 0x0000000082d00000, 0x0000000082d00000|100%| O|  |TAMS 0x0000000082d00000, 0x0000000082d00000| Untracked 
|  45|0x0000000082d00000, 0x0000000082e00000, 0x0000000082e00000|100%| O|  |TAMS 0x0000000082e00000, 0x0000000082e00000| Untracked 
|  46|0x0000000082e00000, 0x0000000082f00000, 0x0000000082f00000|100%| O|  |TAMS 0x0000000082f00000, 0x0000000082f00000| Untracked 
|  47|0x0000000082f00000, 0x0000000083000000, 0x0000000083000000|100%| O|  |TAMS 0x0000000083000000, 0x0000000083000000| Untracked 
|  48|0x0000000083000000, 0x0000000083100000, 0x0000000083100000|100%| O|  |TAMS 0x0000000083100000, 0x0000000083100000| Untracked 
|  49|0x0000000083100000, 0x0000000083200000, 0x0000000083200000|100%| O|  |TAMS 0x0000000083200000, 0x0000000083200000| Untracked 
|  50|0x0000000083200000, 0x0000000083300000, 0x0000000083300000|100%| O|  |TAMS 0x0000000083300000, 0x0000000083300000| Untracked 
|  51|0x0000000083300000, 0x0000000083400000, 0x0000000083400000|100%| O|  |TAMS 0x0000000083400000, 0x0000000083400000| Untracked 
|  52|0x0000000083400000, 0x0000000083500000, 0x0000000083500000|100%| O|  |TAMS 0x0000000083500000, 0x0000000083500000| Untracked 
|  53|0x0000000083500000, 0x0000000083600000, 0x0000000083600000|100%| O|  |TAMS 0x0000000083600000, 0x0000000083600000| Untracked 
|  54|0x0000000083600000, 0x0000000083700000, 0x0000000083700000|100%| O|  |TAMS 0x0000000083700000, 0x0000000083700000| Untracked 
|  55|0x0000000083700000, 0x0000000083800000, 0x0000000083800000|100%| O|  |TAMS 0x0000000083800000, 0x0000000083800000| Untracked 
|  56|0x0000000083800000, 0x0000000083900000, 0x0000000083900000|100%| O|  |TAMS 0x0000000083900000, 0x0000000083900000| Untracked 
|  57|0x0000000083900000, 0x0000000083a00000, 0x0000000083a00000|100%| O|  |TAMS 0x0000000083a00000, 0x0000000083a00000| Untracked 
|  58|0x0000000083a00000, 0x0000000083b00000, 0x0000000083b00000|100%| O|  |TAMS 0x0000000083b00000, 0x0000000083b00000| Untracked 
|  59|0x0000000083b00000, 0x0000000083c00000, 0x0000000083c00000|100%| O|  |TAMS 0x0000000083c00000, 0x0000000083c00000| Untracked 
|  60|0x0000000083c00000, 0x0000000083d00000, 0x0000000083d00000|100%| O|  |TAMS 0x0000000083d00000, 0x0000000083d00000| Untracked 
|  61|0x0000000083d00000, 0x0000000083e00000, 0x0000000083e00000|100%|HS|  |TAMS 0x0000000083e00000, 0x0000000083e00000| Complete 
|  62|0x0000000083e00000, 0x0000000083f00000, 0x0000000083f00000|100%|HC|  |TAMS 0x0000000083f00000, 0x0000000083f00000| Complete 
|  63|0x0000000083f00000, 0x0000000084000000, 0x0000000084000000|100%|HC|  |TAMS 0x0000000084000000, 0x0000000084000000| Complete 
|  64|0x0000000084000000, 0x0000000084100000, 0x0000000084100000|100%|HS|  |TAMS 0x0000000084100000, 0x0000000084100000| Complete 
|  65|0x0000000084100000, 0x0000000084200000, 0x0000000084200000|100%|HC|  |TAMS 0x0000000084200000, 0x0000000084200000| Complete 
|  66|0x0000000084200000, 0x0000000084300000, 0x0000000084300000|100%|HS|  |TAMS 0x0000000084300000, 0x0000000084300000| Complete 
|  67|0x0000000084300000, 0x0000000084400000, 0x0000000084400000|100%|HS|  |TAMS 0x0000000084400000, 0x0000000084400000| Complete 
|  68|0x0000000084400000, 0x0000000084500000, 0x0000000084500000|100%|HS|  |TAMS 0x0000000084500000, 0x0000000084500000| Complete 
|  69|0x0000000084500000, 0x0000000084600000, 0x0000000084600000|100%| O|  |TAMS 0x0000000084600000, 0x0000000084600000| Untracked 
|  70|0x0000000084600000, 0x0000000084700000, 0x0000000084700000|100%| O|  |TAMS 0x0000000084700000, 0x0000000084700000| Untracked 
|  71|0x0000000084700000, 0x0000000084800000, 0x0000000084800000|100%| O|  |TAMS 0x0000000084800000, 0x0000000084800000| Untracked 
|  72|0x0000000084800000, 0x0000000084900000, 0x0000000084900000|100%| O|  |TAMS 0x0000000084900000, 0x0000000084900000| Untracked 
|  73|0x0000000084900000, 0x0000000084a00000, 0x0000000084a00000|100%| O|  |TAMS 0x0000000084a00000, 0x0000000084a00000| Untracked 
|  74|0x0000000084a00000, 0x0000000084b00000, 0x0000000084b00000|100%| O|  |TAMS 0x0000000084b00000, 0x0000000084b00000| Untracked 
|  75|0x0000000084b00000, 0x0000000084c00000, 0x0000000084c00000|100%| O|  |TAMS 0x0000000084c00000, 0x0000000084c00000| Untracked 
|  76|0x0000000084c00000, 0x0000000084d00000, 0x0000000084d00000|100%| O|  |TAMS 0x0000000084d00000, 0x0000000084d00000| Untracked 
|  77|0x0000000084d00000, 0x0000000084e00000, 0x0000000084e00000|100%| O|  |TAMS 0x0000000084e00000, 0x0000000084e00000| Untracked 
|  78|0x0000000084e00000, 0x0000000084f00000, 0x0000000084f00000|100%| O|  |TAMS 0x0000000084f00000, 0x0000000084f00000| Untracked 
|  79|0x0000000084f00000, 0x0000000085000000, 0x0000000085000000|100%| O|  |TAMS 0x0000000085000000, 0x0000000085000000| Untracked 
|  80|0x0000000085000000, 0x0000000085100000, 0x0000000085100000|100%| O|  |TAMS 0x0000000085100000, 0x0000000085100000| Untracked 
|  81|0x0000000085100000, 0x0000000085200000, 0x0000000085200000|100%| O|  |TAMS 0x0000000085200000, 0x0000000085200000| Untracked 
|  82|0x0000000085200000, 0x0000000085300000, 0x0000000085300000|100%| O|  |TAMS 0x0000000085300000, 0x0000000085300000| Untracked 
|  83|0x0000000085300000, 0x0000000085400000, 0x0000000085400000|100%| O|  |TAMS 0x0000000085400000, 0x0000000085400000| Untracked 
|  84|0x0000000085400000, 0x0000000085500000, 0x0000000085500000|100%|HS|  |TAMS 0x0000000085500000, 0x0000000085500000| Complete 
|  85|0x0000000085500000, 0x0000000085600000, 0x0000000085600000|100%|HC|  |TAMS 0x0000000085600000, 0x0000000085600000| Complete 
|  86|0x0000000085600000, 0x0000000085700000, 0x0000000085700000|100%|HC|  |TAMS 0x0000000085700000, 0x0000000085700000| Complete 
|  87|0x0000000085700000, 0x0000000085800000, 0x0000000085800000|100%| O|  |TAMS 0x0000000085800000, 0x0000000085800000| Untracked 
|  88|0x0000000085800000, 0x0000000085900000, 0x0000000085900000|100%| O|  |TAMS 0x0000000085900000, 0x0000000085900000| Untracked 
|  89|0x0000000085900000, 0x0000000085a00000, 0x0000000085a00000|100%|HS|  |TAMS 0x0000000085a00000, 0x0000000085a00000| Complete 
|  90|0x0000000085a00000, 0x0000000085b00000, 0x0000000085b00000|100%|HC|  |TAMS 0x0000000085b00000, 0x0000000085b00000| Complete 
|  91|0x0000000085b00000, 0x0000000085c00000, 0x0000000085c00000|100%| O|  |TAMS 0x0000000085bb3000, 0x0000000085c00000| Untracked 
|  92|0x0000000085c00000, 0x0000000085d00000, 0x0000000085d00000|100%|HS|  |TAMS 0x0000000085d00000, 0x0000000085d00000| Complete 
|  93|0x0000000085d00000, 0x0000000085e00000, 0x0000000085e00000|100%|HS|  |TAMS 0x0000000085d00000, 0x0000000085e00000| Complete 
|  94|0x0000000085e00000, 0x0000000085f00000, 0x0000000085f00000|100%|HS|  |TAMS 0x0000000085f00000, 0x0000000085f00000| Complete 
|  95|0x0000000085f00000, 0x0000000086000000, 0x0000000086000000|100%| O|  |TAMS 0x0000000085f00000, 0x0000000086000000| Untracked 
|  96|0x0000000086000000, 0x0000000086100000, 0x0000000086100000|100%|HS|  |TAMS 0x0000000086100000, 0x0000000086100000| Complete 
|  97|0x0000000086100000, 0x0000000086200000, 0x0000000086200000|100%| O|  |TAMS 0x0000000086200000, 0x0000000086200000| Untracked 
|  98|0x0000000086200000, 0x0000000086300000, 0x0000000086300000|100%| O|  |TAMS 0x0000000086300000, 0x0000000086300000| Untracked 
|  99|0x0000000086300000, 0x0000000086400000, 0x0000000086400000|100%| O|  |TAMS 0x0000000086400000, 0x0000000086400000| Untracked 
| 100|0x0000000086400000, 0x0000000086500000, 0x0000000086500000|100%| O|  |TAMS 0x0000000086500000, 0x0000000086500000| Untracked 
| 101|0x0000000086500000, 0x0000000086600000, 0x0000000086600000|100%| O|  |TAMS 0x0000000086600000, 0x0000000086600000| Untracked 
| 102|0x0000000086600000, 0x0000000086700000, 0x0000000086700000|100%| O|  |TAMS 0x0000000086700000, 0x0000000086700000| Untracked 
| 103|0x0000000086700000, 0x0000000086800000, 0x0000000086800000|100%| O|  |TAMS 0x0000000086800000, 0x0000000086800000| Untracked 
| 104|0x0000000086800000, 0x0000000086900000, 0x0000000086900000|100%| O|  |TAMS 0x0000000086900000, 0x0000000086900000| Untracked 
| 105|0x0000000086900000, 0x0000000086a00000, 0x0000000086a00000|100%| O|  |TAMS 0x0000000086900000, 0x0000000086a00000| Untracked 
| 106|0x0000000086a00000, 0x0000000086b00000, 0x0000000086b00000|100%| O|  |TAMS 0x0000000086a00000, 0x0000000086b00000| Untracked 
| 107|0x0000000086b00000, 0x0000000086c00000, 0x0000000086c00000|100%| O|  |TAMS 0x0000000086b00000, 0x0000000086c00000| Untracked 
| 108|0x0000000086c00000, 0x0000000086d00000, 0x0000000086d00000|100%| O|  |TAMS 0x0000000086c00000, 0x0000000086d00000| Untracked 
| 109|0x0000000086d00000, 0x0000000086e00000, 0x0000000086e00000|100%| O|  |TAMS 0x0000000086d00000, 0x0000000086e00000| Untracked 
| 110|0x0000000086e00000, 0x0000000086f00000, 0x0000000086f00000|100%| O|  |TAMS 0x0000000086e00000, 0x0000000086f00000| Untracked 
| 111|0x0000000086f00000, 0x0000000087000000, 0x0000000087000000|100%| O|  |TAMS 0x0000000086f00000, 0x0000000087000000| Untracked 
| 112|0x0000000087000000, 0x0000000087100000, 0x0000000087100000|100%| O|  |TAMS 0x0000000087000000, 0x0000000087100000| Untracked 
| 113|0x0000000087100000, 0x0000000087200000, 0x0000000087200000|100%| O|  |TAMS 0x0000000087100000, 0x0000000087200000| Untracked 
| 114|0x0000000087200000, 0x0000000087300000, 0x0000000087300000|100%| O|  |TAMS 0x0000000087200000, 0x0000000087300000| Untracked 
| 115|0x0000000087300000, 0x0000000087400000, 0x0000000087400000|100%| O|  |TAMS 0x0000000087300000, 0x0000000087400000| Untracked 
| 116|0x0000000087400000, 0x0000000087500000, 0x0000000087500000|100%| O|  |TAMS 0x0000000087400000, 0x0000000087500000| Untracked 
| 117|0x0000000087500000, 0x0000000087600000, 0x0000000087600000|100%| O|  |TAMS 0x0000000087500000, 0x0000000087600000| Untracked 
| 118|0x0000000087600000, 0x0000000087700000, 0x0000000087700000|100%| O|  |TAMS 0x0000000087600000, 0x0000000087700000| Untracked 
| 119|0x0000000087700000, 0x0000000087800000, 0x0000000087800000|100%| O|  |TAMS 0x0000000087700000, 0x0000000087800000| Untracked 
| 120|0x0000000087800000, 0x0000000087900000, 0x0000000087900000|100%| O|  |TAMS 0x0000000087800000, 0x0000000087900000| Untracked 
| 121|0x0000000087900000, 0x0000000087a00000, 0x0000000087a00000|100%| O|  |TAMS 0x0000000087900000, 0x0000000087a00000| Untracked 
| 122|0x0000000087a00000, 0x0000000087b00000, 0x0000000087b00000|100%| O|  |TAMS 0x0000000087a00000, 0x0000000087b00000| Untracked 
| 123|0x0000000087b00000, 0x0000000087c00000, 0x0000000087c00000|100%| O|  |TAMS 0x0000000087b00000, 0x0000000087c00000| Untracked 
| 124|0x0000000087c00000, 0x0000000087d00000, 0x0000000087d00000|100%| O|  |TAMS 0x0000000087c00000, 0x0000000087d00000| Untracked 
| 125|0x0000000087d00000, 0x0000000087e00000, 0x0000000087e00000|100%| O|  |TAMS 0x0000000087d00000, 0x0000000087e00000| Untracked 
| 126|0x0000000087e00000, 0x0000000087f00000, 0x0000000087f00000|100%| O|  |TAMS 0x0000000087e00000, 0x0000000087f00000| Untracked 
| 127|0x0000000087f00000, 0x0000000088000000, 0x0000000088000000|100%| O|  |TAMS 0x0000000087f00000, 0x0000000088000000| Untracked 
| 128|0x0000000088000000, 0x0000000088100000, 0x0000000088100000|100%| O|  |TAMS 0x0000000088000000, 0x0000000088100000| Untracked 
| 129|0x0000000088100000, 0x0000000088200000, 0x0000000088200000|100%| O|  |TAMS 0x0000000088100000, 0x00000000881e3800| Untracked 
| 130|0x0000000088200000, 0x0000000088300000, 0x0000000088300000|100%| O|  |TAMS 0x0000000088200000, 0x0000000088200000| Untracked 
| 131|0x0000000088300000, 0x0000000088400000, 0x0000000088400000|100%| O|  |TAMS 0x0000000088300000, 0x0000000088300000| Untracked 
| 132|0x0000000088400000, 0x0000000088500000, 0x0000000088500000|100%| O|  |TAMS 0x0000000088400000, 0x0000000088400000| Untracked 
| 133|0x0000000088500000, 0x0000000088600000, 0x0000000088600000|100%| O|  |TAMS 0x0000000088500000, 0x0000000088500000| Untracked 
| 134|0x0000000088600000, 0x0000000088700000, 0x0000000088700000|100%| O|  |TAMS 0x0000000088600000, 0x0000000088600000| Untracked 
| 135|0x0000000088700000, 0x0000000088800000, 0x0000000088800000|100%| O|  |TAMS 0x0000000088700000, 0x0000000088700000| Untracked 
| 136|0x0000000088800000, 0x0000000088900000, 0x0000000088900000|100%| O|  |TAMS 0x0000000088800000, 0x0000000088800000| Untracked 
| 137|0x0000000088900000, 0x0000000088a00000, 0x0000000088a00000|100%| O|  |TAMS 0x0000000088900000, 0x0000000088900000| Untracked 
| 138|0x0000000088a00000, 0x0000000088b00000, 0x0000000088b00000|100%| O|  |TAMS 0x0000000088a00000, 0x0000000088a00000| Untracked 
| 139|0x0000000088b00000, 0x0000000088c00000, 0x0000000088c00000|100%| O|  |TAMS 0x0000000088b00000, 0x0000000088b00000| Untracked 
| 140|0x0000000088c00000, 0x0000000088d00000, 0x0000000088d00000|100%| O|  |TAMS 0x0000000088c00000, 0x0000000088c00000| Untracked 
| 141|0x0000000088d00000, 0x0000000088d80000, 0x0000000088e00000| 50%| O|  |TAMS 0x0000000088d00000, 0x0000000088d00000| Untracked 
| 142|0x0000000088e00000, 0x0000000088e00000, 0x0000000088f00000|  0%| F|  |TAMS 0x0000000088e00000, 0x0000000088e00000| Untracked 
| 143|0x0000000088f00000, 0x0000000088f00000, 0x0000000089000000|  0%| F|  |TAMS 0x0000000088f00000, 0x0000000088f00000| Untracked 
| 144|0x0000000089000000, 0x0000000089000000, 0x0000000089100000|  0%| F|  |TAMS 0x0000000089000000, 0x0000000089000000| Untracked 
| 145|0x0000000089100000, 0x0000000089100000, 0x0000000089200000|  0%| F|  |TAMS 0x0000000089100000, 0x0000000089100000| Untracked 
| 146|0x0000000089200000, 0x0000000089200000, 0x0000000089300000|  0%| F|  |TAMS 0x0000000089200000, 0x0000000089200000| Untracked 
| 147|0x0000000089300000, 0x0000000089300000, 0x0000000089400000|  0%| F|  |TAMS 0x0000000089300000, 0x0000000089300000| Untracked 
| 148|0x0000000089400000, 0x0000000089400000, 0x0000000089500000|  0%| F|  |TAMS 0x0000000089400000, 0x0000000089400000| Untracked 
| 149|0x0000000089500000, 0x0000000089500000, 0x0000000089600000|  0%| F|  |TAMS 0x0000000089500000, 0x0000000089500000| Untracked 
| 150|0x0000000089600000, 0x0000000089600000, 0x0000000089700000|  0%| F|  |TAMS 0x0000000089600000, 0x0000000089600000| Untracked 
| 151|0x0000000089700000, 0x0000000089700000, 0x0000000089800000|  0%| F|  |TAMS 0x0000000089700000, 0x0000000089700000| Untracked 
| 152|0x0000000089800000, 0x0000000089800000, 0x0000000089900000|  0%| F|  |TAMS 0x0000000089800000, 0x0000000089800000| Untracked 
| 153|0x0000000089900000, 0x0000000089900000, 0x0000000089a00000|  0%| F|  |TAMS 0x0000000089900000, 0x0000000089900000| Untracked 
| 154|0x0000000089a00000, 0x0000000089a00000, 0x0000000089b00000|  0%| F|  |TAMS 0x0000000089a00000, 0x0000000089a00000| Untracked 
| 155|0x0000000089b00000, 0x0000000089b00000, 0x0000000089c00000|  0%| F|  |TAMS 0x0000000089b00000, 0x0000000089b00000| Untracked 
| 156|0x0000000089c00000, 0x0000000089c00000, 0x0000000089d00000|  0%| F|  |TAMS 0x0000000089c00000, 0x0000000089c00000| Untracked 
| 157|0x0000000089d00000, 0x0000000089d00000, 0x0000000089e00000|  0%| F|  |TAMS 0x0000000089d00000, 0x0000000089d00000| Untracked 
| 158|0x0000000089e00000, 0x0000000089e00000, 0x0000000089f00000|  0%| F|  |TAMS 0x0000000089e00000, 0x0000000089e00000| Untracked 
| 159|0x0000000089f00000, 0x0000000089f00000, 0x000000008a000000|  0%| F|  |TAMS 0x0000000089f00000, 0x0000000089f00000| Untracked 
| 160|0x000000008a000000, 0x000000008a000000, 0x000000008a100000|  0%| F|  |TAMS 0x000000008a000000, 0x000000008a000000| Untracked 
| 161|0x000000008a100000, 0x000000008a100000, 0x000000008a200000|  0%| F|  |TAMS 0x000000008a100000, 0x000000008a100000| Untracked 
| 162|0x000000008a200000, 0x000000008a200000, 0x000000008a300000|  0%| F|  |TAMS 0x000000008a200000, 0x000000008a200000| Untracked 
| 163|0x000000008a300000, 0x000000008a300000, 0x000000008a400000|  0%| F|  |TAMS 0x000000008a300000, 0x000000008a300000| Untracked 
| 164|0x000000008a400000, 0x000000008a400000, 0x000000008a500000|  0%| F|  |TAMS 0x000000008a400000, 0x000000008a400000| Untracked 
| 165|0x000000008a500000, 0x000000008a500000, 0x000000008a600000|  0%| F|  |TAMS 0x000000008a500000, 0x000000008a500000| Untracked 
| 166|0x000000008a600000, 0x000000008a600000, 0x000000008a700000|  0%| F|  |TAMS 0x000000008a600000, 0x000000008a600000| Untracked 
| 167|0x000000008a700000, 0x000000008a700000, 0x000000008a800000|  0%| F|  |TAMS 0x000000008a700000, 0x000000008a700000| Untracked 
| 168|0x000000008a800000, 0x000000008a800000, 0x000000008a900000|  0%| F|  |TAMS 0x000000008a800000, 0x000000008a800000| Untracked 
| 169|0x000000008a900000, 0x000000008aa00000, 0x000000008aa00000|100%| S|CS|TAMS 0x000000008a900000, 0x000000008a900000| Complete 
| 170|0x000000008aa00000, 0x000000008ab00000, 0x000000008ab00000|100%| S|CS|TAMS 0x000000008aa00000, 0x000000008aa00000| Complete 
| 171|0x000000008ab00000, 0x000000008ac00000, 0x000000008ac00000|100%| S|CS|TAMS 0x000000008ab00000, 0x000000008ab00000| Complete 
| 172|0x000000008ac00000, 0x000000008ac00000, 0x000000008ad00000|  0%| F|  |TAMS 0x000000008ac00000, 0x000000008ac00000| Untracked 
| 173|0x000000008ad00000, 0x000000008ad00000, 0x000000008ae00000|  0%| F|  |TAMS 0x000000008ad00000, 0x000000008ad00000| Untracked 
| 174|0x000000008ae00000, 0x000000008ae00000, 0x000000008af00000|  0%| F|  |TAMS 0x000000008ae00000, 0x000000008ae00000| Untracked 
| 175|0x000000008af00000, 0x000000008af00000, 0x000000008b000000|  0%| F|  |TAMS 0x000000008af00000, 0x000000008af00000| Untracked 
| 176|0x000000008b000000, 0x000000008b000000, 0x000000008b100000|  0%| F|  |TAMS 0x000000008b000000, 0x000000008b000000| Untracked 
| 177|0x000000008b100000, 0x000000008b100000, 0x000000008b200000|  0%| F|  |TAMS 0x000000008b100000, 0x000000008b100000| Untracked 
| 178|0x000000008b200000, 0x000000008b200000, 0x000000008b300000|  0%| F|  |TAMS 0x000000008b200000, 0x000000008b200000| Untracked 
| 179|0x000000008b300000, 0x000000008b300000, 0x000000008b400000|  0%| F|  |TAMS 0x000000008b300000, 0x000000008b300000| Untracked 
| 180|0x000000008b400000, 0x000000008b400000, 0x000000008b500000|  0%| F|  |TAMS 0x000000008b400000, 0x000000008b400000| Untracked 
| 181|0x000000008b500000, 0x000000008b500000, 0x000000008b600000|  0%| F|  |TAMS 0x000000008b500000, 0x000000008b500000| Untracked 
| 182|0x000000008b600000, 0x000000008b600000, 0x000000008b700000|  0%| F|  |TAMS 0x000000008b600000, 0x000000008b600000| Untracked 
| 183|0x000000008b700000, 0x000000008b700000, 0x000000008b800000|  0%| F|  |TAMS 0x000000008b700000, 0x000000008b700000| Untracked 
| 184|0x000000008b800000, 0x000000008b800000, 0x000000008b900000|  0%| F|  |TAMS 0x000000008b800000, 0x000000008b800000| Untracked 
| 185|0x000000008b900000, 0x000000008b900000, 0x000000008ba00000|  0%| F|  |TAMS 0x000000008b900000, 0x000000008b900000| Untracked 
| 186|0x000000008ba00000, 0x000000008ba00000, 0x000000008bb00000|  0%| F|  |TAMS 0x000000008ba00000, 0x000000008ba00000| Untracked 
| 187|0x000000008bb00000, 0x000000008bb00000, 0x000000008bc00000|  0%| F|  |TAMS 0x000000008bb00000, 0x000000008bb00000| Untracked 

Card table byte_map: [0x00000264201b0000,0x00000264205b0000] _byte_map_base: 0x000002641fdb0000

Marking Bits (Prev, Next): (CMBitMap*) 0x000002640d47efa0, (CMBitMap*) 0x000002640d47ef68
 Prev Bits: [0x00000264229b0000, 0x00000264249b0000)
 Next Bits: [0x00000264209b0000, 0x00000264229b0000)

Polling page: 0x000002640b320000

Metaspace:

Usage:
  Non-class:     76.66 MB capacity,    75.37 MB ( 98%) used,     1.08 MB (  1%) free+waste,   221.88 KB ( <1%) overhead. 
      Class:     11.99 MB capacity,    11.30 MB ( 94%) used,   613.19 KB (  5%) free+waste,    99.50 KB ( <1%) overhead. 
       Both:     88.65 MB capacity,    86.66 MB ( 98%) used,     1.68 MB (  2%) free+waste,   321.38 KB ( <1%) overhead. 

Virtual space:
  Non-class space:       78.00 MB reserved,      76.70 MB ( 98%) committed 
      Class space:        1.00 GB reserved,      12.00 MB (  1%) committed 
             Both:        1.08 GB reserved,      88.70 MB (  8%) committed 

Chunk freelists:
   Non-Class:  45.00 KB
       Class:  6.00 KB
        Both:  51.00 KB

MaxMetaspaceSize: 17179869184.00 GB
CompressedClassSpaceSize: 1.00 GB

CodeHeap 'non-profiled nmethods': size=120064Kb used=5469Kb max_used=5469Kb free=114595Kb
 bounds [0x0000026418870000, 0x0000026418dd0000, 0x000002641fdb0000]
CodeHeap 'profiled nmethods': size=120000Kb used=21421Kb max_used=21421Kb free=98578Kb
 bounds [0x0000026411340000, 0x0000026412830000, 0x0000026418870000]
CodeHeap 'non-nmethods': size=5696Kb used=2270Kb max_used=2312Kb free=3425Kb
 bounds [0x0000026410db0000, 0x0000026411020000, 0x0000026411340000]
 total_blobs=10717 nmethods=9850 adapters=778
 compilation: enabled
              stopped_count=0, restarted_count=0
 full_count=0

Compilation events (20 events):
Event: 23.649 Thread 0x0000026426e98000 10211       2       java.lang.invoke.VarHandleObjects$Array::runtimeTypeCheck (26 bytes)
Event: 23.650 Thread 0x0000026426e98000 nmethod 10211 0x000002641282a490 code [0x000002641282a6c0, 0x000002641282ab38]
Event: 23.654 Thread 0x0000026426e98000 10212       2       com.android.tools.r8.graph.t0$d::l (2 bytes)
Event: 23.654 Thread 0x0000026426e98000 nmethod 10212 0x000002641282ae90 code [0x000002641282b040, 0x000002641282b138]
Event: 23.656 Thread 0x0000026426e98000 10213       2       com.android.tools.r8.code.c::<init> (7 bytes)
Event: 23.657 Thread 0x0000026426e98000 nmethod 10213 0x000002641282b210 code [0x000002641282b3c0, 0x000002641282b518]
Event: 23.761 Thread 0x0000026426e98000 10215       2       com.android.tools.r8.code.l0::<init> (7 bytes)
Event: 23.762 Thread 0x0000026426e98000 nmethod 10215 0x000002641282b610 code [0x000002641282b7c0, 0x000002641282b918]
Event: 23.769 Thread 0x0000026426e98000 10216       2       com.android.tools.r8.code.O3::<init> (7 bytes)
Event: 23.769 Thread 0x0000026426e98000 nmethod 10216 0x000002641282ba10 code [0x000002641282bbe0, 0x000002641282be18]
Event: 23.775 Thread 0x0000026426e98000 10218       2       com.android.tools.r8.graph.B::d (73 bytes)
Event: 23.776 Thread 0x0000026426e98000 nmethod 10218 0x000002641282c010 code [0x000002641282c240, 0x000002641282c758]
Event: 23.784 Thread 0x0000026426e98000 10219       2       com.android.tools.r8.code.f2::<init> (7 bytes)
Event: 23.784 Thread 0x0000026426e98000 nmethod 10219 0x000002641282cb10 code [0x000002641282ccc0, 0x000002641282ce18]
Event: 23.791 Thread 0x0000026426e98000 10220       2       com.android.tools.r8.code.T2::hashCode (28 bytes)
Event: 23.791 Thread 0x0000026426e98000 nmethod 10220 0x000002641282cf10 code [0x000002641282d0c0, 0x000002641282d208]
Event: 23.797 Thread 0x0000026426e98000 10223       2       com.android.tools.r8.code.T2::<init> (58 bytes)
Event: 23.799 Thread 0x0000026426e98000 nmethod 10223 0x000002641282d290 code [0x000002641282d4a0, 0x000002641282da28]
Event: 23.945 Thread 0x0000026426e98000 10225       2       com.android.tools.r8.code.N3::<init> (7 bytes)
Event: 23.945 Thread 0x0000026426e98000 nmethod 10225 0x000002641282de90 code [0x000002641282e040, 0x000002641282e198]

GC Heap History (20 events):
Event: 15.856 GC heap after
{Heap after GC invocations=24 (full 0):
 garbage-first heap   total 133120K, used 59353K [0x0000000080000000, 0x0000000100000000)
  region size 1024K, 6 young (6144K), 6 survivors (6144K)
 Metaspace       used 74494K, capacity 76174K, committed 76368K, reserved 1116160K
  class space    used 9740K, capacity 10329K, committed 10368K, reserved 1048576K
}
Event: 17.157 GC heap before
{Heap before GC invocations=24 (full 0):
 garbage-first heap   total 133120K, used 105433K [0x0000000080000000, 0x0000000100000000)
  region size 1024K, 52 young (53248K), 6 survivors (6144K)
 Metaspace       used 78108K, capacity 79984K, committed 80208K, reserved 1118208K
  class space    used 10170K, capacity 10806K, committed 10880K, reserved 1048576K
}
Event: 17.178 GC heap after
{Heap after GC invocations=25 (full 0):
 garbage-first heap   total 133120K, used 62732K [0x0000000080000000, 0x0000000100000000)
  region size 1024K, 7 young (7168K), 7 survivors (7168K)
 Metaspace       used 78108K, capacity 79984K, committed 80208K, reserved 1118208K
  class space    used 10170K, capacity 10806K, committed 10880K, reserved 1048576K
}
Event: 18.550 GC heap before
{Heap before GC invocations=25 (full 0):
 garbage-first heap   total 133120K, used 106764K [0x0000000080000000, 0x0000000100000000)
  region size 1024K, 51 young (52224K), 7 survivors (7168K)
 Metaspace       used 78685K, capacity 80564K, committed 80720K, reserved 1120256K
  class space    used 10201K, capacity 10834K, committed 10880K, reserved 1048576K
}
Event: 18.580 GC heap after
{Heap after GC invocations=26 (full 0):
 garbage-first heap   total 159744K, used 65138K [0x0000000080000000, 0x0000000100000000)
  region size 1024K, 6 young (6144K), 6 survivors (6144K)
 Metaspace       used 78685K, capacity 80564K, committed 80720K, reserved 1120256K
  class space    used 10201K, capacity 10834K, committed 10880K, reserved 1048576K
}
Event: 20.016 GC heap before
{Heap before GC invocations=26 (full 0):
 garbage-first heap   total 159744K, used 122482K [0x0000000080000000, 0x0000000100000000)
  region size 1024K, 63 young (64512K), 6 survivors (6144K)
 Metaspace       used 81080K, capacity 82999K, committed 83152K, reserved 1122304K
  class space    used 10495K, capacity 11187K, committed 11264K, reserved 1048576K
}
Event: 20.034 GC heap after
{Heap after GC invocations=27 (full 0):
 garbage-first heap   total 159744K, used 68144K [0x0000000080000000, 0x0000000100000000)
  region size 1024K, 6 young (6144K), 6 survivors (6144K)
 Metaspace       used 81080K, capacity 82999K, committed 83152K, reserved 1122304K
  class space    used 10495K, capacity 11187K, committed 11264K, reserved 1048576K
}
Event: 21.225 GC heap before
{Heap before GC invocations=27 (full 0):
 garbage-first heap   total 159744K, used 133680K [0x0000000080000000, 0x0000000100000000)
  region size 1024K, 63 young (64512K), 6 survivors (6144K)
 Metaspace       used 85301K, capacity 87337K, committed 87504K, reserved 1124352K
  class space    used 11032K, capacity 11751K, committed 11776K, reserved 1048576K
}
Event: 21.252 GC heap after
{Heap after GC invocations=28 (full 0):
 garbage-first heap   total 159744K, used 82066K [0x0000000080000000, 0x0000000100000000)
  region size 1024K, 8 young (8192K), 8 survivors (8192K)
 Metaspace       used 85301K, capacity 87337K, committed 87504K, reserved 1124352K
  class space    used 11032K, capacity 11751K, committed 11776K, reserved 1048576K
}
Event: 21.349 GC heap before
{Heap before GC invocations=28 (full 0):
 garbage-first heap   total 159744K, used 86162K [0x0000000080000000, 0x0000000100000000)
  region size 1024K, 13 young (13312K), 8 survivors (8192K)
 Metaspace       used 86048K, capacity 88014K, committed 88144K, reserved 1126400K
  class space    used 11127K, capacity 11830K, committed 11904K, reserved 1048576K
}
Event: 21.368 GC heap after
{Heap after GC invocations=29 (full 0):
 garbage-first heap   total 159744K, used 83968K [0x0000000080000000, 0x0000000100000000)
  region size 1024K, 1 young (1024K), 1 survivors (1024K)
 Metaspace       used 86048K, capacity 88014K, committed 88144K, reserved 1126400K
  class space    used 11127K, capacity 11830K, committed 11904K, reserved 1048576K
}
Event: 22.018 GC heap before
{Heap before GC invocations=30 (full 0):
 garbage-first heap   total 159744K, used 129024K [0x0000000080000000, 0x0000000100000000)
  region size 1024K, 30 young (30720K), 1 survivors (1024K)
 Metaspace       used 86674K, capacity 88728K, committed 89040K, reserved 1126400K
  class space    used 11206K, capacity 11922K, committed 12032K, reserved 1048576K
}
Event: 22.044 GC heap after
{Heap after GC invocations=31 (full 0):
 garbage-first heap   total 192512K, used 102635K [0x0000000080000000, 0x0000000100000000)
  region size 1024K, 4 young (4096K), 4 survivors (4096K)
 Metaspace       used 86674K, capacity 88728K, committed 89040K, reserved 1126400K
  class space    used 11206K, capacity 11922K, committed 12032K, reserved 1048576K
}
Event: 22.281 GC heap before
{Heap before GC invocations=31 (full 0):
 garbage-first heap   total 192512K, used 125163K [0x0000000080000000, 0x0000000100000000)
  region size 1024K, 27 young (27648K), 4 survivors (4096K)
 Metaspace       used 86747K, capacity 88742K, committed 89040K, reserved 1126400K
  class space    used 11216K, capacity 11927K, committed 12032K, reserved 1048576K
}
Event: 22.327 GC heap after
{Heap after GC invocations=32 (full 0):
 garbage-first heap   total 192512K, used 110284K [0x0000000080000000, 0x0000000100000000)
  region size 1024K, 5 young (5120K), 5 survivors (5120K)
 Metaspace       used 86747K, capacity 88742K, committed 89040K, reserved 1126400K
  class space    used 11216K, capacity 11927K, committed 12032K, reserved 1048576K
}
Event: 23.362 GC heap before
{Heap before GC invocations=33 (full 0):
 garbage-first heap   total 192512K, used 139980K [0x0000000080000000, 0x0000000100000000)
  region size 1024K, 34 young (34816K), 5 survivors (5120K)
 Metaspace       used 88717K, capacity 90714K, committed 90832K, reserved 1128448K
  class space    used 11569K, capacity 12282K, committed 12288K, reserved 1048576K
}
Event: 23.431 GC heap after
{Heap after GC invocations=34 (full 0):
 garbage-first heap   total 192512K, used 123138K [0x0000000080000000, 0x0000000100000000)
  region size 1024K, 5 young (5120K), 5 survivors (5120K)
 Metaspace       used 88717K, capacity 90714K, committed 90832K, reserved 1128448K
  class space    used 11569K, capacity 12282K, committed 12288K, reserved 1048576K
}
Event: 23.676 GC heap before
{Heap before GC invocations=34 (full 0):
 garbage-first heap   total 192512K, used 147714K [0x0000000080000000, 0x0000000100000000)
  region size 1024K, 29 young (29696K), 5 survivors (5120K)
 Metaspace       used 88742K, capacity 90781K, committed 90832K, reserved 1128448K
  class space    used 11569K, capacity 12282K, committed 12288K, reserved 1048576K
}
Event: 23.729 GC heap after
{Heap after GC invocations=35 (full 0):
 garbage-first heap   total 192512K, used 137102K [0x0000000080000000, 0x0000000100000000)
  region size 1024K, 4 young (4096K), 4 survivors (4096K)
 Metaspace       used 88742K, capacity 90781K, committed 90832K, reserved 1128448K
  class space    used 11569K, capacity 12282K, committed 12288K, reserved 1048576K
}
Event: 24.015 GC heap before
{Heap before GC invocations=35 (full 0):
 garbage-first heap   total 192512K, used 152462K [0x0000000080000000, 0x0000000100000000)
  region size 1024K, 20 young (20480K), 4 survivors (4096K)
 Metaspace       used 88743K, capacity 90781K, committed 90832K, reserved 1128448K
  class space    used 11569K, capacity 12282K, committed 12288K, reserved 1048576K
}

Deoptimization events (20 events):
Event: 22.865 Thread 0x000002642b9d4000 DEOPT PACKING pc=0x0000026418d79630 sp=0x000000986fcfe420
Event: 22.865 Thread 0x000002642b9d4000 DEOPT UNPACKING pc=0x0000026410dd742f sp=0x000000986fcfe358 mode 2
Event: 23.111 Thread 0x000002642b9d4000 DEOPT PACKING pc=0x0000026412729933 sp=0x000000986fcfdfa0
Event: 23.112 Thread 0x000002642b9d4000 DEOPT UNPACKING pc=0x0000026410dd724e sp=0x000000986fcfdb60 mode 0
Event: 23.132 Thread 0x000002642884e000 Uncommon trap: trap_request=0xffffff4d fr.pc=0x0000026418cfb3f0 relative=0x0000000000000050
Event: 23.132 Thread 0x000002642884e000 Uncommon trap: reason=unstable_if action=reinterpret pc=0x0000026418cfb3f0 method=java.lang.Float.isNaN(F)Z @ 3 c2
Event: 23.132 Thread 0x000002642884e000 DEOPT PACKING pc=0x0000026418cfb3f0 sp=0x000000986fafe9c0
Event: 23.132 Thread 0x000002642884e000 DEOPT UNPACKING pc=0x0000026410dd742f sp=0x000000986fafe950 mode 2
Event: 23.171 Thread 0x0000026428852000 DEOPT PACKING pc=0x0000026412729933 sp=0x000000986f9fe720
Event: 23.171 Thread 0x0000026428852000 DEOPT UNPACKING pc=0x0000026410dd724e sp=0x000000986f9fe2e0 mode 0
Event: 23.197 Thread 0x000002642884e000 Uncommon trap: trap_request=0xffffff4d fr.pc=0x0000026418dc13f8 relative=0x0000000000001278
Event: 23.197 Thread 0x000002642884e000 Uncommon trap: reason=unstable_if action=reinterpret pc=0x0000026418dc13f8 method=com.android.tools.r8.dex.n.i()Lcom/android/tools/r8/graph/t0; @ 43 c2
Event: 23.197 Thread 0x000002642884e000 DEOPT PACKING pc=0x0000026418dc13f8 sp=0x000000986fafec20
Event: 23.197 Thread 0x000002642884e000 DEOPT UNPACKING pc=0x0000026410dd742f sp=0x000000986fafec10 mode 2
Event: 23.447 Thread 0x000002642884f000 Uncommon trap: trap_request=0xffffff4d fr.pc=0x0000026418d1b290 relative=0x0000000000000350
Event: 23.447 Thread 0x000002642884f000 Uncommon trap: reason=unstable_if action=reinterpret pc=0x0000026418d1b290 method=java.util.concurrent.ConcurrentLinkedQueue.offer(Ljava/lang/Object;)Z @ 42 c2
Event: 23.447 Thread 0x000002642884f000 DEOPT PACKING pc=0x0000026418d1b290 sp=0x000000986fbfede0
Event: 23.447 Thread 0x000002642884f000 DEOPT UNPACKING pc=0x0000026410dd742f sp=0x000000986fbfed80 mode 2
Event: 23.478 Thread 0x000002642884e000 DEOPT PACKING pc=0x00000264128043d3 sp=0x000000986fafe6f0
Event: 23.478 Thread 0x000002642884e000 DEOPT UNPACKING pc=0x0000026410dd724e sp=0x000000986fafdc48 mode 0

Classes redefined (0 events):
No events

Internal exceptions (20 events):
Event: 19.012 Thread 0x000002642c632000 Exception <a 'sun/nio/fs/WindowsException'{0x0000000088b785b0}> (0x0000000088b785b0) thrown at [./src/hotspot/share/prims/jni.cpp, line 615]
Event: 19.040 Thread 0x000002642c632000 Exception <a 'java/lang/NoSuchMethodError'{0x0000000088adbf50}: <clinit>> (0x0000000088adbf50) thrown at [./src/hotspot/share/prims/jni.cpp, line 1362]
Event: 19.046 Thread 0x000002642c632000 Exception <a 'java/lang/NoSuchMethodError'{0x000000008890f860}: <clinit>> (0x000000008890f860) thrown at [./src/hotspot/share/prims/jni.cpp, line 1362]
Event: 19.053 Thread 0x000002642c632000 Exception <a 'java/lang/NoSuchMethodError'{0x000000008893c798}: <clinit>> (0x000000008893c798) thrown at [./src/hotspot/share/prims/jni.cpp, line 1362]
Event: 19.508 Thread 0x0000026429c3a000 Exception <a 'java/lang/NoSuchMethodError'{0x0000000087f8d868}: 'void java.lang.invoke.DirectMethodHandle$Holder.invokeStatic(java.lang.Object, java.lang.Object, java.lang.Object, java.lang.Object, int, java.lang.Object)'> (0x0000000087f8d868) thrown at [./src/hotspot/share/interpreter/linkResolver.cpp, line 773]
Event: 20.158 Thread 0x000002642a514800 Implicit null exception at 0x0000026418d1e578 to 0x0000026418d1ecd8
Event: 20.788 Thread 0x000002642c633000 Exception <a 'java/lang/NoSuchMethodError'{0x0000000086f19ef8}: 'int java.lang.invoke.DirectMethodHandle$Holder.invokeSpecial(java.lang.Object, java.lang.Object, java.lang.Object, java.lang.Object, java.lang.Object)'> (0x0000000086f19ef8) thrown at [./src/hotspot/share/interpreter/linkResolver.cpp, line 773]
Event: 20.792 Thread 0x0000026428853000 Exception <a 'sun/nio/fs/WindowsException'{0x0000000086f5cff0}> (0x0000000086f5cff0) thrown at [./src/hotspot/share/prims/jni.cpp, line 615]
Event: 20.874 Thread 0x0000026428851800 Exception <a 'sun/nio/fs/WindowsException'{0x0000000086cefcd0}> (0x0000000086cefcd0) thrown at [./src/hotspot/share/prims/jni.cpp, line 615]
Event: 21.042 Thread 0x0000026428853000 Exception <a 'java/lang/NoSuchMethodError'{0x00000000869f6d48}: 'int java.lang.invoke.DirectMethodHandle$Holder.invokeVirtual(java.lang.Object, java.lang.Object, java.lang.Object)'> (0x00000000869f6d48) thrown at [./src/hotspot/share/interpreter/linkResolver.cpp, line 773]
Event: 21.279 Thread 0x0000026428853000 Exception <a 'java/lang/NoSuchMethodError'{0x0000000089ab4b90}: 'int java.lang.invoke.DirectMethodHandle$Holder.invokeVirtual(java.lang.Object, java.lang.Object)'> (0x0000000089ab4b90) thrown at [./src/hotspot/share/interpreter/linkResolver.cpp, line 773]
Event: 21.298 Thread 0x0000026428853000 Exception <a 'java/lang/NoSuchMethodError'{0x0000000089aba2c0}: 'java.lang.Object java.lang.invoke.DirectMethodHandle$Holder.invokeStatic(java.lang.Object, java.lang.Object, java.lang.Object, java.lang.Object, java.lang.Object, java.lang.Object, java.lang.Object, java.lang.Object, java.lang.Object, java.lang.Object, java.lang.Object, java.lang.Object, java.lang.Object, java.lang.Object, java.lang.Object, java.lang.Object, java.lang.Object, int, java.lang.Object)'> (0x0000000089aba2c0) thrown at [./src/hots
Event: 21.305 Thread 0x0000026428853000 Exception <a 'java/lang/NoSuchMethodError'{0x0000000089950a58}: 'java.lang.Object java.lang.invoke.DirectMethodHandle$Holder.invokeStaticInit(java.lang.Object, java.lang.Object, java.lang.Object, java.lang.Object, java.lang.Object, java.lang.Object, java.lang.Object, java.lang.Object, java.lang.Object, java.lang.Object, java.lang.Object, java.lang.Object, java.lang.Object, java.lang.Object, java.lang.Object, java.lang.Object, java.lang.Object, int, java.lang.Object)'> (0x0000000089950a58) thrown at [./src/
Event: 21.569 Thread 0x000002642c636000 Exception <a 'java/lang/NoSuchMethodError'{0x000000008937d498}: 'void java.lang.invoke.DirectMethodHandle$Holder.invokeStatic(java.lang.Object, long)'> (0x000000008937d498) thrown at [./src/hotspot/share/interpreter/linkResolver.cpp, line 773]
Event: 21.570 Thread 0x000002642c636000 Exception <a 'java/lang/NoSuchMethodError'{0x00000000893826b0}: 'java.lang.Object java.lang.invoke.DirectMethodHandle$Holder.invokeStatic(java.lang.Object, long)'> (0x00000000893826b0) thrown at [./src/hotspot/share/interpreter/linkResolver.cpp, line 773]
Event: 21.584 Thread 0x000002642c636000 Exception <a 'java/lang/NoSuchMethodError'{0x0000000089390bc0}: 'java.lang.Object java.lang.invoke.DirectMethodHandle$Holder.invokeStaticInit(java.lang.Object, java.lang.Object, long, java.lang.Object)'> (0x0000000089390bc0) thrown at [./src/hotspot/share/interpreter/linkResolver.cpp, line 773]
Event: 21.585 Thread 0x000002642c636000 Exception <a 'java/lang/NoSuchMethodError'{0x0000000089396d58}: 'java.lang.Object java.lang.invoke.DirectMethodHandle$Holder.invokeStatic(java.lang.Object, java.lang.Object, long)'> (0x0000000089396d58) thrown at [./src/hotspot/share/interpreter/linkResolver.cpp, line 773]
Event: 21.585 Thread 0x000002642c636000 Exception <a 'java/lang/NoSuchMethodError'{0x000000008939d2d0}: 'java.lang.Object java.lang.invoke.Invokers$Holder.linkToTargetMethod(java.lang.Object, long, java.lang.Object)'> (0x000000008939d2d0) thrown at [./src/hotspot/share/interpreter/linkResolver.cpp, line 773]
Event: 22.257 Thread 0x000002642c636000 Exception <a 'java/lang/NoSuchMethodError'{0x000000008aa07e40}: 'int java.lang.invoke.DirectMethodHandle$Holder.invokeSpecialIFC(java.lang.Object, java.lang.Object, java.lang.Object)'> (0x000000008aa07e40) thrown at [./src/hotspot/share/interpreter/linkResolver.cpp, line 773]
Event: 22.603 Thread 0x000002642884f000 Exception <a 'java/lang/NoSuchMethodError'{0x000000008b41d2a8}: 'java.lang.Object java.lang.invoke.DirectMethodHandle$Holder.newInvokeSpecial(java.lang.Object, int)'> (0x000000008b41d2a8) thrown at [./src/hotspot/share/interpreter/linkResolver.cpp, line 773]

Events (20 events):
Event: 22.907 loading class com/android/tools/r8/graph/v1 done
Event: 22.907 loading class com/android/tools/r8/w/a/a/a/h/f0$d
Event: 22.907 loading class com/android/tools/r8/w/a/a/a/h/f0$d done
Event: 22.908 loading class com/android/tools/r8/w/a/a/a/h/g0
Event: 22.908 loading class com/android/tools/r8/w/a/a/a/h/g0 done
Event: 22.910 loading class com/android/tools/r8/v/a/t/i
Event: 22.910 loading class com/android/tools/r8/v/a/t/i done
Event: 22.912 loading class com/android/tools/r8/v/a/t/k
Event: 22.912 loading class com/android/tools/r8/v/a/t/k done
Event: 22.931 loading class com/android/tools/build/apkzlib/zip/DataDescriptorType
Event: 22.931 loading class com/android/tools/build/apkzlib/zip/DataDescriptorType done
Event: 22.931 loading class com/android/tools/build/apkzlib/zip/DataDescriptorType
Event: 22.931 loading class com/android/tools/build/apkzlib/zip/DataDescriptorType done
Event: 22.931 loading class com/android/tools/build/apkzlib/zip/StoredEntry
Event: 22.931 loading class com/android/tools/build/apkzlib/zip/StoredEntry done
Event: 23.356 Executing VM operation: G1CollectForAllocation
Event: 23.432 Executing VM operation: G1CollectForAllocation done
Event: 23.675 Executing VM operation: G1CollectForAllocation
Event: 23.729 Executing VM operation: G1CollectForAllocation done
Event: 24.012 Executing VM operation: G1CollectForAllocation


Dynamic libraries:
0x00007ff720a60000 - 0x00007ff720a6a000 	D:\Android\Android Studio\jre\bin\java.exe
0x00007ff82b910000 - 0x00007ff82bafd000 	C:\Windows\SYSTEM32\ntdll.dll
0x00007ff82b1b0000 - 0x00007ff82b263000 	C:\Windows\System32\KERNEL32.DLL
0x00007ff8288a0000 - 0x00007ff828b35000 	C:\Windows\System32\KERNELBASE.dll
0x00007ff827b20000 - 0x00007ff827c1a000 	C:\Windows\System32\ucrtbase.dll
0x00007ff81d720000 - 0x00007ff81d739000 	D:\Android\Android Studio\jre\bin\jli.dll
0x00007ff81d600000 - 0x00007ff81d617000 	D:\Android\Android Studio\jre\bin\VCRUNTIME140.dll
0x00007ff8293c0000 - 0x00007ff829558000 	C:\Windows\System32\USER32.dll
0x00007ff827c50000 - 0x00007ff827c70000 	C:\Windows\System32\win32u.dll
0x00007ff82aa60000 - 0x00007ff82aa89000 	C:\Windows\System32\GDI32.dll
0x00007ff827c70000 - 0x00007ff827e0c000 	C:\Windows\System32\gdi32full.dll
0x00007ff8184c0000 - 0x00007ff818739000 	C:\Windows\WinSxS\amd64_microsoft.windows.common-controls_6595b64144ccf1df_6.0.17763.2114_none_de6e8966534dbac6\COMCTL32.dll
0x00007ff82b840000 - 0x00007ff82b8de000 	C:\Windows\System32\msvcrt.dll
0x00007ff828800000 - 0x00007ff8288a0000 	C:\Windows\System32\msvcp_win.dll
0x00007ff828b50000 - 0x00007ff828e7d000 	C:\Windows\System32\combase.dll
0x00007ff82b550000 - 0x00007ff82b66f000 	C:\Windows\System32\RPCRT4.dll
0x00007ff828770000 - 0x00007ff8287f2000 	C:\Windows\System32\bcryptPrimitives.dll
0x00007ff82b270000 - 0x00007ff82b29e000 	C:\Windows\System32\IMM32.DLL
0x00007ffffc620000 - 0x00007ffffc6bd000 	D:\Android\Android Studio\jre\bin\msvcp140.dll
0x00007ffffb5a0000 - 0x00007ffffc05c000 	D:\Android\Android Studio\jre\bin\server\jvm.dll
0x00007ff82aef0000 - 0x00007ff82af94000 	C:\Windows\System32\ADVAPI32.dll
0x00007ff82b300000 - 0x00007ff82b39e000 	C:\Windows\System32\sechost.dll
0x00007ff82acc0000 - 0x00007ff82acc8000 	C:\Windows\System32\PSAPI.DLL
0x00007ff825a50000 - 0x00007ff825a74000 	C:\Windows\SYSTEM32\WINMM.dll
0x00007ff8244a0000 - 0x00007ff8244a9000 	C:\Windows\SYSTEM32\WSOCK32.dll
0x00007ff82ae80000 - 0x00007ff82aeed000 	C:\Windows\System32\WS2_32.dll
0x00007ff819ee0000 - 0x00007ff819eea000 	C:\Windows\SYSTEM32\VERSION.dll
0x00007ff8259e0000 - 0x00007ff825a0d000 	C:\Windows\SYSTEM32\WINMMBASE.dll
0x00007ff827a20000 - 0x00007ff827a6a000 	C:\Windows\System32\cfgmgr32.dll
0x00007ff827970000 - 0x00007ff827981000 	C:\Windows\System32\kernel.appcore.dll
0x00007ff824410000 - 0x00007ff824421000 	D:\Android\Android Studio\jre\bin\verify.dll
0x00007ff816e30000 - 0x00007ff81701d000 	C:\Windows\SYSTEM32\DBGHELP.DLL
0x00007ff816a10000 - 0x00007ff816a3a000 	C:\Windows\SYSTEM32\dbgcore.DLL
0x00007ff8243b0000 - 0x00007ff8243d9000 	D:\Android\Android Studio\jre\bin\java.dll
0x00007ff8242f0000 - 0x00007ff8242fb000 	D:\Android\Android Studio\jre\bin\jimage.dll
0x00007ff8242d0000 - 0x00007ff8242e8000 	D:\Android\Android Studio\jre\bin\zip.dll
0x00007ff829560000 - 0x00007ff82aa59000 	C:\Windows\System32\SHELL32.dll
0x00007ff828e80000 - 0x00007ff828f28000 	C:\Windows\System32\shcore.dll
0x00007ff828020000 - 0x00007ff82876b000 	C:\Windows\System32\windows.storage.dll
0x00007ff827990000 - 0x00007ff8279b4000 	C:\Windows\System32\profapi.dll
0x00007ff827910000 - 0x00007ff82796d000 	C:\Windows\System32\powrprof.dll
0x00007ff82b080000 - 0x00007ff82b0d2000 	C:\Windows\System32\shlwapi.dll
0x00007ff827e10000 - 0x00007ff827e27000 	C:\Windows\System32\cryptsp.dll
0x00007ff823500000 - 0x00007ff82351a000 	D:\Android\Android Studio\jre\bin\net.dll
0x00007ff823520000 - 0x00007ff823611000 	C:\Windows\SYSTEM32\WINHTTP.dll
0x00007ff8270e0000 - 0x00007ff827147000 	C:\Windows\system32\mswsock.dll
0x00007ff820750000 - 0x00007ff820764000 	D:\Android\Android Studio\jre\bin\nio.dll
0x00007ff81dc20000 - 0x00007ff81dc47000 	C:\Users\Home\.gradle\native\fdc75f09e3144964f2cf3f50f0aa648679c211496f362492102eb8c894070792\windows-amd64\native-platform.dll
0x00007ff81aba0000 - 0x00007ff81ad36000 	C:\Users\Home\.gradle\native\12488b8bf47d2d4c9fbf2f6322a914ad602e24e48041cd04a747c6da556b65c4\windows-amd64\native-platform-file-events.dll
0x00007ff821a30000 - 0x00007ff821a3a000 	D:\Android\Android Studio\jre\bin\management.dll
0x00007ff8215b0000 - 0x00007ff8215bc000 	D:\Android\Android Studio\jre\bin\management_ext.dll
0x00007ff826c70000 - 0x00007ff826ca3000 	C:\Windows\system32\rsaenh.dll
0x00007ff827c20000 - 0x00007ff827c46000 	C:\Windows\System32\bcrypt.dll
0x00007ff827820000 - 0x00007ff827849000 	C:\Windows\SYSTEM32\USERENV.dll
0x00007ff8272b0000 - 0x00007ff8272bc000 	C:\Windows\SYSTEM32\CRYPTBASE.dll
0x00007ff826e00000 - 0x00007ff826e3d000 	C:\Windows\SYSTEM32\IPHLPAPI.DLL
0x00007ff828b40000 - 0x00007ff828b48000 	C:\Windows\System32\NSI.dll
0x00007ff81ff80000 - 0x00007ff81ff96000 	C:\Windows\SYSTEM32\dhcpcsvc6.DLL
0x00007ff821510000 - 0x00007ff82152c000 	C:\Windows\SYSTEM32\dhcpcsvc.DLL
0x00007ff826e40000 - 0x00007ff826f06000 	C:\Windows\SYSTEM32\DNSAPI.dll
0x00007ff822bf0000 - 0x00007ff822bfb000 	C:\Windows\SYSTEM32\WINNSI.DLL

dbghelp: loaded successfully - version: 4.0.5 - missing functions: none
symbol engine: initialized successfully - sym options: 0x614 - pdb path: .;D:\Android\Android Studio\jre\bin;C:\Windows\SYSTEM32;C:\Windows\WinSxS\amd64_microsoft.windows.common-controls_6595b64144ccf1df_6.0.17763.2114_none_de6e8966534dbac6;D:\Android\Android Studio\jre\bin\server;C:\Users\Home\.gradle\native\fdc75f09e3144964f2cf3f50f0aa648679c211496f362492102eb8c894070792\windows-amd64;C:\Users\Home\.gradle\native\12488b8bf47d2d4c9fbf2f6322a914ad602e24e48041cd04a747c6da556b65c4\windows-amd64

VM Arguments:
jvm_args: --add-opens=java.base/java.util=ALL-UNNAMED --add-opens=java.base/java.lang=ALL-UNNAMED --add-opens=java.base/java.lang.invoke=ALL-UNNAMED --add-opens=java.prefs/java.util.prefs=ALL-UNNAMED -Xmx2048m -Dfile.encoding=UTF-8 -Duser.country=RU -Duser.language=ru -Duser.variant 
java_command: org.gradle.launcher.daemon.bootstrap.GradleDaemon 6.7.1
java_class_path (initial): C:\Users\Home\.gradle\wrapper\dists\gradle-6.7.1-bin\bwlcbys1h7rz3272sye1xwiv6\gradle-6.7.1\lib\gradle-launcher-6.7.1.jar
Launcher Type: SUN_STANDARD

[Global flags]
     intx CICompilerCount                          = 3                                         {product} {ergonomic}
     uint ConcGCThreads                            = 1                                         {product} {ergonomic}
     uint G1ConcRefinementThreads                  = 4                                         {product} {ergonomic}
   size_t G1HeapRegionSize                         = 1048576                                   {product} {ergonomic}
    uintx GCDrainStackTargetSize                   = 64                                        {product} {ergonomic}
   size_t InitialHeapSize                          = 65011712                                  {product} {ergonomic}
   size_t MarkStackSize                            = 4194304                                   {product} {ergonomic}
   size_t MaxHeapSize                              = 2147483648                                {product} {command line}
   size_t MaxNewSize                               = 1287651328                                {product} {ergonomic}
   size_t MinHeapDeltaBytes                        = 1048576                                   {product} {ergonomic}
    uintx NonNMethodCodeHeapSize                   = 5830732                                {pd product} {ergonomic}
    uintx NonProfiledCodeHeapSize                  = 122913754                              {pd product} {ergonomic}
    uintx ProfiledCodeHeapSize                     = 122913754                              {pd product} {ergonomic}
    uintx ReservedCodeCacheSize                    = 251658240                              {pd product} {ergonomic}
     bool SegmentedCodeCache                       = true                                      {product} {ergonomic}
     bool UseCompressedClassPointers               = true                                 {lp64_product} {ergonomic}
     bool UseCompressedOops                        = true                                 {lp64_product} {ergonomic}
     bool UseG1GC                                  = true                                      {product} {ergonomic}
     bool UseLargePagesIndividualAllocation        = false                                  {pd product} {ergonomic}

Logging:
Log output configuration:
 #0: stdout all=warning uptime,level,tags
 #1: stderr all=off uptime,level,tags

Environment Variables:
PATH=C:\Program Files (x86)\Common Files\Oracle\Java\javapath;C:\Windows\system32;C:\Windows;C:\Windows\System32\Wbem;C:\Windows\System32\WindowsPowerShell\v1.0\;C:\Windows\System32\OpenSSH\;D:\AndroidProjects\Git\cmd;C:\Users\Home\AppData\Local\Microsoft\WindowsApps;
USERNAME=Home
OS=Windows_NT
PROCESSOR_IDENTIFIER=Intel64 Family 6 Model 42 Stepping 7, GenuineIntel



---------------  S Y S T E M  ---------------

OS: Windows 10 , 64 bit Build 17763 (10.0.17763.2090)
OS uptime: 0 days 7:24 hours

CPU:total 4 (initial active 4) (2 cores per cpu, 2 threads per core) family 6 model 42 stepping 7, cmov, cx8, fxsr, mmx, sse, sse2, sse3, ssse3, sse4.1, sse4.2, popcnt, avx, clmul, ht, tsc, tscinvbit

Memory: 4k page, system-wide physical 3932M (452M free)
TotalPageFile size 4732M (AvailPageFile size 23M)
current process WorkingSet (physical memory assigned to process): 451M, peak: 452M
current process commit charge ("private bytes"): 483M, peak: 574M

vm_info: OpenJDK 64-Bit Server VM (11.0.8+10-b944.6842174) for windows-amd64 JRE (11.0.8+10-b944.6842174), built on Sep 19 2020 01:11:42 by "builder" with MS VC++ 14.0 (VS2015)

END.
