#
# There is insufficient memory for the Java Runtime Environment to continue.
# Native memory allocation (malloc) failed to allocate 1513136 bytes for Chunk::new
# Possible reasons:
#   The system is out of physical RAM or swap space
#   The process is running with CompressedOops enabled, and the Java Heap may be blocking the growth of the native heap
# Possible solutions:
#   Reduce memory load on the system
#   Increase physical memory or swap space
#   Check if swap backing store is full
#   Decrease Java heap size (-Xmx/-Xms)
#   Decrease number of Java threads
#   Decrease Java thread stack sizes (-Xss)
#   Set larger code cache with -XX:ReservedCodeCacheSize=
#   JVM is running with Unscaled Compressed Oops mode in which the Java heap is
#     placed in the first 4GB address space. The Java Heap base address is the
#     maximum limit for the native heap growth. Please use -XX:HeapBaseMinAddress
#     to set the Java Heap base and to place the Java Heap above 4GB virtual address.
# This output file may be truncated or incomplete.
#
#  Out of Memory Error (./src/hotspot/share/memory/arena.cpp:197), pid=9016, tid=8724
#
# JRE version: OpenJDK Runtime Environment (11.0.8+10) (build 11.0.8+10-b944.6842174)
# Java VM: OpenJDK 64-Bit Server VM (11.0.8+10-b944.6842174, mixed mode, tiered, compressed oops, g1 gc, windows-amd64)
# No core dump will be written. Minidumps are not enabled by default on client versions of Windows
#

---------------  S U M M A R Y ------------

Command Line: --add-opens=java.base/java.util=ALL-UNNAMED --add-opens=java.base/java.lang=ALL-UNNAMED --add-opens=java.base/java.lang.invoke=ALL-UNNAMED --add-opens=java.prefs/java.util.prefs=ALL-UNNAMED -Xmx2048m -Dfile.encoding=UTF-8 -Duser.country=RU -Duser.language=ru -Duser.variant org.gradle.launcher.daemon.bootstrap.GradleDaemon 6.7.1

Host: Intel(R) Core(TM) i3-2370M CPU @ 2.40GHz, 4 cores, 3G,  Windows 10 , 64 bit Build 17763 (10.0.17763.2090)
Time: Mon Aug 16 16:15:54 2021 RTZ 2 (ceia) elapsed time: 3495 seconds (0d 0h 58m 15s)

---------------  T H R E A D  ---------------

Current thread (0x0000026b7f6cb800):  JavaThread "C2 CompilerThread0" daemon [_thread_in_native, id=8724, stack(0x00000075c3e00000,0x00000075c3f00000)]


Current CompileTask:
C2:3495201 17814 %     4       com.android.tools.r8.dex.n::m @ 64 (2054 bytes)

Stack: [0x00000075c3e00000,0x00000075c3f00000]
Native frames: (J=compiled Java code, j=interpreted, Vv=VM code, C=native code)
V  [jvm.dll+0x5de50a]
V  [jvm.dll+0x7122f5]
V  [jvm.dll+0x71384d]
V  [jvm.dll+0x713f03]
V  [jvm.dll+0x23e728]
V  [jvm.dll+0xb899c]
V  [jvm.dll+0xb8e9c]
V  [jvm.dll+0x35024d]
V  [jvm.dll+0x31dea3]
V  [jvm.dll+0x31d39a]
V  [jvm.dll+0x1f7702]
V  [jvm.dll+0x1f68d4]
V  [jvm.dll+0x17f32c]
V  [jvm.dll+0x205047]
V  [jvm.dll+0x203891]
V  [jvm.dll+0x6dad3f]
V  [jvm.dll+0x6d3895]
V  [jvm.dll+0x5dd4a6]
C  [ucrtbase.dll+0x2268a]
C  [KERNEL32.DLL+0x17974]
C  [ntdll.dll+0x5a2f1]


---------------  P R O C E S S  ---------------

Threads class SMR info:
_java_thread_list=0x0000026b02a926e0, length=173, elements={
0x0000026b67c80800, 0x0000026b67d4e800, 0x0000026b7f6b9000, 0x0000026b7f6c7000,
0x0000026b7f6c9800, 0x0000026b7f6cb800, 0x0000026b7f6d6000, 0x0000026b7f6df800,
0x0000026b02279800, 0x0000026b02291800, 0x0000026b03711800, 0x0000026b033e5000,
0x0000026b034b2000, 0x0000026b03a31800, 0x0000026b03a30800, 0x0000026b03a30000,
0x0000026b068b3800, 0x0000026b068b1800, 0x0000026b080da000, 0x0000026b080dc800,
0x0000026b080da800, 0x0000026b080de000, 0x0000026b080d9000, 0x0000026b080db800,
0x0000026b080dd000, 0x0000026b080d8000, 0x0000026b080e3000, 0x0000026b080df800,
0x0000026b080e3800, 0x0000026b080e4800, 0x0000026b080df000, 0x0000026b080e5800,
0x0000026b080e7000, 0x0000026b080e6000, 0x0000026b080e1000, 0x0000026b080e2000,
0x0000026b068b7800, 0x0000026b068b4000, 0x0000026b068b6000, 0x0000026b068b8000,
0x0000026b068b2800, 0x0000026b068bc800, 0x0000026b068b6800, 0x0000026b068ba000,
0x0000026b068ba800, 0x0000026b068bd000, 0x0000026b068be000, 0x0000026b068bb800,
0x0000026b068be800, 0x0000026b068b9000, 0x0000026b068bf800, 0x0000026b03a32800,
0x0000026b03a34000, 0x0000026b03a33000, 0x0000026b03a2e800, 0x0000026b03a35000,
0x0000026b03a2f000, 0x0000026b0c14d000, 0x0000026b0c14e000, 0x0000026b0c150800,
0x0000026b0c14e800, 0x0000026b0c14c800, 0x0000026b0c14f800, 0x0000026b0c14a800,
0x0000026b0c14b800, 0x0000026b0c153000, 0x0000026b0c153800, 0x0000026b0c152000,
0x0000026b0c155000, 0x0000026b0c151000, 0x0000026b0c157000, 0x0000026b0c157800,
0x0000026b0c158800, 0x0000026b0c159800, 0x0000026b0c156000, 0x0000026b0c154800,
0x0000026b066b9800, 0x0000026b066bf000, 0x0000026b066ba000, 0x0000026b066bb000,
0x0000026b066c0000, 0x0000026b066bb800, 0x0000026b066bc800, 0x0000026b066bd800,
0x0000026b066be000, 0x0000026b07138800, 0x0000026b07136000, 0x0000026b07137000,
0x0000026b07137800, 0x0000026b07133000, 0x0000026b07135000, 0x0000026b07134800,
0x0000026b07139800, 0x0000026b07133800, 0x0000026b0713e000, 0x0000026b07140000,
0x0000026b0713a000, 0x0000026b0713d800, 0x0000026b0713f000, 0x0000026b07140800,
0x0000026b0713b000, 0x0000026b07141800, 0x0000026b0713c000, 0x0000026b0713c800,
0x0000026b0b897800, 0x0000026b0b894800, 0x0000026b0b898800, 0x0000026b0b899000,
0x0000026b0b89a000, 0x0000026b0b89b000, 0x0000026b0b895000, 0x0000026b0b89b800,
0x0000026b0b896800, 0x0000026b0b896000, 0x0000026b0b89c800, 0x0000026b0b8a0800,
0x0000026b0b89f000, 0x0000026b0b89f800, 0x0000026b0b8a1800, 0x0000026b0b8a2000,
0x0000026b0b89d800, 0x0000026b0b8a3000, 0x0000026b0b89e000, 0x0000026b02abd000,
0x0000026b02ac1000, 0x0000026b02abd800, 0x0000026b02abe800, 0x0000026b02ac2800,
0x0000026b02ac4000, 0x0000026b02ac2000, 0x0000026b02ac5000, 0x0000026b02abf800,
0x0000026b02ac3800, 0x0000026b02ac6000, 0x0000026b02ac0000, 0x0000026b02ac7800,
0x0000026b02acb800, 0x0000026b02aca000, 0x0000026b02acb000, 0x0000026b02ac6800,
0x0000026b02ac9000, 0x0000026b02ac8800, 0x0000026b0c287000, 0x0000026b0c284000,
0x0000026b0c288000, 0x0000026b0c283000, 0x0000026b0c286800, 0x0000026b0c282000,
0x0000026b0c284800, 0x0000026b0c288800, 0x0000026b0c285800, 0x0000026b09983000,
0x0000026b09987000, 0x0000026b09984800, 0x0000026b09988000, 0x0000026b09988800,
0x0000026b09989800, 0x0000026b09983800, 0x0000026b0998a000, 0x0000026b0998b000,
0x0000026b09985800, 0x0000026b0998c000, 0x0000026b09991800, 0x0000026b0998f000,
0x0000026b0998c800, 0x0000026b09991000, 0x0000026b0998d800, 0x0000026b09990000,
0x0000026b0998e800, 0x0000026b080e0800, 0x0000026b06f9b000, 0x0000026b06f95000,
0x0000026b06f9a000
}

Java Threads: ( => current thread )
  0x0000026b67c80800 JavaThread "main" [_thread_blocked, id=2744, stack(0x00000075c3300000,0x00000075c3400000)]
  0x0000026b67d4e800 JavaThread "Reference Handler" daemon [_thread_blocked, id=3048, stack(0x00000075c3a00000,0x00000075c3b00000)]
  0x0000026b7f6b9000 JavaThread "Finalizer" daemon [_thread_blocked, id=1172, stack(0x00000075c3b00000,0x00000075c3c00000)]
  0x0000026b7f6c7000 JavaThread "Signal Dispatcher" daemon [_thread_blocked, id=8788, stack(0x00000075c3c00000,0x00000075c3d00000)]
  0x0000026b7f6c9800 JavaThread "Attach Listener" daemon [_thread_blocked, id=7116, stack(0x00000075c3d00000,0x00000075c3e00000)]
=>0x0000026b7f6cb800 JavaThread "C2 CompilerThread0" daemon [_thread_in_native, id=8724, stack(0x00000075c3e00000,0x00000075c3f00000)]
  0x0000026b7f6d6000 JavaThread "C1 CompilerThread0" daemon [_thread_in_native, id=8704, stack(0x00000075c3f00000,0x00000075c4000000)]
  0x0000026b7f6df800 JavaThread "Sweeper thread" daemon [_thread_blocked, id=9032, stack(0x00000075c4000000,0x00000075c4100000)]
  0x0000026b02279800 JavaThread "Common-Cleaner" daemon [_thread_blocked, id=8272, stack(0x00000075c4100000,0x00000075c4200000)]
  0x0000026b02291800 JavaThread "Service Thread" daemon [_thread_blocked, id=1516, stack(0x00000075c4200000,0x00000075c4300000)]
  0x0000026b03711800 JavaThread "Daemon health stats" [_thread_blocked, id=8736, stack(0x00000075c4600000,0x00000075c4700000)]
  0x0000026b033e5000 JavaThread "Incoming local TCP Connector on port 50035" [_thread_in_native, id=8824, stack(0x00000075c4800000,0x00000075c4900000)]
  0x0000026b034b2000 JavaThread "Daemon periodic checks" [_thread_blocked, id=8608, stack(0x00000075c4900000,0x00000075c4a00000)]
  0x0000026b03a31800 JavaThread "Cache worker for file hash cache (C:\Users\Home\.gradle\caches\6.7.1\fileHashes)" [_thread_blocked, id=3600, stack(0x00000075c5300000,0x00000075c5400000)]
  0x0000026b03a30800 JavaThread "File lock request listener" [_thread_in_native, id=7824, stack(0x00000075c5400000,0x00000075c5500000)]
  0x0000026b03a30000 JavaThread "Cache worker for journal cache (C:\Users\Home\.gradle\caches\journal-1)" [_thread_blocked, id=6304, stack(0x00000075c5500000,0x00000075c5600000)]
  0x0000026b068b3800 JavaThread "Cache worker for execution history cache (C:\Users\Home\.gradle\caches\6.7.1\executionHistory)" [_thread_blocked, id=8300, stack(0x00000075c7000000,0x00000075c7100000)]
  0x0000026b068b1800 JavaThread "Cache worker for file content cache (C:\Users\Home\.gradle\caches\6.7.1\fileContent)" [_thread_blocked, id=7328, stack(0x00000075c7100000,0x00000075c7200000)]
  0x0000026b080da000 JavaThread "Memory manager" [_thread_blocked, id=4644, stack(0x00000075cd900000,0x00000075cda00000)]
  0x0000026b080dc800 JavaThread "Daemon Thread 3" [_thread_blocked, id=4164, stack(0x00000075c3100000,0x00000075c3200000)]
  0x0000026b080da800 JavaThread "Handler for socket connection from /127.0.0.1:50035 to /127.0.0.1:56251" [_thread_in_native, id=7236, stack(0x00000075c3200000,0x00000075c3300000)]
  0x0000026b080de000 JavaThread "Cancel handler" [_thread_blocked, id=6104, stack(0x00000075c4400000,0x00000075c4500000)]
  0x0000026b080d9000 JavaThread "Daemon worker Thread 3" [_thread_blocked, id=7600, stack(0x00000075c4700000,0x00000075c4800000)]
  0x0000026b080db800 JavaThread "Asynchronous log dispatcher for DefaultDaemonConnection: socket connection from /127.0.0.1:50035 to /127.0.0.1:56251" [_thread_blocked, id=7860, stack(0x00000075c4c00000,0x00000075c4d00000)]
  0x0000026b080dd000 JavaThread "Stdin handler" [_thread_blocked, id=836, stack(0x00000075c4d00000,0x00000075c4e00000)]
  0x0000026b080d8000 JavaThread "Thread-288" [_thread_blocked, id=7864, stack(0x00000075c4e00000,0x00000075c4f00000)]
  0x0000026b080e3000 JavaThread "Cache worker for file hash cache (D:\AndroidProjects\Words\.gradle\6.7.1\fileHashes)" [_thread_blocked, id=4368, stack(0x00000075c4f00000,0x00000075c5000000)]
  0x0000026b080df800 JavaThread "Cache worker for checksums cache (D:\AndroidProjects\Words\.gradle\checksums)" [_thread_blocked, id=1632, stack(0x00000075c5000000,0x00000075c5100000)]
  0x0000026b080e3800 JavaThread "Cache worker for cache directory md-supplier (C:\Users\Home\.gradle\caches\6.7.1\md-supplier)" [_thread_blocked, id=196, stack(0x00000075c5100000,0x00000075c5200000)]
  0x0000026b080e4800 JavaThread "Cache worker for cache directory md-rule (C:\Users\Home\.gradle\caches\6.7.1\md-rule)" [_thread_blocked, id=7980, stack(0x00000075c5200000,0x00000075c5300000)]
  0x0000026b080df000 JavaThread "Cache worker for Build Output Cleanup Cache (D:\AndroidProjects\Words\.gradle\buildOutputCleanup)" [_thread_in_native, id=8700, stack(0x00000075c5600000,0x00000075c5700000)]
  0x0000026b080e5800 JavaThread "Build operations" [_thread_blocked, id=896, stack(0x00000075c5800000,0x00000075c5900000)]
  0x0000026b080e7000 JavaThread "Build operations Thread 2" [_thread_blocked, id=6640, stack(0x00000075c5900000,0x00000075c5a00000)]
  0x0000026b080e6000 JavaThread "Build operations Thread 3" [_thread_blocked, id=4472, stack(0x00000075c5a00000,0x00000075c5b00000)]
  0x0000026b080e1000 JavaThread "Build operations Thread 4" [_thread_blocked, id=6108, stack(0x00000075c5b00000,0x00000075c5c00000)]
  0x0000026b080e2000 JavaThread "jar transforms Thread 239" [_thread_blocked, id=1136, stack(0x00000075c5c00000,0x00000075c5d00000)]
  0x0000026b068b7800 JavaThread "jar transforms Thread 240" [_thread_blocked, id=6040, stack(0x00000075c5d00000,0x00000075c5e00000)]
  0x0000026b068b4000 JavaThread "jar transforms Thread 241" [_thread_blocked, id=9136, stack(0x00000075c5e00000,0x00000075c5f00000)]
  0x0000026b068b6000 JavaThread "jar transforms Thread 242" [_thread_blocked, id=4188, stack(0x00000075c5f00000,0x00000075c6000000)]
  0x0000026b068b8000 JavaThread "jar transforms Thread 243" [_thread_blocked, id=2056, stack(0x00000075c6000000,0x00000075c6100000)]
  0x0000026b068b2800 JavaThread "jar transforms Thread 244" [_thread_blocked, id=8316, stack(0x00000075c6100000,0x00000075c6200000)]
  0x0000026b068bc800 JavaThread "jar transforms Thread 245" [_thread_blocked, id=3096, stack(0x00000075c6200000,0x00000075c6300000)]
  0x0000026b068b6800 JavaThread "jar transforms Thread 246" [_thread_blocked, id=8492, stack(0x00000075c6300000,0x00000075c6400000)]
  0x0000026b068ba000 JavaThread "jar transforms Thread 247" [_thread_blocked, id=7308, stack(0x00000075c6400000,0x00000075c6500000)]
  0x0000026b068ba800 JavaThread "jar transforms Thread 248" [_thread_blocked, id=780, stack(0x00000075c6500000,0x00000075c6600000)]
  0x0000026b068bd000 JavaThread "jar transforms Thread 249" [_thread_blocked, id=8308, stack(0x00000075c6600000,0x00000075c6700000)]
  0x0000026b068be000 JavaThread "jar transforms Thread 250" [_thread_blocked, id=7648, stack(0x00000075c6700000,0x00000075c6800000)]
  0x0000026b068bb800 JavaThread "jar transforms Thread 251" [_thread_blocked, id=8220, stack(0x00000075c6800000,0x00000075c6900000)]
  0x0000026b068be800 JavaThread "jar transforms Thread 252" [_thread_blocked, id=9200, stack(0x00000075c6900000,0x00000075c6a00000)]
  0x0000026b068b9000 JavaThread "jar transforms Thread 253" [_thread_blocked, id=1224, stack(0x00000075c6a00000,0x00000075c6b00000)]
  0x0000026b068bf800 JavaThread "jar transforms Thread 254" [_thread_blocked, id=7196, stack(0x00000075c6b00000,0x00000075c6c00000)]
  0x0000026b03a32800 JavaThread "jar transforms Thread 255" [_thread_blocked, id=1120, stack(0x00000075c6c00000,0x00000075c6d00000)]
  0x0000026b03a34000 JavaThread "jar transforms Thread 256" [_thread_blocked, id=3540, stack(0x00000075c6d00000,0x00000075c6e00000)]
  0x0000026b03a33000 JavaThread "jar transforms Thread 257" [_thread_blocked, id=7192, stack(0x00000075c6e00000,0x00000075c6f00000)]
  0x0000026b03a2e800 JavaThread "jar transforms Thread 258" [_thread_blocked, id=9052, stack(0x00000075c6f00000,0x00000075c7000000)]
  0x0000026b03a35000 JavaThread "jar transforms Thread 259" [_thread_blocked, id=4920, stack(0x00000075c7200000,0x00000075c7300000)]
  0x0000026b03a2f000 JavaThread "jar transforms Thread 260" [_thread_blocked, id=7108, stack(0x00000075c7300000,0x00000075c7400000)]
  0x0000026b0c14d000 JavaThread "jar transforms Thread 261" [_thread_blocked, id=4968, stack(0x00000075c7400000,0x00000075c7500000)]
  0x0000026b0c14e000 JavaThread "jar transforms Thread 262" [_thread_blocked, id=9168, stack(0x00000075c7500000,0x00000075c7600000)]
  0x0000026b0c150800 JavaThread "jar transforms Thread 263" [_thread_blocked, id=3260, stack(0x00000075c7600000,0x00000075c7700000)]
  0x0000026b0c14e800 JavaThread "jar transforms Thread 264" [_thread_blocked, id=8188, stack(0x00000075c7700000,0x00000075c7800000)]
  0x0000026b0c14c800 JavaThread "jar transforms Thread 265" [_thread_blocked, id=4828, stack(0x00000075c7800000,0x00000075c7900000)]
  0x0000026b0c14f800 JavaThread "jar transforms Thread 266" [_thread_blocked, id=1392, stack(0x00000075c7900000,0x00000075c7a00000)]
  0x0000026b0c14a800 JavaThread "jar transforms Thread 267" [_thread_blocked, id=5100, stack(0x00000075c7a00000,0x00000075c7b00000)]
  0x0000026b0c14b800 JavaThread "jar transforms Thread 268" [_thread_blocked, id=7372, stack(0x00000075c7b00000,0x00000075c7c00000)]
  0x0000026b0c153000 JavaThread "jar transforms Thread 269" [_thread_blocked, id=4612, stack(0x00000075c7c00000,0x00000075c7d00000)]
  0x0000026b0c153800 JavaThread "jar transforms Thread 270" [_thread_blocked, id=3608, stack(0x00000075c7d00000,0x00000075c7e00000)]
  0x0000026b0c152000 JavaThread "jar transforms Thread 271" [_thread_blocked, id=8828, stack(0x00000075c7e00000,0x00000075c7f00000)]
  0x0000026b0c155000 JavaThread "jar transforms Thread 272" [_thread_blocked, id=1100, stack(0x00000075c7f00000,0x00000075c8000000)]
  0x0000026b0c151000 JavaThread "jar transforms Thread 273" [_thread_blocked, id=8424, stack(0x00000075c8000000,0x00000075c8100000)]
  0x0000026b0c157000 JavaThread "jar transforms Thread 274" [_thread_blocked, id=5108, stack(0x00000075c8100000,0x00000075c8200000)]
  0x0000026b0c157800 JavaThread "jar transforms Thread 275" [_thread_blocked, id=5892, stack(0x00000075c8200000,0x00000075c8300000)]
  0x0000026b0c158800 JavaThread "jar transforms Thread 276" [_thread_blocked, id=8756, stack(0x00000075c8300000,0x00000075c8400000)]
  0x0000026b0c159800 JavaThread "jar transforms Thread 277" [_thread_blocked, id=7292, stack(0x00000075c8400000,0x00000075c8500000)]
  0x0000026b0c156000 JavaThread "jar transforms Thread 278" [_thread_blocked, id=8112, stack(0x00000075c8500000,0x00000075c8600000)]
  0x0000026b0c154800 JavaThread "jar transforms Thread 279" [_thread_blocked, id=6800, stack(0x00000075c8600000,0x00000075c8700000)]
  0x0000026b066b9800 JavaThread "jar transforms Thread 280" [_thread_blocked, id=8560, stack(0x00000075c8700000,0x00000075c8800000)]
  0x0000026b066bf000 JavaThread "jar transforms Thread 281" [_thread_blocked, id=8156, stack(0x00000075c8800000,0x00000075c8900000)]
  0x0000026b066ba000 JavaThread "jar transforms Thread 282" [_thread_blocked, id=8932, stack(0x00000075c8900000,0x00000075c8a00000)]
  0x0000026b066bb000 JavaThread "jar transforms Thread 283" [_thread_blocked, id=9100, stack(0x00000075c8a00000,0x00000075c8b00000)]
  0x0000026b066c0000 JavaThread "jar transforms Thread 284" [_thread_blocked, id=1240, stack(0x00000075c8b00000,0x00000075c8c00000)]
  0x0000026b066bb800 JavaThread "jar transforms Thread 285" [_thread_blocked, id=5816, stack(0x00000075c8c00000,0x00000075c8d00000)]
  0x0000026b066bc800 JavaThread "jar transforms Thread 286" [_thread_blocked, id=7708, stack(0x00000075c8d00000,0x00000075c8e00000)]
  0x0000026b066bd800 JavaThread "jar transforms Thread 287" [_thread_blocked, id=9056, stack(0x00000075c8e00000,0x00000075c8f00000)]
  0x0000026b066be000 JavaThread "jar transforms Thread 288" [_thread_blocked, id=8624, stack(0x00000075c8f00000,0x00000075c9000000)]
  0x0000026b07138800 JavaThread "jar transforms Thread 289" [_thread_blocked, id=2296, stack(0x00000075c9000000,0x00000075c9100000)]
  0x0000026b07136000 JavaThread "jar transforms Thread 290" [_thread_blocked, id=7656, stack(0x00000075c9100000,0x00000075c9200000)]
  0x0000026b07137000 JavaThread "jar transforms Thread 291" [_thread_blocked, id=3648, stack(0x00000075c9200000,0x00000075c9300000)]
  0x0000026b07137800 JavaThread "jar transforms Thread 292" [_thread_blocked, id=5960, stack(0x00000075c9300000,0x00000075c9400000)]
  0x0000026b07133000 JavaThread "jar transforms Thread 293" [_thread_blocked, id=2516, stack(0x00000075c9400000,0x00000075c9500000)]
  0x0000026b07135000 JavaThread "jar transforms Thread 294" [_thread_blocked, id=8760, stack(0x00000075c9500000,0x00000075c9600000)]
  0x0000026b07134800 JavaThread "jar transforms Thread 295" [_thread_blocked, id=8328, stack(0x00000075c9600000,0x00000075c9700000)]
  0x0000026b07139800 JavaThread "jar transforms Thread 296" [_thread_blocked, id=3524, stack(0x00000075c9700000,0x00000075c9800000)]
  0x0000026b07133800 JavaThread "jar transforms Thread 297" [_thread_blocked, id=8012, stack(0x00000075c9800000,0x00000075c9900000)]
  0x0000026b0713e000 JavaThread "jar transforms Thread 298" [_thread_blocked, id=1656, stack(0x00000075c9900000,0x00000075c9a00000)]
  0x0000026b07140000 JavaThread "jar transforms Thread 299" [_thread_blocked, id=5812, stack(0x00000075c9a00000,0x00000075c9b00000)]
  0x0000026b0713a000 JavaThread "jar transforms Thread 300" [_thread_blocked, id=7840, stack(0x00000075c9b00000,0x00000075c9c00000)]
  0x0000026b0713d800 JavaThread "jar transforms Thread 301" [_thread_blocked, id=2736, stack(0x00000075c9c00000,0x00000075c9d00000)]
  0x0000026b0713f000 JavaThread "jar transforms Thread 302" [_thread_blocked, id=6856, stack(0x00000075c9d00000,0x00000075c9e00000)]
  0x0000026b07140800 JavaThread "jar transforms Thread 303" [_thread_blocked, id=7028, stack(0x00000075c9e00000,0x00000075c9f00000)]
  0x0000026b0713b000 JavaThread "jar transforms Thread 304" [_thread_blocked, id=6940, stack(0x00000075c9f00000,0x00000075ca000000)]
  0x0000026b07141800 JavaThread "jar transforms Thread 305" [_thread_blocked, id=6964, stack(0x00000075ca000000,0x00000075ca100000)]
  0x0000026b0713c000 JavaThread "jar transforms Thread 306" [_thread_blocked, id=3364, stack(0x00000075ca100000,0x00000075ca200000)]
  0x0000026b0713c800 JavaThread "jar transforms Thread 307" [_thread_blocked, id=2624, stack(0x00000075ca200000,0x00000075ca300000)]
  0x0000026b0b897800 JavaThread "jar transforms Thread 308" [_thread_blocked, id=9132, stack(0x00000075ca300000,0x00000075ca400000)]
  0x0000026b0b894800 JavaThread "jar transforms Thread 309" [_thread_blocked, id=7252, stack(0x00000075ca400000,0x00000075ca500000)]
  0x0000026b0b898800 JavaThread "jar transforms Thread 310" [_thread_blocked, id=1960, stack(0x00000075ca500000,0x00000075ca600000)]
  0x0000026b0b899000 JavaThread "jar transforms Thread 311" [_thread_blocked, id=7096, stack(0x00000075ca600000,0x00000075ca700000)]
  0x0000026b0b89a000 JavaThread "jar transforms Thread 312" [_thread_blocked, id=8720, stack(0x00000075ca700000,0x00000075ca800000)]
  0x0000026b0b89b000 JavaThread "jar transforms Thread 313" [_thread_blocked, id=1296, stack(0x00000075ca800000,0x00000075ca900000)]
  0x0000026b0b895000 JavaThread "jar transforms Thread 314" [_thread_blocked, id=8752, stack(0x00000075ca900000,0x00000075caa00000)]
  0x0000026b0b89b800 JavaThread "jar transforms Thread 315" [_thread_blocked, id=3588, stack(0x00000075caa00000,0x00000075cab00000)]
  0x0000026b0b896800 JavaThread "jar transforms Thread 316" [_thread_blocked, id=5460, stack(0x00000075cab00000,0x00000075cac00000)]
  0x0000026b0b896000 JavaThread "jar transforms Thread 317" [_thread_blocked, id=8576, stack(0x00000075cac00000,0x00000075cad00000)]
  0x0000026b0b89c800 JavaThread "jar transforms Thread 318" [_thread_blocked, id=8912, stack(0x00000075cad00000,0x00000075cae00000)]
  0x0000026b0b8a0800 JavaThread "jar transforms Thread 319" [_thread_blocked, id=4640, stack(0x00000075cae00000,0x00000075caf00000)]
  0x0000026b0b89f000 JavaThread "jar transforms Thread 320" [_thread_blocked, id=6608, stack(0x00000075caf00000,0x00000075cb000000)]
  0x0000026b0b89f800 JavaThread "jar transforms Thread 321" [_thread_blocked, id=8868, stack(0x00000075cb000000,0x00000075cb100000)]
  0x0000026b0b8a1800 JavaThread "jar transforms Thread 322" [_thread_blocked, id=2660, stack(0x00000075cb100000,0x00000075cb200000)]
  0x0000026b0b8a2000 JavaThread "jar transforms Thread 323" [_thread_blocked, id=6216, stack(0x00000075cb200000,0x00000075cb300000)]
  0x0000026b0b89d800 JavaThread "jar transforms Thread 324" [_thread_blocked, id=8748, stack(0x00000075cb300000,0x00000075cb400000)]
  0x0000026b0b8a3000 JavaThread "jar transforms Thread 325" [_thread_blocked, id=8812, stack(0x00000075cb400000,0x00000075cb500000)]
  0x0000026b0b89e000 JavaThread "jar transforms Thread 326" [_thread_blocked, id=7140, stack(0x00000075cb500000,0x00000075cb600000)]
  0x0000026b02abd000 JavaThread "jar transforms Thread 327" [_thread_blocked, id=7472, stack(0x00000075cb600000,0x00000075cb700000)]
  0x0000026b02ac1000 JavaThread "jar transforms Thread 328" [_thread_blocked, id=6060, stack(0x00000075cb700000,0x00000075cb800000)]
  0x0000026b02abd800 JavaThread "jar transforms Thread 329" [_thread_blocked, id=4592, stack(0x00000075cb800000,0x00000075cb900000)]
  0x0000026b02abe800 JavaThread "jar transforms Thread 330" [_thread_blocked, id=5288, stack(0x00000075cb900000,0x00000075cba00000)]
  0x0000026b02ac2800 JavaThread "jar transforms Thread 331" [_thread_blocked, id=8024, stack(0x00000075cba00000,0x00000075cbb00000)]
  0x0000026b02ac4000 JavaThread "jar transforms Thread 332" [_thread_blocked, id=7560, stack(0x00000075cbb00000,0x00000075cbc00000)]
  0x0000026b02ac2000 JavaThread "jar transforms Thread 333" [_thread_blocked, id=1976, stack(0x00000075cbc00000,0x00000075cbd00000)]
  0x0000026b02ac5000 JavaThread "jar transforms Thread 334" [_thread_blocked, id=5496, stack(0x00000075cbd00000,0x00000075cbe00000)]
  0x0000026b02abf800 JavaThread "jar transforms Thread 335" [_thread_blocked, id=2120, stack(0x00000075cbe00000,0x00000075cbf00000)]
  0x0000026b02ac3800 JavaThread "jar transforms Thread 336" [_thread_blocked, id=8444, stack(0x00000075cbf00000,0x00000075cc000000)]
  0x0000026b02ac6000 JavaThread "jar transforms Thread 337" [_thread_blocked, id=6560, stack(0x00000075cc000000,0x00000075cc100000)]
  0x0000026b02ac0000 JavaThread "jar transforms Thread 338" [_thread_blocked, id=1352, stack(0x00000075cc100000,0x00000075cc200000)]
  0x0000026b02ac7800 JavaThread "jar transforms Thread 339" [_thread_blocked, id=7060, stack(0x00000075cc200000,0x00000075cc300000)]
  0x0000026b02acb800 JavaThread "jar transforms Thread 340" [_thread_blocked, id=7820, stack(0x00000075cc300000,0x00000075cc400000)]
  0x0000026b02aca000 JavaThread "jar transforms Thread 341" [_thread_blocked, id=7620, stack(0x00000075cc400000,0x00000075cc500000)]
  0x0000026b02acb000 JavaThread "jar transforms Thread 342" [_thread_blocked, id=9184, stack(0x00000075cc500000,0x00000075cc600000)]
  0x0000026b02ac6800 JavaThread "jar transforms Thread 343" [_thread_blocked, id=2020, stack(0x00000075cc600000,0x00000075cc700000)]
  0x0000026b02ac9000 JavaThread "jar transforms Thread 344" [_thread_blocked, id=5696, stack(0x00000075cc700000,0x00000075cc800000)]
  0x0000026b02ac8800 JavaThread "jar transforms Thread 345" [_thread_blocked, id=6852, stack(0x00000075cc800000,0x00000075cc900000)]
  0x0000026b0c287000 JavaThread "jar transforms Thread 346" [_thread_blocked, id=2968, stack(0x00000075cc900000,0x00000075cca00000)]
  0x0000026b0c284000 JavaThread "jar transforms Thread 347" [_thread_blocked, id=7152, stack(0x00000075cca00000,0x00000075ccb00000)]
  0x0000026b0c288000 JavaThread "jar transforms Thread 348" [_thread_blocked, id=4636, stack(0x00000075ccb00000,0x00000075ccc00000)]
  0x0000026b0c283000 JavaThread "jar transforms Thread 349" [_thread_blocked, id=956, stack(0x00000075ccc00000,0x00000075ccd00000)]
  0x0000026b0c286800 JavaThread "jar transforms Thread 350" [_thread_blocked, id=5936, stack(0x00000075ccd00000,0x00000075cce00000)]
  0x0000026b0c282000 JavaThread "jar transforms Thread 351" [_thread_blocked, id=7976, stack(0x00000075cce00000,0x00000075ccf00000)]
  0x0000026b0c284800 JavaThread "jar transforms Thread 352" [_thread_blocked, id=2096, stack(0x00000075ccf00000,0x00000075cd000000)]
  0x0000026b0c288800 JavaThread "jar transforms Thread 353" [_thread_blocked, id=5156, stack(0x00000075cd000000,0x00000075cd100000)]
  0x0000026b0c285800 JavaThread "jar transforms Thread 354" [_thread_blocked, id=8020, stack(0x00000075cd100000,0x00000075cd200000)]
  0x0000026b09983000 JavaThread "jar transforms Thread 355" [_thread_blocked, id=1744, stack(0x00000075cd200000,0x00000075cd300000)]
  0x0000026b09987000 JavaThread "jar transforms Thread 356" [_thread_blocked, id=3720, stack(0x00000075cd300000,0x00000075cd400000)]
  0x0000026b09984800 JavaThread "jar transforms Thread 357" [_thread_blocked, id=3692, stack(0x00000075cd400000,0x00000075cd500000)]
  0x0000026b09988000 JavaThread "build event listener" [_thread_blocked, id=6412, stack(0x00000075cd500000,0x00000075cd600000)]
  0x0000026b09988800 JavaThread "build event listener" [_thread_blocked, id=2740, stack(0x00000075cd600000,0x00000075cd700000)]
  0x0000026b09989800 JavaThread "Execution worker for ':'" [_thread_blocked, id=8604, stack(0x00000075cd700000,0x00000075cd800000)]
  0x0000026b09983800 JavaThread "Execution worker for ':' Thread 2" [_thread_blocked, id=6652, stack(0x00000075cd800000,0x00000075cd900000)]
  0x0000026b0998a000 JavaThread "Execution worker for ':' Thread 3" [_thread_blocked, id=4536, stack(0x00000075cda00000,0x00000075cdb00000)]
  0x0000026b0998b000 JavaThread "Cache worker for execution history cache (D:\AndroidProjects\Words\.gradle\6.7.1\executionHistory)" [_thread_blocked, id=1536, stack(0x00000075cdb00000,0x00000075cdc00000)]
  0x0000026b09985800 JavaThread "WorkerExecutor Queue" [_thread_blocked, id=360, stack(0x00000075c5700000,0x00000075c5800000)]
  0x0000026b0998c000 JavaThread "C2 CompilerThread1" daemon [_thread_in_native, id=9104, stack(0x00000075cdc00000,0x00000075cdd00000)]
  0x0000026b09991800 JavaThread "WorkerExecutor Queue Thread 2" [_thread_blocked, id=3756, stack(0x00000075cdd00000,0x00000075cde00000)]
  0x0000026b0998f000 JavaThread "WorkerExecutor Queue Thread 3" [_thread_blocked, id=8800, stack(0x00000075cde00000,0x00000075cdf00000)]
  0x0000026b0998c800 JavaThread "WorkerExecutor Queue Thread 4" [_thread_blocked, id=3320, stack(0x00000075cdf00000,0x00000075ce000000)]
  0x0000026b09991000 JavaThread "WorkerExecutor Queue Thread 5" [_thread_in_Java, id=6612, stack(0x00000075ce000000,0x00000075ce100000)]
  0x0000026b0998d800 JavaThread "pool-10-thread-1" [_thread_blocked, id=2452, stack(0x00000075ce100000,0x00000075ce200000)]
  0x0000026b09990000 JavaThread "stderr" [_thread_in_native, id=964, stack(0x00000075ce200000,0x00000075ce300000)]
  0x0000026b0998e800 JavaThread "stdout" [_thread_in_native, id=5044, stack(0x00000075ce300000,0x00000075ce400000)]
  0x0000026b080e0800 JavaThread "ForkJoinPool-3-worker-3" daemon [_thread_blocked, id=1832, stack(0x00000075ce400000,0x00000075ce500000)]
  0x0000026b06f9b000 JavaThread "ForkJoinPool-3-worker-5" daemon [_thread_blocked, id=888, stack(0x00000075ce500000,0x00000075ce600000)]
  0x0000026b06f95000 JavaThread "ForkJoinPool-3-worker-7" daemon [_thread_blocked, id=8848, stack(0x00000075ce600000,0x00000075ce700000)]
  0x0000026b06f9a000 JavaThread "ForkJoinPool-3-worker-1" daemon [_thread_blocked, id=4100, stack(0x00000075ce700000,0x00000075ce800000)]

Other Threads:
  0x0000026b67d4c800 VMThread "VM Thread" [stack: 0x00000075c3900000,0x00000075c3a00000] [id=1780]
  0x0000026b02293000 WatcherThread [stack: 0x00000075c4300000,0x00000075c4400000] [id=4980]
  0x0000026b67c99800 GCTaskThread "GC Thread#0" [stack: 0x00000075c3400000,0x00000075c3500000] [id=1020]
  0x0000026b02724800 GCTaskThread "GC Thread#1" [stack: 0x00000075c4500000,0x00000075c4600000] [id=6692]
  0x0000026b03add000 GCTaskThread "GC Thread#2" [stack: 0x00000075c4a00000,0x00000075c4b00000] [id=3948]
  0x0000026b038b3800 GCTaskThread "GC Thread#3" [stack: 0x00000075c4b00000,0x00000075c4c00000] [id=6928]
  0x0000026b67cca800 ConcurrentGCThread "G1 Main Marker" [stack: 0x00000075c3500000,0x00000075c3600000] [id=7512]
  0x0000026b67ccc000 ConcurrentGCThread "G1 Conc#0" [stack: 0x00000075c3600000,0x00000075c3700000] [id=8996]
  0x0000026b67d25000 ConcurrentGCThread "G1 Refine#0" [stack: 0x00000075c3700000,0x00000075c3800000] [id=7496]
  0x0000026b0c07d800 ConcurrentGCThread "G1 Refine#1" [stack: 0x00000075c3000000,0x00000075c3100000] [id=6396]
  0x0000026b67d26000 ConcurrentGCThread "G1 Young RemSet Sampling" [stack: 0x00000075c3800000,0x00000075c3900000] [id=8204]

Threads with active compile tasks:
C2 CompilerThread03495265 17814 %     4       com.android.tools.r8.dex.n::m @ 64 (2054 bytes)
C1 CompilerThread03495265 17925       3       com.android.tools.r8.code.x1::a (4137 bytes)
C2 CompilerThread13495265 17837   !   4       org.gradle.cache.internal.LockOnDemandCrossProcessCacheAccess::withFileLock (24 bytes)

VM state:not at safepoint (normal execution)

VM Mutex/Monitor currently owned by a thread: None

Heap address: 0x0000000080000000, size: 2048 MB, Compressed Oops mode: 32-bit
Narrow klass base: 0x0000000000000000, Narrow klass shift: 3
Compressed class space size: 1073741824 Address: 0x0000000100000000

Heap:
 garbage-first heap   total 231424K, used 164449K [0x0000000080000000, 0x0000000100000000)
  region size 1024K, 32 young (32768K), 9 survivors (9216K)
 Metaspace       used 124781K, capacity 127479K, committed 128028K, reserved 1161216K
  class space    used 15345K, capacity 16270K, committed 16460K, reserved 1048576K
Heap Regions: E=young(eden), S=young(survivor), O=old, HS=humongous(starts), HC=humongous(continues), CS=collection set, F=free, A=archive, TAMS=top-at-mark-start (previous, next)
|   0|0x0000000080000000, 0x0000000080100000, 0x0000000080100000|100%| O|  |TAMS 0x0000000080100000, 0x0000000080000000| Untracked 
|   1|0x0000000080100000, 0x0000000080200000, 0x0000000080200000|100%| O|  |TAMS 0x0000000080200000, 0x0000000080100000| Untracked 
|   2|0x0000000080200000, 0x0000000080300000, 0x0000000080300000|100%| O|  |TAMS 0x0000000080300000, 0x0000000080200000| Untracked 
|   3|0x0000000080300000, 0x0000000080400000, 0x0000000080400000|100%|HS|  |TAMS 0x0000000080400000, 0x0000000080300000| Complete 
|   4|0x0000000080400000, 0x0000000080500000, 0x0000000080500000|100%|HC|  |TAMS 0x0000000080500000, 0x0000000080400000| Complete 
|   5|0x0000000080500000, 0x0000000080600000, 0x0000000080600000|100%|HC|  |TAMS 0x0000000080600000, 0x0000000080500000| Complete 
|   6|0x0000000080600000, 0x0000000080700000, 0x0000000080700000|100%| O|  |TAMS 0x0000000080700000, 0x0000000080600000| Untracked 
|   7|0x0000000080700000, 0x0000000080800000, 0x0000000080800000|100%| O|  |TAMS 0x0000000080800000, 0x0000000080700000| Untracked 
|   8|0x0000000080800000, 0x0000000080900000, 0x0000000080900000|100%| O|  |TAMS 0x0000000080900000, 0x0000000080800000| Untracked 
|   9|0x0000000080900000, 0x0000000080a00000, 0x0000000080a00000|100%| O|  |TAMS 0x0000000080a00000, 0x0000000080900000| Untracked 
|  10|0x0000000080a00000, 0x0000000080b00000, 0x0000000080b00000|100%| O|  |TAMS 0x0000000080b00000, 0x0000000080a00000| Untracked 
|  11|0x0000000080b00000, 0x0000000080c00000, 0x0000000080c00000|100%| O|  |TAMS 0x0000000080c00000, 0x0000000080b00000| Untracked 
|  12|0x0000000080c00000, 0x0000000080d00000, 0x0000000080d00000|100%| O|  |TAMS 0x0000000080d00000, 0x0000000080c00000| Untracked 
|  13|0x0000000080d00000, 0x0000000080e00000, 0x0000000080e00000|100%| O|  |TAMS 0x0000000080e00000, 0x0000000080d00000| Untracked 
|  14|0x0000000080e00000, 0x0000000080f00000, 0x0000000080f00000|100%| O|  |TAMS 0x0000000080f00000, 0x0000000080e00000| Untracked 
|  15|0x0000000080f00000, 0x0000000081000000, 0x0000000081000000|100%|HS|  |TAMS 0x0000000081000000, 0x0000000080f00000| Complete 
|  16|0x0000000081000000, 0x0000000081100000, 0x0000000081100000|100%|HC|  |TAMS 0x0000000081100000, 0x0000000081000000| Complete 
|  17|0x0000000081100000, 0x0000000081200000, 0x0000000081200000|100%|HS|  |TAMS 0x0000000081200000, 0x0000000081100000| Complete 
|  18|0x0000000081200000, 0x0000000081300000, 0x0000000081300000|100%|HC|  |TAMS 0x0000000081300000, 0x0000000081200000| Complete 
|  19|0x0000000081300000, 0x0000000081400000, 0x0000000081400000|100%|HC|  |TAMS 0x0000000081400000, 0x0000000081300000| Complete 
|  20|0x0000000081400000, 0x0000000081500000, 0x0000000081500000|100%|HS|  |TAMS 0x0000000081500000, 0x0000000081400000| Complete 
|  21|0x0000000081500000, 0x0000000081600000, 0x0000000081600000|100%|HC|  |TAMS 0x0000000081600000, 0x0000000081500000| Complete 
|  22|0x0000000081600000, 0x0000000081700000, 0x0000000081700000|100%|HC|  |TAMS 0x0000000081700000, 0x0000000081600000| Complete 
|  23|0x0000000081700000, 0x0000000081800000, 0x0000000081800000|100%|HC|  |TAMS 0x0000000081800000, 0x0000000081700000| Complete 
|  24|0x0000000081800000, 0x0000000081900000, 0x0000000081900000|100%| O|  |TAMS 0x0000000081900000, 0x0000000081800000| Untracked 
|  25|0x0000000081900000, 0x0000000081a00000, 0x0000000081a00000|100%| O|  |TAMS 0x0000000081a00000, 0x0000000081900000| Untracked 
|  26|0x0000000081a00000, 0x0000000081b00000, 0x0000000081b00000|100%| O|  |TAMS 0x0000000081b00000, 0x0000000081a00000| Untracked 
|  27|0x0000000081b00000, 0x0000000081c00000, 0x0000000081c00000|100%| O|  |TAMS 0x0000000081c00000, 0x0000000081b00000| Untracked 
|  28|0x0000000081c00000, 0x0000000081d00000, 0x0000000081d00000|100%| O|  |TAMS 0x0000000081d00000, 0x0000000081c00000| Untracked 
|  29|0x0000000081d00000, 0x0000000081e00000, 0x0000000081e00000|100%| O|  |TAMS 0x0000000081e00000, 0x0000000081d00000| Untracked 
|  30|0x0000000081e00000, 0x0000000081f00000, 0x0000000081f00000|100%| O|  |TAMS 0x0000000081f00000, 0x0000000081e00000| Untracked 
|  31|0x0000000081f00000, 0x0000000082000000, 0x0000000082000000|100%|HS|  |TAMS 0x0000000081f00000, 0x0000000081f00000| Complete 
|  32|0x0000000082000000, 0x0000000082100000, 0x0000000082100000|100%| O|  |TAMS 0x0000000082100000, 0x0000000082000000| Untracked 
|  33|0x0000000082100000, 0x0000000082200000, 0x0000000082200000|100%| O|  |TAMS 0x0000000082200000, 0x0000000082100000| Untracked 
|  34|0x0000000082200000, 0x0000000082300000, 0x0000000082300000|100%| O|  |TAMS 0x0000000082300000, 0x0000000082200000| Untracked 
|  35|0x0000000082300000, 0x0000000082400000, 0x0000000082400000|100%|HS|  |TAMS 0x0000000082400000, 0x0000000082300000| Complete 
|  36|0x0000000082400000, 0x0000000082500000, 0x0000000082500000|100%|HC|  |TAMS 0x0000000082500000, 0x0000000082400000| Complete 
|  37|0x0000000082500000, 0x0000000082600000, 0x0000000082600000|100%|HC|  |TAMS 0x0000000082600000, 0x0000000082500000| Complete 
|  38|0x0000000082600000, 0x0000000082700000, 0x0000000082700000|100%|HC|  |TAMS 0x0000000082700000, 0x0000000082600000| Complete 
|  39|0x0000000082700000, 0x0000000082800000, 0x0000000082800000|100%|HS|  |TAMS 0x0000000082800000, 0x0000000082700000| Complete 
|  40|0x0000000082800000, 0x0000000082900000, 0x0000000082900000|100%|HC|  |TAMS 0x0000000082900000, 0x0000000082800000| Complete 
|  41|0x0000000082900000, 0x0000000082a00000, 0x0000000082a00000|100%|HC|  |TAMS 0x0000000082a00000, 0x0000000082900000| Complete 
|  42|0x0000000082a00000, 0x0000000082b00000, 0x0000000082b00000|100%| O|  |TAMS 0x0000000082b00000, 0x0000000082a00000| Untracked 
|  43|0x0000000082b00000, 0x0000000082c00000, 0x0000000082c00000|100%| O|  |TAMS 0x0000000082c00000, 0x0000000082b00000| Untracked 
|  44|0x0000000082c00000, 0x0000000082d00000, 0x0000000082d00000|100%| O|  |TAMS 0x0000000082d00000, 0x0000000082c00000| Untracked 
|  45|0x0000000082d00000, 0x0000000082e00000, 0x0000000082e00000|100%|HS|  |TAMS 0x0000000082d00000, 0x0000000082d00000| Complete 
|  46|0x0000000082e00000, 0x0000000082f00000, 0x0000000082f00000|100%| O|  |TAMS 0x0000000082f00000, 0x0000000082e00000| Untracked 
|  47|0x0000000082f00000, 0x0000000083000000, 0x0000000083000000|100%| O|  |TAMS 0x0000000083000000, 0x0000000082f00000| Untracked 
|  48|0x0000000083000000, 0x0000000083100000, 0x0000000083100000|100%| O|  |TAMS 0x0000000083100000, 0x0000000083000000| Untracked 
|  49|0x0000000083100000, 0x0000000083200000, 0x0000000083200000|100%|HS|  |TAMS 0x0000000083100000, 0x0000000083100000| Complete 
|  50|0x0000000083200000, 0x0000000083300000, 0x0000000083300000|100%| O|  |TAMS 0x0000000083200000, 0x0000000083200000| Untracked 
|  51|0x0000000083300000, 0x0000000083400000, 0x0000000083400000|100%|HS|  |TAMS 0x0000000083400000, 0x0000000083300000| Complete 
|  52|0x0000000083400000, 0x0000000083500000, 0x0000000083500000|100%|HS|  |TAMS 0x0000000083500000, 0x0000000083400000| Complete 
|  53|0x0000000083500000, 0x0000000083600000, 0x0000000083600000|100%|HS|  |TAMS 0x0000000083500000, 0x0000000083500000| Complete 
|  54|0x0000000083600000, 0x0000000083700000, 0x0000000083700000|100%|HS|  |TAMS 0x0000000083700000, 0x0000000083600000| Complete 
|  55|0x0000000083700000, 0x0000000083800000, 0x0000000083800000|100%|HC|  |TAMS 0x0000000083800000, 0x0000000083700000| Complete 
|  56|0x0000000083800000, 0x0000000083900000, 0x0000000083900000|100%|HC|  |TAMS 0x0000000083900000, 0x0000000083800000| Complete 
|  57|0x0000000083900000, 0x0000000083a00000, 0x0000000083a00000|100%|HS|  |TAMS 0x0000000083a00000, 0x0000000083900000| Complete 
|  58|0x0000000083a00000, 0x0000000083b00000, 0x0000000083b00000|100%|HC|  |TAMS 0x0000000083b00000, 0x0000000083a00000| Complete 
|  59|0x0000000083b00000, 0x0000000083c00000, 0x0000000083c00000|100%| O|  |TAMS 0x0000000083c00000, 0x0000000083b00000| Untracked 
|  60|0x0000000083c00000, 0x0000000083d00000, 0x0000000083d00000|100%| O|  |TAMS 0x0000000083d00000, 0x0000000083c00000| Untracked 
|  61|0x0000000083d00000, 0x0000000083e00000, 0x0000000083e00000|100%| O|  |TAMS 0x0000000083e00000, 0x0000000083d00000| Untracked 
|  62|0x0000000083e00000, 0x0000000083f00000, 0x0000000083f00000|100%| O|  |TAMS 0x0000000083f00000, 0x0000000083e00000| Untracked 
|  63|0x0000000083f00000, 0x0000000084000000, 0x0000000084000000|100%| O|  |TAMS 0x0000000084000000, 0x0000000083f00000| Untracked 
|  64|0x0000000084000000, 0x0000000084100000, 0x0000000084100000|100%| O|  |TAMS 0x0000000084100000, 0x0000000084000000| Untracked 
|  65|0x0000000084100000, 0x0000000084200000, 0x0000000084200000|100%| O|  |TAMS 0x0000000084200000, 0x0000000084100000| Untracked 
|  66|0x0000000084200000, 0x0000000084300000, 0x0000000084300000|100%| O|  |TAMS 0x0000000084300000, 0x0000000084200000| Untracked 
|  67|0x0000000084300000, 0x0000000084400000, 0x0000000084400000|100%| O|  |TAMS 0x0000000084400000, 0x0000000084300000| Untracked 
|  68|0x0000000084400000, 0x0000000084500000, 0x0000000084500000|100%| O|  |TAMS 0x0000000084400000, 0x0000000084400000| Untracked 
|  69|0x0000000084500000, 0x0000000084600000, 0x0000000084600000|100%| O|  |TAMS 0x0000000084500000, 0x0000000084500000| Untracked 
|  70|0x0000000084600000, 0x0000000084700000, 0x0000000084700000|100%| O|  |TAMS 0x0000000084700000, 0x0000000084600000| Untracked 
|  71|0x0000000084700000, 0x0000000084800000, 0x0000000084800000|100%| O|  |TAMS 0x0000000084800000, 0x0000000084700000| Untracked 
|  72|0x0000000084800000, 0x0000000084900000, 0x0000000084900000|100%| O|  |TAMS 0x0000000084900000, 0x0000000084800000| Untracked 
|  73|0x0000000084900000, 0x0000000084a00000, 0x0000000084a00000|100%| O|  |TAMS 0x0000000084a00000, 0x0000000084900000| Untracked 
|  74|0x0000000084a00000, 0x0000000084b00000, 0x0000000084b00000|100%|HS|  |TAMS 0x0000000084a00000, 0x0000000084a00000| Complete 
|  75|0x0000000084b00000, 0x0000000084c00000, 0x0000000084c00000|100%| O|  |TAMS 0x0000000084c00000, 0x0000000084b00000| Untracked 
|  76|0x0000000084c00000, 0x0000000084d00000, 0x0000000084d00000|100%| O|  |TAMS 0x0000000084c00000, 0x0000000084c00000| Untracked 
|  77|0x0000000084d00000, 0x0000000084e00000, 0x0000000084e00000|100%| O|  |TAMS 0x0000000084d00000, 0x0000000084d00000| Untracked 
|  78|0x0000000084e00000, 0x0000000084f00000, 0x0000000084f00000|100%| O|  |TAMS 0x0000000084f00000, 0x0000000084e00000| Untracked 
|  79|0x0000000084f00000, 0x0000000085000000, 0x0000000085000000|100%| O|  |TAMS 0x0000000085000000, 0x0000000084f00000| Untracked 
|  80|0x0000000085000000, 0x0000000085100000, 0x0000000085100000|100%| O|  |TAMS 0x0000000085100000, 0x0000000085000000| Untracked 
|  81|0x0000000085100000, 0x0000000085200000, 0x0000000085200000|100%| O|  |TAMS 0x0000000085100000, 0x0000000085100000| Untracked 
|  82|0x0000000085200000, 0x0000000085300000, 0x0000000085300000|100%| O|  |TAMS 0x0000000085200000, 0x0000000085200000| Untracked 
|  83|0x0000000085300000, 0x0000000085400000, 0x0000000085400000|100%| O|  |TAMS 0x0000000085300000, 0x0000000085300000| Untracked 
|  84|0x0000000085400000, 0x0000000085500000, 0x0000000085500000|100%| O|  |TAMS 0x0000000085400000, 0x0000000085400000| Untracked 
|  85|0x0000000085500000, 0x0000000085600000, 0x0000000085600000|100%| O|  |TAMS 0x0000000085600000, 0x0000000085500000| Untracked 
|  86|0x0000000085600000, 0x0000000085700000, 0x0000000085700000|100%| O|  |TAMS 0x0000000085700000, 0x0000000085600000| Untracked 
|  87|0x0000000085700000, 0x0000000085800000, 0x0000000085800000|100%| O|  |TAMS 0x0000000085800000, 0x0000000085700000| Untracked 
|  88|0x0000000085800000, 0x0000000085900000, 0x0000000085900000|100%| O|  |TAMS 0x0000000085800000, 0x0000000085800000| Untracked 
|  89|0x0000000085900000, 0x0000000085a00000, 0x0000000085a00000|100%|HS|  |TAMS 0x0000000085900000, 0x0000000085900000| Complete 
|  90|0x0000000085a00000, 0x0000000085b00000, 0x0000000085b00000|100%|HC|  |TAMS 0x0000000085a00000, 0x0000000085a00000| Complete 
|  91|0x0000000085b00000, 0x0000000085c00000, 0x0000000085c00000|100%| O|  |TAMS 0x0000000085b00000, 0x0000000085b00000| Untracked 
|  92|0x0000000085c00000, 0x0000000085c00000, 0x0000000085d00000|  0%| F|  |TAMS 0x0000000085c00000, 0x0000000085c00000| Untracked 
|  93|0x0000000085d00000, 0x0000000085e00000, 0x0000000085e00000|100%|HS|  |TAMS 0x0000000085d00000, 0x0000000085d00000| Complete 
|  94|0x0000000085e00000, 0x0000000085f00000, 0x0000000085f00000|100%|HC|  |TAMS 0x0000000085e00000, 0x0000000085e00000| Complete 
|  95|0x0000000085f00000, 0x0000000086000000, 0x0000000086000000|100%|HC|  |TAMS 0x0000000085f00000, 0x0000000085f00000| Complete 
|  96|0x0000000086000000, 0x0000000086100000, 0x0000000086100000|100%| O|  |TAMS 0x0000000086000000, 0x0000000086000000| Untracked 
|  97|0x0000000086100000, 0x0000000086200000, 0x0000000086200000|100%| O|  |TAMS 0x0000000086100000, 0x0000000086100000| Untracked 
|  98|0x0000000086200000, 0x0000000086300000, 0x0000000086300000|100%| O|  |TAMS 0x0000000086200000, 0x0000000086200000| Untracked 
|  99|0x0000000086300000, 0x0000000086400000, 0x0000000086400000|100%| O|  |TAMS 0x0000000086300000, 0x0000000086300000| Untracked 
| 100|0x0000000086400000, 0x0000000086500000, 0x0000000086500000|100%| O|  |TAMS 0x0000000086500000, 0x0000000086400000| Untracked 
| 101|0x0000000086500000, 0x0000000086600000, 0x0000000086600000|100%| O|  |TAMS 0x0000000086600000, 0x0000000086500000| Untracked 
| 102|0x0000000086600000, 0x0000000086600000, 0x0000000086700000|  0%| F|  |TAMS 0x0000000086600000, 0x0000000086600000| Untracked 
| 103|0x0000000086700000, 0x0000000086700000, 0x0000000086800000|  0%| F|  |TAMS 0x0000000086700000, 0x0000000086700000| Untracked 
| 104|0x0000000086800000, 0x0000000086900000, 0x0000000086900000|100%| O|  |TAMS 0x0000000086900000, 0x0000000086800000| Untracked 
| 105|0x0000000086900000, 0x0000000086a00000, 0x0000000086a00000|100%| O|  |TAMS 0x0000000086a00000, 0x0000000086900000| Untracked 
| 106|0x0000000086a00000, 0x0000000086b00000, 0x0000000086b00000|100%| O|  |TAMS 0x0000000086a00000, 0x0000000086a00000| Untracked 
| 107|0x0000000086b00000, 0x0000000086c00000, 0x0000000086c00000|100%| O|  |TAMS 0x0000000086b00000, 0x0000000086b00000| Untracked 
| 108|0x0000000086c00000, 0x0000000086d00000, 0x0000000086d00000|100%| O|  |TAMS 0x0000000086d00000, 0x0000000086c00000| Untracked 
| 109|0x0000000086d00000, 0x0000000086e00000, 0x0000000086e00000|100%| O|  |TAMS 0x0000000086e00000, 0x0000000086d00000| Untracked 
| 110|0x0000000086e00000, 0x0000000086f00000, 0x0000000086f00000|100%| O|  |TAMS 0x0000000086f00000, 0x0000000086e00000| Untracked 
| 111|0x0000000086f00000, 0x0000000087000000, 0x0000000087000000|100%| O|  |TAMS 0x0000000087000000, 0x0000000086f00000| Untracked 
| 112|0x0000000087000000, 0x0000000087100000, 0x0000000087100000|100%| O|  |TAMS 0x0000000087100000, 0x0000000087000000| Untracked 
| 113|0x0000000087100000, 0x0000000087100000, 0x0000000087200000|  0%| F|  |TAMS 0x0000000087100000, 0x0000000087100000| Untracked 
| 114|0x0000000087200000, 0x0000000087200000, 0x0000000087300000|  0%| F|  |TAMS 0x0000000087200000, 0x0000000087200000| Untracked 
| 115|0x0000000087300000, 0x0000000087300000, 0x0000000087400000|  0%| F|  |TAMS 0x0000000087300000, 0x0000000087300000| Untracked 
| 116|0x0000000087400000, 0x0000000087500000, 0x0000000087500000|100%| O|  |TAMS 0x0000000087500000, 0x0000000087400000| Untracked 
| 117|0x0000000087500000, 0x0000000087600000, 0x0000000087600000|100%| O|  |TAMS 0x0000000087600000, 0x0000000087500000| Untracked 
| 118|0x0000000087600000, 0x0000000087700000, 0x0000000087700000|100%| O|  |TAMS 0x0000000087700000, 0x0000000087600000| Untracked 
| 119|0x0000000087700000, 0x0000000087800000, 0x0000000087800000|100%| O|  |TAMS 0x0000000087800000, 0x0000000087700000| Untracked 
| 120|0x0000000087800000, 0x0000000087900000, 0x0000000087900000|100%|HS|  |TAMS 0x0000000087800000, 0x0000000087800000| Complete 
| 121|0x0000000087900000, 0x0000000087a00000, 0x0000000087a00000|100%|HC|  |TAMS 0x0000000087900000, 0x0000000087900000| Complete 
| 122|0x0000000087a00000, 0x0000000087b00000, 0x0000000087b00000|100%|HC|  |TAMS 0x0000000087a00000, 0x0000000087a00000| Complete 
| 123|0x0000000087b00000, 0x0000000087c00000, 0x0000000087c00000|100%|HS|  |TAMS 0x0000000087b00000, 0x0000000087b00000| Complete 
| 124|0x0000000087c00000, 0x0000000087d00000, 0x0000000087d00000|100%|HC|  |TAMS 0x0000000087c00000, 0x0000000087c00000| Complete 
| 125|0x0000000087d00000, 0x0000000087e00000, 0x0000000087e00000|100%|HS|  |TAMS 0x0000000087d00000, 0x0000000087d00000| Complete 
| 126|0x0000000087e00000, 0x0000000087e00000, 0x0000000087f00000|  0%| F|  |TAMS 0x0000000087e00000, 0x0000000087e00000| Untracked 
| 127|0x0000000087f00000, 0x0000000088000000, 0x0000000088000000|100%|HS|  |TAMS 0x0000000087f00000, 0x0000000087f00000| Complete 
| 128|0x0000000088000000, 0x0000000088100000, 0x0000000088100000|100%| O|  |TAMS 0x0000000088100000, 0x0000000088000000| Untracked 
| 129|0x0000000088100000, 0x0000000088200000, 0x0000000088200000|100%| O|  |TAMS 0x0000000088100000, 0x0000000088100000| Untracked 
| 130|0x0000000088200000, 0x0000000088300000, 0x0000000088300000|100%| O|  |TAMS 0x0000000088200000, 0x0000000088200000| Untracked 
| 131|0x0000000088300000, 0x0000000088400000, 0x0000000088400000|100%| O|  |TAMS 0x0000000088300000, 0x0000000088300000| Untracked 
| 132|0x0000000088400000, 0x0000000088500000, 0x0000000088500000|100%| O|  |TAMS 0x0000000088400000, 0x0000000088400000| Untracked 
| 133|0x0000000088500000, 0x0000000088600000, 0x0000000088600000|100%| O|  |TAMS 0x0000000088500000, 0x0000000088500000| Untracked 
| 134|0x0000000088600000, 0x0000000088700000, 0x0000000088700000|100%| O|  |TAMS 0x0000000088600000, 0x0000000088600000| Untracked 
| 135|0x0000000088700000, 0x0000000088800000, 0x0000000088800000|100%| O|  |TAMS 0x0000000088700000, 0x0000000088700000| Untracked 
| 136|0x0000000088800000, 0x0000000088898600, 0x0000000088900000| 59%| O|  |TAMS 0x0000000088800000, 0x0000000088800000| Untracked 
| 137|0x0000000088900000, 0x0000000088900000, 0x0000000088a00000|  0%| F|  |TAMS 0x0000000088900000, 0x0000000088900000| Untracked 
| 138|0x0000000088a00000, 0x0000000088a00000, 0x0000000088b00000|  0%| F|  |TAMS 0x0000000088a00000, 0x0000000088a00000| Untracked 
| 139|0x0000000088b00000, 0x0000000088b00000, 0x0000000088c00000|  0%| F|  |TAMS 0x0000000088b00000, 0x0000000088b00000| Untracked 
| 140|0x0000000088c00000, 0x0000000088c00000, 0x0000000088d00000|  0%| F|  |TAMS 0x0000000088c00000, 0x0000000088c00000| Untracked 
| 141|0x0000000088d00000, 0x0000000088d00000, 0x0000000088e00000|  0%| F|  |TAMS 0x0000000088d00000, 0x0000000088d00000| Untracked 
| 142|0x0000000088e00000, 0x0000000088e00000, 0x0000000088f00000|  0%| F|  |TAMS 0x0000000088e00000, 0x0000000088e00000| Untracked 
| 143|0x0000000088f00000, 0x0000000088f00000, 0x0000000089000000|  0%| F|  |TAMS 0x0000000088f00000, 0x0000000088f00000| Untracked 
| 144|0x0000000089000000, 0x0000000089000000, 0x0000000089100000|  0%| F|  |TAMS 0x0000000089000000, 0x0000000089000000| Untracked 
| 145|0x0000000089100000, 0x0000000089100000, 0x0000000089200000|  0%| F|  |TAMS 0x0000000089100000, 0x0000000089100000| Untracked 
| 146|0x0000000089200000, 0x0000000089200000, 0x0000000089300000|  0%| F|  |TAMS 0x0000000089200000, 0x0000000089200000| Untracked 
| 147|0x0000000089300000, 0x0000000089300000, 0x0000000089400000|  0%| F|  |TAMS 0x0000000089300000, 0x0000000089300000| Untracked 
| 148|0x0000000089400000, 0x0000000089400000, 0x0000000089500000|  0%| F|  |TAMS 0x0000000089400000, 0x0000000089400000| Untracked 
| 149|0x0000000089500000, 0x0000000089500000, 0x0000000089600000|  0%| F|  |TAMS 0x0000000089500000, 0x0000000089500000| Untracked 
| 150|0x0000000089600000, 0x0000000089600000, 0x0000000089700000|  0%| F|  |TAMS 0x0000000089600000, 0x0000000089600000| Untracked 
| 151|0x0000000089700000, 0x0000000089800000, 0x0000000089800000|100%| S|CS|TAMS 0x0000000089700000, 0x0000000089700000| Complete 
| 152|0x0000000089800000, 0x0000000089900000, 0x0000000089900000|100%| S|CS|TAMS 0x0000000089800000, 0x0000000089800000| Complete 
| 153|0x0000000089900000, 0x0000000089a00000, 0x0000000089a00000|100%| S|CS|TAMS 0x0000000089900000, 0x0000000089900000| Complete 
| 154|0x0000000089a00000, 0x0000000089b00000, 0x0000000089b00000|100%| S|CS|TAMS 0x0000000089a00000, 0x0000000089a00000| Complete 
| 155|0x0000000089b00000, 0x0000000089c00000, 0x0000000089c00000|100%| S|CS|TAMS 0x0000000089b00000, 0x0000000089b00000| Complete 
| 156|0x0000000089c00000, 0x0000000089d00000, 0x0000000089d00000|100%| S|CS|TAMS 0x0000000089c00000, 0x0000000089c00000| Complete 
| 157|0x0000000089d00000, 0x0000000089e00000, 0x0000000089e00000|100%| S|CS|TAMS 0x0000000089d00000, 0x0000000089d00000| Complete 
| 158|0x0000000089e00000, 0x0000000089f00000, 0x0000000089f00000|100%| S|CS|TAMS 0x0000000089e00000, 0x0000000089e00000| Complete 
| 159|0x0000000089f00000, 0x000000008a000000, 0x000000008a000000|100%| S|CS|TAMS 0x0000000089f00000, 0x0000000089f00000| Complete 
| 160|0x000000008a000000, 0x000000008a000000, 0x000000008a100000|  0%| F|  |TAMS 0x000000008a000000, 0x000000008a000000| Untracked 
| 161|0x000000008a100000, 0x000000008a100000, 0x000000008a200000|  0%| F|  |TAMS 0x000000008a100000, 0x000000008a100000| Untracked 
| 162|0x000000008a200000, 0x000000008a200000, 0x000000008a300000|  0%| F|  |TAMS 0x000000008a200000, 0x000000008a200000| Untracked 
| 163|0x000000008a300000, 0x000000008a300000, 0x000000008a400000|  0%| F|  |TAMS 0x000000008a300000, 0x000000008a300000| Untracked 
| 164|0x000000008a400000, 0x000000008a400000, 0x000000008a500000|  0%| F|  |TAMS 0x000000008a400000, 0x000000008a400000| Untracked 
| 165|0x000000008a500000, 0x000000008a500000, 0x000000008a600000|  0%| F|  |TAMS 0x000000008a500000, 0x000000008a500000| Untracked 
| 166|0x000000008a600000, 0x000000008a600000, 0x000000008a700000|  0%| F|  |TAMS 0x000000008a600000, 0x000000008a600000| Untracked 
| 167|0x000000008a700000, 0x000000008a700000, 0x000000008a800000|  0%| F|  |TAMS 0x000000008a700000, 0x000000008a700000| Untracked 
| 168|0x000000008a800000, 0x000000008a800000, 0x000000008a900000|  0%| F|  |TAMS 0x000000008a800000, 0x000000008a800000| Untracked 
| 169|0x000000008a900000, 0x000000008a900000, 0x000000008aa00000|  0%| F|  |TAMS 0x000000008a900000, 0x000000008a900000| Untracked 
| 170|0x000000008aa00000, 0x000000008aa00000, 0x000000008ab00000|  0%| F|  |TAMS 0x000000008aa00000, 0x000000008aa00000| Untracked 
| 171|0x000000008ab00000, 0x000000008ab00000, 0x000000008ac00000|  0%| F|  |TAMS 0x000000008ab00000, 0x000000008ab00000| Untracked 
| 172|0x000000008ac00000, 0x000000008ac00000, 0x000000008ad00000|  0%| F|  |TAMS 0x000000008ac00000, 0x000000008ac00000| Untracked 
| 173|0x000000008ad00000, 0x000000008ad00000, 0x000000008ae00000|  0%| F|  |TAMS 0x000000008ad00000, 0x000000008ad00000| Untracked 
| 174|0x000000008ae00000, 0x000000008ae00000, 0x000000008af00000|  0%| F|  |TAMS 0x000000008ae00000, 0x000000008ae00000| Untracked 
| 175|0x000000008af00000, 0x000000008af00000, 0x000000008b000000|  0%| F|  |TAMS 0x000000008af00000, 0x000000008af00000| Untracked 
| 176|0x000000008b000000, 0x000000008b000000, 0x000000008b100000|  0%| F|  |TAMS 0x000000008b000000, 0x000000008b000000| Untracked 
| 177|0x000000008b100000, 0x000000008b100000, 0x000000008b200000|  0%| F|  |TAMS 0x000000008b100000, 0x000000008b100000| Untracked 
| 178|0x000000008b200000, 0x000000008b200000, 0x000000008b300000|  0%| F|  |TAMS 0x000000008b200000, 0x000000008b200000| Untracked 
| 179|0x000000008b300000, 0x000000008b300000, 0x000000008b400000|  0%| F|  |TAMS 0x000000008b300000, 0x000000008b300000| Untracked 
| 180|0x000000008b400000, 0x000000008b400000, 0x000000008b500000|  0%| F|  |TAMS 0x000000008b400000, 0x000000008b400000| Untracked 
| 181|0x000000008b500000, 0x000000008b500000, 0x000000008b600000|  0%| F|  |TAMS 0x000000008b500000, 0x000000008b500000| Untracked 
| 182|0x000000008b600000, 0x000000008b600000, 0x000000008b700000|  0%| F|  |TAMS 0x000000008b600000, 0x000000008b600000| Untracked 
| 183|0x000000008b700000, 0x000000008b700000, 0x000000008b800000|  0%| F|  |TAMS 0x000000008b700000, 0x000000008b700000| Untracked 
| 184|0x000000008b800000, 0x000000008b800000, 0x000000008b900000|  0%| F|  |TAMS 0x000000008b800000, 0x000000008b800000| Untracked 
| 185|0x000000008b900000, 0x000000008b900000, 0x000000008ba00000|  0%| F|  |TAMS 0x000000008b900000, 0x000000008b900000| Untracked 
| 186|0x000000008ba00000, 0x000000008ba00000, 0x000000008bb00000|  0%| F|  |TAMS 0x000000008ba00000, 0x000000008ba00000| Untracked 
| 187|0x000000008bb00000, 0x000000008bb00000, 0x000000008bc00000|  0%| F|  |TAMS 0x000000008bb00000, 0x000000008bb00000| Untracked 
| 188|0x000000008bc00000, 0x000000008bc00000, 0x000000008bd00000|  0%| F|  |TAMS 0x000000008bc00000, 0x000000008bc00000| Untracked 
| 189|0x000000008bd00000, 0x000000008bd00000, 0x000000008be00000|  0%| F|  |TAMS 0x000000008bd00000, 0x000000008bd00000| Untracked 
| 190|0x000000008be00000, 0x000000008be00000, 0x000000008bf00000|  0%| F|  |TAMS 0x000000008be00000, 0x000000008be00000| Untracked 
| 191|0x000000008bf00000, 0x000000008bf00000, 0x000000008c000000|  0%| F|  |TAMS 0x000000008bf00000, 0x000000008bf00000| Untracked 
| 192|0x000000008c000000, 0x000000008c000000, 0x000000008c100000|  0%| F|  |TAMS 0x000000008c000000, 0x000000008c000000| Untracked 
| 193|0x000000008c100000, 0x000000008c100000, 0x000000008c200000|  0%| F|  |TAMS 0x000000008c100000, 0x000000008c100000| Untracked 
| 194|0x000000008c200000, 0x000000008c200000, 0x000000008c300000|  0%| F|  |TAMS 0x000000008c200000, 0x000000008c200000| Untracked 
| 195|0x000000008c300000, 0x000000008c300000, 0x000000008c400000|  0%| F|  |TAMS 0x000000008c300000, 0x000000008c300000| Untracked 
| 196|0x000000008c400000, 0x000000008c400000, 0x000000008c500000|  0%| F|  |TAMS 0x000000008c400000, 0x000000008c400000| Untracked 
| 197|0x000000008c500000, 0x000000008c500000, 0x000000008c600000|  0%| F|  |TAMS 0x000000008c500000, 0x000000008c500000| Untracked 
| 198|0x000000008c600000, 0x000000008c600000, 0x000000008c700000|  0%| F|  |TAMS 0x000000008c600000, 0x000000008c600000| Untracked 
| 199|0x000000008c700000, 0x000000008c700000, 0x000000008c800000|  0%| F|  |TAMS 0x000000008c700000, 0x000000008c700000| Untracked 
| 200|0x000000008c800000, 0x000000008c800000, 0x000000008c900000|  0%| F|  |TAMS 0x000000008c800000, 0x000000008c800000| Untracked 
| 201|0x000000008c900000, 0x000000008c900000, 0x000000008ca00000|  0%| F|  |TAMS 0x000000008c900000, 0x000000008c900000| Untracked 
| 202|0x000000008ca00000, 0x000000008ca00000, 0x000000008cb00000|  0%| F|  |TAMS 0x000000008ca00000, 0x000000008ca00000| Untracked 
| 203|0x000000008cb00000, 0x000000008cba4ee0, 0x000000008cc00000| 64%| E|  |TAMS 0x000000008cb00000, 0x000000008cb00000| Complete 
| 204|0x000000008cc00000, 0x000000008cd00000, 0x000000008cd00000|100%| E|CS|TAMS 0x000000008cc00000, 0x000000008cc00000| Complete 
| 205|0x000000008cd00000, 0x000000008ce00000, 0x000000008ce00000|100%| E|CS|TAMS 0x000000008cd00000, 0x000000008cd00000| Complete 
| 206|0x000000008ce00000, 0x000000008cf00000, 0x000000008cf00000|100%| E|CS|TAMS 0x000000008ce00000, 0x000000008ce00000| Complete 
| 207|0x000000008cf00000, 0x000000008d000000, 0x000000008d000000|100%| E|CS|TAMS 0x000000008cf00000, 0x000000008cf00000| Complete 
| 208|0x000000008d000000, 0x000000008d100000, 0x000000008d100000|100%| E|CS|TAMS 0x000000008d000000, 0x000000008d000000| Complete 
| 209|0x000000008d100000, 0x000000008d200000, 0x000000008d200000|100%| E|CS|TAMS 0x000000008d100000, 0x000000008d100000| Complete 
| 210|0x000000008d200000, 0x000000008d300000, 0x000000008d300000|100%| E|CS|TAMS 0x000000008d200000, 0x000000008d200000| Complete 
| 211|0x000000008d300000, 0x000000008d400000, 0x000000008d400000|100%| E|CS|TAMS 0x000000008d300000, 0x000000008d300000| Complete 
| 212|0x000000008d400000, 0x000000008d500000, 0x000000008d500000|100%| E|CS|TAMS 0x000000008d400000, 0x000000008d400000| Complete 
| 213|0x000000008d500000, 0x000000008d600000, 0x000000008d600000|100%| E|CS|TAMS 0x000000008d500000, 0x000000008d500000| Complete 
| 214|0x000000008d600000, 0x000000008d700000, 0x000000008d700000|100%| E|CS|TAMS 0x000000008d600000, 0x000000008d600000| Complete 
| 215|0x000000008d700000, 0x000000008d800000, 0x000000008d800000|100%| E|CS|TAMS 0x000000008d700000, 0x000000008d700000| Complete 
| 216|0x000000008d800000, 0x000000008d900000, 0x000000008d900000|100%| E|CS|TAMS 0x000000008d800000, 0x000000008d800000| Complete 
| 217|0x000000008d900000, 0x000000008da00000, 0x000000008da00000|100%| E|CS|TAMS 0x000000008d900000, 0x000000008d900000| Complete 
| 218|0x000000008da00000, 0x000000008db00000, 0x000000008db00000|100%| E|CS|TAMS 0x000000008da00000, 0x000000008da00000| Complete 
| 219|0x000000008db00000, 0x000000008dc00000, 0x000000008dc00000|100%| E|CS|TAMS 0x000000008db00000, 0x000000008db00000| Complete 
| 220|0x000000008dc00000, 0x000000008dd00000, 0x000000008dd00000|100%| E|CS|TAMS 0x000000008dc00000, 0x000000008dc00000| Complete 
| 221|0x000000008dd00000, 0x000000008de00000, 0x000000008de00000|100%| E|CS|TAMS 0x000000008dd00000, 0x000000008dd00000| Complete 
| 222|0x000000008de00000, 0x000000008df00000, 0x000000008df00000|100%| E|CS|TAMS 0x000000008de00000, 0x000000008de00000| Complete 
| 223|0x000000008df00000, 0x000000008e000000, 0x000000008e000000|100%| E|CS|TAMS 0x000000008df00000, 0x000000008df00000| Complete 
| 224|0x000000008e000000, 0x000000008e100000, 0x000000008e100000|100%| E|CS|TAMS 0x000000008e000000, 0x000000008e000000| Complete 
| 225|0x000000008e100000, 0x000000008e200000, 0x000000008e200000|100%| E|CS|TAMS 0x000000008e100000, 0x000000008e100000| Complete 

Card table byte_map: [0x0000026b7a9f0000,0x0000026b7adf0000] _byte_map_base: 0x0000026b7a5f0000

Marking Bits (Prev, Next): (CMBitMap*) 0x0000026b67cc0978, (CMBitMap*) 0x0000026b67cc09b0
 Prev Bits: [0x0000026b7b1f0000, 0x0000026b7d1f0000)
 Next Bits: [0x0000026b7d1f0000, 0x0000026b7f1f0000)

Polling page: 0x0000026b65e20000

Metaspace:

Usage:
  Non-class:    108.67 MB capacity,   106.92 MB ( 98%) used,     1.46 MB (  1%) free+waste,   292.69 KB ( <1%) overhead. 
      Class:     15.89 MB capacity,    14.99 MB ( 94%) used,   796.14 KB (  5%) free+waste,   128.25 KB ( <1%) overhead. 
       Both:    124.55 MB capacity,   121.90 MB ( 98%) used,     2.24 MB (  2%) free+waste,   420.94 KB ( <1%) overhead. 

Virtual space:
  Non-class space:      110.00 MB reserved,     109.20 MB (>99%) committed 
      Class space:        1.00 GB reserved,      16.07 MB (  2%) committed 
             Both:        1.11 GB reserved,     125.28 MB ( 11%) committed 

Chunk freelists:
   Non-Class:  359.00 KB
       Class:  146.00 KB
        Both:  505.00 KB

MaxMetaspaceSize: 17179869184.00 GB
CompressedClassSpaceSize: 1.00 GB

CodeHeap 'non-profiled nmethods': size=120064Kb used=10405Kb max_used=10405Kb free=109658Kb
 bounds [0x0000026b730b0000, 0x0000026b73ae0000, 0x0000026b7a5f0000]
CodeHeap 'profiled nmethods': size=120000Kb used=35983Kb max_used=35983Kb free=84016Kb
 bounds [0x0000026b6bb80000, 0x0000026b6dec0000, 0x0000026b730b0000]
CodeHeap 'non-nmethods': size=5696Kb used=2373Kb max_used=2427Kb free=3322Kb
 bounds [0x0000026b6b5f0000, 0x0000026b6b860000, 0x0000026b6bb80000]
 total_blobs=16950 nmethods=15950 adapters=910
 compilation: enabled
              stopped_count=0, restarted_count=0
 full_count=0

Compilation events (20 events):
Event: 3495.155 Thread 0x0000026b7f6d6000 nmethod 17840 0x0000026b6de8b710 code [0x0000026b6de8b8e0, 0x0000026b6de8bbd8]
Event: 3495.181 Thread 0x0000026b7f6d6000 17844       3       com.android.tools.r8.code.x1$a::c (45 bytes)
Event: 3495.181 Thread 0x0000026b7f6d6000 nmethod 17844 0x0000026b6de8bd10 code [0x0000026b6de8bec0, 0x0000026b6de8c088]
Event: 3495.182 Thread 0x0000026b7f6d6000 17846       1       com.android.tools.r8.code.x1$a::a (5 bytes)
Event: 3495.182 Thread 0x0000026b7f6d6000 nmethod 17846 0x0000026b73ad9a90 code [0x0000026b73ad9c40, 0x0000026b73ad9cf8]
Event: 3495.182 Thread 0x0000026b7f6d6000 17847       3       java.nio.HeapShortBuffer::get (15 bytes)
Event: 3495.183 Thread 0x0000026b7f6d6000 nmethod 17847 0x0000026b6de8c110 code [0x0000026b6de8c2e0, 0x0000026b6de8c4b8]
Event: 3495.183 Thread 0x0000026b7f6d6000 17848       3       java.nio.HeapShortBuffer::ix (7 bytes)
Event: 3495.183 Thread 0x0000026b7f6d6000 nmethod 17848 0x0000026b6de8c610 code [0x0000026b6de8c7c0, 0x0000026b6de8c8b8]
Event: 3495.183 Thread 0x0000026b7f6d6000 17849       3       com.android.tools.r8.graph.q0::b (150 bytes)
Event: 3495.184 Thread 0x0000026b7f6d6000 nmethod 17849 0x0000026b6de8c990 code [0x0000026b6de8cb80, 0x0000026b6de8d098]
Event: 3495.184 Thread 0x0000026b7f6d6000 17850       3       com.android.tools.r8.code.x1$a::d (81 bytes)
Event: 3495.184 Thread 0x0000026b7f6d6000 nmethod 17850 0x0000026b6de8d290 code [0x0000026b6de8d460, 0x0000026b6de8d668]
Event: 3495.186 Thread 0x0000026b7f6d6000 17851       3       com.android.tools.r8.dex.n::a (83 bytes)
Event: 3495.186 Thread 0x0000026b7f6d6000 nmethod 17851 0x0000026b6de8d790 code [0x0000026b6de8d9a0, 0x0000026b6de8dff8]
Event: 3495.191 Thread 0x0000026b7f6d6000 17852       3       com.android.tools.r8.code.x1$a::b (18 bytes)
Event: 3495.191 Thread 0x0000026b7f6d6000 nmethod 17852 0x0000026b6de8e290 code [0x0000026b6de8e440, 0x0000026b6de8e598]
Event: 3495.193 Thread 0x0000026b7f6d6000 17853       3       com.android.tools.r8.code.w1::<init> (18 bytes)
Event: 3495.193 Thread 0x0000026b7f6d6000 nmethod 17853 0x0000026b6de8e610 code [0x0000026b6de8e7e0, 0x0000026b6de8ea58]
Event: 3495.195 Thread 0x0000026b7f6d6000 17854       3       com.android.tools.r8.dex.n::i (798 bytes)

GC Heap History (20 events):
Event: 3487.767 GC heap before
{Heap before GC invocations=53 (full 0):
 garbage-first heap   total 231424K, used 201075K [0x0000000080000000, 0x0000000100000000)
  region size 1024K, 76 young (77824K), 4 survivors (4096K)
 Metaspace       used 114841K, capacity 117345K, committed 118556K, reserved 1153024K
  class space    used 14177K, capacity 15053K, committed 15436K, reserved 1048576K
}
Event: 3487.813 GC heap after
{Heap after GC invocations=54 (full 0):
 garbage-first heap   total 231424K, used 129628K [0x0000000080000000, 0x0000000100000000)
  region size 1024K, 10 young (10240K), 10 survivors (10240K)
 Metaspace       used 114841K, capacity 117345K, committed 118556K, reserved 1153024K
  class space    used 14177K, capacity 15053K, committed 15436K, reserved 1048576K
}
Event: 3487.886 GC heap before
{Heap before GC invocations=54 (full 0):
 garbage-first heap   total 231424K, used 130652K [0x0000000080000000, 0x0000000100000000)
  region size 1024K, 11 young (11264K), 10 survivors (10240K)
 Metaspace       used 114843K, capacity 117345K, committed 118556K, reserved 1153024K
  class space    used 14177K, capacity 15053K, committed 15436K, reserved 1048576K
}
Event: 3487.929 GC heap after
{Heap after GC invocations=55 (full 0):
 garbage-first heap   total 231424K, used 123301K [0x0000000080000000, 0x0000000100000000)
  region size 1024K, 2 young (2048K), 2 survivors (2048K)
 Metaspace       used 114843K, capacity 117345K, committed 118556K, reserved 1153024K
  class space    used 14177K, capacity 15053K, committed 15436K, reserved 1048576K
}
Event: 3488.178 GC heap before
{Heap before GC invocations=55 (full 0):
 garbage-first heap   total 231424K, used 132517K [0x0000000080000000, 0x0000000100000000)
  region size 1024K, 13 young (13312K), 2 survivors (2048K)
 Metaspace       used 114875K, capacity 117351K, committed 118556K, reserved 1153024K
  class space    used 14179K, capacity 15055K, committed 15436K, reserved 1048576K
}
Event: 3488.196 GC heap after
{Heap after GC invocations=56 (full 0):
 garbage-first heap   total 231424K, used 126378K [0x0000000080000000, 0x0000000100000000)
  region size 1024K, 5 young (5120K), 5 survivors (5120K)
 Metaspace       used 114875K, capacity 117351K, committed 118556K, reserved 1153024K
  class space    used 14179K, capacity 15055K, committed 15436K, reserved 1048576K
}
Event: 3489.869 GC heap before
{Heap before GC invocations=57 (full 0):
 garbage-first heap   total 231424K, used 203178K [0x0000000080000000, 0x0000000100000000)
  region size 1024K, 66 young (67584K), 5 survivors (5120K)
 Metaspace       used 118450K, capacity 121015K, committed 122140K, reserved 1155072K
  class space    used 14450K, capacity 15351K, committed 15692K, reserved 1048576K
}
Event: 3489.888 GC heap after
{Heap after GC invocations=58 (full 0):
 garbage-first heap   total 231424K, used 128667K [0x0000000080000000, 0x0000000100000000)
  region size 1024K, 7 young (7168K), 7 survivors (7168K)
 Metaspace       used 118450K, capacity 121015K, committed 122140K, reserved 1155072K
  class space    used 14450K, capacity 15351K, committed 15692K, reserved 1048576K
}
Event: 3489.934 GC heap before
{Heap before GC invocations=58 (full 0):
 garbage-first heap   total 231424K, used 131739K [0x0000000080000000, 0x0000000100000000)
  region size 1024K, 11 young (11264K), 7 survivors (7168K)
 Metaspace       used 118487K, capacity 121015K, committed 122140K, reserved 1155072K
  class space    used 14450K, capacity 15351K, committed 15692K, reserved 1048576K
}
Event: 3489.952 GC heap after
{Heap after GC invocations=59 (full 0):
 garbage-first heap   total 231424K, used 129134K [0x0000000080000000, 0x0000000100000000)
  region size 1024K, 2 young (2048K), 2 survivors (2048K)
 Metaspace       used 118487K, capacity 121015K, committed 122140K, reserved 1155072K
  class space    used 14450K, capacity 15351K, committed 15692K, reserved 1048576K
}
Event: 3491.136 GC heap before
{Heap before GC invocations=59 (full 0):
 garbage-first heap   total 231424K, used 188526K [0x0000000080000000, 0x0000000100000000)
  region size 1024K, 61 young (62464K), 2 survivors (2048K)
 Metaspace       used 119694K, capacity 122175K, committed 123292K, reserved 1157120K
  class space    used 14564K, capacity 15457K, committed 15820K, reserved 1048576K
}
Event: 3491.152 GC heap after
{Heap after GC invocations=60 (full 0):
 garbage-first heap   total 231424K, used 132367K [0x0000000080000000, 0x0000000100000000)
  region size 1024K, 5 young (5120K), 5 survivors (5120K)
 Metaspace       used 119694K, capacity 122175K, committed 123292K, reserved 1157120K
  class space    used 14564K, capacity 15457K, committed 15820K, reserved 1048576K
}
Event: 3493.336 GC heap before
{Heap before GC invocations=61 (full 0):
 garbage-first heap   total 231424K, used 180194K [0x0000000080000000, 0x0000000100000000)
  region size 1024K, 62 young (63488K), 5 survivors (5120K)
 Metaspace       used 120725K, capacity 123239K, committed 124444K, reserved 1157120K
  class space    used 14680K, capacity 15575K, committed 15948K, reserved 1048576K
}
Event: 3493.355 GC heap after
{Heap after GC invocations=62 (full 0):
 garbage-first heap   total 231424K, used 126223K [0x0000000080000000, 0x0000000100000000)
  region size 1024K, 8 young (8192K), 8 survivors (8192K)
 Metaspace       used 120725K, capacity 123239K, committed 124444K, reserved 1157120K
  class space    used 14680K, capacity 15575K, committed 15948K, reserved 1048576K
}
Event: 3493.436 GC heap before
{Heap before GC invocations=62 (full 0):
 garbage-first heap   total 231424K, used 129295K [0x0000000080000000, 0x0000000100000000)
  region size 1024K, 11 young (11264K), 8 survivors (8192K)
 Metaspace       used 120896K, capacity 123453K, committed 124444K, reserved 1157120K
  class space    used 14700K, capacity 15617K, committed 15948K, reserved 1048576K
}
Event: 3493.575 GC heap after
{Heap after GC invocations=63 (full 0):
 garbage-first heap   total 231424K, used 107421K [0x0000000080000000, 0x0000000100000000)
  region size 1024K, 1 young (1024K), 1 survivors (1024K)
 Metaspace       used 120896K, capacity 123453K, committed 124444K, reserved 1157120K
  class space    used 14700K, capacity 15617K, committed 15948K, reserved 1048576K
}
Event: 3493.730 GC heap before
{Heap before GC invocations=63 (full 0):
 garbage-first heap   total 231424K, used 124829K [0x0000000080000000, 0x0000000100000000)
  region size 1024K, 11 young (11264K), 1 survivors (1024K)
 Metaspace       used 120986K, capacity 123517K, committed 124444K, reserved 1157120K
  class space    used 14715K, capacity 15617K, committed 15948K, reserved 1048576K
}
Event: 3493.750 GC heap after
{Heap after GC invocations=64 (full 0):
 garbage-first heap   total 231424K, used 117270K [0x0000000080000000, 0x0000000100000000)
  region size 1024K, 2 young (2048K), 2 survivors (2048K)
 Metaspace       used 120986K, capacity 123517K, committed 124444K, reserved 1157120K
  class space    used 14715K, capacity 15617K, committed 15948K, reserved 1048576K
}
Event: 3494.823 GC heap before
{Heap before GC invocations=64 (full 0):
 garbage-first heap   total 231424K, used 198166K [0x0000000080000000, 0x0000000100000000)
  region size 1024K, 66 young (67584K), 2 survivors (2048K)
 Metaspace       used 122282K, capacity 124862K, committed 125852K, reserved 1159168K
  class space    used 14880K, capacity 15780K, committed 16076K, reserved 1048576K
}
Event: 3494.868 GC heap after
{Heap after GC invocations=65 (full 0):
 garbage-first heap   total 231424K, used 140897K [0x0000000080000000, 0x0000000100000000)
  region size 1024K, 9 young (9216K), 9 survivors (9216K)
 Metaspace       used 122282K, capacity 124862K, committed 125852K, reserved 1159168K
  class space    used 14880K, capacity 15780K, committed 16076K, reserved 1048576K
}

Deoptimization events (20 events):
Event: 3495.037 Thread 0x0000026b09983800 Uncommon trap: trap_request=0xffffffde fr.pc=0x0000026b73a1b4ac relative=0x00000000000000ec
Event: 3495.037 Thread 0x0000026b09983800 Uncommon trap: reason=class_check action=maybe_recompile pc=0x0000026b73a1b4ac method=java.util.regex.Pattern$CharPredicate.lambda$negate$3(I)Z @ 2 c2
Event: 3495.037 Thread 0x0000026b09983800 DEOPT PACKING pc=0x0000026b73a1b4ac sp=0x00000075cd8fa480
Event: 3495.038 Thread 0x0000026b09983800 DEOPT UNPACKING pc=0x0000026b6b61742f sp=0x00000075cd8fa3a0 mode 2
Event: 3495.038 Thread 0x0000026b09983800 Uncommon trap: trap_request=0xffffffde fr.pc=0x0000026b73a1b4ac relative=0x00000000000000ec
Event: 3495.038 Thread 0x0000026b09983800 Uncommon trap: reason=class_check action=maybe_recompile pc=0x0000026b73a1b4ac method=java.util.regex.Pattern$CharPredicate.lambda$negate$3(I)Z @ 2 c2
Event: 3495.038 Thread 0x0000026b09983800 DEOPT PACKING pc=0x0000026b73a1b4ac sp=0x00000075cd8fa480
Event: 3495.038 Thread 0x0000026b09983800 DEOPT UNPACKING pc=0x0000026b6b61742f sp=0x00000075cd8fa3a0 mode 2
Event: 3495.092 Thread 0x0000026b09983800 Uncommon trap: trap_request=0xffffff4d fr.pc=0x0000026b73460578 relative=0x0000000000000658
Event: 3495.092 Thread 0x0000026b09983800 Uncommon trap: reason=unstable_if action=reinterpret pc=0x0000026b73460578 method=java.lang.Class.getTypeName()Ljava/lang/String; @ 23 c2
Event: 3495.092 Thread 0x0000026b09983800 DEOPT PACKING pc=0x0000026b73460578 sp=0x00000075cd8fa0f0
Event: 3495.092 Thread 0x0000026b09983800 DEOPT UNPACKING pc=0x0000026b6b61742f sp=0x00000075cd8fa0b8 mode 2
Event: 3495.108 Thread 0x0000026b09991000 Uncommon trap: trap_request=0xffffff4d fr.pc=0x0000026b7357b824 relative=0x0000000000000c64
Event: 3495.108 Thread 0x0000026b09991000 Uncommon trap: reason=unstable_if action=reinterpret pc=0x0000026b7357b824 method=sun.nio.fs.WindowsPathParser.normalize(Ljava/lang/StringBuilder;Ljava/lang/String;I)Ljava/lang/String; @ 100 c2
Event: 3495.108 Thread 0x0000026b09991000 DEOPT PACKING pc=0x0000026b7357b824 sp=0x00000075ce0fcd00
Event: 3495.108 Thread 0x0000026b09991000 DEOPT UNPACKING pc=0x0000026b6b61742f sp=0x00000075ce0fccd0 mode 2
Event: 3495.155 Thread 0x0000026b09983800 Uncommon trap: trap_request=0xffffff4d fr.pc=0x0000026b73a8cb84 relative=0x0000000000000804
Event: 3495.155 Thread 0x0000026b09983800 Uncommon trap: reason=unstable_if action=reinterpret pc=0x0000026b73a8cb84 method=java.lang.String.regionMatches(ILjava/lang/String;II)Z @ 47 c2
Event: 3495.155 Thread 0x0000026b09983800 DEOPT PACKING pc=0x0000026b73a8cb84 sp=0x00000075cd8faa90
Event: 3495.155 Thread 0x0000026b09983800 DEOPT UNPACKING pc=0x0000026b6b61742f sp=0x00000075cd8fa990 mode 2

Classes redefined (0 events):
No events

Internal exceptions (20 events):
Event: 3494.151 Thread 0x0000026b0998a000 Exception <a 'sun/nio/fs/WindowsException'{0x000000008c9e5888}> (0x000000008c9e5888) thrown at [./src/hotspot/share/prims/jni.cpp, line 615]
Event: 3494.152 Thread 0x0000026b0998a000 Exception <a 'sun/nio/fs/WindowsException'{0x000000008c9e5c20}> (0x000000008c9e5c20) thrown at [./src/hotspot/share/prims/jni.cpp, line 615]
Event: 3494.152 Thread 0x0000026b0998a000 Exception <a 'sun/nio/fs/WindowsException'{0x000000008c9e67f0}> (0x000000008c9e67f0) thrown at [./src/hotspot/share/prims/jni.cpp, line 615]
Event: 3494.152 Thread 0x0000026b0998a000 Exception <a 'sun/nio/fs/WindowsException'{0x000000008c9e6ac8}> (0x000000008c9e6ac8) thrown at [./src/hotspot/share/prims/jni.cpp, line 615]
Event: 3494.152 Thread 0x0000026b0998a000 Exception <a 'sun/nio/fs/WindowsException'{0x000000008c9e76a8}> (0x000000008c9e76a8) thrown at [./src/hotspot/share/prims/jni.cpp, line 615]
Event: 3494.152 Thread 0x0000026b0998a000 Exception <a 'sun/nio/fs/WindowsException'{0x000000008c9e7920}> (0x000000008c9e7920) thrown at [./src/hotspot/share/prims/jni.cpp, line 615]
Event: 3494.152 Thread 0x0000026b0998a000 Exception <a 'sun/nio/fs/WindowsException'{0x000000008c8826d8}> (0x000000008c8826d8) thrown at [./src/hotspot/share/prims/jni.cpp, line 615]
Event: 3494.176 Thread 0x0000026b0998a000 Exception <a 'java/lang/NoSuchMethodError'{0x000000008c6b4e38}: <clinit>> (0x000000008c6b4e38) thrown at [./src/hotspot/share/prims/jni.cpp, line 1362]
Event: 3494.183 Thread 0x0000026b0998a000 Exception <a 'java/lang/NoSuchMethodError'{0x000000008c58f6b0}: <clinit>> (0x000000008c58f6b0) thrown at [./src/hotspot/share/prims/jni.cpp, line 1362]
Event: 3494.381 Thread 0x0000026b09985800 Exception <a 'java/lang/NoSuchMethodError'{0x000000008b93a638}: 'void java.lang.invoke.DirectMethodHandle$Holder.invokeStatic(java.lang.Object, long)'> (0x000000008b93a638) thrown at [./src/hotspot/share/interpreter/linkResolver.cpp, line 773]
Event: 3494.382 Thread 0x0000026b09985800 Exception <a 'java/lang/NoSuchMethodError'{0x000000008b93f850}: 'java.lang.Object java.lang.invoke.DirectMethodHandle$Holder.invokeStatic(java.lang.Object, long)'> (0x000000008b93f850) thrown at [./src/hotspot/share/interpreter/linkResolver.cpp, line 773]
Event: 3494.386 Thread 0x0000026b09985800 Exception <a 'java/lang/NoSuchMethodError'{0x000000008b8cb5c8}: 'java.lang.Object java.lang.invoke.DirectMethodHandle$Holder.invokeStaticInit(java.lang.Object, java.lang.Object, long, java.lang.Object)'> (0x000000008b8cb5c8) thrown at [./src/hotspot/share/interpreter/linkResolver.cpp, line 773]
Event: 3494.386 Thread 0x0000026b09985800 Exception <a 'java/lang/NoSuchMethodError'{0x000000008b8d1760}: 'java.lang.Object java.lang.invoke.DirectMethodHandle$Holder.invokeStatic(java.lang.Object, java.lang.Object, long)'> (0x000000008b8d1760) thrown at [./src/hotspot/share/interpreter/linkResolver.cpp, line 773]
Event: 3494.387 Thread 0x0000026b09985800 Exception <a 'java/lang/NoSuchMethodError'{0x000000008b8d7cd8}: 'java.lang.Object java.lang.invoke.Invokers$Holder.linkToTargetMethod(java.lang.Object, long, java.lang.Object)'> (0x000000008b8d7cd8) thrown at [./src/hotspot/share/interpreter/linkResolver.cpp, line 773]
Event: 3494.815 Thread 0x0000026b080d9000 Exception <a 'java/lang/NoSuchMethodError'{0x000000008a1f8898}: 'int java.lang.invoke.DirectMethodHandle$Holder.invokeSpecial(java.lang.Object, java.lang.Object, java.lang.Object, java.lang.Object, java.lang.Object)'> (0x000000008a1f8898) thrown at [./src/hotspot/share/interpreter/linkResolver.cpp, line 773]
Event: 3494.928 Thread 0x0000026b09991000 Exception <a 'sun/nio/fs/WindowsException'{0x000000008dbac888}> (0x000000008dbac888) thrown at [./src/hotspot/share/prims/jni.cpp, line 615]
Event: 3495.064 Thread 0x0000026b06f95000 Exception <a 'java/lang/NoSuchMethodError'{0x000000008d49bb40}: 'java.lang.Object java.lang.invoke.DirectMethodHandle$Holder.newInvokeSpecial(java.lang.Object, int)'> (0x000000008d49bb40) thrown at [./src/hotspot/share/interpreter/linkResolver.cpp, line 773]
Event: 3495.148 Thread 0x0000026b09983800 Exception <a 'sun/nio/fs/WindowsException'{0x000000008ceb0110}> (0x000000008ceb0110) thrown at [./src/hotspot/share/prims/jni.cpp, line 615]
Event: 3495.148 Thread 0x0000026b09983800 Exception <a 'sun/nio/fs/WindowsException'{0x000000008ceb0cd8}> (0x000000008ceb0cd8) thrown at [./src/hotspot/share/prims/jni.cpp, line 615]
Event: 3495.149 Thread 0x0000026b09983800 Exception <a 'sun/nio/fs/WindowsException'{0x000000008ceb0f98}> (0x000000008ceb0f98) thrown at [./src/hotspot/share/prims/jni.cpp, line 615]

Events (20 events):
Event: 3495.185 loading class com/android/tools/build/apkzlib/zip/StoredEntry
Event: 3495.185 loading class com/android/tools/build/apkzlib/zip/StoredEntry done
Event: 3495.187 loading class com/android/tools/r8/graph/S$b
Event: 3495.187 loading class com/android/tools/r8/graph/S$b done
Event: 3495.187 loading class com/android/tools/r8/graph/S$a
Event: 3495.187 loading class com/android/tools/r8/graph/S$a done
Event: 3495.188 Executing VM operation: RevokeBias
Event: 3495.188 Executing VM operation: RevokeBias done
Event: 3495.189 loading class com/android/tools/r8/graph/S$b
Event: 3495.189 loading class com/android/tools/r8/graph/S$b done
Event: 3495.190 loading class com/android/tools/r8/graph/S$d
Event: 3495.190 loading class com/android/tools/r8/graph/S$d done
Event: 3495.191 loading class com/android/tools/r8/graph/S$d
Event: 3495.191 loading class com/android/tools/r8/graph/S$d done
Event: 3495.194 loading class com/android/tools/build/apkzlib/zip/StoredEntry$1
Event: 3495.194 loading class com/android/tools/build/apkzlib/zip/StoredEntry$1 done
Event: 3495.198 loading class com/android/tools/build/apkzlib/zip/StoredEntry
Event: 3495.198 loading class com/android/tools/build/apkzlib/zip/StoredEntry done
Event: 3495.198 loading class com/android/tools/build/apkzlib/zip/StoredEntry
Event: 3495.198 loading class com/android/tools/build/apkzlib/zip/StoredEntry done


Dynamic libraries:
0x00007ff720a60000 - 0x00007ff720a6a000 	D:\Android\Android Studio\jre\bin\java.exe
0x00007ff82b910000 - 0x00007ff82bafd000 	C:\Windows\SYSTEM32\ntdll.dll
0x00007ff82b1b0000 - 0x00007ff82b263000 	C:\Windows\System32\KERNEL32.DLL
0x00007ff8288a0000 - 0x00007ff828b35000 	C:\Windows\System32\KERNELBASE.dll
0x00007ff827b20000 - 0x00007ff827c1a000 	C:\Windows\System32\ucrtbase.dll
0x00007ff821bd0000 - 0x00007ff821be9000 	D:\Android\Android Studio\jre\bin\jli.dll
0x00007ff81ee80000 - 0x00007ff81ee97000 	D:\Android\Android Studio\jre\bin\VCRUNTIME140.dll
0x00007ff8293c0000 - 0x00007ff829558000 	C:\Windows\System32\USER32.dll
0x00007ff827c50000 - 0x00007ff827c70000 	C:\Windows\System32\win32u.dll
0x00007ff82aa60000 - 0x00007ff82aa89000 	C:\Windows\System32\GDI32.dll
0x00007ff827c70000 - 0x00007ff827e0c000 	C:\Windows\System32\gdi32full.dll
0x00007ff8184c0000 - 0x00007ff818739000 	C:\Windows\WinSxS\amd64_microsoft.windows.common-controls_6595b64144ccf1df_6.0.17763.2114_none_de6e8966534dbac6\COMCTL32.dll
0x00007ff828800000 - 0x00007ff8288a0000 	C:\Windows\System32\msvcp_win.dll
0x00007ff82b840000 - 0x00007ff82b8de000 	C:\Windows\System32\msvcrt.dll
0x00007ff828b50000 - 0x00007ff828e7d000 	C:\Windows\System32\combase.dll
0x00007ff82b550000 - 0x00007ff82b66f000 	C:\Windows\System32\RPCRT4.dll
0x00007ff828770000 - 0x00007ff8287f2000 	C:\Windows\System32\bcryptPrimitives.dll
0x00007ff82b270000 - 0x00007ff82b29e000 	C:\Windows\System32\IMM32.DLL
0x00007ff81e6e0000 - 0x00007ff81e77d000 	D:\Android\Android Studio\jre\bin\msvcp140.dll
0x00007ffffb5a0000 - 0x00007ffffc05c000 	D:\Android\Android Studio\jre\bin\server\jvm.dll
0x00007ff82aef0000 - 0x00007ff82af94000 	C:\Windows\System32\ADVAPI32.dll
0x00007ff82b300000 - 0x00007ff82b39e000 	C:\Windows\System32\sechost.dll
0x00007ff82acc0000 - 0x00007ff82acc8000 	C:\Windows\System32\PSAPI.DLL
0x00007ff8244a0000 - 0x00007ff8244a9000 	C:\Windows\SYSTEM32\WSOCK32.dll
0x00007ff825a50000 - 0x00007ff825a74000 	C:\Windows\SYSTEM32\WINMM.dll
0x00007ff82ae80000 - 0x00007ff82aeed000 	C:\Windows\System32\WS2_32.dll
0x00007ff819ee0000 - 0x00007ff819eea000 	C:\Windows\SYSTEM32\VERSION.dll
0x00007ff8259e0000 - 0x00007ff825a0d000 	C:\Windows\SYSTEM32\WINMMBASE.dll
0x00007ff827a20000 - 0x00007ff827a6a000 	C:\Windows\System32\cfgmgr32.dll
0x00007ff827970000 - 0x00007ff827981000 	C:\Windows\System32\kernel.appcore.dll
0x00007ff824410000 - 0x00007ff824421000 	D:\Android\Android Studio\jre\bin\verify.dll
0x00007ff816e30000 - 0x00007ff81701d000 	C:\Windows\SYSTEM32\DBGHELP.DLL
0x00007ff816a10000 - 0x00007ff816a3a000 	C:\Windows\SYSTEM32\dbgcore.DLL
0x00007ff8243b0000 - 0x00007ff8243d9000 	D:\Android\Android Studio\jre\bin\java.dll
0x00007ff8242f0000 - 0x00007ff8242fb000 	D:\Android\Android Studio\jre\bin\jimage.dll
0x00007ff8242d0000 - 0x00007ff8242e8000 	D:\Android\Android Studio\jre\bin\zip.dll
0x00007ff829560000 - 0x00007ff82aa59000 	C:\Windows\System32\SHELL32.dll
0x00007ff828e80000 - 0x00007ff828f28000 	C:\Windows\System32\shcore.dll
0x00007ff828020000 - 0x00007ff82876b000 	C:\Windows\System32\windows.storage.dll
0x00007ff827990000 - 0x00007ff8279b4000 	C:\Windows\System32\profapi.dll
0x00007ff827910000 - 0x00007ff82796d000 	C:\Windows\System32\powrprof.dll
0x00007ff82b080000 - 0x00007ff82b0d2000 	C:\Windows\System32\shlwapi.dll
0x00007ff827e10000 - 0x00007ff827e27000 	C:\Windows\System32\cryptsp.dll
0x00007ff823500000 - 0x00007ff82351a000 	D:\Android\Android Studio\jre\bin\net.dll
0x00007ff823520000 - 0x00007ff823611000 	C:\Windows\SYSTEM32\WINHTTP.dll
0x00007ff8270e0000 - 0x00007ff827147000 	C:\Windows\system32\mswsock.dll
0x00007ff820750000 - 0x00007ff820764000 	D:\Android\Android Studio\jre\bin\nio.dll
0x00007ff81dc20000 - 0x00007ff81dc47000 	C:\Users\Home\.gradle\native\fdc75f09e3144964f2cf3f50f0aa648679c211496f362492102eb8c894070792\windows-amd64\native-platform.dll
0x00007ff81aba0000 - 0x00007ff81ad36000 	C:\Users\Home\.gradle\native\12488b8bf47d2d4c9fbf2f6322a914ad602e24e48041cd04a747c6da556b65c4\windows-amd64\native-platform-file-events.dll
0x00007ff821a30000 - 0x00007ff821a3a000 	D:\Android\Android Studio\jre\bin\management.dll
0x00007ff8215b0000 - 0x00007ff8215bc000 	D:\Android\Android Studio\jre\bin\management_ext.dll
0x00007ff826c70000 - 0x00007ff826ca3000 	C:\Windows\system32\rsaenh.dll
0x00007ff827c20000 - 0x00007ff827c46000 	C:\Windows\System32\bcrypt.dll
0x00007ff827820000 - 0x00007ff827849000 	C:\Windows\SYSTEM32\USERENV.dll
0x00007ff8272b0000 - 0x00007ff8272bc000 	C:\Windows\SYSTEM32\CRYPTBASE.dll
0x00007ff826e00000 - 0x00007ff826e3d000 	C:\Windows\SYSTEM32\IPHLPAPI.DLL
0x00007ff828b40000 - 0x00007ff828b48000 	C:\Windows\System32\NSI.dll
0x00007ff81ff80000 - 0x00007ff81ff96000 	C:\Windows\SYSTEM32\dhcpcsvc6.DLL
0x00007ff821510000 - 0x00007ff82152c000 	C:\Windows\SYSTEM32\dhcpcsvc.DLL
0x00007ff826e40000 - 0x00007ff826f06000 	C:\Windows\SYSTEM32\DNSAPI.dll
0x00007ff822bf0000 - 0x00007ff822bfb000 	C:\Windows\SYSTEM32\WINNSI.DLL
0x00007ff81ec40000 - 0x00007ff81ec67000 	D:\Android\Android Studio\jre\bin\sunec.dll
0x00007ff81d980000 - 0x00007ff81d98a000 	C:\Windows\System32\rasadhlp.dll
0x00007ff81ea80000 - 0x00007ff81eaf9000 	C:\Windows\System32\fwpuclnt.dll

dbghelp: loaded successfully - version: 4.0.5 - missing functions: none
symbol engine: initialized successfully - sym options: 0x614 - pdb path: .;D:\Android\Android Studio\jre\bin;C:\Windows\SYSTEM32;C:\Windows\WinSxS\amd64_microsoft.windows.common-controls_6595b64144ccf1df_6.0.17763.2114_none_de6e8966534dbac6;D:\Android\Android Studio\jre\bin\server;C:\Users\Home\.gradle\native\fdc75f09e3144964f2cf3f50f0aa648679c211496f362492102eb8c894070792\windows-amd64;C:\Users\Home\.gradle\native\12488b8bf47d2d4c9fbf2f6322a914ad602e24e48041cd04a747c6da556b65c4\windows-amd64

VM Arguments:
jvm_args: --add-opens=java.base/java.util=ALL-UNNAMED --add-opens=java.base/java.lang=ALL-UNNAMED --add-opens=java.base/java.lang.invoke=ALL-UNNAMED --add-opens=java.prefs/java.util.prefs=ALL-UNNAMED -Xmx2048m -Dfile.encoding=UTF-8 -Duser.country=RU -Duser.language=ru -Duser.variant 
java_command: org.gradle.launcher.daemon.bootstrap.GradleDaemon 6.7.1
java_class_path (initial): C:\Users\Home\.gradle\wrapper\dists\gradle-6.7.1-bin\bwlcbys1h7rz3272sye1xwiv6\gradle-6.7.1\lib\gradle-launcher-6.7.1.jar
Launcher Type: SUN_STANDARD

[Global flags]
     intx CICompilerCount                          = 3                                         {product} {ergonomic}
     uint ConcGCThreads                            = 1                                         {product} {ergonomic}
     uint G1ConcRefinementThreads                  = 4                                         {product} {ergonomic}
   size_t G1HeapRegionSize                         = 1048576                                   {product} {ergonomic}
    uintx GCDrainStackTargetSize                   = 64                                        {product} {ergonomic}
   size_t InitialHeapSize                          = 65011712                                  {product} {ergonomic}
   size_t MarkStackSize                            = 4194304                                   {product} {ergonomic}
   size_t MaxHeapSize                              = 2147483648                                {product} {command line}
   size_t MaxNewSize                               = 1287651328                                {product} {ergonomic}
   size_t MinHeapDeltaBytes                        = 1048576                                   {product} {ergonomic}
    uintx NonNMethodCodeHeapSize                   = 5830732                                {pd product} {ergonomic}
    uintx NonProfiledCodeHeapSize                  = 122913754                              {pd product} {ergonomic}
    uintx ProfiledCodeHeapSize                     = 122913754                              {pd product} {ergonomic}
    uintx ReservedCodeCacheSize                    = 251658240                              {pd product} {ergonomic}
     bool SegmentedCodeCache                       = true                                      {product} {ergonomic}
     bool UseCompressedClassPointers               = true                                 {lp64_product} {ergonomic}
     bool UseCompressedOops                        = true                                 {lp64_product} {ergonomic}
     bool UseG1GC                                  = true                                      {product} {ergonomic}
     bool UseLargePagesIndividualAllocation        = false                                  {pd product} {ergonomic}

Logging:
Log output configuration:
 #0: stdout all=warning uptime,level,tags
 #1: stderr all=off uptime,level,tags

Environment Variables:
PATH=C:\Program Files (x86)\Common Files\Oracle\Java\javapath;C:\Windows\system32;C:\Windows;C:\Windows\System32\Wbem;C:\Windows\System32\WindowsPowerShell\v1.0\;C:\Windows\System32\OpenSSH\;D:\AndroidProjects\Git\cmd;C:\Users\Home\AppData\Local\Microsoft\WindowsApps;
USERNAME=Home
OS=Windows_NT
PROCESSOR_IDENTIFIER=Intel64 Family 6 Model 42 Stepping 7, GenuineIntel



---------------  S Y S T E M  ---------------

OS: Windows 10 , 64 bit Build 17763 (10.0.17763.2090)
OS uptime: 0 days 7:17 hours

CPU:total 4 (initial active 4) (2 cores per cpu, 2 threads per core) family 6 model 42 stepping 7, cmov, cx8, fxsr, mmx, sse, sse2, sse3, ssse3, sse4.1, sse4.2, popcnt, avx, clmul, ht, tsc, tscinvbit

Memory: 4k page, system-wide physical 3932M (364M free)
TotalPageFile size 4732M (AvailPageFile size 5M)
current process WorkingSet (physical memory assigned to process): 489M, peak: 526M
current process commit charge ("private bytes"): 589M, peak: 592M

vm_info: OpenJDK 64-Bit Server VM (11.0.8+10-b944.6842174) for windows-amd64 JRE (11.0.8+10-b944.6842174), built on Sep 19 2020 01:11:42 by "builder" with MS VC++ 14.0 (VS2015)

END.
